{"obj": {"type": "AssignString", "path": ["sys", "name"], "value": "kfold-one-ratio"}, "version": 1}
{"obj": {"type": "AssignString", "path": ["sys", "description"], "value": ""}, "version": 2}
{"obj": {"type": "AssignString", "path": ["sys", "hostname"], "value": "rtm-desktop"}, "version": 3}
{"obj": {"type": "AssignBool", "path": ["sys", "failed"], "value": false}, "version": 4}
{"obj": {"type": "ClearStringLog", "path": ["monitoring", "stdout"]}, "version": 5}
{"obj": {"type": "ClearStringLog", "path": ["monitoring", "stderr"]}, "version": 6}
{"obj": {"type": "UploadFileSet", "path": ["source_code", "files"], "file_globs": ["/home/rtm/Dropbox/GIT/MLOps/**/*.py", "/home/rtm/Dropbox/GIT/MLOps/*.ipynb"], "reset": "False"}, "version": 7}
{"obj": {"type": "ConfigFloatSeries", "path": ["monitoring", "cpu"], "min": 0.0, "max": 100.0, "unit": "%"}, "version": 8}
{"obj": {"type": "ClearFloatLog", "path": ["monitoring", "cpu"]}, "version": 9}
{"obj": {"type": "ConfigFloatSeries", "path": ["monitoring", "memory"], "min": 0.0, "max": 125.65727615356445, "unit": "GB"}, "version": 10}
{"obj": {"type": "ClearFloatLog", "path": ["monitoring", "memory"]}, "version": 11}
{"obj": {"type": "ConfigFloatSeries", "path": ["monitoring", "gpu"], "min": 0.0, "max": 100.0, "unit": "%"}, "version": 12}
{"obj": {"type": "ClearFloatLog", "path": ["monitoring", "gpu"]}, "version": 13}
{"obj": {"type": "ConfigFloatSeries", "path": ["monitoring", "gpu_memory"], "min": 0.0, "max": 10.91522216796875, "unit": "GB"}, "version": 14}
{"obj": {"type": "ClearFloatLog", "path": ["monitoring", "gpu_memory"]}, "version": 15}
{"obj": {"type": "LogStrings", "path": ["monitoring", "stdout"], "values": [{"value": "b''", "step": null, "ts": 1626162059.0350318}]}, "version": 16}
{"obj": {"type": "LogStrings", "path": ["monitoring", "stdout"], "values": [{"value": "b'https://app.neptune.ai/sangyeop-kim/sample/e/SAM-77\\n'", "step": null, "ts": 1626162059.036867}]}, "version": 17}
{"obj": {"type": "LogFloats", "path": ["monitoring", "cpu"], "values": [{"value": 12.2, "step": null, "ts": 1626162059.0269465}]}, "version": 18}
{"obj": {"type": "LogStrings", "path": ["monitoring", "stdout"], "values": [{"value": "b'Remember to stop your run once you\\xe2\\x80\\x99ve finished logging your metadata (https://docs.neptune.ai/api-reference/run#stop). It will be stopped automatically only when the notebook kernel/interactive console is terminated.\\n'", "step": null, "ts": 1626162059.0404236}]}, "version": 19}
{"obj": {"type": "LogFloats", "path": ["monitoring", "memory"], "values": [{"value": 21.23550796508789, "step": null, "ts": 1626162059.0269465}]}, "version": 20}
{"obj": {"type": "LogFloats", "path": ["monitoring", "gpu"], "values": [{"value": 7.0, "step": null, "ts": 1626162059.0269465}]}, "version": 21}
{"obj": {"type": "LogFloats", "path": ["monitoring", "gpu_memory"], "values": [{"value": 2.67791748046875, "step": null, "ts": 1626162059.0269465}]}, "version": 22}
{"obj": {"type": "AssignInt", "path": ["changed_hyperparameter", "gpus"], "value": 1}, "version": 23}
{"obj": {"type": "AssignInt", "path": ["changed_hyperparameter", "max_epochs"], "value": 2}, "version": 24}
{"obj": {"type": "AssignString", "path": ["changed_hyperparameter", "scheduler"], "value": "StepLR"}, "version": 25}
{"obj": {"type": "AssignInt", "path": ["changed_hyperparameter", "StepLR", "step_size"], "value": 10}, "version": 26}
{"obj": {"type": "AssignFloat", "path": ["changed_hyperparameter", "StepLR", "gamma"], "value": 0.1}, "version": 27}
{"obj": {"type": "AssignInt", "path": ["changed_hyperparameter", "train_batch_size"], "value": 64}, "version": 28}
{"obj": {"type": "AssignString", "path": ["changed_hyperparameter", "loss"], "value": "MSE"}, "version": 29}
{"obj": {"type": "AssignFloat", "path": ["changed_hyperparameter", "validation_ratio"], "value": 0.2}, "version": 30}
{"obj": {"type": "AssignString", "path": ["changed_hyperparameter", "neptune_workspace"], "value": "sangyeop-kim"}, "version": 31}
{"obj": {"type": "AssignString", "path": ["changed_hyperparameter", "neptune_project"], "value": "sample"}, "version": 32}
{"obj": {"type": "AssignString", "path": ["changed_hyperparameter", "name"], "value": "kfold-one-ratio"}, "version": 33}
{"obj": {"type": "AssignBool", "path": ["default_hyperparameter", "logger"], "value": true}, "version": 34}
{"obj": {"type": "AssignBool", "path": ["default_hyperparameter", "checkpoint_callback"], "value": true}, "version": 35}
{"obj": {"type": "AssignString", "path": ["default_hyperparameter", "callbacks"], "value": "None"}, "version": 36}
{"obj": {"type": "AssignString", "path": ["default_hyperparameter", "default_root_dir"], "value": "None"}, "version": 37}
{"obj": {"type": "AssignFloat", "path": ["default_hyperparameter", "gradient_clip_val"], "value": 0.0}, "version": 38}
{"obj": {"type": "AssignString", "path": ["default_hyperparameter", "gradient_clip_algorithm"], "value": "norm"}, "version": 39}
{"obj": {"type": "AssignInt", "path": ["default_hyperparameter", "process_position"], "value": 0}, "version": 40}
{"obj": {"type": "AssignInt", "path": ["default_hyperparameter", "num_nodes"], "value": 1}, "version": 41}
{"obj": {"type": "AssignInt", "path": ["default_hyperparameter", "num_processes"], "value": 1}, "version": 42}
{"obj": {"type": "AssignBool", "path": ["default_hyperparameter", "auto_select_gpus"], "value": false}, "version": 43}
{"obj": {"type": "AssignString", "path": ["default_hyperparameter", "tpu_cores"], "value": "None"}, "version": 44}
{"obj": {"type": "AssignString", "path": ["default_hyperparameter", "log_gpu_memory"], "value": "None"}, "version": 45}
{"obj": {"type": "AssignString", "path": ["default_hyperparameter", "progress_bar_refresh_rate"], "value": "None"}, "version": 46}
{"obj": {"type": "AssignFloat", "path": ["default_hyperparameter", "overfit_batches"], "value": 0.0}, "version": 47}
{"obj": {"type": "AssignInt", "path": ["default_hyperparameter", "track_grad_norm"], "value": -1}, "version": 48}
{"obj": {"type": "AssignInt", "path": ["default_hyperparameter", "check_val_every_n_epoch"], "value": 1}, "version": 49}
{"obj": {"type": "AssignBool", "path": ["default_hyperparameter", "fast_dev_run"], "value": false}, "version": 50}
{"obj": {"type": "AssignInt", "path": ["default_hyperparameter", "accumulate_grad_batches"], "value": 1}, "version": 51}
{"obj": {"type": "AssignString", "path": ["default_hyperparameter", "min_epochs"], "value": "None"}, "version": 52}
{"obj": {"type": "AssignString", "path": ["default_hyperparameter", "max_steps"], "value": "None"}, "version": 53}
{"obj": {"type": "AssignString", "path": ["default_hyperparameter", "min_steps"], "value": "None"}, "version": 54}
{"obj": {"type": "AssignString", "path": ["default_hyperparameter", "max_time"], "value": "None"}, "version": 55}
{"obj": {"type": "AssignFloat", "path": ["default_hyperparameter", "limit_train_batches"], "value": 1.0}, "version": 56}
{"obj": {"type": "AssignFloat", "path": ["default_hyperparameter", "limit_val_batches"], "value": 1.0}, "version": 57}
{"obj": {"type": "AssignFloat", "path": ["default_hyperparameter", "limit_test_batches"], "value": 1.0}, "version": 58}
{"obj": {"type": "AssignFloat", "path": ["default_hyperparameter", "limit_predict_batches"], "value": 1.0}, "version": 59}
{"obj": {"type": "AssignFloat", "path": ["default_hyperparameter", "val_check_interval"], "value": 1.0}, "version": 60}
{"obj": {"type": "AssignInt", "path": ["default_hyperparameter", "flush_logs_every_n_steps"], "value": 100}, "version": 61}
{"obj": {"type": "AssignInt", "path": ["default_hyperparameter", "log_every_n_steps"], "value": 50}, "version": 62}
{"obj": {"type": "AssignString", "path": ["default_hyperparameter", "accelerator"], "value": "None"}, "version": 63}
{"obj": {"type": "AssignBool", "path": ["default_hyperparameter", "sync_batchnorm"], "value": false}, "version": 64}
{"obj": {"type": "AssignInt", "path": ["default_hyperparameter", "precision"], "value": 32}, "version": 65}
{"obj": {"type": "AssignString", "path": ["default_hyperparameter", "weights_summary"], "value": "top"}, "version": 66}
{"obj": {"type": "AssignString", "path": ["default_hyperparameter", "weights_save_path"], "value": "None"}, "version": 67}
{"obj": {"type": "AssignInt", "path": ["default_hyperparameter", "num_sanity_val_steps"], "value": 2}, "version": 68}
{"obj": {"type": "AssignString", "path": ["default_hyperparameter", "truncated_bptt_steps"], "value": "None"}, "version": 69}
{"obj": {"type": "AssignString", "path": ["default_hyperparameter", "resume_from_checkpoint"], "value": "None"}, "version": 70}
{"obj": {"type": "AssignString", "path": ["default_hyperparameter", "profiler"], "value": "None"}, "version": 71}
{"obj": {"type": "AssignBool", "path": ["default_hyperparameter", "benchmark"], "value": false}, "version": 72}
{"obj": {"type": "AssignBool", "path": ["default_hyperparameter", "deterministic"], "value": false}, "version": 73}
{"obj": {"type": "AssignBool", "path": ["default_hyperparameter", "reload_dataloaders_every_epoch"], "value": false}, "version": 74}
{"obj": {"type": "AssignBool", "path": ["default_hyperparameter", "auto_lr_find"], "value": false}, "version": 75}
{"obj": {"type": "AssignBool", "path": ["default_hyperparameter", "replace_sampler_ddp"], "value": true}, "version": 76}
{"obj": {"type": "AssignBool", "path": ["default_hyperparameter", "terminate_on_nan"], "value": false}, "version": 77}
{"obj": {"type": "AssignBool", "path": ["default_hyperparameter", "auto_scale_batch_size"], "value": false}, "version": 78}
{"obj": {"type": "AssignBool", "path": ["default_hyperparameter", "prepare_data_per_node"], "value": true}, "version": 79}
{"obj": {"type": "AssignString", "path": ["default_hyperparameter", "plugins"], "value": "None"}, "version": 80}
{"obj": {"type": "AssignString", "path": ["default_hyperparameter", "amp_backend"], "value": "native"}, "version": 81}
{"obj": {"type": "AssignString", "path": ["default_hyperparameter", "amp_level"], "value": "O2"}, "version": 82}
{"obj": {"type": "AssignString", "path": ["default_hyperparameter", "distributed_backend"], "value": "None"}, "version": 83}
{"obj": {"type": "AssignBool", "path": ["default_hyperparameter", "move_metrics_to_cpu"], "value": false}, "version": 84}
{"obj": {"type": "AssignString", "path": ["default_hyperparameter", "multiple_trainloader_mode"], "value": "max_size_cycle"}, "version": 85}
{"obj": {"type": "AssignBool", "path": ["default_hyperparameter", "stochastic_weight_avg"], "value": false}, "version": 86}
{"obj": {"type": "AssignString", "path": ["default_hyperparameter", "optimizer"], "value": "Adam"}, "version": 87}
{"obj": {"type": "AssignFloat", "path": ["default_hyperparameter", "Adadelta", "lr"], "value": 1.0}, "version": 88}
{"obj": {"type": "AssignFloat", "path": ["default_hyperparameter", "Adadelta", "rho"], "value": 0.9}, "version": 89}
{"obj": {"type": "AssignFloat", "path": ["default_hyperparameter", "Adadelta", "eps"], "value": 1e-06}, "version": 90}
{"obj": {"type": "AssignInt", "path": ["default_hyperparameter", "Adadelta", "weight_decay"], "value": 0}, "version": 91}
{"obj": {"type": "AssignFloat", "path": ["default_hyperparameter", "Adagrad", "lr"], "value": 0.01}, "version": 92}
{"obj": {"type": "AssignInt", "path": ["default_hyperparameter", "Adagrad", "lr_decay"], "value": 0}, "version": 93}
{"obj": {"type": "AssignInt", "path": ["default_hyperparameter", "Adagrad", "weight_decay"], "value": 0}, "version": 94}
{"obj": {"type": "AssignInt", "path": ["default_hyperparameter", "Adagrad", "initial_accumulator_value"], "value": 0}, "version": 95}
{"obj": {"type": "AssignFloat", "path": ["default_hyperparameter", "Adagrad", "eps"], "value": 1e-10}, "version": 96}
{"obj": {"type": "AssignFloat", "path": ["default_hyperparameter", "Adam", "lr"], "value": 0.001}, "version": 97}
{"obj": {"type": "AssignString", "path": ["default_hyperparameter", "Adam", "betas"], "value": "(0.9, 0.999)"}, "version": 98}
{"obj": {"type": "AssignFloat", "path": ["default_hyperparameter", "Adam", "eps"], "value": 1e-08}, "version": 99}
{"obj": {"type": "AssignInt", "path": ["default_hyperparameter", "Adam", "weight_decay"], "value": 0}, "version": 100}
{"obj": {"type": "AssignBool", "path": ["default_hyperparameter", "Adam", "amsgrad"], "value": false}, "version": 101}
{"obj": {"type": "AssignFloat", "path": ["default_hyperparameter", "AdamW", "lr"], "value": 0.001}, "version": 102}
{"obj": {"type": "AssignString", "path": ["default_hyperparameter", "AdamW", "betas"], "value": "(0.9, 0.999)"}, "version": 103}
{"obj": {"type": "AssignFloat", "path": ["default_hyperparameter", "AdamW", "eps"], "value": 1e-08}, "version": 104}
{"obj": {"type": "AssignFloat", "path": ["default_hyperparameter", "AdamW", "weight_decay"], "value": 0.01}, "version": 105}
{"obj": {"type": "AssignBool", "path": ["default_hyperparameter", "AdamW", "amsgrad"], "value": false}, "version": 106}
{"obj": {"type": "AssignFloat", "path": ["default_hyperparameter", "SparseAdam", "lr"], "value": 0.001}, "version": 107}
{"obj": {"type": "AssignString", "path": ["default_hyperparameter", "SparseAdam", "betas"], "value": "(0.9, 0.999)"}, "version": 108}
{"obj": {"type": "AssignFloat", "path": ["default_hyperparameter", "SparseAdam", "eps"], "value": 1e-08}, "version": 109}
{"obj": {"type": "AssignFloat", "path": ["default_hyperparameter", "Adamax", "lr"], "value": 0.002}, "version": 110}
{"obj": {"type": "AssignString", "path": ["default_hyperparameter", "Adamax", "betas"], "value": "(0.9, 0.999)"}, "version": 111}
{"obj": {"type": "AssignFloat", "path": ["default_hyperparameter", "Adamax", "eps"], "value": 1e-08}, "version": 112}
{"obj": {"type": "AssignInt", "path": ["default_hyperparameter", "Adamax", "weight_decay"], "value": 0}, "version": 113}
{"obj": {"type": "AssignFloat", "path": ["default_hyperparameter", "ASGD", "lr"], "value": 0.01}, "version": 114}
{"obj": {"type": "AssignFloat", "path": ["default_hyperparameter", "ASGD", "lambd"], "value": 0.0001}, "version": 115}
{"obj": {"type": "AssignFloat", "path": ["default_hyperparameter", "ASGD", "alpha"], "value": 0.75}, "version": 116}
{"obj": {"type": "AssignFloat", "path": ["default_hyperparameter", "ASGD", "t0"], "value": 1000000.0}, "version": 117}
{"obj": {"type": "AssignInt", "path": ["default_hyperparameter", "ASGD", "weight_decay"], "value": 0}, "version": 118}
{"obj": {"type": "AssignInt", "path": ["default_hyperparameter", "LBFGS", "lr"], "value": 1}, "version": 119}
{"obj": {"type": "AssignInt", "path": ["default_hyperparameter", "LBFGS", "max_iter"], "value": 20}, "version": 120}
{"obj": {"type": "AssignString", "path": ["default_hyperparameter", "LBFGS", "max_eval"], "value": "None"}, "version": 121}
{"obj": {"type": "AssignFloat", "path": ["default_hyperparameter", "LBFGS", "tolerance_grad"], "value": 1e-07}, "version": 122}
{"obj": {"type": "AssignFloat", "path": ["default_hyperparameter", "LBFGS", "tolerance_change"], "value": 1e-09}, "version": 123}
{"obj": {"type": "AssignInt", "path": ["default_hyperparameter", "LBFGS", "history_size"], "value": 100}, "version": 124}
{"obj": {"type": "AssignString", "path": ["default_hyperparameter", "LBFGS", "line_search_fn"], "value": "None"}, "version": 125}
{"obj": {"type": "AssignFloat", "path": ["default_hyperparameter", "RMSprop", "lr"], "value": 0.01}, "version": 126}
{"obj": {"type": "AssignFloat", "path": ["default_hyperparameter", "RMSprop", "alpha"], "value": 0.99}, "version": 127}
{"obj": {"type": "AssignFloat", "path": ["default_hyperparameter", "RMSprop", "eps"], "value": 1e-08}, "version": 128}
{"obj": {"type": "AssignInt", "path": ["default_hyperparameter", "RMSprop", "weight_decay"], "value": 0}, "version": 129}
{"obj": {"type": "AssignInt", "path": ["default_hyperparameter", "RMSprop", "momentum"], "value": 0}, "version": 130}
{"obj": {"type": "AssignBool", "path": ["default_hyperparameter", "RMSprop", "centered"], "value": false}, "version": 131}
{"obj": {"type": "AssignFloat", "path": ["default_hyperparameter", "Rprop", "lr"], "value": 0.01}, "version": 132}
{"obj": {"type": "AssignString", "path": ["default_hyperparameter", "Rprop", "etas"], "value": "(0.5, 1.2)"}, "version": 133}
{"obj": {"type": "AssignString", "path": ["default_hyperparameter", "Rprop", "step_sizes"], "value": "(1e-06, 50)"}, "version": 134}
{"obj": {"type": "AssignFloat", "path": ["default_hyperparameter", "SGD", "lr"], "value": 0.01}, "version": 135}
{"obj": {"type": "AssignInt", "path": ["default_hyperparameter", "SGD", "momentum"], "value": 0}, "version": 136}
{"obj": {"type": "AssignInt", "path": ["default_hyperparameter", "SGD", "dampening"], "value": 0}, "version": 137}
{"obj": {"type": "AssignInt", "path": ["default_hyperparameter", "SGD", "weight_decay"], "value": 0}, "version": 138}
{"obj": {"type": "AssignBool", "path": ["default_hyperparameter", "SGD", "nesterov"], "value": false}, "version": 139}
{"obj": {"type": "AssignInt", "path": ["default_hyperparameter", "last_epoch"], "value": -1}, "version": 140}
{"obj": {"type": "AssignBool", "path": ["default_hyperparameter", "verbose"], "value": false}, "version": 141}
{"obj": {"type": "AssignString", "path": ["default_hyperparameter", "LambdaLR", "lr_lambda"], "value": "None"}, "version": 142}
{"obj": {"type": "AssignString", "path": ["default_hyperparameter", "MultiplicativeLR", "lr_lambda"], "value": "None"}, "version": 143}
{"obj": {"type": "AssignString", "path": ["default_hyperparameter", "MultiStepLR", "milestones"], "value": "None"}, "version": 144}
{"obj": {"type": "AssignFloat", "path": ["default_hyperparameter", "MultiStepLR", "gamma"], "value": 0.1}, "version": 145}
{"obj": {"type": "AssignString", "path": ["default_hyperparameter", "ExponentialLR", "gamma"], "value": "None"}, "version": 146}
{"obj": {"type": "AssignString", "path": ["default_hyperparameter", "CosineAnnealingLR", "T_max"], "value": "None"}, "version": 147}
{"obj": {"type": "AssignInt", "path": ["default_hyperparameter", "CosineAnnealingLR", "eta_min"], "value": 0}, "version": 148}
{"obj": {"type": "AssignString", "path": ["default_hyperparameter", "CosineAnnealingWarmRestarts", "T_0"], "value": "None"}, "version": 149}
{"obj": {"type": "AssignInt", "path": ["default_hyperparameter", "CosineAnnealingWarmRestarts", "T_mult"], "value": 1}, "version": 150}
{"obj": {"type": "AssignInt", "path": ["default_hyperparameter", "CosineAnnealingWarmRestarts", "eta_min"], "value": 0}, "version": 151}
{"obj": {"type": "AssignBool", "path": ["default_hyperparameter", "train_shuffle"], "value": false}, "version": 152}
{"obj": {"type": "AssignString", "path": ["default_hyperparameter", "train_sampler"], "value": "None"}, "version": 153}
{"obj": {"type": "AssignString", "path": ["default_hyperparameter", "train_batch_sampler"], "value": "None"}, "version": 154}
{"obj": {"type": "AssignInt", "path": ["default_hyperparameter", "train_num_workers"], "value": 0}, "version": 155}
{"obj": {"type": "AssignString", "path": ["default_hyperparameter", "train_collate_fn"], "value": "None"}, "version": 156}
{"obj": {"type": "AssignBool", "path": ["default_hyperparameter", "train_pin_memory"], "value": false}, "version": 157}
{"obj": {"type": "AssignBool", "path": ["default_hyperparameter", "train_drop_last"], "value": false}, "version": 158}
{"obj": {"type": "AssignInt", "path": ["default_hyperparameter", "train_timeout"], "value": 0}, "version": 159}
{"obj": {"type": "AssignString", "path": ["default_hyperparameter", "train_worker_init_fn"], "value": "None"}, "version": 160}
{"obj": {"type": "AssignInt", "path": ["default_hyperparameter", "train_prefetch_factor"], "value": 2}, "version": 161}
{"obj": {"type": "AssignBool", "path": ["default_hyperparameter", "train_persistent_workers"], "value": false}, "version": 162}
{"obj": {"type": "AssignInt", "path": ["default_hyperparameter", "validation_batch_size"], "value": -1}, "version": 163}
{"obj": {"type": "AssignBool", "path": ["default_hyperparameter", "validation_shuffle"], "value": false}, "version": 164}
{"obj": {"type": "AssignString", "path": ["default_hyperparameter", "validation_sampler"], "value": "None"}, "version": 165}
{"obj": {"type": "AssignString", "path": ["default_hyperparameter", "validation_batch_sampler"], "value": "None"}, "version": 166}
{"obj": {"type": "AssignInt", "path": ["default_hyperparameter", "validation_num_workers"], "value": 0}, "version": 167}
{"obj": {"type": "AssignString", "path": ["default_hyperparameter", "validation_collate_fn"], "value": "None"}, "version": 168}
{"obj": {"type": "AssignBool", "path": ["default_hyperparameter", "validation_pin_memory"], "value": false}, "version": 169}
{"obj": {"type": "AssignBool", "path": ["default_hyperparameter", "validation_drop_last"], "value": false}, "version": 170}
{"obj": {"type": "AssignInt", "path": ["default_hyperparameter", "validation_timeout"], "value": 0}, "version": 171}
{"obj": {"type": "AssignString", "path": ["default_hyperparameter", "validation_worker_init_fn"], "value": "None"}, "version": 172}
{"obj": {"type": "AssignInt", "path": ["default_hyperparameter", "validation_prefetch_factor"], "value": 2}, "version": 173}
{"obj": {"type": "AssignBool", "path": ["default_hyperparameter", "validation_persistent_workers"], "value": false}, "version": 174}
{"obj": {"type": "AssignInt", "path": ["default_hyperparameter", "kfold"], "value": 3}, "version": 175}
{"obj": {"type": "AssignInt", "path": ["default_hyperparameter", "random_seed"], "value": 0}, "version": 176}
{"obj": {"type": "AssignString", "path": ["default_hyperparameter", "save_path"], "value": "logs"}, "version": 177}
{"obj": {"type": "UploadFile", "path": ["index", "0_fold", "train_idx"], "ext": "csv", "file_path": "/home/rtm/Dropbox/GIT/MLOps/logs/SAM-77/index/0_fold/train_idx.csv"}, "version": 178}
{"obj": {"type": "UploadFile", "path": ["index", "0_fold", "validation_idx"], "ext": "csv", "file_path": "/home/rtm/Dropbox/GIT/MLOps/logs/SAM-77/index/0_fold/validation_idx.csv"}, "version": 179}
{"obj": {"type": "UploadFile", "path": ["index", "0_fold", "test_idx"], "ext": "csv", "file_path": "/home/rtm/Dropbox/GIT/MLOps/logs/SAM-77/index/0_fold/test_idx.csv"}, "version": 180}
{"obj": {"type": "UploadFile", "path": ["index", "1_fold", "train_idx"], "ext": "csv", "file_path": "/home/rtm/Dropbox/GIT/MLOps/logs/SAM-77/index/1_fold/train_idx.csv"}, "version": 181}
{"obj": {"type": "UploadFile", "path": ["index", "1_fold", "validation_idx"], "ext": "csv", "file_path": "/home/rtm/Dropbox/GIT/MLOps/logs/SAM-77/index/1_fold/validation_idx.csv"}, "version": 182}
{"obj": {"type": "UploadFile", "path": ["index", "1_fold", "test_idx"], "ext": "csv", "file_path": "/home/rtm/Dropbox/GIT/MLOps/logs/SAM-77/index/1_fold/test_idx.csv"}, "version": 183}
{"obj": {"type": "UploadFile", "path": ["index", "2_fold", "train_idx"], "ext": "csv", "file_path": "/home/rtm/Dropbox/GIT/MLOps/logs/SAM-77/index/2_fold/train_idx.csv"}, "version": 184}
{"obj": {"type": "UploadFile", "path": ["index", "2_fold", "validation_idx"], "ext": "csv", "file_path": "/home/rtm/Dropbox/GIT/MLOps/logs/SAM-77/index/2_fold/validation_idx.csv"}, "version": 185}
{"obj": {"type": "UploadFile", "path": ["index", "2_fold", "test_idx"], "ext": "csv", "file_path": "/home/rtm/Dropbox/GIT/MLOps/logs/SAM-77/index/2_fold/test_idx.csv"}, "version": 186}
{"obj": {"type": "LogFloats", "path": ["loss", "0_fold", "train_step"], "values": [{"value": 43.87127685546875, "step": null, "ts": 1626162062.1318254}]}, "version": 187}
{"obj": {"type": "LogFloats", "path": ["loss", "0_fold", "train_step"], "values": [{"value": 28.265281677246094, "step": null, "ts": 1626162062.144526}]}, "version": 188}
{"obj": {"type": "LogFloats", "path": ["loss", "0_fold", "train_step"], "values": [{"value": 32.61474609375, "step": null, "ts": 1626162062.1540387}]}, "version": 189}
{"obj": {"type": "LogFloats", "path": ["loss", "0_fold", "train_step"], "values": [{"value": 33.032630920410156, "step": null, "ts": 1626162062.1607277}]}, "version": 190}
{"obj": {"type": "LogFloats", "path": ["loss", "0_fold", "train_step"], "values": [{"value": 16.118518829345703, "step": null, "ts": 1626162062.1694336}]}, "version": 191}
{"obj": {"type": "LogFloats", "path": ["loss", "0_fold", "train_epoch"], "values": [{"value": 30.78049087524414, "step": null, "ts": 1626162062.1798136}]}, "version": 192}
{"obj": {"type": "LogFloats", "path": ["loss", "0_fold", "valid_step"], "values": [{"value": 29.632389068603516, "step": null, "ts": 1626162062.2272074}]}, "version": 193}
{"obj": {"type": "LogFloats", "path": ["loss", "0_fold", "valid_epoch"], "values": [{"value": 29.632389068603516, "step": null, "ts": 1626162062.2292206}]}, "version": 194}
{"obj": {"type": "LogStrings", "path": ["monitoring", "stdout"], "values": [{"value": "0 epoch, train_loss : 30.7805, val_loss : 29.6324", "step": null, "ts": 1626162062.2294943}]}, "version": 195}
{"obj": {"type": "LogStrings", "path": ["monitoring", "stdout"], "values": [{"value": "\n", "step": null, "ts": 1626162062.2300851}]}, "version": 196}
{"obj": {"type": "LogStrings", "path": ["monitoring", "stdout"], "values": [{"value": "\n", "step": null, "ts": 1626162062.2304358}]}, "version": 197}
{"obj": {"type": "LogFloats", "path": ["loss", "0_fold", "train_step"], "values": [{"value": 29.727500915527344, "step": null, "ts": 1626162062.2511966}]}, "version": 198}
{"obj": {"type": "LogFloats", "path": ["loss", "0_fold", "train_step"], "values": [{"value": 27.136531829833984, "step": null, "ts": 1626162062.2585602}]}, "version": 199}
{"obj": {"type": "LogFloats", "path": ["loss", "0_fold", "train_step"], "values": [{"value": 28.426233291625977, "step": null, "ts": 1626162062.266153}]}, "version": 200}
{"obj": {"type": "LogFloats", "path": ["loss", "0_fold", "train_step"], "values": [{"value": 27.782909393310547, "step": null, "ts": 1626162062.277088}]}, "version": 201}
{"obj": {"type": "LogFloats", "path": ["loss", "0_fold", "train_step"], "values": [{"value": 24.91822052001953, "step": null, "ts": 1626162062.286889}]}, "version": 202}
{"obj": {"type": "LogFloats", "path": ["loss", "0_fold", "train_epoch"], "values": [{"value": 27.598279190063476, "step": null, "ts": 1626162062.299113}]}, "version": 203}
{"obj": {"type": "LogFloats", "path": ["loss", "0_fold", "valid_step"], "values": [{"value": 24.248960494995117, "step": null, "ts": 1626162062.36399}]}, "version": 204}
{"obj": {"type": "LogFloats", "path": ["loss", "0_fold", "valid_epoch"], "values": [{"value": 24.248960494995117, "step": null, "ts": 1626162062.3661609}]}, "version": 205}
{"obj": {"type": "LogStrings", "path": ["monitoring", "stdout"], "values": [{"value": "\r1 epoch, train_loss : 27.5983, val_loss : 29.6324 -> 24.2490\n", "step": null, "ts": 1626162062.3666363}]}, "version": 206}
{"obj": {"type": "LogStrings", "path": ["monitoring", "stdout"], "values": [{"value": "\n", "step": null, "ts": 1626162062.3673728}]}, "version": 207}
{"obj": {"type": "LogFloats", "path": ["loss", "1_fold", "train_step"], "values": [{"value": 36.221519470214844, "step": null, "ts": 1626162062.4879112}]}, "version": 208}
{"obj": {"type": "LogFloats", "path": ["loss", "1_fold", "train_step"], "values": [{"value": 37.444061279296875, "step": null, "ts": 1626162062.4967203}]}, "version": 209}
{"obj": {"type": "LogFloats", "path": ["loss", "1_fold", "train_step"], "values": [{"value": 32.216373443603516, "step": null, "ts": 1626162062.5046287}]}, "version": 210}
{"obj": {"type": "LogFloats", "path": ["loss", "1_fold", "train_step"], "values": [{"value": 26.079795837402344, "step": null, "ts": 1626162062.511658}]}, "version": 211}
{"obj": {"type": "LogFloats", "path": ["loss", "1_fold", "train_step"], "values": [{"value": 51.68842697143555, "step": null, "ts": 1626162062.5186174}]}, "version": 212}
{"obj": {"type": "LogFloats", "path": ["loss", "1_fold", "train_epoch"], "values": [{"value": 36.730035400390626, "step": null, "ts": 1626162062.5266433}]}, "version": 213}
{"obj": {"type": "LogFloats", "path": ["loss", "1_fold", "valid_step"], "values": [{"value": 29.58736228942871, "step": null, "ts": 1626162062.5774071}]}, "version": 214}
{"obj": {"type": "LogFloats", "path": ["loss", "1_fold", "valid_epoch"], "values": [{"value": 29.58736228942871, "step": null, "ts": 1626162062.5798025}]}, "version": 215}
{"obj": {"type": "LogStrings", "path": ["monitoring", "stdout"], "values": [{"value": "1 epoch, train_loss : 36.7300, val_loss : 29.5874", "step": null, "ts": 1626162062.5802393}]}, "version": 216}
{"obj": {"type": "LogStrings", "path": ["monitoring", "stdout"], "values": [{"value": "\n", "step": null, "ts": 1626162062.5808537}]}, "version": 217}
{"obj": {"type": "LogStrings", "path": ["monitoring", "stdout"], "values": [{"value": "\n", "step": null, "ts": 1626162062.5812953}]}, "version": 218}
{"obj": {"type": "LogFloats", "path": ["loss", "2_fold", "train_step"], "values": [{"value": 33.07341384887695, "step": null, "ts": 1626162062.6970196}]}, "version": 219}
{"obj": {"type": "LogFloats", "path": ["loss", "2_fold", "train_step"], "values": [{"value": 36.33727264404297, "step": null, "ts": 1626162062.7053409}]}, "version": 220}
{"obj": {"type": "LogFloats", "path": ["loss", "2_fold", "train_step"], "values": [{"value": 33.164859771728516, "step": null, "ts": 1626162062.7129922}]}, "version": 221}
{"obj": {"type": "LogFloats", "path": ["loss", "2_fold", "train_step"], "values": [{"value": 33.35791778564453, "step": null, "ts": 1626162062.721784}]}, "version": 222}
{"obj": {"type": "LogFloats", "path": ["loss", "2_fold", "train_step"], "values": [{"value": 24.614078521728516, "step": null, "ts": 1626162062.729264}]}, "version": 223}
{"obj": {"type": "LogFloats", "path": ["loss", "2_fold", "train_epoch"], "values": [{"value": 32.1095085144043, "step": null, "ts": 1626162062.74076}]}, "version": 224}
{"obj": {"type": "LogFloats", "path": ["loss", "2_fold", "valid_step"], "values": [{"value": 29.573904037475586, "step": null, "ts": 1626162062.7908683}]}, "version": 225}
{"obj": {"type": "LogFloats", "path": ["loss", "2_fold", "valid_epoch"], "values": [{"value": 29.573904037475586, "step": null, "ts": 1626162062.7945435}]}, "version": 226}
{"obj": {"type": "LogStrings", "path": ["monitoring", "stdout"], "values": [{"value": "1 epoch, train_loss : 32.1095, val_loss : 29.5739", "step": null, "ts": 1626162062.7949195}]}, "version": 227}
{"obj": {"type": "LogStrings", "path": ["monitoring", "stdout"], "values": [{"value": "\n", "step": null, "ts": 1626162062.7955978}]}, "version": 228}
{"obj": {"type": "LogStrings", "path": ["monitoring", "stdout"], "values": [{"value": "\n", "step": null, "ts": 1626162062.7960937}]}, "version": 229}
{"obj": {"type": "LogStrings", "path": ["monitoring", "stdout"], "values": [{"value": "b''", "step": null, "ts": 1626162067.271394}]}, "version": 230}
{"obj": {"type": "LogStrings", "path": ["monitoring", "stdout"], "values": [{"value": "b'https://app.neptune.ai/sangyeop-kim/sample/e/SAM-78\\n'", "step": null, "ts": 1626162067.2744367}]}, "version": 231}
{"obj": {"type": "LogStrings", "path": ["monitoring", "stdout"], "values": [{"value": "b'Remember to stop your run once you\\xe2\\x80\\x99ve finished logging your metadata (https://docs.neptune.ai/api-reference/run#stop). It will be stopped automatically only when the notebook kernel/interactive console is terminated.\\n'", "step": null, "ts": 1626162067.2781377}]}, "version": 232}
{"obj": {"type": "LogStrings", "path": ["monitoring", "stdout"], "values": [{"value": "0 epoch, train_loss : 27.6138, val_loss : 23.3437", "step": null, "ts": 1626162068.0952322}]}, "version": 233}
{"obj": {"type": "LogStrings", "path": ["monitoring", "stdout"], "values": [{"value": "\n", "step": null, "ts": 1626162068.096371}]}, "version": 234}
{"obj": {"type": "LogStrings", "path": ["monitoring", "stdout"], "values": [{"value": "\n", "step": null, "ts": 1626162068.0970743}]}, "version": 235}
{"obj": {"type": "LogStrings", "path": ["monitoring", "stdout"], "values": [{"value": "\r1 epoch, train_loss : 18.8124, val_loss : 23.3437 -> 14.6520\n", "step": null, "ts": 1626162068.2814443}]}, "version": 236}
{"obj": {"type": "LogStrings", "path": ["monitoring", "stdout"], "values": [{"value": "\n", "step": null, "ts": 1626162068.282699}]}, "version": 237}
{"obj": {"type": "LogFloats", "path": ["monitoring", "cpu"], "values": [{"value": 28.8, "step": null, "ts": 1626162069.04462}]}, "version": 238}
{"obj": {"type": "LogFloats", "path": ["monitoring", "memory"], "values": [{"value": 22.81201934814453, "step": null, "ts": 1626162069.04462}]}, "version": 239}
{"obj": {"type": "LogFloats", "path": ["monitoring", "gpu"], "values": [{"value": 5.0, "step": null, "ts": 1626162069.04462}]}, "version": 240}
{"obj": {"type": "LogFloats", "path": ["monitoring", "gpu_memory"], "values": [{"value": 3.37841796875, "step": null, "ts": 1626162069.04462}]}, "version": 241}
{"obj": {"type": "LogFloats", "path": ["monitoring", "cpu"], "values": [{"value": 3.6, "step": null, "ts": 1626162079.064017}]}, "version": 242}
{"obj": {"type": "LogFloats", "path": ["monitoring", "memory"], "values": [{"value": 22.794315338134766, "step": null, "ts": 1626162079.064017}]}, "version": 243}
{"obj": {"type": "LogFloats", "path": ["monitoring", "gpu"], "values": [{"value": 3.0, "step": null, "ts": 1626162079.064017}]}, "version": 244}
{"obj": {"type": "LogFloats", "path": ["monitoring", "gpu_memory"], "values": [{"value": 3.330810546875, "step": null, "ts": 1626162079.064017}]}, "version": 245}
{"obj": {"type": "LogFloats", "path": ["monitoring", "cpu"], "values": [{"value": 15.8, "step": null, "ts": 1626162089.0657876}]}, "version": 246}
{"obj": {"type": "LogFloats", "path": ["monitoring", "memory"], "values": [{"value": 22.809051513671875, "step": null, "ts": 1626162089.0657876}]}, "version": 247}
{"obj": {"type": "LogFloats", "path": ["monitoring", "gpu"], "values": [{"value": 14.0, "step": null, "ts": 1626162089.0657876}]}, "version": 248}
{"obj": {"type": "LogFloats", "path": ["monitoring", "gpu_memory"], "values": [{"value": 3.38226318359375, "step": null, "ts": 1626162089.0657876}]}, "version": 249}
{"obj": {"type": "LogFloats", "path": ["monitoring", "cpu"], "values": [{"value": 13.0, "step": null, "ts": 1626162099.0685496}]}, "version": 250}
{"obj": {"type": "LogFloats", "path": ["monitoring", "memory"], "values": [{"value": 22.79492950439453, "step": null, "ts": 1626162099.0685496}]}, "version": 251}
{"obj": {"type": "LogFloats", "path": ["monitoring", "gpu"], "values": [{"value": 8.0, "step": null, "ts": 1626162099.0685496}]}, "version": 252}
{"obj": {"type": "LogFloats", "path": ["monitoring", "gpu_memory"], "values": [{"value": 3.51507568359375, "step": null, "ts": 1626162099.0685496}]}, "version": 253}
{"obj": {"type": "LogFloats", "path": ["monitoring", "cpu"], "values": [{"value": 16.2, "step": null, "ts": 1626162109.0708165}]}, "version": 254}
{"obj": {"type": "LogFloats", "path": ["monitoring", "memory"], "values": [{"value": 22.847557067871094, "step": null, "ts": 1626162109.0708165}]}, "version": 255}
{"obj": {"type": "LogFloats", "path": ["monitoring", "gpu"], "values": [{"value": 7.0, "step": null, "ts": 1626162109.0708165}]}, "version": 256}
{"obj": {"type": "LogFloats", "path": ["monitoring", "gpu_memory"], "values": [{"value": 3.53900146484375, "step": null, "ts": 1626162109.0708165}]}, "version": 257}
{"obj": {"type": "LogFloats", "path": ["monitoring", "cpu"], "values": [{"value": 8.6, "step": null, "ts": 1626162119.07311}]}, "version": 258}
{"obj": {"type": "LogFloats", "path": ["monitoring", "memory"], "values": [{"value": 22.856311798095703, "step": null, "ts": 1626162119.07311}]}, "version": 259}
{"obj": {"type": "LogFloats", "path": ["monitoring", "gpu"], "values": [{"value": 8.0, "step": null, "ts": 1626162119.07311}]}, "version": 260}
{"obj": {"type": "LogFloats", "path": ["monitoring", "gpu_memory"], "values": [{"value": 3.500244140625, "step": null, "ts": 1626162119.07311}]}, "version": 261}
{"obj": {"type": "LogFloats", "path": ["monitoring", "cpu"], "values": [{"value": 5.6, "step": null, "ts": 1626162129.075415}]}, "version": 262}
{"obj": {"type": "LogFloats", "path": ["monitoring", "memory"], "values": [{"value": 22.804950714111328, "step": null, "ts": 1626162129.075415}]}, "version": 263}
{"obj": {"type": "LogFloats", "path": ["monitoring", "gpu"], "values": [{"value": 7.0, "step": null, "ts": 1626162129.075415}]}, "version": 264}
{"obj": {"type": "LogFloats", "path": ["monitoring", "gpu_memory"], "values": [{"value": 3.4969482421875, "step": null, "ts": 1626162129.075415}]}, "version": 265}
{"obj": {"type": "LogFloats", "path": ["monitoring", "cpu"], "values": [{"value": 6.9, "step": null, "ts": 1626162139.0777392}]}, "version": 266}
{"obj": {"type": "LogFloats", "path": ["monitoring", "memory"], "values": [{"value": 22.818866729736328, "step": null, "ts": 1626162139.0777392}]}, "version": 267}
{"obj": {"type": "LogFloats", "path": ["monitoring", "gpu"], "values": [{"value": 7.0, "step": null, "ts": 1626162139.0777392}]}, "version": 268}
{"obj": {"type": "LogFloats", "path": ["monitoring", "gpu_memory"], "values": [{"value": 3.50042724609375, "step": null, "ts": 1626162139.0777392}]}, "version": 269}
{"obj": {"type": "LogFloats", "path": ["monitoring", "cpu"], "values": [{"value": 13.4, "step": null, "ts": 1626162149.0797865}]}, "version": 270}
{"obj": {"type": "LogFloats", "path": ["monitoring", "memory"], "values": [{"value": 22.83099365234375, "step": null, "ts": 1626162149.0797865}]}, "version": 271}
{"obj": {"type": "LogFloats", "path": ["monitoring", "gpu"], "values": [{"value": 23.0, "step": null, "ts": 1626162149.0797865}]}, "version": 272}
{"obj": {"type": "LogFloats", "path": ["monitoring", "gpu_memory"], "values": [{"value": 3.46844482421875, "step": null, "ts": 1626162149.0797865}]}, "version": 273}
{"obj": {"type": "LogFloats", "path": ["monitoring", "cpu"], "values": [{"value": 3.9, "step": null, "ts": 1626162159.0823495}]}, "version": 274}
{"obj": {"type": "LogFloats", "path": ["monitoring", "memory"], "values": [{"value": 22.827770233154297, "step": null, "ts": 1626162159.0823495}]}, "version": 275}
{"obj": {"type": "LogFloats", "path": ["monitoring", "gpu"], "values": [{"value": 37.0, "step": null, "ts": 1626162159.0823495}]}, "version": 276}
{"obj": {"type": "LogFloats", "path": ["monitoring", "gpu_memory"], "values": [{"value": 3.455810546875, "step": null, "ts": 1626162159.0823495}]}, "version": 277}
{"obj": {"type": "LogFloats", "path": ["monitoring", "cpu"], "values": [{"value": 4.7, "step": null, "ts": 1626162169.0850036}]}, "version": 278}
{"obj": {"type": "LogFloats", "path": ["monitoring", "memory"], "values": [{"value": 22.779285430908203, "step": null, "ts": 1626162169.0850036}]}, "version": 279}
{"obj": {"type": "LogFloats", "path": ["monitoring", "gpu"], "values": [{"value": 39.0, "step": null, "ts": 1626162169.0850036}]}, "version": 280}
{"obj": {"type": "LogFloats", "path": ["monitoring", "gpu_memory"], "values": [{"value": 3.455810546875, "step": null, "ts": 1626162169.0850036}]}, "version": 281}
{"obj": {"type": "LogFloats", "path": ["monitoring", "cpu"], "values": [{"value": 4.6, "step": null, "ts": 1626162179.087488}]}, "version": 282}
{"obj": {"type": "LogFloats", "path": ["monitoring", "memory"], "values": [{"value": 22.780258178710938, "step": null, "ts": 1626162179.087488}]}, "version": 283}
{"obj": {"type": "LogFloats", "path": ["monitoring", "gpu"], "values": [{"value": 25.0, "step": null, "ts": 1626162179.087488}]}, "version": 284}
{"obj": {"type": "LogFloats", "path": ["monitoring", "gpu_memory"], "values": [{"value": 3.455810546875, "step": null, "ts": 1626162179.087488}]}, "version": 285}
{"obj": {"type": "LogFloats", "path": ["monitoring", "cpu"], "values": [{"value": 11.1, "step": null, "ts": 1626162189.089871}]}, "version": 286}
{"obj": {"type": "LogFloats", "path": ["monitoring", "memory"], "values": [{"value": 22.809680938720703, "step": null, "ts": 1626162189.089871}]}, "version": 287}
{"obj": {"type": "LogFloats", "path": ["monitoring", "gpu"], "values": [{"value": 22.0, "step": null, "ts": 1626162189.089871}]}, "version": 288}
{"obj": {"type": "LogFloats", "path": ["monitoring", "gpu_memory"], "values": [{"value": 3.458984375, "step": null, "ts": 1626162189.089871}]}, "version": 289}
{"obj": {"type": "LogFloats", "path": ["monitoring", "cpu"], "values": [{"value": 13.5, "step": null, "ts": 1626162199.0920353}]}, "version": 290}
{"obj": {"type": "LogFloats", "path": ["monitoring", "memory"], "values": [{"value": 22.91244125366211, "step": null, "ts": 1626162199.0920353}]}, "version": 291}
{"obj": {"type": "LogFloats", "path": ["monitoring", "gpu"], "values": [{"value": 21.0, "step": null, "ts": 1626162199.0920353}]}, "version": 292}
{"obj": {"type": "LogFloats", "path": ["monitoring", "gpu_memory"], "values": [{"value": 3.51043701171875, "step": null, "ts": 1626162199.0920353}]}, "version": 293}
{"obj": {"type": "LogFloats", "path": ["monitoring", "cpu"], "values": [{"value": 9.7, "step": null, "ts": 1626162209.0944147}]}, "version": 294}
{"obj": {"type": "LogFloats", "path": ["monitoring", "memory"], "values": [{"value": 22.86365509033203, "step": null, "ts": 1626162209.0944147}]}, "version": 295}
{"obj": {"type": "LogFloats", "path": ["monitoring", "gpu"], "values": [{"value": 11.0, "step": null, "ts": 1626162209.0944147}]}, "version": 296}
{"obj": {"type": "LogFloats", "path": ["monitoring", "gpu_memory"], "values": [{"value": 3.5355224609375, "step": null, "ts": 1626162209.0944147}]}, "version": 297}
{"obj": {"type": "LogFloats", "path": ["monitoring", "cpu"], "values": [{"value": 16.2, "step": null, "ts": 1626162219.0967643}]}, "version": 298}
{"obj": {"type": "LogFloats", "path": ["monitoring", "memory"], "values": [{"value": 22.844745635986328, "step": null, "ts": 1626162219.0967643}]}, "version": 299}
{"obj": {"type": "LogFloats", "path": ["monitoring", "gpu"], "values": [{"value": 12.0, "step": null, "ts": 1626162219.0967643}]}, "version": 300}
{"obj": {"type": "LogFloats", "path": ["monitoring", "gpu_memory"], "values": [{"value": 3.55316162109375, "step": null, "ts": 1626162219.0967643}]}, "version": 301}
{"obj": {"type": "LogFloats", "path": ["monitoring", "cpu"], "values": [{"value": 19.9, "step": null, "ts": 1626162229.0988777}]}, "version": 302}
{"obj": {"type": "LogFloats", "path": ["monitoring", "memory"], "values": [{"value": 22.908836364746094, "step": null, "ts": 1626162229.0988777}]}, "version": 303}
{"obj": {"type": "LogFloats", "path": ["monitoring", "gpu"], "values": [{"value": 6.0, "step": null, "ts": 1626162229.0988777}]}, "version": 304}
{"obj": {"type": "LogFloats", "path": ["monitoring", "gpu_memory"], "values": [{"value": 3.57818603515625, "step": null, "ts": 1626162229.0988777}]}, "version": 305}
{"obj": {"type": "LogFloats", "path": ["monitoring", "cpu"], "values": [{"value": 18.1, "step": null, "ts": 1626162239.1011255}]}, "version": 306}
{"obj": {"type": "LogFloats", "path": ["monitoring", "memory"], "values": [{"value": 22.878952026367188, "step": null, "ts": 1626162239.1011255}]}, "version": 307}
{"obj": {"type": "LogFloats", "path": ["monitoring", "gpu"], "values": [{"value": 10.0, "step": null, "ts": 1626162239.1011255}]}, "version": 308}
{"obj": {"type": "LogFloats", "path": ["monitoring", "gpu_memory"], "values": [{"value": 3.6075439453125, "step": null, "ts": 1626162239.1011255}]}, "version": 309}
{"obj": {"type": "LogFloats", "path": ["monitoring", "cpu"], "values": [{"value": 9.5, "step": null, "ts": 1626162249.1034644}]}, "version": 310}
{"obj": {"type": "LogFloats", "path": ["monitoring", "memory"], "values": [{"value": 22.90652084350586, "step": null, "ts": 1626162249.1034644}]}, "version": 311}
{"obj": {"type": "LogFloats", "path": ["monitoring", "gpu"], "values": [{"value": 36.0, "step": null, "ts": 1626162249.1034644}]}, "version": 312}
{"obj": {"type": "LogFloats", "path": ["monitoring", "gpu_memory"], "values": [{"value": 3.58734130859375, "step": null, "ts": 1626162249.1034644}]}, "version": 313}
{"obj": {"type": "LogFloats", "path": ["monitoring", "cpu"], "values": [{"value": 18.6, "step": null, "ts": 1626162259.105208}]}, "version": 314}
{"obj": {"type": "LogFloats", "path": ["monitoring", "memory"], "values": [{"value": 22.904361724853516, "step": null, "ts": 1626162259.105208}]}, "version": 315}
{"obj": {"type": "LogFloats", "path": ["monitoring", "gpu"], "values": [{"value": 12.0, "step": null, "ts": 1626162259.105208}]}, "version": 316}
{"obj": {"type": "LogFloats", "path": ["monitoring", "gpu_memory"], "values": [{"value": 3.55657958984375, "step": null, "ts": 1626162259.105208}]}, "version": 317}
{"obj": {"type": "LogFloats", "path": ["monitoring", "cpu"], "values": [{"value": 9.8, "step": null, "ts": 1626162269.1076047}]}, "version": 318}
{"obj": {"type": "LogFloats", "path": ["monitoring", "memory"], "values": [{"value": 22.929241180419922, "step": null, "ts": 1626162269.1076047}]}, "version": 319}
{"obj": {"type": "LogFloats", "path": ["monitoring", "gpu"], "values": [{"value": 9.0, "step": null, "ts": 1626162269.1076047}]}, "version": 320}
{"obj": {"type": "LogFloats", "path": ["monitoring", "gpu_memory"], "values": [{"value": 3.591796875, "step": null, "ts": 1626162269.1076047}]}, "version": 321}
{"obj": {"type": "LogStrings", "path": ["monitoring", "stderr"], "values": [{"value": "Unexpected error occurred in Neptune background thread: Killing Neptune asynchronous thread. All data is safe on disk and can be later synced manually using `neptune sync` command.\n", "step": null, "ts": 1626162277.7317524}]}, "version": 322}
{"obj": {"type": "LogStrings", "path": ["monitoring", "stderr"], "values": [{"value": "Exception in thread Thread-11:\nTraceback (most recent call last):\n  File \"/home/rtm/anaconda3/envs/mlops/lib/python3.7/site-packages/neptune/new/internal/backends/hosted_neptune_backend.py\", line 367, in _execute_operations\n    result = self.leaderboard_client.api.executeOperations(**kwargs).response().result\n  File \"/home/rtm/anaconda3/envs/mlops/lib/python3.7/site-packages/bravado/http_future.py\", line 200, in response\n    swagger_result = self._get_swagger_result(incoming_response)\n  File \"/home/rtm/anaconda3/envs/mlops/lib/python3.7/site-packages/bravado/http_future.py\", line 124, in wrapper\n    return func(self, *args, **kwargs)\n  File \"/home/rtm/anaconda3/envs/mlops/lib/python3.7/site-packages/bravado/http_future.py\", line 303, in _get_swagger_result\n    self.request_config.response_callbacks,\n  File \"/home/rtm/anaconda3/envs/mlops/lib/python3.7/site-packages/bravado/http_future.py\", line 353, in unmarshal_response\n    raise_on_expected(incoming_response)\n  File \"/home/rtm/anacon", "step": null, "ts": 1626162277.7362988}]}, "version": 323}
{"obj": {"type": "LogStrings", "path": ["monitoring", "stderr"], "values": [{"value": "b\"Warning: string series 'monitoring/stderr' value was longer than 1000 characters and was truncated. This warning is printed only once per series.\\n\"", "step": null, "ts": 1626162277.739588}]}, "version": 324}
{"obj": {"type": "LogStrings", "path": ["monitoring", "stderr"], "values": [{"value": "\n", "step": null, "ts": 1626162277.7418919}]}, "version": 325}
{"obj": {"type": "LogFloats", "path": ["monitoring", "cpu"], "values": [{"value": 13.6, "step": null, "ts": 1626162279.109918}]}, "version": 326}
{"obj": {"type": "LogFloats", "path": ["monitoring", "memory"], "values": [{"value": 22.943462371826172, "step": null, "ts": 1626162279.109918}]}, "version": 327}
{"obj": {"type": "LogFloats", "path": ["monitoring", "gpu"], "values": [{"value": 3.0, "step": null, "ts": 1626162279.109918}]}, "version": 328}
{"obj": {"type": "LogFloats", "path": ["monitoring", "gpu_memory"], "values": [{"value": 3.5894775390625, "step": null, "ts": 1626162279.109918}]}, "version": 329}
{"obj": {"type": "LogStrings", "path": ["monitoring", "stdout"], "values": [{"value": "b'Shutting down background jobs, please wait a moment...\\n'", "step": null, "ts": 1626162280.1653225}]}, "version": 330}
{"obj": {"type": "LogStrings", "path": ["monitoring", "stdout"], "values": [{"value": "b'Done!\\n'", "step": null, "ts": 1626162280.4311802}]}, "version": 331}
{"obj": {"type": "LogStrings", "path": ["monitoring", "stdout"], "values": [{"value": "b'Shutting down background jobs, please wait a moment...\\n'", "step": null, "ts": 1626162280.4345083}]}, "version": 332}
