{"obj": {"type": "AssignString", "path": ["sys", "name"], "value": "kfold-two-ratio"}, "version": 1}
{"obj": {"type": "AssignString", "path": ["sys", "description"], "value": ""}, "version": 2}
{"obj": {"type": "AssignString", "path": ["sys", "hostname"], "value": "rtm-desktop"}, "version": 3}
{"obj": {"type": "AssignBool", "path": ["sys", "failed"], "value": false}, "version": 4}
{"obj": {"type": "ClearStringLog", "path": ["monitoring", "stdout"]}, "version": 5}
{"obj": {"type": "ClearStringLog", "path": ["monitoring", "stderr"]}, "version": 6}
{"obj": {"type": "UploadFileSet", "path": ["source_code", "files"], "file_globs": ["/home/rtm/Dropbox/GIT/MLOps/**/*.py", "/home/rtm/Dropbox/GIT/MLOps/*.ipynb"], "reset": "False"}, "version": 7}
{"obj": {"type": "ConfigFloatSeries", "path": ["monitoring", "cpu"], "min": 0.0, "max": 100.0, "unit": "%"}, "version": 8}
{"obj": {"type": "ClearFloatLog", "path": ["monitoring", "cpu"]}, "version": 9}
{"obj": {"type": "ConfigFloatSeries", "path": ["monitoring", "memory"], "min": 0.0, "max": 125.65727615356445, "unit": "GB"}, "version": 10}
{"obj": {"type": "ClearFloatLog", "path": ["monitoring", "memory"]}, "version": 11}
{"obj": {"type": "ConfigFloatSeries", "path": ["monitoring", "gpu"], "min": 0.0, "max": 100.0, "unit": "%"}, "version": 12}
{"obj": {"type": "ClearFloatLog", "path": ["monitoring", "gpu"]}, "version": 13}
{"obj": {"type": "ConfigFloatSeries", "path": ["monitoring", "gpu_memory"], "min": 0.0, "max": 10.91522216796875, "unit": "GB"}, "version": 14}
{"obj": {"type": "ClearFloatLog", "path": ["monitoring", "gpu_memory"]}, "version": 15}
{"obj": {"type": "LogFloats", "path": ["monitoring", "cpu"], "values": [{"value": 25.1, "step": null, "ts": 1626173921.6385114}]}, "version": 16}
{"obj": {"type": "LogFloats", "path": ["monitoring", "memory"], "values": [{"value": 20.648910522460938, "step": null, "ts": 1626173921.6385114}]}, "version": 17}
{"obj": {"type": "LogStrings", "path": ["monitoring", "stdout"], "values": [{"value": "b''", "step": null, "ts": 1626173921.6481018}]}, "version": 18}
{"obj": {"type": "LogFloats", "path": ["monitoring", "gpu"], "values": [{"value": 8.0, "step": null, "ts": 1626173921.6385114}]}, "version": 19}
{"obj": {"type": "LogFloats", "path": ["monitoring", "gpu_memory"], "values": [{"value": 2.6085205078125, "step": null, "ts": 1626173921.6385114}]}, "version": 20}
{"obj": {"type": "LogStrings", "path": ["monitoring", "stdout"], "values": [{"value": "b'https://app.neptune.ai/sangyeop-kim/sample/e/SAM-135\\n'", "step": null, "ts": 1626173921.6498985}]}, "version": 21}
{"obj": {"type": "LogStrings", "path": ["monitoring", "stdout"], "values": [{"value": "b'Remember to stop your run once you\\xe2\\x80\\x99ve finished logging your metadata (https://docs.neptune.ai/api-reference/run#stop). It will be stopped automatically only when the notebook kernel/interactive console is terminated.\\n'", "step": null, "ts": 1626173921.6530418}]}, "version": 22}
{"obj": {"type": "AssignInt", "path": ["changed_hyperparameter", "gpus"], "value": 1}, "version": 23}
{"obj": {"type": "AssignInt", "path": ["changed_hyperparameter", "max_epochs"], "value": 2}, "version": 24}
{"obj": {"type": "AssignString", "path": ["changed_hyperparameter", "scheduler"], "value": "StepLR"}, "version": 25}
{"obj": {"type": "AssignInt", "path": ["changed_hyperparameter", "StepLR", "step_size"], "value": 10}, "version": 26}
{"obj": {"type": "AssignFloat", "path": ["changed_hyperparameter", "StepLR", "gamma"], "value": 0.1}, "version": 27}
{"obj": {"type": "AssignInt", "path": ["changed_hyperparameter", "train_batch_size"], "value": 64}, "version": 28}
{"obj": {"type": "AssignString", "path": ["changed_hyperparameter", "loss"], "value": "MSE"}, "version": 29}
{"obj": {"type": "AssignFloat", "path": ["changed_hyperparameter", "validation_ratio"], "value": 0.2}, "version": 30}
{"obj": {"type": "AssignString", "path": ["changed_hyperparameter", "neptune_workspace"], "value": "sangyeop-kim"}, "version": 31}
{"obj": {"type": "AssignString", "path": ["changed_hyperparameter", "neptune_project"], "value": "sample"}, "version": 32}
{"obj": {"type": "AssignString", "path": ["changed_hyperparameter", "name"], "value": "kfold-two-ratio"}, "version": 33}
{"obj": {"type": "AssignBool", "path": ["default_hyperparameter", "logger"], "value": true}, "version": 34}
{"obj": {"type": "AssignBool", "path": ["default_hyperparameter", "checkpoint_callback"], "value": true}, "version": 35}
{"obj": {"type": "AssignString", "path": ["default_hyperparameter", "callbacks"], "value": "None"}, "version": 36}
{"obj": {"type": "AssignString", "path": ["default_hyperparameter", "default_root_dir"], "value": "None"}, "version": 37}
{"obj": {"type": "AssignFloat", "path": ["default_hyperparameter", "gradient_clip_val"], "value": 0.0}, "version": 38}
{"obj": {"type": "AssignString", "path": ["default_hyperparameter", "gradient_clip_algorithm"], "value": "norm"}, "version": 39}
{"obj": {"type": "AssignInt", "path": ["default_hyperparameter", "process_position"], "value": 0}, "version": 40}
{"obj": {"type": "AssignInt", "path": ["default_hyperparameter", "num_nodes"], "value": 1}, "version": 41}
{"obj": {"type": "AssignInt", "path": ["default_hyperparameter", "num_processes"], "value": 1}, "version": 42}
{"obj": {"type": "AssignBool", "path": ["default_hyperparameter", "auto_select_gpus"], "value": false}, "version": 43}
{"obj": {"type": "AssignString", "path": ["default_hyperparameter", "tpu_cores"], "value": "None"}, "version": 44}
{"obj": {"type": "AssignString", "path": ["default_hyperparameter", "log_gpu_memory"], "value": "None"}, "version": 45}
{"obj": {"type": "AssignString", "path": ["default_hyperparameter", "progress_bar_refresh_rate"], "value": "None"}, "version": 46}
{"obj": {"type": "AssignFloat", "path": ["default_hyperparameter", "overfit_batches"], "value": 0.0}, "version": 47}
{"obj": {"type": "AssignInt", "path": ["default_hyperparameter", "track_grad_norm"], "value": -1}, "version": 48}
{"obj": {"type": "AssignInt", "path": ["default_hyperparameter", "check_val_every_n_epoch"], "value": 1}, "version": 49}
{"obj": {"type": "AssignBool", "path": ["default_hyperparameter", "fast_dev_run"], "value": false}, "version": 50}
{"obj": {"type": "AssignInt", "path": ["default_hyperparameter", "accumulate_grad_batches"], "value": 1}, "version": 51}
{"obj": {"type": "AssignString", "path": ["default_hyperparameter", "min_epochs"], "value": "None"}, "version": 52}
{"obj": {"type": "AssignString", "path": ["default_hyperparameter", "max_steps"], "value": "None"}, "version": 53}
{"obj": {"type": "AssignString", "path": ["default_hyperparameter", "min_steps"], "value": "None"}, "version": 54}
{"obj": {"type": "AssignString", "path": ["default_hyperparameter", "max_time"], "value": "None"}, "version": 55}
{"obj": {"type": "AssignFloat", "path": ["default_hyperparameter", "limit_train_batches"], "value": 1.0}, "version": 56}
{"obj": {"type": "AssignFloat", "path": ["default_hyperparameter", "limit_val_batches"], "value": 1.0}, "version": 57}
{"obj": {"type": "AssignFloat", "path": ["default_hyperparameter", "limit_test_batches"], "value": 1.0}, "version": 58}
{"obj": {"type": "AssignFloat", "path": ["default_hyperparameter", "limit_predict_batches"], "value": 1.0}, "version": 59}
{"obj": {"type": "AssignFloat", "path": ["default_hyperparameter", "val_check_interval"], "value": 1.0}, "version": 60}
{"obj": {"type": "AssignInt", "path": ["default_hyperparameter", "flush_logs_every_n_steps"], "value": 100}, "version": 61}
{"obj": {"type": "AssignInt", "path": ["default_hyperparameter", "log_every_n_steps"], "value": 50}, "version": 62}
{"obj": {"type": "AssignString", "path": ["default_hyperparameter", "accelerator"], "value": "None"}, "version": 63}
{"obj": {"type": "AssignBool", "path": ["default_hyperparameter", "sync_batchnorm"], "value": false}, "version": 64}
{"obj": {"type": "AssignInt", "path": ["default_hyperparameter", "precision"], "value": 32}, "version": 65}
{"obj": {"type": "AssignString", "path": ["default_hyperparameter", "weights_summary"], "value": "top"}, "version": 66}
{"obj": {"type": "AssignString", "path": ["default_hyperparameter", "weights_save_path"], "value": "None"}, "version": 67}
{"obj": {"type": "AssignInt", "path": ["default_hyperparameter", "num_sanity_val_steps"], "value": 2}, "version": 68}
{"obj": {"type": "AssignString", "path": ["default_hyperparameter", "truncated_bptt_steps"], "value": "None"}, "version": 69}
{"obj": {"type": "AssignString", "path": ["default_hyperparameter", "resume_from_checkpoint"], "value": "None"}, "version": 70}
{"obj": {"type": "AssignString", "path": ["default_hyperparameter", "profiler"], "value": "None"}, "version": 71}
{"obj": {"type": "AssignBool", "path": ["default_hyperparameter", "benchmark"], "value": false}, "version": 72}
{"obj": {"type": "AssignBool", "path": ["default_hyperparameter", "deterministic"], "value": false}, "version": 73}
{"obj": {"type": "AssignBool", "path": ["default_hyperparameter", "reload_dataloaders_every_epoch"], "value": false}, "version": 74}
{"obj": {"type": "AssignBool", "path": ["default_hyperparameter", "auto_lr_find"], "value": false}, "version": 75}
{"obj": {"type": "AssignBool", "path": ["default_hyperparameter", "replace_sampler_ddp"], "value": true}, "version": 76}
{"obj": {"type": "AssignBool", "path": ["default_hyperparameter", "terminate_on_nan"], "value": false}, "version": 77}
{"obj": {"type": "AssignBool", "path": ["default_hyperparameter", "auto_scale_batch_size"], "value": false}, "version": 78}
{"obj": {"type": "AssignBool", "path": ["default_hyperparameter", "prepare_data_per_node"], "value": true}, "version": 79}
{"obj": {"type": "AssignString", "path": ["default_hyperparameter", "plugins"], "value": "None"}, "version": 80}
{"obj": {"type": "AssignString", "path": ["default_hyperparameter", "amp_backend"], "value": "native"}, "version": 81}
{"obj": {"type": "AssignString", "path": ["default_hyperparameter", "amp_level"], "value": "O2"}, "version": 82}
{"obj": {"type": "AssignString", "path": ["default_hyperparameter", "distributed_backend"], "value": "None"}, "version": 83}
{"obj": {"type": "AssignBool", "path": ["default_hyperparameter", "move_metrics_to_cpu"], "value": false}, "version": 84}
{"obj": {"type": "AssignString", "path": ["default_hyperparameter", "multiple_trainloader_mode"], "value": "max_size_cycle"}, "version": 85}
{"obj": {"type": "AssignBool", "path": ["default_hyperparameter", "stochastic_weight_avg"], "value": false}, "version": 86}
{"obj": {"type": "AssignString", "path": ["default_hyperparameter", "optimizer"], "value": "Adam"}, "version": 87}
{"obj": {"type": "AssignFloat", "path": ["default_hyperparameter", "Adadelta", "lr"], "value": 1.0}, "version": 88}
{"obj": {"type": "AssignFloat", "path": ["default_hyperparameter", "Adadelta", "rho"], "value": 0.9}, "version": 89}
{"obj": {"type": "AssignFloat", "path": ["default_hyperparameter", "Adadelta", "eps"], "value": 1e-06}, "version": 90}
{"obj": {"type": "AssignInt", "path": ["default_hyperparameter", "Adadelta", "weight_decay"], "value": 0}, "version": 91}
{"obj": {"type": "AssignFloat", "path": ["default_hyperparameter", "Adagrad", "lr"], "value": 0.01}, "version": 92}
{"obj": {"type": "AssignInt", "path": ["default_hyperparameter", "Adagrad", "lr_decay"], "value": 0}, "version": 93}
{"obj": {"type": "AssignInt", "path": ["default_hyperparameter", "Adagrad", "weight_decay"], "value": 0}, "version": 94}
{"obj": {"type": "AssignInt", "path": ["default_hyperparameter", "Adagrad", "initial_accumulator_value"], "value": 0}, "version": 95}
{"obj": {"type": "AssignFloat", "path": ["default_hyperparameter", "Adagrad", "eps"], "value": 1e-10}, "version": 96}
{"obj": {"type": "AssignFloat", "path": ["default_hyperparameter", "Adam", "lr"], "value": 0.001}, "version": 97}
{"obj": {"type": "AssignString", "path": ["default_hyperparameter", "Adam", "betas"], "value": "(0.9, 0.999)"}, "version": 98}
{"obj": {"type": "AssignFloat", "path": ["default_hyperparameter", "Adam", "eps"], "value": 1e-08}, "version": 99}
{"obj": {"type": "AssignInt", "path": ["default_hyperparameter", "Adam", "weight_decay"], "value": 0}, "version": 100}
{"obj": {"type": "AssignBool", "path": ["default_hyperparameter", "Adam", "amsgrad"], "value": false}, "version": 101}
{"obj": {"type": "AssignFloat", "path": ["default_hyperparameter", "AdamW", "lr"], "value": 0.001}, "version": 102}
{"obj": {"type": "AssignString", "path": ["default_hyperparameter", "AdamW", "betas"], "value": "(0.9, 0.999)"}, "version": 103}
{"obj": {"type": "AssignFloat", "path": ["default_hyperparameter", "AdamW", "eps"], "value": 1e-08}, "version": 104}
{"obj": {"type": "AssignFloat", "path": ["default_hyperparameter", "AdamW", "weight_decay"], "value": 0.01}, "version": 105}
{"obj": {"type": "AssignBool", "path": ["default_hyperparameter", "AdamW", "amsgrad"], "value": false}, "version": 106}
{"obj": {"type": "AssignFloat", "path": ["default_hyperparameter", "SparseAdam", "lr"], "value": 0.001}, "version": 107}
{"obj": {"type": "AssignString", "path": ["default_hyperparameter", "SparseAdam", "betas"], "value": "(0.9, 0.999)"}, "version": 108}
{"obj": {"type": "AssignFloat", "path": ["default_hyperparameter", "SparseAdam", "eps"], "value": 1e-08}, "version": 109}
{"obj": {"type": "AssignFloat", "path": ["default_hyperparameter", "Adamax", "lr"], "value": 0.002}, "version": 110}
{"obj": {"type": "AssignString", "path": ["default_hyperparameter", "Adamax", "betas"], "value": "(0.9, 0.999)"}, "version": 111}
{"obj": {"type": "AssignFloat", "path": ["default_hyperparameter", "Adamax", "eps"], "value": 1e-08}, "version": 112}
{"obj": {"type": "AssignInt", "path": ["default_hyperparameter", "Adamax", "weight_decay"], "value": 0}, "version": 113}
{"obj": {"type": "AssignFloat", "path": ["default_hyperparameter", "ASGD", "lr"], "value": 0.01}, "version": 114}
{"obj": {"type": "AssignFloat", "path": ["default_hyperparameter", "ASGD", "lambd"], "value": 0.0001}, "version": 115}
{"obj": {"type": "AssignFloat", "path": ["default_hyperparameter", "ASGD", "alpha"], "value": 0.75}, "version": 116}
{"obj": {"type": "AssignFloat", "path": ["default_hyperparameter", "ASGD", "t0"], "value": 1000000.0}, "version": 117}
{"obj": {"type": "AssignInt", "path": ["default_hyperparameter", "ASGD", "weight_decay"], "value": 0}, "version": 118}
{"obj": {"type": "AssignInt", "path": ["default_hyperparameter", "LBFGS", "lr"], "value": 1}, "version": 119}
{"obj": {"type": "AssignInt", "path": ["default_hyperparameter", "LBFGS", "max_iter"], "value": 20}, "version": 120}
{"obj": {"type": "AssignString", "path": ["default_hyperparameter", "LBFGS", "max_eval"], "value": "None"}, "version": 121}
{"obj": {"type": "AssignFloat", "path": ["default_hyperparameter", "LBFGS", "tolerance_grad"], "value": 1e-07}, "version": 122}
{"obj": {"type": "AssignFloat", "path": ["default_hyperparameter", "LBFGS", "tolerance_change"], "value": 1e-09}, "version": 123}
{"obj": {"type": "AssignInt", "path": ["default_hyperparameter", "LBFGS", "history_size"], "value": 100}, "version": 124}
{"obj": {"type": "AssignString", "path": ["default_hyperparameter", "LBFGS", "line_search_fn"], "value": "None"}, "version": 125}
{"obj": {"type": "AssignFloat", "path": ["default_hyperparameter", "RMSprop", "lr"], "value": 0.01}, "version": 126}
{"obj": {"type": "AssignFloat", "path": ["default_hyperparameter", "RMSprop", "alpha"], "value": 0.99}, "version": 127}
{"obj": {"type": "AssignFloat", "path": ["default_hyperparameter", "RMSprop", "eps"], "value": 1e-08}, "version": 128}
{"obj": {"type": "AssignInt", "path": ["default_hyperparameter", "RMSprop", "weight_decay"], "value": 0}, "version": 129}
{"obj": {"type": "AssignInt", "path": ["default_hyperparameter", "RMSprop", "momentum"], "value": 0}, "version": 130}
{"obj": {"type": "AssignBool", "path": ["default_hyperparameter", "RMSprop", "centered"], "value": false}, "version": 131}
{"obj": {"type": "AssignFloat", "path": ["default_hyperparameter", "Rprop", "lr"], "value": 0.01}, "version": 132}
{"obj": {"type": "AssignString", "path": ["default_hyperparameter", "Rprop", "etas"], "value": "(0.5, 1.2)"}, "version": 133}
{"obj": {"type": "AssignString", "path": ["default_hyperparameter", "Rprop", "step_sizes"], "value": "(1e-06, 50)"}, "version": 134}
{"obj": {"type": "AssignFloat", "path": ["default_hyperparameter", "SGD", "lr"], "value": 0.01}, "version": 135}
{"obj": {"type": "AssignInt", "path": ["default_hyperparameter", "SGD", "momentum"], "value": 0}, "version": 136}
{"obj": {"type": "AssignInt", "path": ["default_hyperparameter", "SGD", "dampening"], "value": 0}, "version": 137}
{"obj": {"type": "AssignInt", "path": ["default_hyperparameter", "SGD", "weight_decay"], "value": 0}, "version": 138}
{"obj": {"type": "AssignBool", "path": ["default_hyperparameter", "SGD", "nesterov"], "value": false}, "version": 139}
{"obj": {"type": "AssignInt", "path": ["default_hyperparameter", "last_epoch"], "value": -1}, "version": 140}
{"obj": {"type": "AssignBool", "path": ["default_hyperparameter", "verbose"], "value": false}, "version": 141}
{"obj": {"type": "AssignString", "path": ["default_hyperparameter", "LambdaLR", "lr_lambda"], "value": "None"}, "version": 142}
{"obj": {"type": "AssignString", "path": ["default_hyperparameter", "MultiplicativeLR", "lr_lambda"], "value": "None"}, "version": 143}
{"obj": {"type": "AssignString", "path": ["default_hyperparameter", "MultiStepLR", "milestones"], "value": "None"}, "version": 144}
{"obj": {"type": "AssignFloat", "path": ["default_hyperparameter", "MultiStepLR", "gamma"], "value": 0.1}, "version": 145}
{"obj": {"type": "AssignString", "path": ["default_hyperparameter", "ExponentialLR", "gamma"], "value": "None"}, "version": 146}
{"obj": {"type": "AssignString", "path": ["default_hyperparameter", "CosineAnnealingLR", "T_max"], "value": "None"}, "version": 147}
{"obj": {"type": "AssignInt", "path": ["default_hyperparameter", "CosineAnnealingLR", "eta_min"], "value": 0}, "version": 148}
{"obj": {"type": "AssignString", "path": ["default_hyperparameter", "CosineAnnealingWarmRestarts", "T_0"], "value": "None"}, "version": 149}
{"obj": {"type": "AssignInt", "path": ["default_hyperparameter", "CosineAnnealingWarmRestarts", "T_mult"], "value": 1}, "version": 150}
{"obj": {"type": "AssignInt", "path": ["default_hyperparameter", "CosineAnnealingWarmRestarts", "eta_min"], "value": 0}, "version": 151}
{"obj": {"type": "AssignBool", "path": ["default_hyperparameter", "train_shuffle"], "value": false}, "version": 152}
{"obj": {"type": "AssignString", "path": ["default_hyperparameter", "train_sampler"], "value": "None"}, "version": 153}
{"obj": {"type": "AssignString", "path": ["default_hyperparameter", "train_batch_sampler"], "value": "None"}, "version": 154}
{"obj": {"type": "AssignInt", "path": ["default_hyperparameter", "train_num_workers"], "value": 0}, "version": 155}
{"obj": {"type": "AssignString", "path": ["default_hyperparameter", "train_collate_fn"], "value": "None"}, "version": 156}
{"obj": {"type": "AssignBool", "path": ["default_hyperparameter", "train_pin_memory"], "value": false}, "version": 157}
{"obj": {"type": "AssignBool", "path": ["default_hyperparameter", "train_drop_last"], "value": false}, "version": 158}
{"obj": {"type": "AssignInt", "path": ["default_hyperparameter", "train_timeout"], "value": 0}, "version": 159}
{"obj": {"type": "AssignString", "path": ["default_hyperparameter", "train_worker_init_fn"], "value": "None"}, "version": 160}
{"obj": {"type": "AssignInt", "path": ["default_hyperparameter", "train_prefetch_factor"], "value": 2}, "version": 161}
{"obj": {"type": "AssignBool", "path": ["default_hyperparameter", "train_persistent_workers"], "value": false}, "version": 162}
{"obj": {"type": "AssignInt", "path": ["default_hyperparameter", "validation_batch_size"], "value": -1}, "version": 163}
{"obj": {"type": "AssignBool", "path": ["default_hyperparameter", "validation_shuffle"], "value": false}, "version": 164}
{"obj": {"type": "AssignString", "path": ["default_hyperparameter", "validation_sampler"], "value": "None"}, "version": 165}
{"obj": {"type": "AssignString", "path": ["default_hyperparameter", "validation_batch_sampler"], "value": "None"}, "version": 166}
{"obj": {"type": "AssignInt", "path": ["default_hyperparameter", "validation_num_workers"], "value": 0}, "version": 167}
{"obj": {"type": "AssignString", "path": ["default_hyperparameter", "validation_collate_fn"], "value": "None"}, "version": 168}
{"obj": {"type": "AssignBool", "path": ["default_hyperparameter", "validation_pin_memory"], "value": false}, "version": 169}
{"obj": {"type": "AssignBool", "path": ["default_hyperparameter", "validation_drop_last"], "value": false}, "version": 170}
{"obj": {"type": "AssignInt", "path": ["default_hyperparameter", "validation_timeout"], "value": 0}, "version": 171}
{"obj": {"type": "AssignString", "path": ["default_hyperparameter", "validation_worker_init_fn"], "value": "None"}, "version": 172}
{"obj": {"type": "AssignInt", "path": ["default_hyperparameter", "validation_prefetch_factor"], "value": 2}, "version": 173}
{"obj": {"type": "AssignBool", "path": ["default_hyperparameter", "validation_persistent_workers"], "value": false}, "version": 174}
{"obj": {"type": "AssignInt", "path": ["default_hyperparameter", "kfold"], "value": 3}, "version": 175}
{"obj": {"type": "AssignInt", "path": ["default_hyperparameter", "random_seed"], "value": 0}, "version": 176}
{"obj": {"type": "AssignString", "path": ["default_hyperparameter", "save_path"], "value": "logs"}, "version": 177}
{"obj": {"type": "AssignInt", "path": ["default_hyperparameter", "saved_top_k"], "value": 3}, "version": 178}
{"obj": {"type": "UploadFile", "path": ["index", "0_fold", "train_idx"], "ext": "csv", "file_path": "/home/rtm/Dropbox/GIT/MLOps/logs/SAM-135/index/0_fold/train_idx.csv"}, "version": 179}
{"obj": {"type": "UploadFile", "path": ["index", "0_fold", "validation_idx"], "ext": "csv", "file_path": "/home/rtm/Dropbox/GIT/MLOps/logs/SAM-135/index/0_fold/validation_idx.csv"}, "version": 180}
{"obj": {"type": "UploadFile", "path": ["index", "1_fold", "train_idx"], "ext": "csv", "file_path": "/home/rtm/Dropbox/GIT/MLOps/logs/SAM-135/index/1_fold/train_idx.csv"}, "version": 181}
{"obj": {"type": "UploadFile", "path": ["index", "1_fold", "validation_idx"], "ext": "csv", "file_path": "/home/rtm/Dropbox/GIT/MLOps/logs/SAM-135/index/1_fold/validation_idx.csv"}, "version": 182}
{"obj": {"type": "UploadFile", "path": ["index", "2_fold", "train_idx"], "ext": "csv", "file_path": "/home/rtm/Dropbox/GIT/MLOps/logs/SAM-135/index/2_fold/train_idx.csv"}, "version": 183}
{"obj": {"type": "UploadFile", "path": ["index", "2_fold", "validation_idx"], "ext": "csv", "file_path": "/home/rtm/Dropbox/GIT/MLOps/logs/SAM-135/index/2_fold/validation_idx.csv"}, "version": 184}
{"obj": {"type": "LogStrings", "path": ["monitoring", "stdout"], "values": [{"value": "length of train data : 500", "step": null, "ts": 1626173922.1657748}]}, "version": 185}
{"obj": {"type": "LogStrings", "path": ["monitoring", "stdout"], "values": [{"value": "\n", "step": null, "ts": 1626173922.1666431}]}, "version": 186}
{"obj": {"type": "LogFloats", "path": ["loss", "0_fold", "train_step"], "values": [{"value": 28.908172607421875, "step": null, "ts": 1626173922.3284883}]}, "version": 187}
{"obj": {"type": "LogFloats", "path": ["loss", "0_fold", "train_step"], "values": [{"value": 28.910423278808594, "step": null, "ts": 1626173922.3399642}]}, "version": 188}
{"obj": {"type": "LogFloats", "path": ["loss", "0_fold", "train_step"], "values": [{"value": 31.959537506103516, "step": null, "ts": 1626173922.3486905}]}, "version": 189}
{"obj": {"type": "LogFloats", "path": ["loss", "0_fold", "train_step"], "values": [{"value": 22.69525146484375, "step": null, "ts": 1626173922.3630052}]}, "version": 190}
{"obj": {"type": "LogFloats", "path": ["loss", "0_fold", "train_step"], "values": [{"value": 24.21670913696289, "step": null, "ts": 1626173922.3733456}]}, "version": 191}
{"obj": {"type": "LogFloats", "path": ["loss", "0_fold", "train_step"], "values": [{"value": 26.614145278930664, "step": null, "ts": 1626173922.382936}]}, "version": 192}
{"obj": {"type": "LogFloats", "path": ["loss", "0_fold", "train_epoch"], "values": [{"value": 27.217373212178547, "step": null, "ts": 1626173922.3940914}]}, "version": 193}
{"obj": {"type": "LogFloats", "path": ["loss", "0_fold", "train_step"], "values": [{"value": 28.24414825439453, "step": null, "ts": 1626173922.422049}]}, "version": 194}
{"obj": {"type": "LogFloats", "path": ["loss", "0_fold", "train_step"], "values": [{"value": 19.069875717163086, "step": null, "ts": 1626173922.4313288}]}, "version": 195}
{"obj": {"type": "LogFloats", "path": ["loss", "0_fold", "train_step"], "values": [{"value": 18.586360931396484, "step": null, "ts": 1626173922.4446657}]}, "version": 196}
{"obj": {"type": "LogFloats", "path": ["loss", "0_fold", "train_step"], "values": [{"value": 19.281723022460938, "step": null, "ts": 1626173922.4528503}]}, "version": 197}
{"obj": {"type": "LogFloats", "path": ["loss", "0_fold", "train_step"], "values": [{"value": 20.36541748046875, "step": null, "ts": 1626173922.4628198}]}, "version": 198}
{"obj": {"type": "LogFloats", "path": ["loss", "0_fold", "train_step"], "values": [{"value": 17.24468421936035, "step": null, "ts": 1626173922.4757543}]}, "version": 199}
{"obj": {"type": "LogFloats", "path": ["loss", "0_fold", "train_epoch"], "values": [{"value": 20.465368270874023, "step": null, "ts": 1626173922.4843621}]}, "version": 200}
{"obj": {"type": "LogStrings", "path": ["monitoring", "stdout"], "values": [{"value": "length of train data : 500", "step": null, "ts": 1626173922.496196}]}, "version": 201}
{"obj": {"type": "LogStrings", "path": ["monitoring", "stdout"], "values": [{"value": "\n", "step": null, "ts": 1626173922.4967616}]}, "version": 202}
{"obj": {"type": "LogFloats", "path": ["loss", "1_fold", "train_step"], "values": [{"value": 31.065929412841797, "step": null, "ts": 1626173922.6538608}]}, "version": 203}
{"obj": {"type": "LogFloats", "path": ["loss", "1_fold", "train_step"], "values": [{"value": 24.850269317626953, "step": null, "ts": 1626173922.6655724}]}, "version": 204}
{"obj": {"type": "LogFloats", "path": ["loss", "1_fold", "train_step"], "values": [{"value": 30.15787696838379, "step": null, "ts": 1626173922.6758387}]}, "version": 205}
{"obj": {"type": "LogFloats", "path": ["loss", "1_fold", "train_step"], "values": [{"value": 24.812671661376953, "step": null, "ts": 1626173922.6848125}]}, "version": 206}
{"obj": {"type": "LogFloats", "path": ["loss", "1_fold", "train_step"], "values": [{"value": 32.13615798950195, "step": null, "ts": 1626173922.693836}]}, "version": 207}
{"obj": {"type": "LogFloats", "path": ["loss", "1_fold", "train_step"], "values": [{"value": 21.63671875, "step": null, "ts": 1626173922.7021635}]}, "version": 208}
{"obj": {"type": "LogFloats", "path": ["loss", "1_fold", "train_epoch"], "values": [{"value": 27.443270683288574, "step": null, "ts": 1626173922.712116}]}, "version": 209}
{"obj": {"type": "LogFloats", "path": ["loss", "1_fold", "train_step"], "values": [{"value": 19.685344696044922, "step": null, "ts": 1626173922.7310953}]}, "version": 210}
{"obj": {"type": "LogFloats", "path": ["loss", "1_fold", "train_step"], "values": [{"value": 27.08229637145996, "step": null, "ts": 1626173922.741825}]}, "version": 211}
{"obj": {"type": "LogFloats", "path": ["loss", "1_fold", "train_step"], "values": [{"value": 22.015615463256836, "step": null, "ts": 1626173922.752924}]}, "version": 212}
{"obj": {"type": "LogFloats", "path": ["loss", "1_fold", "train_step"], "values": [{"value": 20.11117935180664, "step": null, "ts": 1626173922.7639117}]}, "version": 213}
{"obj": {"type": "LogFloats", "path": ["loss", "1_fold", "train_step"], "values": [{"value": 20.0234317779541, "step": null, "ts": 1626173922.7747025}]}, "version": 214}
{"obj": {"type": "LogFloats", "path": ["loss", "1_fold", "train_step"], "values": [{"value": 20.849292755126953, "step": null, "ts": 1626173922.784012}]}, "version": 215}
{"obj": {"type": "LogFloats", "path": ["loss", "1_fold", "train_epoch"], "values": [{"value": 21.627860069274902, "step": null, "ts": 1626173922.800812}]}, "version": 216}
{"obj": {"type": "LogStrings", "path": ["monitoring", "stdout"], "values": [{"value": "length of train data : 500", "step": null, "ts": 1626173922.8156652}]}, "version": 217}
{"obj": {"type": "LogStrings", "path": ["monitoring", "stdout"], "values": [{"value": "\n", "step": null, "ts": 1626173922.8164263}]}, "version": 218}
{"obj": {"type": "LogFloats", "path": ["loss", "2_fold", "train_step"], "values": [{"value": 28.09961700439453, "step": null, "ts": 1626173923.1419656}]}, "version": 219}
{"obj": {"type": "LogFloats", "path": ["loss", "2_fold", "train_step"], "values": [{"value": 34.620399475097656, "step": null, "ts": 1626173923.1527789}]}, "version": 220}
{"obj": {"type": "LogFloats", "path": ["loss", "2_fold", "train_step"], "values": [{"value": 25.689834594726562, "step": null, "ts": 1626173923.1634278}]}, "version": 221}
{"obj": {"type": "LogFloats", "path": ["loss", "2_fold", "train_step"], "values": [{"value": 24.02519989013672, "step": null, "ts": 1626173923.173934}]}, "version": 222}
{"obj": {"type": "LogFloats", "path": ["loss", "2_fold", "train_step"], "values": [{"value": 28.21563720703125, "step": null, "ts": 1626173923.1838567}]}, "version": 223}
{"obj": {"type": "LogFloats", "path": ["loss", "2_fold", "train_step"], "values": [{"value": 27.717193603515625, "step": null, "ts": 1626173923.1932616}]}, "version": 224}
{"obj": {"type": "LogFloats", "path": ["loss", "2_fold", "train_epoch"], "values": [{"value": 28.06131362915039, "step": null, "ts": 1626173923.2045286}]}, "version": 225}
{"obj": {"type": "LogFloats", "path": ["loss", "2_fold", "train_step"], "values": [{"value": 26.572246551513672, "step": null, "ts": 1626173923.2224665}]}, "version": 226}
{"obj": {"type": "LogFloats", "path": ["loss", "2_fold", "train_step"], "values": [{"value": 22.898752212524414, "step": null, "ts": 1626173923.2324502}]}, "version": 227}
{"obj": {"type": "LogFloats", "path": ["loss", "2_fold", "train_step"], "values": [{"value": 18.58226203918457, "step": null, "ts": 1626173923.241778}]}, "version": 228}
{"obj": {"type": "LogFloats", "path": ["loss", "2_fold", "train_step"], "values": [{"value": 21.101947784423828, "step": null, "ts": 1626173923.2512712}]}, "version": 229}
{"obj": {"type": "LogFloats", "path": ["loss", "2_fold", "train_step"], "values": [{"value": 20.43259048461914, "step": null, "ts": 1626173923.2604442}]}, "version": 230}
{"obj": {"type": "LogFloats", "path": ["loss", "2_fold", "train_step"], "values": [{"value": 18.889516830444336, "step": null, "ts": 1626173923.2682016}]}, "version": 231}
{"obj": {"type": "LogFloats", "path": ["loss", "2_fold", "train_epoch"], "values": [{"value": 21.412885983784992, "step": null, "ts": 1626173923.2776845}]}, "version": 232}
{"obj": {"type": "LogStrings", "path": ["monitoring", "stdout"], "values": [{"value": "b''", "step": null, "ts": 1626173927.4780998}]}, "version": 233}
{"obj": {"type": "LogStrings", "path": ["monitoring", "stdout"], "values": [{"value": "b'https://app.neptune.ai/sangyeop-kim/sample/e/SAM-136\\n'", "step": null, "ts": 1626173927.4803584}]}, "version": 234}
{"obj": {"type": "LogStrings", "path": ["monitoring", "stdout"], "values": [{"value": "b'Remember to stop your run once you\\xe2\\x80\\x99ve finished logging your metadata (https://docs.neptune.ai/api-reference/run#stop). It will be stopped automatically only when the notebook kernel/interactive console is terminated.\\n'", "step": null, "ts": 1626173927.4846132}]}, "version": 235}
{"obj": {"type": "LogStrings", "path": ["monitoring", "stdout"], "values": [{"value": "length of train data : 500", "step": null, "ts": 1626173927.9931147}]}, "version": 236}
{"obj": {"type": "LogStrings", "path": ["monitoring", "stdout"], "values": [{"value": "\n", "step": null, "ts": 1626173927.994083}]}, "version": 237}
{"obj": {"type": "LogStrings", "path": ["monitoring", "stdout"], "values": [{"value": "length of train data : 500", "step": null, "ts": 1626173928.340866}]}, "version": 238}
{"obj": {"type": "LogStrings", "path": ["monitoring", "stdout"], "values": [{"value": "\n", "step": null, "ts": 1626173928.3420446}]}, "version": 239}
{"obj": {"type": "LogStrings", "path": ["monitoring", "stdout"], "values": [{"value": "length of train data : 500", "step": null, "ts": 1626173928.658678}]}, "version": 240}
{"obj": {"type": "LogStrings", "path": ["monitoring", "stdout"], "values": [{"value": "\n", "step": null, "ts": 1626173928.6596828}]}, "version": 241}
{"obj": {"type": "LogFloats", "path": ["monitoring", "cpu"], "values": [{"value": 32.3, "step": null, "ts": 1626173931.649856}]}, "version": 242}
{"obj": {"type": "LogFloats", "path": ["monitoring", "memory"], "values": [{"value": 20.67632293701172, "step": null, "ts": 1626173931.649856}]}, "version": 243}
{"obj": {"type": "LogFloats", "path": ["monitoring", "gpu"], "values": [{"value": 5.0, "step": null, "ts": 1626173931.649856}]}, "version": 244}
{"obj": {"type": "LogFloats", "path": ["monitoring", "gpu_memory"], "values": [{"value": 2.64605712890625, "step": null, "ts": 1626173931.649856}]}, "version": 245}
{"obj": {"type": "LogFloats", "path": ["monitoring", "cpu"], "values": [{"value": 18.6, "step": null, "ts": 1626173941.6520677}]}, "version": 246}
{"obj": {"type": "LogFloats", "path": ["monitoring", "memory"], "values": [{"value": 20.67076873779297, "step": null, "ts": 1626173941.6520677}]}, "version": 247}
{"obj": {"type": "LogFloats", "path": ["monitoring", "gpu"], "values": [{"value": 5.0, "step": null, "ts": 1626173941.6520677}]}, "version": 248}
{"obj": {"type": "LogFloats", "path": ["monitoring", "gpu_memory"], "values": [{"value": 2.6221923828125, "step": null, "ts": 1626173941.6520677}]}, "version": 249}
{"obj": {"type": "LogFloats", "path": ["monitoring", "cpu"], "values": [{"value": 25.5, "step": null, "ts": 1626173951.654568}]}, "version": 250}
{"obj": {"type": "LogFloats", "path": ["monitoring", "memory"], "values": [{"value": 20.62271499633789, "step": null, "ts": 1626173951.654568}]}, "version": 251}
{"obj": {"type": "LogFloats", "path": ["monitoring", "gpu"], "values": [{"value": 21.0, "step": null, "ts": 1626173951.654568}]}, "version": 252}
{"obj": {"type": "LogFloats", "path": ["monitoring", "gpu_memory"], "values": [{"value": 2.640625, "step": null, "ts": 1626173951.654568}]}, "version": 253}
{"obj": {"type": "LogFloats", "path": ["monitoring", "cpu"], "values": [{"value": 13.1, "step": null, "ts": 1626173961.6567836}]}, "version": 254}
{"obj": {"type": "LogFloats", "path": ["monitoring", "memory"], "values": [{"value": 20.65884017944336, "step": null, "ts": 1626173961.6567836}]}, "version": 255}
{"obj": {"type": "LogFloats", "path": ["monitoring", "gpu"], "values": [{"value": 8.0, "step": null, "ts": 1626173961.6567836}]}, "version": 256}
{"obj": {"type": "LogFloats", "path": ["monitoring", "gpu_memory"], "values": [{"value": 2.60400390625, "step": null, "ts": 1626173961.6567836}]}, "version": 257}
{"obj": {"type": "LogFloats", "path": ["monitoring", "cpu"], "values": [{"value": 13.4, "step": null, "ts": 1626173971.6590264}]}, "version": 258}
{"obj": {"type": "LogFloats", "path": ["monitoring", "memory"], "values": [{"value": 20.650405883789062, "step": null, "ts": 1626173971.6590264}]}, "version": 259}
{"obj": {"type": "LogFloats", "path": ["monitoring", "gpu"], "values": [{"value": 7.0, "step": null, "ts": 1626173971.6590264}]}, "version": 260}
{"obj": {"type": "LogFloats", "path": ["monitoring", "gpu_memory"], "values": [{"value": 2.60009765625, "step": null, "ts": 1626173971.6590264}]}, "version": 261}
{"obj": {"type": "LogFloats", "path": ["monitoring", "cpu"], "values": [{"value": 11.1, "step": null, "ts": 1626173981.6621633}]}, "version": 262}
{"obj": {"type": "LogFloats", "path": ["monitoring", "memory"], "values": [{"value": 20.646595001220703, "step": null, "ts": 1626173981.6621633}]}, "version": 263}
{"obj": {"type": "LogFloats", "path": ["monitoring", "gpu"], "values": [{"value": 7.0, "step": null, "ts": 1626173981.6621633}]}, "version": 264}
{"obj": {"type": "LogFloats", "path": ["monitoring", "gpu_memory"], "values": [{"value": 2.60009765625, "step": null, "ts": 1626173981.6621633}]}, "version": 265}
{"obj": {"type": "LogFloats", "path": ["monitoring", "cpu"], "values": [{"value": 19.2, "step": null, "ts": 1626173991.664344}]}, "version": 266}
{"obj": {"type": "LogFloats", "path": ["monitoring", "memory"], "values": [{"value": 20.635456085205078, "step": null, "ts": 1626173991.664344}]}, "version": 267}
{"obj": {"type": "LogFloats", "path": ["monitoring", "gpu"], "values": [{"value": 11.0, "step": null, "ts": 1626173991.664344}]}, "version": 268}
{"obj": {"type": "LogFloats", "path": ["monitoring", "gpu_memory"], "values": [{"value": 2.6087646484375, "step": null, "ts": 1626173991.664344}]}, "version": 269}
{"obj": {"type": "LogFloats", "path": ["monitoring", "cpu"], "values": [{"value": 19.3, "step": null, "ts": 1626174001.66633}]}, "version": 270}
{"obj": {"type": "LogFloats", "path": ["monitoring", "memory"], "values": [{"value": 20.63888931274414, "step": null, "ts": 1626174001.66633}]}, "version": 271}
{"obj": {"type": "LogFloats", "path": ["monitoring", "gpu"], "values": [{"value": 10.0, "step": null, "ts": 1626174001.66633}]}, "version": 272}
{"obj": {"type": "LogFloats", "path": ["monitoring", "gpu_memory"], "values": [{"value": 2.60748291015625, "step": null, "ts": 1626174001.66633}]}, "version": 273}
{"obj": {"type": "LogFloats", "path": ["monitoring", "cpu"], "values": [{"value": 15.3, "step": null, "ts": 1626174011.668763}]}, "version": 274}
{"obj": {"type": "LogFloats", "path": ["monitoring", "memory"], "values": [{"value": 20.63698959350586, "step": null, "ts": 1626174011.668763}]}, "version": 275}
{"obj": {"type": "LogFloats", "path": ["monitoring", "gpu"], "values": [{"value": 12.0, "step": null, "ts": 1626174011.668763}]}, "version": 276}
{"obj": {"type": "LogFloats", "path": ["monitoring", "gpu_memory"], "values": [{"value": 2.6060791015625, "step": null, "ts": 1626174011.668763}]}, "version": 277}
{"obj": {"type": "LogFloats", "path": ["monitoring", "cpu"], "values": [{"value": 13.2, "step": null, "ts": 1626174021.6708946}]}, "version": 278}
{"obj": {"type": "LogFloats", "path": ["monitoring", "memory"], "values": [{"value": 20.630840301513672, "step": null, "ts": 1626174021.6708946}]}, "version": 279}
{"obj": {"type": "LogFloats", "path": ["monitoring", "gpu"], "values": [{"value": 7.0, "step": null, "ts": 1626174021.6708946}]}, "version": 280}
{"obj": {"type": "LogFloats", "path": ["monitoring", "gpu_memory"], "values": [{"value": 2.606689453125, "step": null, "ts": 1626174021.6708946}]}, "version": 281}
{"obj": {"type": "LogFloats", "path": ["monitoring", "cpu"], "values": [{"value": 12.6, "step": null, "ts": 1626174031.6729863}]}, "version": 282}
{"obj": {"type": "LogFloats", "path": ["monitoring", "memory"], "values": [{"value": 20.619461059570312, "step": null, "ts": 1626174031.6729863}]}, "version": 283}
{"obj": {"type": "LogFloats", "path": ["monitoring", "gpu"], "values": [{"value": 6.0, "step": null, "ts": 1626174031.6729863}]}, "version": 284}
{"obj": {"type": "LogFloats", "path": ["monitoring", "gpu_memory"], "values": [{"value": 2.6036376953125, "step": null, "ts": 1626174031.6729863}]}, "version": 285}
{"obj": {"type": "LogFloats", "path": ["monitoring", "cpu"], "values": [{"value": 15.2, "step": null, "ts": 1626174041.6752136}]}, "version": 286}
{"obj": {"type": "LogFloats", "path": ["monitoring", "memory"], "values": [{"value": 20.615665435791016, "step": null, "ts": 1626174041.6752136}]}, "version": 287}
{"obj": {"type": "LogFloats", "path": ["monitoring", "gpu"], "values": [{"value": 18.0, "step": null, "ts": 1626174041.6752136}]}, "version": 288}
{"obj": {"type": "LogFloats", "path": ["monitoring", "gpu_memory"], "values": [{"value": 2.63153076171875, "step": null, "ts": 1626174041.6752136}]}, "version": 289}
{"obj": {"type": "LogFloats", "path": ["monitoring", "cpu"], "values": [{"value": 16.9, "step": null, "ts": 1626174051.6776712}]}, "version": 290}
{"obj": {"type": "LogFloats", "path": ["monitoring", "memory"], "values": [{"value": 20.677959442138672, "step": null, "ts": 1626174051.6776712}]}, "version": 291}
{"obj": {"type": "LogFloats", "path": ["monitoring", "gpu"], "values": [{"value": 13.0, "step": null, "ts": 1626174051.6776712}]}, "version": 292}
{"obj": {"type": "LogFloats", "path": ["monitoring", "gpu_memory"], "values": [{"value": 2.64837646484375, "step": null, "ts": 1626174051.6776712}]}, "version": 293}
{"obj": {"type": "LogFloats", "path": ["monitoring", "cpu"], "values": [{"value": 16.0, "step": null, "ts": 1626174061.6795819}]}, "version": 294}
{"obj": {"type": "LogFloats", "path": ["monitoring", "memory"], "values": [{"value": 20.663665771484375, "step": null, "ts": 1626174061.6795819}]}, "version": 295}
{"obj": {"type": "LogFloats", "path": ["monitoring", "gpu"], "values": [{"value": 7.0, "step": null, "ts": 1626174061.6795819}]}, "version": 296}
{"obj": {"type": "LogFloats", "path": ["monitoring", "gpu_memory"], "values": [{"value": 2.6162109375, "step": null, "ts": 1626174061.6795819}]}, "version": 297}
{"obj": {"type": "LogFloats", "path": ["monitoring", "cpu"], "values": [{"value": 12.2, "step": null, "ts": 1626174071.6818578}]}, "version": 298}
{"obj": {"type": "LogFloats", "path": ["monitoring", "memory"], "values": [{"value": 20.67144775390625, "step": null, "ts": 1626174071.6818578}]}, "version": 299}
{"obj": {"type": "LogFloats", "path": ["monitoring", "gpu"], "values": [{"value": 6.0, "step": null, "ts": 1626174071.6818578}]}, "version": 300}
{"obj": {"type": "LogFloats", "path": ["monitoring", "gpu_memory"], "values": [{"value": 2.6048583984375, "step": null, "ts": 1626174071.6818578}]}, "version": 301}
{"obj": {"type": "LogFloats", "path": ["monitoring", "cpu"], "values": [{"value": 14.0, "step": null, "ts": 1626174081.6842637}]}, "version": 302}
{"obj": {"type": "LogFloats", "path": ["monitoring", "memory"], "values": [{"value": 20.682884216308594, "step": null, "ts": 1626174081.6842637}]}, "version": 303}
{"obj": {"type": "LogFloats", "path": ["monitoring", "gpu"], "values": [{"value": 14.0, "step": null, "ts": 1626174081.6842637}]}, "version": 304}
{"obj": {"type": "LogFloats", "path": ["monitoring", "gpu_memory"], "values": [{"value": 2.60699462890625, "step": null, "ts": 1626174081.6842637}]}, "version": 305}
{"obj": {"type": "LogFloats", "path": ["monitoring", "cpu"], "values": [{"value": 15.9, "step": null, "ts": 1626174091.6868942}]}, "version": 306}
{"obj": {"type": "LogFloats", "path": ["monitoring", "memory"], "values": [{"value": 20.681865692138672, "step": null, "ts": 1626174091.6868942}]}, "version": 307}
{"obj": {"type": "LogFloats", "path": ["monitoring", "gpu"], "values": [{"value": 9.0, "step": null, "ts": 1626174091.6868942}]}, "version": 308}
{"obj": {"type": "LogFloats", "path": ["monitoring", "gpu_memory"], "values": [{"value": 2.61285400390625, "step": null, "ts": 1626174091.6868942}]}, "version": 309}
{"obj": {"type": "LogFloats", "path": ["monitoring", "cpu"], "values": [{"value": 16.4, "step": null, "ts": 1626174101.6892045}]}, "version": 310}
{"obj": {"type": "LogFloats", "path": ["monitoring", "memory"], "values": [{"value": 20.691574096679688, "step": null, "ts": 1626174101.6892045}]}, "version": 311}
{"obj": {"type": "LogFloats", "path": ["monitoring", "gpu"], "values": [{"value": 8.0, "step": null, "ts": 1626174101.6892045}]}, "version": 312}
{"obj": {"type": "LogFloats", "path": ["monitoring", "gpu_memory"], "values": [{"value": 2.6131591796875, "step": null, "ts": 1626174101.6892045}]}, "version": 313}
{"obj": {"type": "LogFloats", "path": ["monitoring", "cpu"], "values": [{"value": 13.1, "step": null, "ts": 1626174111.69219}]}, "version": 314}
{"obj": {"type": "LogFloats", "path": ["monitoring", "memory"], "values": [{"value": 20.69194793701172, "step": null, "ts": 1626174111.69219}]}, "version": 315}
{"obj": {"type": "LogFloats", "path": ["monitoring", "gpu"], "values": [{"value": 10.0, "step": null, "ts": 1626174111.69219}]}, "version": 316}
{"obj": {"type": "LogFloats", "path": ["monitoring", "gpu_memory"], "values": [{"value": 2.61431884765625, "step": null, "ts": 1626174111.69219}]}, "version": 317}
{"obj": {"type": "LogFloats", "path": ["monitoring", "cpu"], "values": [{"value": 15.5, "step": null, "ts": 1626174121.6945596}]}, "version": 318}
{"obj": {"type": "LogFloats", "path": ["monitoring", "memory"], "values": [{"value": 20.664688110351562, "step": null, "ts": 1626174121.6945596}]}, "version": 319}
{"obj": {"type": "LogFloats", "path": ["monitoring", "gpu"], "values": [{"value": 6.0, "step": null, "ts": 1626174121.6945596}]}, "version": 320}
{"obj": {"type": "LogFloats", "path": ["monitoring", "gpu_memory"], "values": [{"value": 2.60394287109375, "step": null, "ts": 1626174121.6945596}]}, "version": 321}
{"obj": {"type": "LogFloats", "path": ["monitoring", "cpu"], "values": [{"value": 14.7, "step": null, "ts": 1626174131.697196}]}, "version": 322}
{"obj": {"type": "LogFloats", "path": ["monitoring", "memory"], "values": [{"value": 20.662620544433594, "step": null, "ts": 1626174131.697196}]}, "version": 323}
{"obj": {"type": "LogFloats", "path": ["monitoring", "gpu"], "values": [{"value": 5.0, "step": null, "ts": 1626174131.697196}]}, "version": 324}
{"obj": {"type": "LogFloats", "path": ["monitoring", "gpu_memory"], "values": [{"value": 2.60638427734375, "step": null, "ts": 1626174131.697196}]}, "version": 325}
{"obj": {"type": "LogStrings", "path": ["monitoring", "stderr"], "values": [{"value": "b''", "step": null, "ts": 1626174139.5931382}]}, "version": 326}
{"obj": {"type": "LogStrings", "path": ["monitoring", "stderr"], "values": [{"value": "b\"Warning: string series 'monitoring/stdout' value was longer than 1000 characters and was truncated. This warning is printed only once per series.\\n\"", "step": null, "ts": 1626174139.5942254}]}, "version": 327}
{"obj": {"type": "LogStrings", "path": ["monitoring", "stderr"], "values": [{"value": "b\"Warning: string series 'monitoring/stdout' value was longer than 1000 characters and was truncated. This warning is printed only once per series.\\n\"", "step": null, "ts": 1626174139.597052}]}, "version": 328}
{"obj": {"type": "LogStrings", "path": ["monitoring", "stderr"], "values": [{"value": "b\"Warning: string series 'monitoring/stdout' value was longer than 1000 characters and was truncated. This warning is printed only once per series.\\n\"", "step": null, "ts": 1626174139.5995739}]}, "version": 329}
{"obj": {"type": "LogStrings", "path": ["monitoring", "stdout"], "values": [{"value": "[tensor([[0.2740, 0.1439, 0.5230, 0.1015, 0.1631, 0.7075, 0.2669, 0.3513, 0.6082,\n         0.4358, 0.2024, 0.7649, 0.1530, 0.6274, 0.1096, 0.4889, 0.5836, 0.9221,\n         0.8635, 0.8732, 0.4692, 0.5974, 0.0469, 0.8908, 0.7638, 0.1602, 0.9270,\n         0.8336, 0.8727, 0.3649, 0.7194, 0.2363, 0.0360, 0.9065, 0.1854, 0.7866,\n         0.3838, 0.9332, 0.5217, 0.2055, 0.1307, 0.7820, 0.1768, 0.2997, 0.5456,\n         0.4927, 0.6758, 0.8965, 0.4335, 0.7372, 0.0954, 0.7812, 0.4169, 0.1104,\n         0.3837, 0.3084, 0.8679, 0.4078, 0.4695, 0.1816, 0.7224, 0.7019, 0.5396,\n         0.4037, 0.7970, 0.4474, 0.0248, 0.3558, 0.1115, 0.6547, 0.4202, 0.9065,\n         0.4916, 0.4706, 0.5544, 0.6160, 0.9934, 0.3921, 0.3142, 0.1554, 0.6185,\n         0.2135, 0.0935, 0.3328, 0.9359, 0.1759, 0.4118, 0.8096, 0.6811, 0.0249,\n         0.9524, 0.2629, 0.2649, 0.8412, 0.6714, 0.4890, 0.9897, 0.1222, 0.4334,\n         0.4134, 0.4172, 0.1446, 0.5320, 0.1671, 0.1345, 0.8737, 0.8143, 0.6262,\n         0.8930, 0.9760, 0.", "step": null, "ts": 1626174139.5986018}]}, "version": 330}
{"obj": {"type": "LogStrings", "path": ["monitoring", "stderr"], "values": [{"value": "b\"Warning: string series 'monitoring/stdout' value was longer than 1000 characters and was truncated. This warning is printed only once per series.\\n\"", "step": null, "ts": 1626174139.602453}]}, "version": 331}
{"obj": {"type": "LogStrings", "path": ["monitoring", "stdout"], "values": [{"value": "\n", "step": null, "ts": 1626174139.6047537}]}, "version": 332}
{"obj": {"type": "LogStrings", "path": ["monitoring", "stdout"], "values": [{"value": "[tensor([[0.6567, 0.6860, 0.1707, 0.6841, 0.1778, 0.5445, 0.2083, 0.9409, 0.3427,\n         0.4921, 0.3333, 0.5756, 0.5124, 0.4004, 0.2798, 0.8692, 0.3857, 0.9052,\n         0.8758, 0.3348, 0.6414, 0.1640, 0.0335, 0.9363, 0.2303, 0.1159, 0.1907,\n         0.4454, 0.2105, 0.4038, 0.1826, 0.7439, 0.0921, 0.0743, 0.8435, 0.4449,\n         0.6415, 0.3730, 0.0987, 0.7513, 0.0673, 0.5630, 0.9724, 0.6525, 0.1140,\n         0.3662, 0.8169, 0.2089, 0.9041, 0.2203, 0.9513, 0.1257, 0.6746, 0.1649,\n         0.8353, 0.0271, 0.8117, 0.8731, 0.0161, 0.7096, 0.3605, 0.7246, 0.4055,\n         0.7217, 0.1404, 0.5023, 0.0227, 0.9558, 0.8863, 0.3554, 0.0335, 0.4177,\n         0.5570, 0.8444, 0.7169, 0.7403, 0.2817, 0.5927, 0.2197, 0.7884, 0.2591,\n         0.9714, 0.0388, 0.1315, 0.7992, 0.3911, 0.4294, 0.0664, 0.6182, 0.9495,\n         0.8381, 0.3068, 0.5775, 0.6795, 0.6004, 0.5399, 0.5279, 0.6090, 0.1728,\n         0.2403, 0.7118, 0.8525, 0.7012, 0.2881, 0.5854, 0.5956, 0.3984, 0.0547,\n         0.4849, 0.8851, 0.", "step": null, "ts": 1626174139.6087747}]}, "version": 333}
{"obj": {"type": "LogStrings", "path": ["monitoring", "stdout"], "values": [{"value": "\n", "step": null, "ts": 1626174139.609828}]}, "version": 334}
{"obj": {"type": "LogFloats", "path": ["monitoring", "cpu"], "values": [{"value": 18.2, "step": null, "ts": 1626174141.6991875}]}, "version": 335}
{"obj": {"type": "LogFloats", "path": ["monitoring", "memory"], "values": [{"value": 20.72699737548828, "step": null, "ts": 1626174141.6991875}]}, "version": 336}
{"obj": {"type": "LogFloats", "path": ["monitoring", "gpu"], "values": [{"value": 22.0, "step": null, "ts": 1626174141.6991875}]}, "version": 337}
{"obj": {"type": "LogFloats", "path": ["monitoring", "gpu_memory"], "values": [{"value": 2.6427001953125, "step": null, "ts": 1626174141.6991875}]}, "version": 338}
{"obj": {"type": "LogFloats", "path": ["monitoring", "cpu"], "values": [{"value": 13.4, "step": null, "ts": 1626174151.7013035}]}, "version": 339}
{"obj": {"type": "LogFloats", "path": ["monitoring", "memory"], "values": [{"value": 20.66537857055664, "step": null, "ts": 1626174151.7013035}]}, "version": 340}
{"obj": {"type": "LogFloats", "path": ["monitoring", "gpu"], "values": [{"value": 6.0, "step": null, "ts": 1626174151.7013035}]}, "version": 341}
{"obj": {"type": "LogFloats", "path": ["monitoring", "gpu_memory"], "values": [{"value": 2.61474609375, "step": null, "ts": 1626174151.7013035}]}, "version": 342}
{"obj": {"type": "LogStrings", "path": ["monitoring", "stdout"], "values": [{"value": "[tensor([[0.6567, 0.6860, 0.1707, 0.6841, 0.1778, 0.5445, 0.2083, 0.9409, 0.3427,\n         0.4921, 0.3333, 0.5756, 0.5124, 0.4004, 0.2798, 0.8692, 0.3857, 0.9052,\n         0.8758, 0.3348, 0.6414, 0.1640, 0.0335, 0.9363, 0.2303, 0.1159, 0.1907,\n         0.4454, 0.2105, 0.4038, 0.1826, 0.7439, 0.0921, 0.0743, 0.8435, 0.4449,\n         0.6415, 0.3730, 0.0987, 0.7513, 0.0673, 0.5630, 0.9724, 0.6525, 0.1140,\n         0.3662, 0.8169, 0.2089, 0.9041, 0.2203, 0.9513, 0.1257, 0.6746, 0.1649,\n         0.8353, 0.0271, 0.8117, 0.8731, 0.0161, 0.7096, 0.3605, 0.7246, 0.4055,\n         0.7217, 0.1404, 0.5023, 0.0227, 0.9558, 0.8863, 0.3554, 0.0335, 0.4177,\n         0.5570, 0.8444, 0.7169, 0.7403, 0.2817, 0.5927, 0.2197, 0.7884, 0.2591,\n         0.9714, 0.0388, 0.1315, 0.7992, 0.3911, 0.4294, 0.0664, 0.6182, 0.9495,\n         0.8381, 0.3068, 0.5775, 0.6795, 0.6004, 0.5399, 0.5279, 0.6090, 0.1728,\n         0.2403, 0.7118, 0.8525, 0.7012, 0.2881, 0.5854, 0.5956, 0.3984, 0.0547,\n         0.4849, 0.8851, 0.", "step": null, "ts": 1626174160.4596617}]}, "version": 343}
{"obj": {"type": "LogStrings", "path": ["monitoring", "stdout"], "values": [{"value": "\n", "step": null, "ts": 1626174160.4605784}]}, "version": 344}
{"obj": {"type": "LogFloats", "path": ["monitoring", "cpu"], "values": [{"value": 13.8, "step": null, "ts": 1626174161.7037077}]}, "version": 345}
{"obj": {"type": "LogFloats", "path": ["monitoring", "memory"], "values": [{"value": 20.70468521118164, "step": null, "ts": 1626174161.7037077}]}, "version": 346}
{"obj": {"type": "LogFloats", "path": ["monitoring", "gpu"], "values": [{"value": 20.0, "step": null, "ts": 1626174161.7037077}]}, "version": 347}
{"obj": {"type": "LogFloats", "path": ["monitoring", "gpu_memory"], "values": [{"value": 2.6002197265625, "step": null, "ts": 1626174161.7037077}]}, "version": 348}
{"obj": {"type": "LogFloats", "path": ["monitoring", "cpu"], "values": [{"value": 13.8, "step": null, "ts": 1626174171.705658}]}, "version": 349}
{"obj": {"type": "LogFloats", "path": ["monitoring", "memory"], "values": [{"value": 20.652481079101562, "step": null, "ts": 1626174171.705658}]}, "version": 350}
{"obj": {"type": "LogFloats", "path": ["monitoring", "gpu"], "values": [{"value": 6.0, "step": null, "ts": 1626174171.705658}]}, "version": 351}
{"obj": {"type": "LogFloats", "path": ["monitoring", "gpu_memory"], "values": [{"value": 2.5718994140625, "step": null, "ts": 1626174171.705658}]}, "version": 352}
{"obj": {"type": "LogFloats", "path": ["monitoring", "cpu"], "values": [{"value": 15.0, "step": null, "ts": 1626174181.7082074}]}, "version": 353}
{"obj": {"type": "LogFloats", "path": ["monitoring", "memory"], "values": [{"value": 20.716537475585938, "step": null, "ts": 1626174181.7082074}]}, "version": 354}
{"obj": {"type": "LogFloats", "path": ["monitoring", "gpu"], "values": [{"value": 6.0, "step": null, "ts": 1626174181.7082074}]}, "version": 355}
{"obj": {"type": "LogFloats", "path": ["monitoring", "gpu_memory"], "values": [{"value": 2.5732421875, "step": null, "ts": 1626174181.7082074}]}, "version": 356}
{"obj": {"type": "LogFloats", "path": ["monitoring", "cpu"], "values": [{"value": 12.9, "step": null, "ts": 1626174191.710907}]}, "version": 357}
{"obj": {"type": "LogFloats", "path": ["monitoring", "memory"], "values": [{"value": 20.715702056884766, "step": null, "ts": 1626174191.710907}]}, "version": 358}
{"obj": {"type": "LogFloats", "path": ["monitoring", "gpu"], "values": [{"value": 40.0, "step": null, "ts": 1626174191.710907}]}, "version": 359}
{"obj": {"type": "LogFloats", "path": ["monitoring", "gpu_memory"], "values": [{"value": 2.5823974609375, "step": null, "ts": 1626174191.710907}]}, "version": 360}
{"obj": {"type": "LogFloats", "path": ["monitoring", "cpu"], "values": [{"value": 12.6, "step": null, "ts": 1626174201.7133179}]}, "version": 361}
{"obj": {"type": "LogFloats", "path": ["monitoring", "memory"], "values": [{"value": 20.66028594970703, "step": null, "ts": 1626174201.7133179}]}, "version": 362}
{"obj": {"type": "LogFloats", "path": ["monitoring", "gpu"], "values": [{"value": 17.0, "step": null, "ts": 1626174201.7133179}]}, "version": 363}
{"obj": {"type": "LogFloats", "path": ["monitoring", "gpu_memory"], "values": [{"value": 2.58099365234375, "step": null, "ts": 1626174201.7133179}]}, "version": 364}
{"obj": {"type": "LogFloats", "path": ["monitoring", "cpu"], "values": [{"value": 16.0, "step": null, "ts": 1626174211.7162468}]}, "version": 365}
{"obj": {"type": "LogFloats", "path": ["monitoring", "memory"], "values": [{"value": 20.65951919555664, "step": null, "ts": 1626174211.7162468}]}, "version": 366}
{"obj": {"type": "LogFloats", "path": ["monitoring", "gpu"], "values": [{"value": 6.0, "step": null, "ts": 1626174211.7162468}]}, "version": 367}
{"obj": {"type": "LogFloats", "path": ["monitoring", "gpu_memory"], "values": [{"value": 2.578369140625, "step": null, "ts": 1626174211.7162468}]}, "version": 368}
{"obj": {"type": "LogFloats", "path": ["monitoring", "cpu"], "values": [{"value": 21.2, "step": null, "ts": 1626174221.7180905}]}, "version": 369}
{"obj": {"type": "LogFloats", "path": ["monitoring", "memory"], "values": [{"value": 20.654747009277344, "step": null, "ts": 1626174221.7180905}]}, "version": 370}
{"obj": {"type": "LogFloats", "path": ["monitoring", "gpu"], "values": [{"value": 9.0, "step": null, "ts": 1626174221.7180905}]}, "version": 371}
{"obj": {"type": "LogFloats", "path": ["monitoring", "gpu_memory"], "values": [{"value": 2.61834716796875, "step": null, "ts": 1626174221.7180905}]}, "version": 372}
{"obj": {"type": "LogFloats", "path": ["monitoring", "cpu"], "values": [{"value": 14.5, "step": null, "ts": 1626174231.720453}]}, "version": 373}
{"obj": {"type": "LogFloats", "path": ["monitoring", "memory"], "values": [{"value": 20.644168853759766, "step": null, "ts": 1626174231.720453}]}, "version": 374}
{"obj": {"type": "LogFloats", "path": ["monitoring", "gpu"], "values": [{"value": 22.0, "step": null, "ts": 1626174231.720453}]}, "version": 375}
{"obj": {"type": "LogFloats", "path": ["monitoring", "gpu_memory"], "values": [{"value": 2.6224365234375, "step": null, "ts": 1626174231.720453}]}, "version": 376}
{"obj": {"type": "LogFloats", "path": ["monitoring", "cpu"], "values": [{"value": 14.8, "step": null, "ts": 1626174241.7229273}]}, "version": 377}
{"obj": {"type": "LogFloats", "path": ["monitoring", "memory"], "values": [{"value": 20.663799285888672, "step": null, "ts": 1626174241.7229273}]}, "version": 378}
{"obj": {"type": "LogFloats", "path": ["monitoring", "gpu"], "values": [{"value": 9.0, "step": null, "ts": 1626174241.7229273}]}, "version": 379}
{"obj": {"type": "LogFloats", "path": ["monitoring", "gpu_memory"], "values": [{"value": 2.63592529296875, "step": null, "ts": 1626174241.7229273}]}, "version": 380}
{"obj": {"type": "LogFloats", "path": ["monitoring", "cpu"], "values": [{"value": 13.3, "step": null, "ts": 1626174251.7246082}]}, "version": 381}
{"obj": {"type": "LogFloats", "path": ["monitoring", "memory"], "values": [{"value": 20.655441284179688, "step": null, "ts": 1626174251.7246082}]}, "version": 382}
{"obj": {"type": "LogFloats", "path": ["monitoring", "gpu"], "values": [{"value": 8.0, "step": null, "ts": 1626174251.7246082}]}, "version": 383}
{"obj": {"type": "LogFloats", "path": ["monitoring", "gpu_memory"], "values": [{"value": 2.610107421875, "step": null, "ts": 1626174251.7246082}]}, "version": 384}
{"obj": {"type": "LogFloats", "path": ["monitoring", "cpu"], "values": [{"value": 13.4, "step": null, "ts": 1626174261.7269783}]}, "version": 385}
{"obj": {"type": "LogFloats", "path": ["monitoring", "memory"], "values": [{"value": 20.685028076171875, "step": null, "ts": 1626174261.7269783}]}, "version": 386}
{"obj": {"type": "LogFloats", "path": ["monitoring", "gpu"], "values": [{"value": 5.0, "step": null, "ts": 1626174261.7269783}]}, "version": 387}
{"obj": {"type": "LogFloats", "path": ["monitoring", "gpu_memory"], "values": [{"value": 2.6109619140625, "step": null, "ts": 1626174261.7269783}]}, "version": 388}
{"obj": {"type": "LogFloats", "path": ["monitoring", "cpu"], "values": [{"value": 13.8, "step": null, "ts": 1626174271.7297375}]}, "version": 389}
{"obj": {"type": "LogFloats", "path": ["monitoring", "memory"], "values": [{"value": 20.673145294189453, "step": null, "ts": 1626174271.7297375}]}, "version": 390}
{"obj": {"type": "LogFloats", "path": ["monitoring", "gpu"], "values": [{"value": 5.0, "step": null, "ts": 1626174271.7297375}]}, "version": 391}
{"obj": {"type": "LogFloats", "path": ["monitoring", "gpu_memory"], "values": [{"value": 2.608642578125, "step": null, "ts": 1626174271.7297375}]}, "version": 392}
{"obj": {"type": "LogFloats", "path": ["monitoring", "cpu"], "values": [{"value": 13.9, "step": null, "ts": 1626174281.7321002}]}, "version": 393}
{"obj": {"type": "LogFloats", "path": ["monitoring", "memory"], "values": [{"value": 20.665409088134766, "step": null, "ts": 1626174281.7321002}]}, "version": 394}
{"obj": {"type": "LogFloats", "path": ["monitoring", "gpu"], "values": [{"value": 5.0, "step": null, "ts": 1626174281.7321002}]}, "version": 395}
{"obj": {"type": "LogFloats", "path": ["monitoring", "gpu_memory"], "values": [{"value": 2.61578369140625, "step": null, "ts": 1626174281.7321002}]}, "version": 396}
{"obj": {"type": "LogFloats", "path": ["monitoring", "cpu"], "values": [{"value": 13.7, "step": null, "ts": 1626174291.7351968}]}, "version": 397}
{"obj": {"type": "LogFloats", "path": ["monitoring", "memory"], "values": [{"value": 20.65020751953125, "step": null, "ts": 1626174291.7351968}]}, "version": 398}
{"obj": {"type": "LogFloats", "path": ["monitoring", "gpu"], "values": [{"value": 23.0, "step": null, "ts": 1626174291.7351968}]}, "version": 399}
{"obj": {"type": "LogFloats", "path": ["monitoring", "gpu_memory"], "values": [{"value": 2.6124267578125, "step": null, "ts": 1626174291.7351968}]}, "version": 400}
{"obj": {"type": "LogStrings", "path": ["monitoring", "stdout"], "values": [{"value": "b'Shutting down background jobs, please wait a moment...\\n'", "step": null, "ts": 1626174299.7856317}]}, "version": 401}
{"obj": {"type": "LogStrings", "path": ["monitoring", "stdout"], "values": [{"value": "b'Done!\\n'", "step": null, "ts": 1626174300.102287}]}, "version": 402}
{"obj": {"type": "LogStrings", "path": ["monitoring", "stderr"], "values": [{"value": "Waiting for the remaining 5 operations to synchronize with Neptune. Do not kill this process.\n", "step": null, "ts": 1626174300.1047568}]}, "version": 403}
{"obj": {"type": "LogStrings", "path": ["monitoring", "stdout"], "values": [{"value": "b'All 5 operations synced, thanks for waiting!\\n'", "step": null, "ts": 1626174300.5627594}]}, "version": 404}
{"obj": {"type": "LogStrings", "path": ["monitoring", "stdout"], "values": [{"value": "b'Shutting down background jobs, please wait a moment...\\n'", "step": null, "ts": 1626174300.5669935}]}, "version": 405}
