{"obj": {"type": "AssignString", "path": ["sys", "name"], "value": "two-ratio"}, "version": 1}
{"obj": {"type": "AssignString", "path": ["sys", "description"], "value": ""}, "version": 2}
{"obj": {"type": "AssignString", "path": ["sys", "hostname"], "value": "rtm-desktop"}, "version": 3}
{"obj": {"type": "AssignBool", "path": ["sys", "failed"], "value": false}, "version": 4}
{"obj": {"type": "ClearStringLog", "path": ["monitoring", "stdout"]}, "version": 5}
{"obj": {"type": "ClearStringLog", "path": ["monitoring", "stderr"]}, "version": 6}
{"obj": {"type": "UploadFileSet", "path": ["source_code", "files"], "file_globs": ["/home/rtm/Dropbox/GIT/MLOps/**/*.py", "/home/rtm/Dropbox/GIT/MLOps/*.ipynb"], "reset": "False"}, "version": 7}
{"obj": {"type": "ConfigFloatSeries", "path": ["monitoring", "cpu"], "min": 0.0, "max": 100.0, "unit": "%"}, "version": 8}
{"obj": {"type": "ClearFloatLog", "path": ["monitoring", "cpu"]}, "version": 9}
{"obj": {"type": "ConfigFloatSeries", "path": ["monitoring", "memory"], "min": 0.0, "max": 125.65727615356445, "unit": "GB"}, "version": 10}
{"obj": {"type": "ClearFloatLog", "path": ["monitoring", "memory"]}, "version": 11}
{"obj": {"type": "ConfigFloatSeries", "path": ["monitoring", "gpu"], "min": 0.0, "max": 100.0, "unit": "%"}, "version": 12}
{"obj": {"type": "ClearFloatLog", "path": ["monitoring", "gpu"]}, "version": 13}
{"obj": {"type": "ConfigFloatSeries", "path": ["monitoring", "gpu_memory"], "min": 0.0, "max": 10.91522216796875, "unit": "GB"}, "version": 14}
{"obj": {"type": "ClearFloatLog", "path": ["monitoring", "gpu_memory"]}, "version": 15}
{"obj": {"type": "LogFloats", "path": ["monitoring", "cpu"], "values": [{"value": 18.2, "step": null, "ts": 1626160273.688967}]}, "version": 16}
{"obj": {"type": "LogFloats", "path": ["monitoring", "memory"], "values": [{"value": 22.597484588623047, "step": null, "ts": 1626160273.688967}]}, "version": 17}
{"obj": {"type": "LogStrings", "path": ["monitoring", "stdout"], "values": [{"value": "b''", "step": null, "ts": 1626160273.6993272}]}, "version": 18}
{"obj": {"type": "LogFloats", "path": ["monitoring", "gpu"], "values": [{"value": 10.0, "step": null, "ts": 1626160273.688967}]}, "version": 19}
{"obj": {"type": "LogFloats", "path": ["monitoring", "gpu_memory"], "values": [{"value": 3.4921875, "step": null, "ts": 1626160273.688967}]}, "version": 20}
{"obj": {"type": "LogStrings", "path": ["monitoring", "stdout"], "values": [{"value": "b'https://app.neptune.ai/sangyeop-kim/sample/e/SAM-71\\n'", "step": null, "ts": 1626160273.7014825}]}, "version": 21}
{"obj": {"type": "LogStrings", "path": ["monitoring", "stdout"], "values": [{"value": "b'Remember to stop your run once you\\xe2\\x80\\x99ve finished logging your metadata (https://docs.neptune.ai/api-reference/run#stop). It will be stopped automatically only when the notebook kernel/interactive console is terminated.\\n'", "step": null, "ts": 1626160273.7054949}]}, "version": 22}
{"obj": {"type": "AssignInt", "path": ["changed_hyperparameter", "gpus"], "value": 1}, "version": 23}
{"obj": {"type": "AssignInt", "path": ["changed_hyperparameter", "max_epochs"], "value": 3}, "version": 24}
{"obj": {"type": "AssignString", "path": ["changed_hyperparameter", "scheduler"], "value": "StepLR"}, "version": 25}
{"obj": {"type": "AssignInt", "path": ["changed_hyperparameter", "StepLR", "step_size"], "value": 10}, "version": 26}
{"obj": {"type": "AssignFloat", "path": ["changed_hyperparameter", "StepLR", "gamma"], "value": 0.1}, "version": 27}
{"obj": {"type": "AssignInt", "path": ["changed_hyperparameter", "train_batch_size"], "value": 64}, "version": 28}
{"obj": {"type": "AssignString", "path": ["changed_hyperparameter", "loss"], "value": "MSE"}, "version": 29}
{"obj": {"type": "AssignFloat", "path": ["changed_hyperparameter", "validation_ratio"], "value": 0.2}, "version": 30}
{"obj": {"type": "AssignString", "path": ["changed_hyperparameter", "neptune_workspace"], "value": "sangyeop-kim"}, "version": 31}
{"obj": {"type": "AssignString", "path": ["changed_hyperparameter", "neptune_project"], "value": "sample"}, "version": 32}
{"obj": {"type": "AssignString", "path": ["changed_hyperparameter", "name"], "value": "two-ratio"}, "version": 33}
{"obj": {"type": "AssignBool", "path": ["default_hyperparameter", "logger"], "value": true}, "version": 34}
{"obj": {"type": "AssignBool", "path": ["default_hyperparameter", "checkpoint_callback"], "value": true}, "version": 35}
{"obj": {"type": "AssignString", "path": ["default_hyperparameter", "callbacks"], "value": "None"}, "version": 36}
{"obj": {"type": "AssignString", "path": ["default_hyperparameter", "default_root_dir"], "value": "None"}, "version": 37}
{"obj": {"type": "AssignFloat", "path": ["default_hyperparameter", "gradient_clip_val"], "value": 0.0}, "version": 38}
{"obj": {"type": "AssignString", "path": ["default_hyperparameter", "gradient_clip_algorithm"], "value": "norm"}, "version": 39}
{"obj": {"type": "AssignInt", "path": ["default_hyperparameter", "process_position"], "value": 0}, "version": 40}
{"obj": {"type": "AssignInt", "path": ["default_hyperparameter", "num_nodes"], "value": 1}, "version": 41}
{"obj": {"type": "AssignInt", "path": ["default_hyperparameter", "num_processes"], "value": 1}, "version": 42}
{"obj": {"type": "AssignBool", "path": ["default_hyperparameter", "auto_select_gpus"], "value": false}, "version": 43}
{"obj": {"type": "AssignString", "path": ["default_hyperparameter", "tpu_cores"], "value": "None"}, "version": 44}
{"obj": {"type": "AssignString", "path": ["default_hyperparameter", "log_gpu_memory"], "value": "None"}, "version": 45}
{"obj": {"type": "AssignString", "path": ["default_hyperparameter", "progress_bar_refresh_rate"], "value": "None"}, "version": 46}
{"obj": {"type": "AssignFloat", "path": ["default_hyperparameter", "overfit_batches"], "value": 0.0}, "version": 47}
{"obj": {"type": "AssignInt", "path": ["default_hyperparameter", "track_grad_norm"], "value": -1}, "version": 48}
{"obj": {"type": "AssignInt", "path": ["default_hyperparameter", "check_val_every_n_epoch"], "value": 1}, "version": 49}
{"obj": {"type": "AssignBool", "path": ["default_hyperparameter", "fast_dev_run"], "value": false}, "version": 50}
{"obj": {"type": "AssignInt", "path": ["default_hyperparameter", "accumulate_grad_batches"], "value": 1}, "version": 51}
{"obj": {"type": "AssignString", "path": ["default_hyperparameter", "min_epochs"], "value": "None"}, "version": 52}
{"obj": {"type": "AssignString", "path": ["default_hyperparameter", "max_steps"], "value": "None"}, "version": 53}
{"obj": {"type": "AssignString", "path": ["default_hyperparameter", "min_steps"], "value": "None"}, "version": 54}
{"obj": {"type": "AssignString", "path": ["default_hyperparameter", "max_time"], "value": "None"}, "version": 55}
{"obj": {"type": "AssignFloat", "path": ["default_hyperparameter", "limit_train_batches"], "value": 1.0}, "version": 56}
{"obj": {"type": "AssignFloat", "path": ["default_hyperparameter", "limit_val_batches"], "value": 1.0}, "version": 57}
{"obj": {"type": "AssignFloat", "path": ["default_hyperparameter", "limit_test_batches"], "value": 1.0}, "version": 58}
{"obj": {"type": "AssignFloat", "path": ["default_hyperparameter", "limit_predict_batches"], "value": 1.0}, "version": 59}
{"obj": {"type": "AssignFloat", "path": ["default_hyperparameter", "val_check_interval"], "value": 1.0}, "version": 60}
{"obj": {"type": "AssignInt", "path": ["default_hyperparameter", "flush_logs_every_n_steps"], "value": 100}, "version": 61}
{"obj": {"type": "AssignInt", "path": ["default_hyperparameter", "log_every_n_steps"], "value": 50}, "version": 62}
{"obj": {"type": "AssignString", "path": ["default_hyperparameter", "accelerator"], "value": "None"}, "version": 63}
{"obj": {"type": "AssignBool", "path": ["default_hyperparameter", "sync_batchnorm"], "value": false}, "version": 64}
{"obj": {"type": "AssignInt", "path": ["default_hyperparameter", "precision"], "value": 32}, "version": 65}
{"obj": {"type": "AssignString", "path": ["default_hyperparameter", "weights_summary"], "value": "top"}, "version": 66}
{"obj": {"type": "AssignString", "path": ["default_hyperparameter", "weights_save_path"], "value": "None"}, "version": 67}
{"obj": {"type": "AssignInt", "path": ["default_hyperparameter", "num_sanity_val_steps"], "value": 2}, "version": 68}
{"obj": {"type": "AssignString", "path": ["default_hyperparameter", "truncated_bptt_steps"], "value": "None"}, "version": 69}
{"obj": {"type": "AssignString", "path": ["default_hyperparameter", "resume_from_checkpoint"], "value": "None"}, "version": 70}
{"obj": {"type": "AssignString", "path": ["default_hyperparameter", "profiler"], "value": "None"}, "version": 71}
{"obj": {"type": "AssignBool", "path": ["default_hyperparameter", "benchmark"], "value": false}, "version": 72}
{"obj": {"type": "AssignBool", "path": ["default_hyperparameter", "deterministic"], "value": false}, "version": 73}
{"obj": {"type": "AssignBool", "path": ["default_hyperparameter", "reload_dataloaders_every_epoch"], "value": false}, "version": 74}
{"obj": {"type": "AssignBool", "path": ["default_hyperparameter", "auto_lr_find"], "value": false}, "version": 75}
{"obj": {"type": "AssignBool", "path": ["default_hyperparameter", "replace_sampler_ddp"], "value": true}, "version": 76}
{"obj": {"type": "AssignBool", "path": ["default_hyperparameter", "terminate_on_nan"], "value": false}, "version": 77}
{"obj": {"type": "AssignBool", "path": ["default_hyperparameter", "auto_scale_batch_size"], "value": false}, "version": 78}
{"obj": {"type": "AssignBool", "path": ["default_hyperparameter", "prepare_data_per_node"], "value": true}, "version": 79}
{"obj": {"type": "AssignString", "path": ["default_hyperparameter", "plugins"], "value": "None"}, "version": 80}
{"obj": {"type": "AssignString", "path": ["default_hyperparameter", "amp_backend"], "value": "native"}, "version": 81}
{"obj": {"type": "AssignString", "path": ["default_hyperparameter", "amp_level"], "value": "O2"}, "version": 82}
{"obj": {"type": "AssignString", "path": ["default_hyperparameter", "distributed_backend"], "value": "None"}, "version": 83}
{"obj": {"type": "AssignBool", "path": ["default_hyperparameter", "move_metrics_to_cpu"], "value": false}, "version": 84}
{"obj": {"type": "AssignString", "path": ["default_hyperparameter", "multiple_trainloader_mode"], "value": "max_size_cycle"}, "version": 85}
{"obj": {"type": "AssignBool", "path": ["default_hyperparameter", "stochastic_weight_avg"], "value": false}, "version": 86}
{"obj": {"type": "AssignString", "path": ["default_hyperparameter", "optimizer"], "value": "Adam"}, "version": 87}
{"obj": {"type": "AssignFloat", "path": ["default_hyperparameter", "Adadelta", "lr"], "value": 1.0}, "version": 88}
{"obj": {"type": "AssignFloat", "path": ["default_hyperparameter", "Adadelta", "rho"], "value": 0.9}, "version": 89}
{"obj": {"type": "AssignFloat", "path": ["default_hyperparameter", "Adadelta", "eps"], "value": 1e-06}, "version": 90}
{"obj": {"type": "AssignInt", "path": ["default_hyperparameter", "Adadelta", "weight_decay"], "value": 0}, "version": 91}
{"obj": {"type": "AssignFloat", "path": ["default_hyperparameter", "Adagrad", "lr"], "value": 0.01}, "version": 92}
{"obj": {"type": "AssignInt", "path": ["default_hyperparameter", "Adagrad", "lr_decay"], "value": 0}, "version": 93}
{"obj": {"type": "AssignInt", "path": ["default_hyperparameter", "Adagrad", "weight_decay"], "value": 0}, "version": 94}
{"obj": {"type": "AssignInt", "path": ["default_hyperparameter", "Adagrad", "initial_accumulator_value"], "value": 0}, "version": 95}
{"obj": {"type": "AssignFloat", "path": ["default_hyperparameter", "Adagrad", "eps"], "value": 1e-10}, "version": 96}
{"obj": {"type": "AssignFloat", "path": ["default_hyperparameter", "Adam", "lr"], "value": 0.001}, "version": 97}
{"obj": {"type": "AssignString", "path": ["default_hyperparameter", "Adam", "betas"], "value": "(0.9, 0.999)"}, "version": 98}
{"obj": {"type": "AssignFloat", "path": ["default_hyperparameter", "Adam", "eps"], "value": 1e-08}, "version": 99}
{"obj": {"type": "AssignInt", "path": ["default_hyperparameter", "Adam", "weight_decay"], "value": 0}, "version": 100}
{"obj": {"type": "AssignBool", "path": ["default_hyperparameter", "Adam", "amsgrad"], "value": false}, "version": 101}
{"obj": {"type": "AssignFloat", "path": ["default_hyperparameter", "AdamW", "lr"], "value": 0.001}, "version": 102}
{"obj": {"type": "AssignString", "path": ["default_hyperparameter", "AdamW", "betas"], "value": "(0.9, 0.999)"}, "version": 103}
{"obj": {"type": "AssignFloat", "path": ["default_hyperparameter", "AdamW", "eps"], "value": 1e-08}, "version": 104}
{"obj": {"type": "AssignFloat", "path": ["default_hyperparameter", "AdamW", "weight_decay"], "value": 0.01}, "version": 105}
{"obj": {"type": "AssignBool", "path": ["default_hyperparameter", "AdamW", "amsgrad"], "value": false}, "version": 106}
{"obj": {"type": "AssignFloat", "path": ["default_hyperparameter", "SparseAdam", "lr"], "value": 0.001}, "version": 107}
{"obj": {"type": "AssignString", "path": ["default_hyperparameter", "SparseAdam", "betas"], "value": "(0.9, 0.999)"}, "version": 108}
{"obj": {"type": "AssignFloat", "path": ["default_hyperparameter", "SparseAdam", "eps"], "value": 1e-08}, "version": 109}
{"obj": {"type": "AssignFloat", "path": ["default_hyperparameter", "Adamax", "lr"], "value": 0.002}, "version": 110}
{"obj": {"type": "AssignString", "path": ["default_hyperparameter", "Adamax", "betas"], "value": "(0.9, 0.999)"}, "version": 111}
{"obj": {"type": "AssignFloat", "path": ["default_hyperparameter", "Adamax", "eps"], "value": 1e-08}, "version": 112}
{"obj": {"type": "AssignInt", "path": ["default_hyperparameter", "Adamax", "weight_decay"], "value": 0}, "version": 113}
{"obj": {"type": "AssignFloat", "path": ["default_hyperparameter", "ASGD", "lr"], "value": 0.01}, "version": 114}
{"obj": {"type": "AssignFloat", "path": ["default_hyperparameter", "ASGD", "lambd"], "value": 0.0001}, "version": 115}
{"obj": {"type": "AssignFloat", "path": ["default_hyperparameter", "ASGD", "alpha"], "value": 0.75}, "version": 116}
{"obj": {"type": "AssignFloat", "path": ["default_hyperparameter", "ASGD", "t0"], "value": 1000000.0}, "version": 117}
{"obj": {"type": "AssignInt", "path": ["default_hyperparameter", "ASGD", "weight_decay"], "value": 0}, "version": 118}
{"obj": {"type": "AssignInt", "path": ["default_hyperparameter", "LBFGS", "lr"], "value": 1}, "version": 119}
{"obj": {"type": "AssignInt", "path": ["default_hyperparameter", "LBFGS", "max_iter"], "value": 20}, "version": 120}
{"obj": {"type": "AssignString", "path": ["default_hyperparameter", "LBFGS", "max_eval"], "value": "None"}, "version": 121}
{"obj": {"type": "AssignFloat", "path": ["default_hyperparameter", "LBFGS", "tolerance_grad"], "value": 1e-07}, "version": 122}
{"obj": {"type": "AssignFloat", "path": ["default_hyperparameter", "LBFGS", "tolerance_change"], "value": 1e-09}, "version": 123}
{"obj": {"type": "AssignInt", "path": ["default_hyperparameter", "LBFGS", "history_size"], "value": 100}, "version": 124}
{"obj": {"type": "AssignString", "path": ["default_hyperparameter", "LBFGS", "line_search_fn"], "value": "None"}, "version": 125}
{"obj": {"type": "AssignFloat", "path": ["default_hyperparameter", "RMSprop", "lr"], "value": 0.01}, "version": 126}
{"obj": {"type": "AssignFloat", "path": ["default_hyperparameter", "RMSprop", "alpha"], "value": 0.99}, "version": 127}
{"obj": {"type": "AssignFloat", "path": ["default_hyperparameter", "RMSprop", "eps"], "value": 1e-08}, "version": 128}
{"obj": {"type": "AssignInt", "path": ["default_hyperparameter", "RMSprop", "weight_decay"], "value": 0}, "version": 129}
{"obj": {"type": "AssignInt", "path": ["default_hyperparameter", "RMSprop", "momentum"], "value": 0}, "version": 130}
{"obj": {"type": "AssignBool", "path": ["default_hyperparameter", "RMSprop", "centered"], "value": false}, "version": 131}
{"obj": {"type": "AssignFloat", "path": ["default_hyperparameter", "Rprop", "lr"], "value": 0.01}, "version": 132}
{"obj": {"type": "AssignString", "path": ["default_hyperparameter", "Rprop", "etas"], "value": "(0.5, 1.2)"}, "version": 133}
{"obj": {"type": "AssignString", "path": ["default_hyperparameter", "Rprop", "step_sizes"], "value": "(1e-06, 50)"}, "version": 134}
{"obj": {"type": "AssignFloat", "path": ["default_hyperparameter", "SGD", "lr"], "value": 0.01}, "version": 135}
{"obj": {"type": "AssignInt", "path": ["default_hyperparameter", "SGD", "momentum"], "value": 0}, "version": 136}
{"obj": {"type": "AssignInt", "path": ["default_hyperparameter", "SGD", "dampening"], "value": 0}, "version": 137}
{"obj": {"type": "AssignInt", "path": ["default_hyperparameter", "SGD", "weight_decay"], "value": 0}, "version": 138}
{"obj": {"type": "AssignBool", "path": ["default_hyperparameter", "SGD", "nesterov"], "value": false}, "version": 139}
{"obj": {"type": "AssignInt", "path": ["default_hyperparameter", "last_epoch"], "value": -1}, "version": 140}
{"obj": {"type": "AssignBool", "path": ["default_hyperparameter", "verbose"], "value": false}, "version": 141}
{"obj": {"type": "AssignString", "path": ["default_hyperparameter", "LambdaLR", "lr_lambda"], "value": "None"}, "version": 142}
{"obj": {"type": "AssignString", "path": ["default_hyperparameter", "MultiplicativeLR", "lr_lambda"], "value": "None"}, "version": 143}
{"obj": {"type": "AssignString", "path": ["default_hyperparameter", "MultiStepLR", "milestones"], "value": "None"}, "version": 144}
{"obj": {"type": "AssignFloat", "path": ["default_hyperparameter", "MultiStepLR", "gamma"], "value": 0.1}, "version": 145}
{"obj": {"type": "AssignString", "path": ["default_hyperparameter", "ExponentialLR", "gamma"], "value": "None"}, "version": 146}
{"obj": {"type": "AssignString", "path": ["default_hyperparameter", "CosineAnnealingLR", "T_max"], "value": "None"}, "version": 147}
{"obj": {"type": "AssignInt", "path": ["default_hyperparameter", "CosineAnnealingLR", "eta_min"], "value": 0}, "version": 148}
{"obj": {"type": "AssignString", "path": ["default_hyperparameter", "CosineAnnealingWarmRestarts", "T_0"], "value": "None"}, "version": 149}
{"obj": {"type": "AssignInt", "path": ["default_hyperparameter", "CosineAnnealingWarmRestarts", "T_mult"], "value": 1}, "version": 150}
{"obj": {"type": "AssignInt", "path": ["default_hyperparameter", "CosineAnnealingWarmRestarts", "eta_min"], "value": 0}, "version": 151}
{"obj": {"type": "AssignBool", "path": ["default_hyperparameter", "train_shuffle"], "value": false}, "version": 152}
{"obj": {"type": "AssignString", "path": ["default_hyperparameter", "train_sampler"], "value": "None"}, "version": 153}
{"obj": {"type": "AssignString", "path": ["default_hyperparameter", "train_batch_sampler"], "value": "None"}, "version": 154}
{"obj": {"type": "AssignInt", "path": ["default_hyperparameter", "train_num_workers"], "value": 0}, "version": 155}
{"obj": {"type": "AssignString", "path": ["default_hyperparameter", "train_collate_fn"], "value": "None"}, "version": 156}
{"obj": {"type": "AssignBool", "path": ["default_hyperparameter", "train_pin_memory"], "value": false}, "version": 157}
{"obj": {"type": "AssignBool", "path": ["default_hyperparameter", "train_drop_last"], "value": false}, "version": 158}
{"obj": {"type": "AssignInt", "path": ["default_hyperparameter", "train_timeout"], "value": 0}, "version": 159}
{"obj": {"type": "AssignString", "path": ["default_hyperparameter", "train_worker_init_fn"], "value": "None"}, "version": 160}
{"obj": {"type": "AssignInt", "path": ["default_hyperparameter", "train_prefetch_factor"], "value": 2}, "version": 161}
{"obj": {"type": "AssignBool", "path": ["default_hyperparameter", "train_persistent_workers"], "value": false}, "version": 162}
{"obj": {"type": "AssignInt", "path": ["default_hyperparameter", "validation_batch_size"], "value": -1}, "version": 163}
{"obj": {"type": "AssignBool", "path": ["default_hyperparameter", "validation_shuffle"], "value": false}, "version": 164}
{"obj": {"type": "AssignString", "path": ["default_hyperparameter", "validation_sampler"], "value": "None"}, "version": 165}
{"obj": {"type": "AssignString", "path": ["default_hyperparameter", "validation_batch_sampler"], "value": "None"}, "version": 166}
{"obj": {"type": "AssignInt", "path": ["default_hyperparameter", "validation_num_workers"], "value": 0}, "version": 167}
{"obj": {"type": "AssignString", "path": ["default_hyperparameter", "validation_collate_fn"], "value": "None"}, "version": 168}
{"obj": {"type": "AssignBool", "path": ["default_hyperparameter", "validation_pin_memory"], "value": false}, "version": 169}
{"obj": {"type": "AssignBool", "path": ["default_hyperparameter", "validation_drop_last"], "value": false}, "version": 170}
{"obj": {"type": "AssignInt", "path": ["default_hyperparameter", "validation_timeout"], "value": 0}, "version": 171}
{"obj": {"type": "AssignString", "path": ["default_hyperparameter", "validation_worker_init_fn"], "value": "None"}, "version": 172}
{"obj": {"type": "AssignInt", "path": ["default_hyperparameter", "validation_prefetch_factor"], "value": 2}, "version": 173}
{"obj": {"type": "AssignBool", "path": ["default_hyperparameter", "validation_persistent_workers"], "value": false}, "version": 174}
{"obj": {"type": "AssignInt", "path": ["default_hyperparameter", "kfold"], "value": 3}, "version": 175}
{"obj": {"type": "AssignInt", "path": ["default_hyperparameter", "random_seed"], "value": 0}, "version": 176}
{"obj": {"type": "AssignString", "path": ["default_hyperparameter", "save_path"], "value": "logs"}, "version": 177}
{"obj": {"type": "LogStrings", "path": ["monitoring", "stdout"], "values": [{"value": "0 epoch, train_loss : 29.2309, val_loss : 23.3806", "step": null, "ts": 1626160274.5593944}]}, "version": 178}
{"obj": {"type": "LogStrings", "path": ["monitoring", "stdout"], "values": [{"value": "\n", "step": null, "ts": 1626160274.5606184}]}, "version": 179}
{"obj": {"type": "LogStrings", "path": ["monitoring", "stdout"], "values": [{"value": "\n", "step": null, "ts": 1626160274.5619612}]}, "version": 180}
{"obj": {"type": "LogStrings", "path": ["monitoring", "stdout"], "values": [{"value": "\r1 epoch, train_loss : 19.6707, val_loss : 23.3806 -> 14.6205\n", "step": null, "ts": 1626160274.7582002}]}, "version": 181}
{"obj": {"type": "LogStrings", "path": ["monitoring", "stdout"], "values": [{"value": "\n", "step": null, "ts": 1626160274.7597249}]}, "version": 182}
{"obj": {"type": "LogStrings", "path": ["monitoring", "stdout"], "values": [{"value": "\r2 epoch, train_loss : 12.1854, val_loss : 14.6205 -> 9.7727\n", "step": null, "ts": 1626160274.9340918}]}, "version": 183}
{"obj": {"type": "LogStrings", "path": ["monitoring", "stdout"], "values": [{"value": "\n", "step": null, "ts": 1626160274.9360921}]}, "version": 184}
{"obj": {"type": "LogFloats", "path": ["monitoring", "cpu"], "values": [{"value": 15.1, "step": null, "ts": 1626160283.7014549}]}, "version": 185}
{"obj": {"type": "LogFloats", "path": ["monitoring", "memory"], "values": [{"value": 22.62903594970703, "step": null, "ts": 1626160283.7014549}]}, "version": 186}
{"obj": {"type": "LogFloats", "path": ["monitoring", "gpu"], "values": [{"value": 7.0, "step": null, "ts": 1626160283.7014549}]}, "version": 187}
{"obj": {"type": "LogFloats", "path": ["monitoring", "gpu_memory"], "values": [{"value": 3.47088623046875, "step": null, "ts": 1626160283.7014549}]}, "version": 188}
{"obj": {"type": "LogFloats", "path": ["monitoring", "cpu"], "values": [{"value": 6.0, "step": null, "ts": 1626160293.7038703}]}, "version": 189}
{"obj": {"type": "LogFloats", "path": ["monitoring", "memory"], "values": [{"value": 22.567821502685547, "step": null, "ts": 1626160293.7038703}]}, "version": 190}
{"obj": {"type": "LogFloats", "path": ["monitoring", "gpu"], "values": [{"value": 7.0, "step": null, "ts": 1626160293.7038703}]}, "version": 191}
{"obj": {"type": "LogFloats", "path": ["monitoring", "gpu_memory"], "values": [{"value": 3.4150390625, "step": null, "ts": 1626160293.7038703}]}, "version": 192}
{"obj": {"type": "LogFloats", "path": ["monitoring", "cpu"], "values": [{"value": 8.4, "step": null, "ts": 1626160303.7065759}]}, "version": 193}
{"obj": {"type": "LogFloats", "path": ["monitoring", "memory"], "values": [{"value": 22.531620025634766, "step": null, "ts": 1626160303.7065759}]}, "version": 194}
{"obj": {"type": "LogFloats", "path": ["monitoring", "gpu"], "values": [{"value": 29.0, "step": null, "ts": 1626160303.7065759}]}, "version": 195}
{"obj": {"type": "LogFloats", "path": ["monitoring", "gpu_memory"], "values": [{"value": 3.4158935546875, "step": null, "ts": 1626160303.7065759}]}, "version": 196}
{"obj": {"type": "LogFloats", "path": ["monitoring", "cpu"], "values": [{"value": 13.2, "step": null, "ts": 1626160313.7089958}]}, "version": 197}
{"obj": {"type": "LogFloats", "path": ["monitoring", "memory"], "values": [{"value": 22.52260971069336, "step": null, "ts": 1626160313.7089958}]}, "version": 198}
{"obj": {"type": "LogFloats", "path": ["monitoring", "gpu"], "values": [{"value": 22.0, "step": null, "ts": 1626160313.7089958}]}, "version": 199}
{"obj": {"type": "LogFloats", "path": ["monitoring", "gpu_memory"], "values": [{"value": 3.412841796875, "step": null, "ts": 1626160313.7089958}]}, "version": 200}
{"obj": {"type": "LogFloats", "path": ["monitoring", "cpu"], "values": [{"value": 36.0, "step": null, "ts": 1626160323.7116377}]}, "version": 201}
{"obj": {"type": "LogFloats", "path": ["monitoring", "memory"], "values": [{"value": 22.555068969726562, "step": null, "ts": 1626160323.7116377}]}, "version": 202}
{"obj": {"type": "LogFloats", "path": ["monitoring", "gpu"], "values": [{"value": 11.0, "step": null, "ts": 1626160323.7116377}]}, "version": 203}
{"obj": {"type": "LogFloats", "path": ["monitoring", "gpu_memory"], "values": [{"value": 3.4287109375, "step": null, "ts": 1626160323.7116377}]}, "version": 204}
{"obj": {"type": "LogFloats", "path": ["monitoring", "cpu"], "values": [{"value": 10.1, "step": null, "ts": 1626160333.7137249}]}, "version": 205}
{"obj": {"type": "LogFloats", "path": ["monitoring", "memory"], "values": [{"value": 22.55148696899414, "step": null, "ts": 1626160333.7137249}]}, "version": 206}
{"obj": {"type": "LogFloats", "path": ["monitoring", "gpu"], "values": [{"value": 7.0, "step": null, "ts": 1626160333.7137249}]}, "version": 207}
{"obj": {"type": "LogFloats", "path": ["monitoring", "gpu_memory"], "values": [{"value": 3.41748046875, "step": null, "ts": 1626160333.7137249}]}, "version": 208}
{"obj": {"type": "LogFloats", "path": ["monitoring", "cpu"], "values": [{"value": 8.2, "step": null, "ts": 1626160343.7160058}]}, "version": 209}
{"obj": {"type": "LogFloats", "path": ["monitoring", "memory"], "values": [{"value": 22.534881591796875, "step": null, "ts": 1626160343.7160058}]}, "version": 210}
{"obj": {"type": "LogFloats", "path": ["monitoring", "gpu"], "values": [{"value": 31.0, "step": null, "ts": 1626160343.7160058}]}, "version": 211}
{"obj": {"type": "LogFloats", "path": ["monitoring", "gpu_memory"], "values": [{"value": 3.4166259765625, "step": null, "ts": 1626160343.7160058}]}, "version": 212}
{"obj": {"type": "LogFloats", "path": ["monitoring", "cpu"], "values": [{"value": 15.5, "step": null, "ts": 1626160353.7185695}]}, "version": 213}
{"obj": {"type": "LogFloats", "path": ["monitoring", "memory"], "values": [{"value": 22.52276611328125, "step": null, "ts": 1626160353.7185695}]}, "version": 214}
{"obj": {"type": "LogFloats", "path": ["monitoring", "gpu"], "values": [{"value": 9.0, "step": null, "ts": 1626160353.7185695}]}, "version": 215}
{"obj": {"type": "LogFloats", "path": ["monitoring", "gpu_memory"], "values": [{"value": 3.4180908203125, "step": null, "ts": 1626160353.7185695}]}, "version": 216}
{"obj": {"type": "LogFloats", "path": ["monitoring", "cpu"], "values": [{"value": 11.0, "step": null, "ts": 1626160363.720462}]}, "version": 217}
{"obj": {"type": "LogFloats", "path": ["monitoring", "memory"], "values": [{"value": 22.524784088134766, "step": null, "ts": 1626160363.720462}]}, "version": 218}
{"obj": {"type": "LogFloats", "path": ["monitoring", "gpu"], "values": [{"value": 15.0, "step": null, "ts": 1626160363.720462}]}, "version": 219}
{"obj": {"type": "LogFloats", "path": ["monitoring", "gpu_memory"], "values": [{"value": 3.42559814453125, "step": null, "ts": 1626160363.720462}]}, "version": 220}
{"obj": {"type": "LogFloats", "path": ["monitoring", "cpu"], "values": [{"value": 10.9, "step": null, "ts": 1626160373.7230618}]}, "version": 221}
{"obj": {"type": "LogFloats", "path": ["monitoring", "memory"], "values": [{"value": 22.51769256591797, "step": null, "ts": 1626160373.7230618}]}, "version": 222}
{"obj": {"type": "LogFloats", "path": ["monitoring", "gpu"], "values": [{"value": 11.0, "step": null, "ts": 1626160373.7230618}]}, "version": 223}
{"obj": {"type": "LogFloats", "path": ["monitoring", "gpu_memory"], "values": [{"value": 3.42681884765625, "step": null, "ts": 1626160373.7230618}]}, "version": 224}
{"obj": {"type": "LogFloats", "path": ["monitoring", "cpu"], "values": [{"value": 16.7, "step": null, "ts": 1626160383.7257183}]}, "version": 225}
{"obj": {"type": "LogFloats", "path": ["monitoring", "memory"], "values": [{"value": 22.49140167236328, "step": null, "ts": 1626160383.7257183}]}, "version": 226}
{"obj": {"type": "LogFloats", "path": ["monitoring", "gpu"], "values": [{"value": 13.0, "step": null, "ts": 1626160383.7257183}]}, "version": 227}
{"obj": {"type": "LogFloats", "path": ["monitoring", "gpu_memory"], "values": [{"value": 3.41650390625, "step": null, "ts": 1626160383.7257183}]}, "version": 228}
{"obj": {"type": "LogFloats", "path": ["monitoring", "cpu"], "values": [{"value": 9.0, "step": null, "ts": 1626160393.7279506}]}, "version": 229}
{"obj": {"type": "LogFloats", "path": ["monitoring", "memory"], "values": [{"value": 22.494949340820312, "step": null, "ts": 1626160393.7279506}]}, "version": 230}
{"obj": {"type": "LogFloats", "path": ["monitoring", "gpu"], "values": [{"value": 28.0, "step": null, "ts": 1626160393.7279506}]}, "version": 231}
{"obj": {"type": "LogFloats", "path": ["monitoring", "gpu_memory"], "values": [{"value": 3.419921875, "step": null, "ts": 1626160393.7279506}]}, "version": 232}
{"obj": {"type": "LogFloats", "path": ["monitoring", "cpu"], "values": [{"value": 9.4, "step": null, "ts": 1626160403.7301917}]}, "version": 233}
{"obj": {"type": "LogFloats", "path": ["monitoring", "memory"], "values": [{"value": 22.498863220214844, "step": null, "ts": 1626160403.7301917}]}, "version": 234}
{"obj": {"type": "LogFloats", "path": ["monitoring", "gpu"], "values": [{"value": 30.0, "step": null, "ts": 1626160403.7301917}]}, "version": 235}
{"obj": {"type": "LogFloats", "path": ["monitoring", "gpu_memory"], "values": [{"value": 3.4144287109375, "step": null, "ts": 1626160403.7301917}]}, "version": 236}
{"obj": {"type": "LogFloats", "path": ["monitoring", "cpu"], "values": [{"value": 8.8, "step": null, "ts": 1626160413.7332094}]}, "version": 237}
{"obj": {"type": "LogFloats", "path": ["monitoring", "memory"], "values": [{"value": 22.49361801147461, "step": null, "ts": 1626160413.7332094}]}, "version": 238}
{"obj": {"type": "LogFloats", "path": ["monitoring", "gpu"], "values": [{"value": 8.0, "step": null, "ts": 1626160413.7332094}]}, "version": 239}
{"obj": {"type": "LogFloats", "path": ["monitoring", "gpu_memory"], "values": [{"value": 3.4095458984375, "step": null, "ts": 1626160413.7332094}]}, "version": 240}
{"obj": {"type": "LogFloats", "path": ["monitoring", "cpu"], "values": [{"value": 5.2, "step": null, "ts": 1626160423.735882}]}, "version": 241}
{"obj": {"type": "LogFloats", "path": ["monitoring", "memory"], "values": [{"value": 22.487533569335938, "step": null, "ts": 1626160423.735882}]}, "version": 242}
{"obj": {"type": "LogFloats", "path": ["monitoring", "gpu"], "values": [{"value": 7.0, "step": null, "ts": 1626160423.735882}]}, "version": 243}
{"obj": {"type": "LogFloats", "path": ["monitoring", "gpu_memory"], "values": [{"value": 3.4095458984375, "step": null, "ts": 1626160423.735882}]}, "version": 244}
{"obj": {"type": "LogFloats", "path": ["monitoring", "cpu"], "values": [{"value": 5.6, "step": null, "ts": 1626160433.738225}]}, "version": 245}
{"obj": {"type": "LogFloats", "path": ["monitoring", "memory"], "values": [{"value": 22.484024047851562, "step": null, "ts": 1626160433.738225}]}, "version": 246}
{"obj": {"type": "LogFloats", "path": ["monitoring", "gpu"], "values": [{"value": 22.0, "step": null, "ts": 1626160433.738225}]}, "version": 247}
{"obj": {"type": "LogFloats", "path": ["monitoring", "gpu_memory"], "values": [{"value": 3.4095458984375, "step": null, "ts": 1626160433.738225}]}, "version": 248}
{"obj": {"type": "LogFloats", "path": ["monitoring", "cpu"], "values": [{"value": 9.1, "step": null, "ts": 1626160443.7407694}]}, "version": 249}
{"obj": {"type": "LogFloats", "path": ["monitoring", "memory"], "values": [{"value": 22.485980987548828, "step": null, "ts": 1626160443.7407694}]}, "version": 250}
{"obj": {"type": "LogFloats", "path": ["monitoring", "gpu"], "values": [{"value": 24.0, "step": null, "ts": 1626160443.7407694}]}, "version": 251}
{"obj": {"type": "LogFloats", "path": ["monitoring", "gpu_memory"], "values": [{"value": 3.4095458984375, "step": null, "ts": 1626160443.7407694}]}, "version": 252}
{"obj": {"type": "LogFloats", "path": ["monitoring", "cpu"], "values": [{"value": 6.2, "step": null, "ts": 1626160453.7431202}]}, "version": 253}
{"obj": {"type": "LogFloats", "path": ["monitoring", "memory"], "values": [{"value": 22.489116668701172, "step": null, "ts": 1626160453.7431202}]}, "version": 254}
{"obj": {"type": "LogFloats", "path": ["monitoring", "gpu"], "values": [{"value": 22.0, "step": null, "ts": 1626160453.7431202}]}, "version": 255}
{"obj": {"type": "LogFloats", "path": ["monitoring", "gpu_memory"], "values": [{"value": 3.40966796875, "step": null, "ts": 1626160453.7431202}]}, "version": 256}
{"obj": {"type": "LogFloats", "path": ["monitoring", "cpu"], "values": [{"value": 6.1, "step": null, "ts": 1626160463.7452555}]}, "version": 257}
{"obj": {"type": "LogFloats", "path": ["monitoring", "memory"], "values": [{"value": 22.52141571044922, "step": null, "ts": 1626160463.7452555}]}, "version": 258}
{"obj": {"type": "LogFloats", "path": ["monitoring", "gpu"], "values": [{"value": 23.0, "step": null, "ts": 1626160463.7452555}]}, "version": 259}
{"obj": {"type": "LogFloats", "path": ["monitoring", "gpu_memory"], "values": [{"value": 3.40966796875, "step": null, "ts": 1626160463.7452555}]}, "version": 260}
{"obj": {"type": "LogFloats", "path": ["monitoring", "cpu"], "values": [{"value": 5.6, "step": null, "ts": 1626160473.7476683}]}, "version": 261}
{"obj": {"type": "LogFloats", "path": ["monitoring", "memory"], "values": [{"value": 22.514881134033203, "step": null, "ts": 1626160473.7476683}]}, "version": 262}
{"obj": {"type": "LogFloats", "path": ["monitoring", "gpu"], "values": [{"value": 18.0, "step": null, "ts": 1626160473.7476683}]}, "version": 263}
{"obj": {"type": "LogFloats", "path": ["monitoring", "gpu_memory"], "values": [{"value": 3.40966796875, "step": null, "ts": 1626160473.7476683}]}, "version": 264}
{"obj": {"type": "LogFloats", "path": ["monitoring", "cpu"], "values": [{"value": 13.0, "step": null, "ts": 1626160483.7504082}]}, "version": 265}
{"obj": {"type": "LogFloats", "path": ["monitoring", "memory"], "values": [{"value": 22.513763427734375, "step": null, "ts": 1626160483.7504082}]}, "version": 266}
{"obj": {"type": "LogFloats", "path": ["monitoring", "gpu"], "values": [{"value": 35.0, "step": null, "ts": 1626160483.7504082}]}, "version": 267}
{"obj": {"type": "LogFloats", "path": ["monitoring", "gpu_memory"], "values": [{"value": 3.40966796875, "step": null, "ts": 1626160483.7504082}]}, "version": 268}
{"obj": {"type": "LogFloats", "path": ["monitoring", "cpu"], "values": [{"value": 5.8, "step": null, "ts": 1626160493.7527204}]}, "version": 269}
{"obj": {"type": "LogFloats", "path": ["monitoring", "memory"], "values": [{"value": 22.48834228515625, "step": null, "ts": 1626160493.7527204}]}, "version": 270}
{"obj": {"type": "LogFloats", "path": ["monitoring", "gpu"], "values": [{"value": 21.0, "step": null, "ts": 1626160493.7527204}]}, "version": 271}
{"obj": {"type": "LogFloats", "path": ["monitoring", "gpu_memory"], "values": [{"value": 3.40966796875, "step": null, "ts": 1626160493.7527204}]}, "version": 272}
{"obj": {"type": "LogFloats", "path": ["monitoring", "cpu"], "values": [{"value": 6.3, "step": null, "ts": 1626160503.755265}]}, "version": 273}
{"obj": {"type": "LogFloats", "path": ["monitoring", "memory"], "values": [{"value": 22.49095916748047, "step": null, "ts": 1626160503.755265}]}, "version": 274}
{"obj": {"type": "LogFloats", "path": ["monitoring", "gpu"], "values": [{"value": 25.0, "step": null, "ts": 1626160503.755265}]}, "version": 275}
{"obj": {"type": "LogFloats", "path": ["monitoring", "gpu_memory"], "values": [{"value": 3.40966796875, "step": null, "ts": 1626160503.755265}]}, "version": 276}
{"obj": {"type": "LogFloats", "path": ["monitoring", "cpu"], "values": [{"value": 6.5, "step": null, "ts": 1626160513.7579322}]}, "version": 277}
{"obj": {"type": "LogFloats", "path": ["monitoring", "memory"], "values": [{"value": 22.49390411376953, "step": null, "ts": 1626160513.7579322}]}, "version": 278}
{"obj": {"type": "LogFloats", "path": ["monitoring", "gpu"], "values": [{"value": 19.0, "step": null, "ts": 1626160513.7579322}]}, "version": 279}
{"obj": {"type": "LogFloats", "path": ["monitoring", "gpu_memory"], "values": [{"value": 3.41033935546875, "step": null, "ts": 1626160513.7579322}]}, "version": 280}
{"obj": {"type": "LogFloats", "path": ["monitoring", "cpu"], "values": [{"value": 5.6, "step": null, "ts": 1626160523.7603843}]}, "version": 281}
{"obj": {"type": "LogFloats", "path": ["monitoring", "memory"], "values": [{"value": 22.484909057617188, "step": null, "ts": 1626160523.7603843}]}, "version": 282}
{"obj": {"type": "LogFloats", "path": ["monitoring", "gpu"], "values": [{"value": 21.0, "step": null, "ts": 1626160523.7603843}]}, "version": 283}
{"obj": {"type": "LogFloats", "path": ["monitoring", "gpu_memory"], "values": [{"value": 3.4097900390625, "step": null, "ts": 1626160523.7603843}]}, "version": 284}
{"obj": {"type": "LogFloats", "path": ["monitoring", "cpu"], "values": [{"value": 5.1, "step": null, "ts": 1626160533.7627256}]}, "version": 285}
{"obj": {"type": "LogFloats", "path": ["monitoring", "memory"], "values": [{"value": 22.487224578857422, "step": null, "ts": 1626160533.7627256}]}, "version": 286}
{"obj": {"type": "LogFloats", "path": ["monitoring", "gpu"], "values": [{"value": 40.0, "step": null, "ts": 1626160533.7627256}]}, "version": 287}
{"obj": {"type": "LogFloats", "path": ["monitoring", "gpu_memory"], "values": [{"value": 3.4097900390625, "step": null, "ts": 1626160533.7627256}]}, "version": 288}
{"obj": {"type": "LogFloats", "path": ["monitoring", "cpu"], "values": [{"value": 5.7, "step": null, "ts": 1626160543.7652788}]}, "version": 289}
{"obj": {"type": "LogFloats", "path": ["monitoring", "memory"], "values": [{"value": 22.487552642822266, "step": null, "ts": 1626160543.7652788}]}, "version": 290}
{"obj": {"type": "LogFloats", "path": ["monitoring", "gpu"], "values": [{"value": 36.0, "step": null, "ts": 1626160543.7652788}]}, "version": 291}
{"obj": {"type": "LogFloats", "path": ["monitoring", "gpu_memory"], "values": [{"value": 3.4097900390625, "step": null, "ts": 1626160543.7652788}]}, "version": 292}
{"obj": {"type": "LogFloats", "path": ["monitoring", "cpu"], "values": [{"value": 5.0, "step": null, "ts": 1626160553.7678072}]}, "version": 293}
{"obj": {"type": "LogFloats", "path": ["monitoring", "memory"], "values": [{"value": 22.488258361816406, "step": null, "ts": 1626160553.7678072}]}, "version": 294}
{"obj": {"type": "LogFloats", "path": ["monitoring", "gpu"], "values": [{"value": 21.0, "step": null, "ts": 1626160553.7678072}]}, "version": 295}
{"obj": {"type": "LogFloats", "path": ["monitoring", "gpu_memory"], "values": [{"value": 3.4102783203125, "step": null, "ts": 1626160553.7678072}]}, "version": 296}
{"obj": {"type": "LogFloats", "path": ["monitoring", "cpu"], "values": [{"value": 10.5, "step": null, "ts": 1626160563.7709136}]}, "version": 297}
{"obj": {"type": "LogFloats", "path": ["monitoring", "memory"], "values": [{"value": 22.491100311279297, "step": null, "ts": 1626160563.7709136}]}, "version": 298}
{"obj": {"type": "LogFloats", "path": ["monitoring", "gpu"], "values": [{"value": 24.0, "step": null, "ts": 1626160563.7709136}]}, "version": 299}
{"obj": {"type": "LogFloats", "path": ["monitoring", "gpu_memory"], "values": [{"value": 3.4097900390625, "step": null, "ts": 1626160563.7709136}]}, "version": 300}
{"obj": {"type": "LogFloats", "path": ["monitoring", "cpu"], "values": [{"value": 5.5, "step": null, "ts": 1626160573.7732713}]}, "version": 301}
{"obj": {"type": "LogFloats", "path": ["monitoring", "memory"], "values": [{"value": 22.501468658447266, "step": null, "ts": 1626160573.7732713}]}, "version": 302}
{"obj": {"type": "LogFloats", "path": ["monitoring", "gpu"], "values": [{"value": 21.0, "step": null, "ts": 1626160573.7732713}]}, "version": 303}
{"obj": {"type": "LogFloats", "path": ["monitoring", "gpu_memory"], "values": [{"value": 3.3822021484375, "step": null, "ts": 1626160573.7732713}]}, "version": 304}
{"obj": {"type": "LogFloats", "path": ["monitoring", "cpu"], "values": [{"value": 5.6, "step": null, "ts": 1626160583.7758837}]}, "version": 305}
{"obj": {"type": "LogFloats", "path": ["monitoring", "memory"], "values": [{"value": 22.5098876953125, "step": null, "ts": 1626160583.7758837}]}, "version": 306}
{"obj": {"type": "LogFloats", "path": ["monitoring", "gpu"], "values": [{"value": 34.0, "step": null, "ts": 1626160583.7758837}]}, "version": 307}
{"obj": {"type": "LogFloats", "path": ["monitoring", "gpu_memory"], "values": [{"value": 3.3822021484375, "step": null, "ts": 1626160583.7758837}]}, "version": 308}
{"obj": {"type": "LogFloats", "path": ["monitoring", "cpu"], "values": [{"value": 6.6, "step": null, "ts": 1626160593.7784898}]}, "version": 309}
{"obj": {"type": "LogFloats", "path": ["monitoring", "memory"], "values": [{"value": 22.513042449951172, "step": null, "ts": 1626160593.7784898}]}, "version": 310}
{"obj": {"type": "LogFloats", "path": ["monitoring", "gpu"], "values": [{"value": 25.0, "step": null, "ts": 1626160593.7784898}]}, "version": 311}
{"obj": {"type": "LogFloats", "path": ["monitoring", "gpu_memory"], "values": [{"value": 3.3861083984375, "step": null, "ts": 1626160593.7784898}]}, "version": 312}
{"obj": {"type": "LogFloats", "path": ["monitoring", "cpu"], "values": [{"value": 15.2, "step": null, "ts": 1626160603.7806966}]}, "version": 313}
{"obj": {"type": "LogFloats", "path": ["monitoring", "memory"], "values": [{"value": 22.517349243164062, "step": null, "ts": 1626160603.7806966}]}, "version": 314}
{"obj": {"type": "LogFloats", "path": ["monitoring", "gpu"], "values": [{"value": 41.0, "step": null, "ts": 1626160603.7806966}]}, "version": 315}
{"obj": {"type": "LogFloats", "path": ["monitoring", "gpu_memory"], "values": [{"value": 3.391357421875, "step": null, "ts": 1626160603.7806966}]}, "version": 316}
{"obj": {"type": "LogFloats", "path": ["monitoring", "cpu"], "values": [{"value": 16.8, "step": null, "ts": 1626160613.7838125}]}, "version": 317}
{"obj": {"type": "LogFloats", "path": ["monitoring", "memory"], "values": [{"value": 22.534378051757812, "step": null, "ts": 1626160613.7838125}]}, "version": 318}
{"obj": {"type": "LogFloats", "path": ["monitoring", "gpu"], "values": [{"value": 8.0, "step": null, "ts": 1626160613.7838125}]}, "version": 319}
{"obj": {"type": "LogFloats", "path": ["monitoring", "gpu_memory"], "values": [{"value": 3.4163818359375, "step": null, "ts": 1626160613.7838125}]}, "version": 320}
{"obj": {"type": "LogFloats", "path": ["monitoring", "cpu"], "values": [{"value": 5.7, "step": null, "ts": 1626160623.786322}]}, "version": 321}
{"obj": {"type": "LogFloats", "path": ["monitoring", "memory"], "values": [{"value": 22.537734985351562, "step": null, "ts": 1626160623.786322}]}, "version": 322}
{"obj": {"type": "LogFloats", "path": ["monitoring", "gpu"], "values": [{"value": 30.0, "step": null, "ts": 1626160623.786322}]}, "version": 323}
{"obj": {"type": "LogFloats", "path": ["monitoring", "gpu_memory"], "values": [{"value": 3.4388427734375, "step": null, "ts": 1626160623.786322}]}, "version": 324}
{"obj": {"type": "LogFloats", "path": ["monitoring", "cpu"], "values": [{"value": 9.7, "step": null, "ts": 1626160633.7895646}]}, "version": 325}
{"obj": {"type": "LogFloats", "path": ["monitoring", "memory"], "values": [{"value": 22.526905059814453, "step": null, "ts": 1626160633.7895646}]}, "version": 326}
{"obj": {"type": "LogFloats", "path": ["monitoring", "gpu"], "values": [{"value": 5.0, "step": null, "ts": 1626160633.7895646}]}, "version": 327}
{"obj": {"type": "LogFloats", "path": ["monitoring", "gpu_memory"], "values": [{"value": 3.4400634765625, "step": null, "ts": 1626160633.7895646}]}, "version": 328}
{"obj": {"type": "LogFloats", "path": ["monitoring", "cpu"], "values": [{"value": 8.6, "step": null, "ts": 1626160643.7921114}]}, "version": 329}
{"obj": {"type": "LogFloats", "path": ["monitoring", "memory"], "values": [{"value": 22.51715087890625, "step": null, "ts": 1626160643.7921114}]}, "version": 330}
{"obj": {"type": "LogFloats", "path": ["monitoring", "gpu"], "values": [{"value": 9.0, "step": null, "ts": 1626160643.7921114}]}, "version": 331}
{"obj": {"type": "LogFloats", "path": ["monitoring", "gpu_memory"], "values": [{"value": 3.4285888671875, "step": null, "ts": 1626160643.7921114}]}, "version": 332}
{"obj": {"type": "LogFloats", "path": ["monitoring", "cpu"], "values": [{"value": 6.4, "step": null, "ts": 1626160653.794365}]}, "version": 333}
{"obj": {"type": "LogFloats", "path": ["monitoring", "memory"], "values": [{"value": 22.510372161865234, "step": null, "ts": 1626160653.794365}]}, "version": 334}
{"obj": {"type": "LogFloats", "path": ["monitoring", "gpu"], "values": [{"value": 6.0, "step": null, "ts": 1626160653.794365}]}, "version": 335}
{"obj": {"type": "LogFloats", "path": ["monitoring", "gpu_memory"], "values": [{"value": 3.4288330078125, "step": null, "ts": 1626160653.794365}]}, "version": 336}
{"obj": {"type": "LogFloats", "path": ["monitoring", "cpu"], "values": [{"value": 5.7, "step": null, "ts": 1626160663.7968771}]}, "version": 337}
{"obj": {"type": "LogFloats", "path": ["monitoring", "memory"], "values": [{"value": 22.51479721069336, "step": null, "ts": 1626160663.7968771}]}, "version": 338}
{"obj": {"type": "LogFloats", "path": ["monitoring", "gpu"], "values": [{"value": 5.0, "step": null, "ts": 1626160663.7968771}]}, "version": 339}
{"obj": {"type": "LogFloats", "path": ["monitoring", "gpu_memory"], "values": [{"value": 3.43914794921875, "step": null, "ts": 1626160663.7968771}]}, "version": 340}
{"obj": {"type": "LogFloats", "path": ["monitoring", "cpu"], "values": [{"value": 10.1, "step": null, "ts": 1626160673.7992966}]}, "version": 341}
{"obj": {"type": "LogFloats", "path": ["monitoring", "memory"], "values": [{"value": 22.52060317993164, "step": null, "ts": 1626160673.7992966}]}, "version": 342}
{"obj": {"type": "LogFloats", "path": ["monitoring", "gpu"], "values": [{"value": 7.0, "step": null, "ts": 1626160673.7992966}]}, "version": 343}
{"obj": {"type": "LogFloats", "path": ["monitoring", "gpu_memory"], "values": [{"value": 3.4375, "step": null, "ts": 1626160673.7992966}]}, "version": 344}
{"obj": {"type": "LogFloats", "path": ["monitoring", "cpu"], "values": [{"value": 5.3, "step": null, "ts": 1626160683.801747}]}, "version": 345}
{"obj": {"type": "LogFloats", "path": ["monitoring", "memory"], "values": [{"value": 22.51647186279297, "step": null, "ts": 1626160683.801747}]}, "version": 346}
{"obj": {"type": "LogFloats", "path": ["monitoring", "gpu"], "values": [{"value": 5.0, "step": null, "ts": 1626160683.801747}]}, "version": 347}
{"obj": {"type": "LogFloats", "path": ["monitoring", "gpu_memory"], "values": [{"value": 3.4306640625, "step": null, "ts": 1626160683.801747}]}, "version": 348}
{"obj": {"type": "LogFloats", "path": ["monitoring", "cpu"], "values": [{"value": 9.5, "step": null, "ts": 1626160693.8041787}]}, "version": 349}
{"obj": {"type": "LogFloats", "path": ["monitoring", "memory"], "values": [{"value": 22.517078399658203, "step": null, "ts": 1626160693.8041787}]}, "version": 350}
{"obj": {"type": "LogFloats", "path": ["monitoring", "gpu"], "values": [{"value": 12.0, "step": null, "ts": 1626160693.8041787}]}, "version": 351}
{"obj": {"type": "LogFloats", "path": ["monitoring", "gpu_memory"], "values": [{"value": 3.433837890625, "step": null, "ts": 1626160693.8041787}]}, "version": 352}
{"obj": {"type": "LogFloats", "path": ["monitoring", "cpu"], "values": [{"value": 7.5, "step": null, "ts": 1626160703.8064334}]}, "version": 353}
{"obj": {"type": "LogFloats", "path": ["monitoring", "memory"], "values": [{"value": 22.52731704711914, "step": null, "ts": 1626160703.8064334}]}, "version": 354}
{"obj": {"type": "LogFloats", "path": ["monitoring", "gpu"], "values": [{"value": 6.0, "step": null, "ts": 1626160703.8064334}]}, "version": 355}
{"obj": {"type": "LogFloats", "path": ["monitoring", "gpu_memory"], "values": [{"value": 3.433349609375, "step": null, "ts": 1626160703.8064334}]}, "version": 356}
{"obj": {"type": "LogFloats", "path": ["monitoring", "cpu"], "values": [{"value": 9.0, "step": null, "ts": 1626160713.808718}]}, "version": 357}
{"obj": {"type": "LogFloats", "path": ["monitoring", "memory"], "values": [{"value": 22.515750885009766, "step": null, "ts": 1626160713.808718}]}, "version": 358}
{"obj": {"type": "LogFloats", "path": ["monitoring", "gpu"], "values": [{"value": 30.0, "step": null, "ts": 1626160713.808718}]}, "version": 359}
{"obj": {"type": "LogFloats", "path": ["monitoring", "gpu_memory"], "values": [{"value": 3.43310546875, "step": null, "ts": 1626160713.808718}]}, "version": 360}
{"obj": {"type": "LogFloats", "path": ["monitoring", "cpu"], "values": [{"value": 29.2, "step": null, "ts": 1626160723.811369}]}, "version": 361}
{"obj": {"type": "LogFloats", "path": ["monitoring", "memory"], "values": [{"value": 22.53192138671875, "step": null, "ts": 1626160723.811369}]}, "version": 362}
{"obj": {"type": "LogFloats", "path": ["monitoring", "gpu"], "values": [{"value": 10.0, "step": null, "ts": 1626160723.811369}]}, "version": 363}
{"obj": {"type": "LogFloats", "path": ["monitoring", "gpu_memory"], "values": [{"value": 3.4437255859375, "step": null, "ts": 1626160723.811369}]}, "version": 364}
{"obj": {"type": "LogFloats", "path": ["monitoring", "cpu"], "values": [{"value": 23.5, "step": null, "ts": 1626160733.8137617}]}, "version": 365}
{"obj": {"type": "LogFloats", "path": ["monitoring", "memory"], "values": [{"value": 22.579181671142578, "step": null, "ts": 1626160733.8137617}]}, "version": 366}
{"obj": {"type": "LogFloats", "path": ["monitoring", "gpu"], "values": [{"value": 24.0, "step": null, "ts": 1626160733.8137617}]}, "version": 367}
{"obj": {"type": "LogFloats", "path": ["monitoring", "gpu_memory"], "values": [{"value": 3.48486328125, "step": null, "ts": 1626160733.8137617}]}, "version": 368}
{"obj": {"type": "LogStrings", "path": ["monitoring", "stdout"], "values": [{"value": "b'Shutting down background jobs, please wait a moment...\\n'", "step": null, "ts": 1626160738.3226511}]}, "version": 369}
