{"obj": {"type": "AssignString", "path": ["sys", "name"], "value": "two-no-ratio"}, "version": 1}
{"obj": {"type": "AssignString", "path": ["sys", "description"], "value": ""}, "version": 2}
{"obj": {"type": "AssignString", "path": ["sys", "hostname"], "value": "rtm-desktop"}, "version": 3}
{"obj": {"type": "AssignBool", "path": ["sys", "failed"], "value": false}, "version": 4}
{"obj": {"type": "ClearStringLog", "path": ["monitoring", "stdout"]}, "version": 5}
{"obj": {"type": "ClearStringLog", "path": ["monitoring", "stderr"]}, "version": 6}
{"obj": {"type": "UploadFileSet", "path": ["source_code", "files"], "file_globs": ["/home/rtm/Dropbox/GIT/MLOps/**/*.py", "/home/rtm/Dropbox/GIT/MLOps/*.ipynb"], "reset": "False"}, "version": 7}
{"obj": {"type": "ConfigFloatSeries", "path": ["monitoring", "cpu"], "min": 0.0, "max": 100.0, "unit": "%"}, "version": 8}
{"obj": {"type": "ClearFloatLog", "path": ["monitoring", "cpu"]}, "version": 9}
{"obj": {"type": "ConfigFloatSeries", "path": ["monitoring", "memory"], "min": 0.0, "max": 125.65727615356445, "unit": "GB"}, "version": 10}
{"obj": {"type": "ClearFloatLog", "path": ["monitoring", "memory"]}, "version": 11}
{"obj": {"type": "ConfigFloatSeries", "path": ["monitoring", "gpu"], "min": 0.0, "max": 100.0, "unit": "%"}, "version": 12}
{"obj": {"type": "ClearFloatLog", "path": ["monitoring", "gpu"]}, "version": 13}
{"obj": {"type": "ConfigFloatSeries", "path": ["monitoring", "gpu_memory"], "min": 0.0, "max": 10.91522216796875, "unit": "GB"}, "version": 14}
{"obj": {"type": "ClearFloatLog", "path": ["monitoring", "gpu_memory"]}, "version": 15}
{"obj": {"type": "LogFloats", "path": ["monitoring", "cpu"], "values": [{"value": 18.6, "step": null, "ts": 1626168520.1684427}]}, "version": 16}
{"obj": {"type": "LogStrings", "path": ["monitoring", "stdout"], "values": [{"value": "b''", "step": null, "ts": 1626168520.178282}]}, "version": 17}
{"obj": {"type": "LogFloats", "path": ["monitoring", "memory"], "values": [{"value": 20.61983871459961, "step": null, "ts": 1626168520.1684427}]}, "version": 18}
{"obj": {"type": "LogFloats", "path": ["monitoring", "gpu"], "values": [{"value": 5.0, "step": null, "ts": 1626168520.1684427}]}, "version": 19}
{"obj": {"type": "LogFloats", "path": ["monitoring", "gpu_memory"], "values": [{"value": 2.739990234375, "step": null, "ts": 1626168520.1684427}]}, "version": 20}
{"obj": {"type": "LogStrings", "path": ["monitoring", "stdout"], "values": [{"value": "b'https://app.neptune.ai/sangyeop-kim/sample/e/SAM-112\\n'", "step": null, "ts": 1626168520.1807725}]}, "version": 21}
{"obj": {"type": "LogStrings", "path": ["monitoring", "stdout"], "values": [{"value": "b'Remember to stop your run once you\\xe2\\x80\\x99ve finished logging your metadata (https://docs.neptune.ai/api-reference/run#stop). It will be stopped automatically only when the notebook kernel/interactive console is terminated.\\n'", "step": null, "ts": 1626168520.1846812}]}, "version": 22}
{"obj": {"type": "AssignInt", "path": ["changed_hyperparameter", "gpus"], "value": 1}, "version": 23}
{"obj": {"type": "AssignInt", "path": ["changed_hyperparameter", "max_epochs"], "value": 5}, "version": 24}
{"obj": {"type": "AssignString", "path": ["changed_hyperparameter", "scheduler"], "value": "StepLR"}, "version": 25}
{"obj": {"type": "AssignInt", "path": ["changed_hyperparameter", "StepLR", "step_size"], "value": 10}, "version": 26}
{"obj": {"type": "AssignFloat", "path": ["changed_hyperparameter", "StepLR", "gamma"], "value": 0.1}, "version": 27}
{"obj": {"type": "AssignInt", "path": ["changed_hyperparameter", "train_batch_size"], "value": 64}, "version": 28}
{"obj": {"type": "AssignString", "path": ["changed_hyperparameter", "loss"], "value": "MSE"}, "version": 29}
{"obj": {"type": "AssignString", "path": ["changed_hyperparameter", "neptune_workspace"], "value": "sangyeop-kim"}, "version": 30}
{"obj": {"type": "AssignString", "path": ["changed_hyperparameter", "neptune_project"], "value": "sample"}, "version": 31}
{"obj": {"type": "AssignString", "path": ["changed_hyperparameter", "name"], "value": "two-no-ratio"}, "version": 32}
{"obj": {"type": "AssignBool", "path": ["default_hyperparameter", "logger"], "value": true}, "version": 33}
{"obj": {"type": "AssignBool", "path": ["default_hyperparameter", "checkpoint_callback"], "value": true}, "version": 34}
{"obj": {"type": "AssignString", "path": ["default_hyperparameter", "callbacks"], "value": "None"}, "version": 35}
{"obj": {"type": "AssignString", "path": ["default_hyperparameter", "default_root_dir"], "value": "None"}, "version": 36}
{"obj": {"type": "AssignFloat", "path": ["default_hyperparameter", "gradient_clip_val"], "value": 0.0}, "version": 37}
{"obj": {"type": "AssignString", "path": ["default_hyperparameter", "gradient_clip_algorithm"], "value": "norm"}, "version": 38}
{"obj": {"type": "AssignInt", "path": ["default_hyperparameter", "process_position"], "value": 0}, "version": 39}
{"obj": {"type": "AssignInt", "path": ["default_hyperparameter", "num_nodes"], "value": 1}, "version": 40}
{"obj": {"type": "AssignInt", "path": ["default_hyperparameter", "num_processes"], "value": 1}, "version": 41}
{"obj": {"type": "AssignBool", "path": ["default_hyperparameter", "auto_select_gpus"], "value": false}, "version": 42}
{"obj": {"type": "AssignString", "path": ["default_hyperparameter", "tpu_cores"], "value": "None"}, "version": 43}
{"obj": {"type": "AssignString", "path": ["default_hyperparameter", "log_gpu_memory"], "value": "None"}, "version": 44}
{"obj": {"type": "AssignString", "path": ["default_hyperparameter", "progress_bar_refresh_rate"], "value": "None"}, "version": 45}
{"obj": {"type": "AssignFloat", "path": ["default_hyperparameter", "overfit_batches"], "value": 0.0}, "version": 46}
{"obj": {"type": "AssignInt", "path": ["default_hyperparameter", "track_grad_norm"], "value": -1}, "version": 47}
{"obj": {"type": "AssignInt", "path": ["default_hyperparameter", "check_val_every_n_epoch"], "value": 1}, "version": 48}
{"obj": {"type": "AssignBool", "path": ["default_hyperparameter", "fast_dev_run"], "value": false}, "version": 49}
{"obj": {"type": "AssignInt", "path": ["default_hyperparameter", "accumulate_grad_batches"], "value": 1}, "version": 50}
{"obj": {"type": "AssignString", "path": ["default_hyperparameter", "min_epochs"], "value": "None"}, "version": 51}
{"obj": {"type": "AssignString", "path": ["default_hyperparameter", "max_steps"], "value": "None"}, "version": 52}
{"obj": {"type": "AssignString", "path": ["default_hyperparameter", "min_steps"], "value": "None"}, "version": 53}
{"obj": {"type": "AssignString", "path": ["default_hyperparameter", "max_time"], "value": "None"}, "version": 54}
{"obj": {"type": "AssignFloat", "path": ["default_hyperparameter", "limit_train_batches"], "value": 1.0}, "version": 55}
{"obj": {"type": "AssignFloat", "path": ["default_hyperparameter", "limit_val_batches"], "value": 1.0}, "version": 56}
{"obj": {"type": "AssignFloat", "path": ["default_hyperparameter", "limit_test_batches"], "value": 1.0}, "version": 57}
{"obj": {"type": "AssignFloat", "path": ["default_hyperparameter", "limit_predict_batches"], "value": 1.0}, "version": 58}
{"obj": {"type": "AssignFloat", "path": ["default_hyperparameter", "val_check_interval"], "value": 1.0}, "version": 59}
{"obj": {"type": "AssignInt", "path": ["default_hyperparameter", "flush_logs_every_n_steps"], "value": 100}, "version": 60}
{"obj": {"type": "AssignInt", "path": ["default_hyperparameter", "log_every_n_steps"], "value": 50}, "version": 61}
{"obj": {"type": "AssignString", "path": ["default_hyperparameter", "accelerator"], "value": "None"}, "version": 62}
{"obj": {"type": "AssignBool", "path": ["default_hyperparameter", "sync_batchnorm"], "value": false}, "version": 63}
{"obj": {"type": "AssignInt", "path": ["default_hyperparameter", "precision"], "value": 32}, "version": 64}
{"obj": {"type": "AssignString", "path": ["default_hyperparameter", "weights_summary"], "value": "top"}, "version": 65}
{"obj": {"type": "AssignString", "path": ["default_hyperparameter", "weights_save_path"], "value": "None"}, "version": 66}
{"obj": {"type": "AssignInt", "path": ["default_hyperparameter", "num_sanity_val_steps"], "value": 2}, "version": 67}
{"obj": {"type": "AssignString", "path": ["default_hyperparameter", "truncated_bptt_steps"], "value": "None"}, "version": 68}
{"obj": {"type": "AssignString", "path": ["default_hyperparameter", "resume_from_checkpoint"], "value": "None"}, "version": 69}
{"obj": {"type": "AssignString", "path": ["default_hyperparameter", "profiler"], "value": "None"}, "version": 70}
{"obj": {"type": "AssignBool", "path": ["default_hyperparameter", "benchmark"], "value": false}, "version": 71}
{"obj": {"type": "AssignBool", "path": ["default_hyperparameter", "deterministic"], "value": false}, "version": 72}
{"obj": {"type": "AssignBool", "path": ["default_hyperparameter", "reload_dataloaders_every_epoch"], "value": false}, "version": 73}
{"obj": {"type": "AssignBool", "path": ["default_hyperparameter", "auto_lr_find"], "value": false}, "version": 74}
{"obj": {"type": "AssignBool", "path": ["default_hyperparameter", "replace_sampler_ddp"], "value": true}, "version": 75}
{"obj": {"type": "AssignBool", "path": ["default_hyperparameter", "terminate_on_nan"], "value": false}, "version": 76}
{"obj": {"type": "AssignBool", "path": ["default_hyperparameter", "auto_scale_batch_size"], "value": false}, "version": 77}
{"obj": {"type": "AssignBool", "path": ["default_hyperparameter", "prepare_data_per_node"], "value": true}, "version": 78}
{"obj": {"type": "AssignString", "path": ["default_hyperparameter", "plugins"], "value": "None"}, "version": 79}
{"obj": {"type": "AssignString", "path": ["default_hyperparameter", "amp_backend"], "value": "native"}, "version": 80}
{"obj": {"type": "AssignString", "path": ["default_hyperparameter", "amp_level"], "value": "O2"}, "version": 81}
{"obj": {"type": "AssignString", "path": ["default_hyperparameter", "distributed_backend"], "value": "None"}, "version": 82}
{"obj": {"type": "AssignBool", "path": ["default_hyperparameter", "move_metrics_to_cpu"], "value": false}, "version": 83}
{"obj": {"type": "AssignString", "path": ["default_hyperparameter", "multiple_trainloader_mode"], "value": "max_size_cycle"}, "version": 84}
{"obj": {"type": "AssignBool", "path": ["default_hyperparameter", "stochastic_weight_avg"], "value": false}, "version": 85}
{"obj": {"type": "AssignString", "path": ["default_hyperparameter", "optimizer"], "value": "Adam"}, "version": 86}
{"obj": {"type": "AssignFloat", "path": ["default_hyperparameter", "Adadelta", "lr"], "value": 1.0}, "version": 87}
{"obj": {"type": "AssignFloat", "path": ["default_hyperparameter", "Adadelta", "rho"], "value": 0.9}, "version": 88}
{"obj": {"type": "AssignFloat", "path": ["default_hyperparameter", "Adadelta", "eps"], "value": 1e-06}, "version": 89}
{"obj": {"type": "AssignInt", "path": ["default_hyperparameter", "Adadelta", "weight_decay"], "value": 0}, "version": 90}
{"obj": {"type": "AssignFloat", "path": ["default_hyperparameter", "Adagrad", "lr"], "value": 0.01}, "version": 91}
{"obj": {"type": "AssignInt", "path": ["default_hyperparameter", "Adagrad", "lr_decay"], "value": 0}, "version": 92}
{"obj": {"type": "AssignInt", "path": ["default_hyperparameter", "Adagrad", "weight_decay"], "value": 0}, "version": 93}
{"obj": {"type": "AssignInt", "path": ["default_hyperparameter", "Adagrad", "initial_accumulator_value"], "value": 0}, "version": 94}
{"obj": {"type": "AssignFloat", "path": ["default_hyperparameter", "Adagrad", "eps"], "value": 1e-10}, "version": 95}
{"obj": {"type": "AssignFloat", "path": ["default_hyperparameter", "Adam", "lr"], "value": 0.001}, "version": 96}
{"obj": {"type": "AssignString", "path": ["default_hyperparameter", "Adam", "betas"], "value": "(0.9, 0.999)"}, "version": 97}
{"obj": {"type": "AssignFloat", "path": ["default_hyperparameter", "Adam", "eps"], "value": 1e-08}, "version": 98}
{"obj": {"type": "AssignInt", "path": ["default_hyperparameter", "Adam", "weight_decay"], "value": 0}, "version": 99}
{"obj": {"type": "AssignBool", "path": ["default_hyperparameter", "Adam", "amsgrad"], "value": false}, "version": 100}
{"obj": {"type": "AssignFloat", "path": ["default_hyperparameter", "AdamW", "lr"], "value": 0.001}, "version": 101}
{"obj": {"type": "AssignString", "path": ["default_hyperparameter", "AdamW", "betas"], "value": "(0.9, 0.999)"}, "version": 102}
{"obj": {"type": "AssignFloat", "path": ["default_hyperparameter", "AdamW", "eps"], "value": 1e-08}, "version": 103}
{"obj": {"type": "AssignFloat", "path": ["default_hyperparameter", "AdamW", "weight_decay"], "value": 0.01}, "version": 104}
{"obj": {"type": "AssignBool", "path": ["default_hyperparameter", "AdamW", "amsgrad"], "value": false}, "version": 105}
{"obj": {"type": "AssignFloat", "path": ["default_hyperparameter", "SparseAdam", "lr"], "value": 0.001}, "version": 106}
{"obj": {"type": "AssignString", "path": ["default_hyperparameter", "SparseAdam", "betas"], "value": "(0.9, 0.999)"}, "version": 107}
{"obj": {"type": "AssignFloat", "path": ["default_hyperparameter", "SparseAdam", "eps"], "value": 1e-08}, "version": 108}
{"obj": {"type": "AssignFloat", "path": ["default_hyperparameter", "Adamax", "lr"], "value": 0.002}, "version": 109}
{"obj": {"type": "AssignString", "path": ["default_hyperparameter", "Adamax", "betas"], "value": "(0.9, 0.999)"}, "version": 110}
{"obj": {"type": "AssignFloat", "path": ["default_hyperparameter", "Adamax", "eps"], "value": 1e-08}, "version": 111}
{"obj": {"type": "AssignInt", "path": ["default_hyperparameter", "Adamax", "weight_decay"], "value": 0}, "version": 112}
{"obj": {"type": "AssignFloat", "path": ["default_hyperparameter", "ASGD", "lr"], "value": 0.01}, "version": 113}
{"obj": {"type": "AssignFloat", "path": ["default_hyperparameter", "ASGD", "lambd"], "value": 0.0001}, "version": 114}
{"obj": {"type": "AssignFloat", "path": ["default_hyperparameter", "ASGD", "alpha"], "value": 0.75}, "version": 115}
{"obj": {"type": "AssignFloat", "path": ["default_hyperparameter", "ASGD", "t0"], "value": 1000000.0}, "version": 116}
{"obj": {"type": "AssignInt", "path": ["default_hyperparameter", "ASGD", "weight_decay"], "value": 0}, "version": 117}
{"obj": {"type": "AssignInt", "path": ["default_hyperparameter", "LBFGS", "lr"], "value": 1}, "version": 118}
{"obj": {"type": "AssignInt", "path": ["default_hyperparameter", "LBFGS", "max_iter"], "value": 20}, "version": 119}
{"obj": {"type": "AssignString", "path": ["default_hyperparameter", "LBFGS", "max_eval"], "value": "None"}, "version": 120}
{"obj": {"type": "AssignFloat", "path": ["default_hyperparameter", "LBFGS", "tolerance_grad"], "value": 1e-07}, "version": 121}
{"obj": {"type": "AssignFloat", "path": ["default_hyperparameter", "LBFGS", "tolerance_change"], "value": 1e-09}, "version": 122}
{"obj": {"type": "AssignInt", "path": ["default_hyperparameter", "LBFGS", "history_size"], "value": 100}, "version": 123}
{"obj": {"type": "AssignString", "path": ["default_hyperparameter", "LBFGS", "line_search_fn"], "value": "None"}, "version": 124}
{"obj": {"type": "AssignFloat", "path": ["default_hyperparameter", "RMSprop", "lr"], "value": 0.01}, "version": 125}
{"obj": {"type": "AssignFloat", "path": ["default_hyperparameter", "RMSprop", "alpha"], "value": 0.99}, "version": 126}
{"obj": {"type": "AssignFloat", "path": ["default_hyperparameter", "RMSprop", "eps"], "value": 1e-08}, "version": 127}
{"obj": {"type": "AssignInt", "path": ["default_hyperparameter", "RMSprop", "weight_decay"], "value": 0}, "version": 128}
{"obj": {"type": "AssignInt", "path": ["default_hyperparameter", "RMSprop", "momentum"], "value": 0}, "version": 129}
{"obj": {"type": "AssignBool", "path": ["default_hyperparameter", "RMSprop", "centered"], "value": false}, "version": 130}
{"obj": {"type": "AssignFloat", "path": ["default_hyperparameter", "Rprop", "lr"], "value": 0.01}, "version": 131}
{"obj": {"type": "AssignString", "path": ["default_hyperparameter", "Rprop", "etas"], "value": "(0.5, 1.2)"}, "version": 132}
{"obj": {"type": "AssignString", "path": ["default_hyperparameter", "Rprop", "step_sizes"], "value": "(1e-06, 50)"}, "version": 133}
{"obj": {"type": "AssignFloat", "path": ["default_hyperparameter", "SGD", "lr"], "value": 0.01}, "version": 134}
{"obj": {"type": "AssignInt", "path": ["default_hyperparameter", "SGD", "momentum"], "value": 0}, "version": 135}
{"obj": {"type": "AssignInt", "path": ["default_hyperparameter", "SGD", "dampening"], "value": 0}, "version": 136}
{"obj": {"type": "AssignInt", "path": ["default_hyperparameter", "SGD", "weight_decay"], "value": 0}, "version": 137}
{"obj": {"type": "AssignBool", "path": ["default_hyperparameter", "SGD", "nesterov"], "value": false}, "version": 138}
{"obj": {"type": "AssignInt", "path": ["default_hyperparameter", "last_epoch"], "value": -1}, "version": 139}
{"obj": {"type": "AssignBool", "path": ["default_hyperparameter", "verbose"], "value": false}, "version": 140}
{"obj": {"type": "AssignString", "path": ["default_hyperparameter", "LambdaLR", "lr_lambda"], "value": "None"}, "version": 141}
{"obj": {"type": "AssignString", "path": ["default_hyperparameter", "MultiplicativeLR", "lr_lambda"], "value": "None"}, "version": 142}
{"obj": {"type": "AssignString", "path": ["default_hyperparameter", "MultiStepLR", "milestones"], "value": "None"}, "version": 143}
{"obj": {"type": "AssignFloat", "path": ["default_hyperparameter", "MultiStepLR", "gamma"], "value": 0.1}, "version": 144}
{"obj": {"type": "AssignString", "path": ["default_hyperparameter", "ExponentialLR", "gamma"], "value": "None"}, "version": 145}
{"obj": {"type": "AssignString", "path": ["default_hyperparameter", "CosineAnnealingLR", "T_max"], "value": "None"}, "version": 146}
{"obj": {"type": "AssignInt", "path": ["default_hyperparameter", "CosineAnnealingLR", "eta_min"], "value": 0}, "version": 147}
{"obj": {"type": "AssignString", "path": ["default_hyperparameter", "CosineAnnealingWarmRestarts", "T_0"], "value": "None"}, "version": 148}
{"obj": {"type": "AssignInt", "path": ["default_hyperparameter", "CosineAnnealingWarmRestarts", "T_mult"], "value": 1}, "version": 149}
{"obj": {"type": "AssignInt", "path": ["default_hyperparameter", "CosineAnnealingWarmRestarts", "eta_min"], "value": 0}, "version": 150}
{"obj": {"type": "AssignBool", "path": ["default_hyperparameter", "train_shuffle"], "value": false}, "version": 151}
{"obj": {"type": "AssignString", "path": ["default_hyperparameter", "train_sampler"], "value": "None"}, "version": 152}
{"obj": {"type": "AssignString", "path": ["default_hyperparameter", "train_batch_sampler"], "value": "None"}, "version": 153}
{"obj": {"type": "AssignInt", "path": ["default_hyperparameter", "train_num_workers"], "value": 0}, "version": 154}
{"obj": {"type": "AssignString", "path": ["default_hyperparameter", "train_collate_fn"], "value": "None"}, "version": 155}
{"obj": {"type": "AssignBool", "path": ["default_hyperparameter", "train_pin_memory"], "value": false}, "version": 156}
{"obj": {"type": "AssignBool", "path": ["default_hyperparameter", "train_drop_last"], "value": false}, "version": 157}
{"obj": {"type": "AssignInt", "path": ["default_hyperparameter", "train_timeout"], "value": 0}, "version": 158}
{"obj": {"type": "AssignString", "path": ["default_hyperparameter", "train_worker_init_fn"], "value": "None"}, "version": 159}
{"obj": {"type": "AssignInt", "path": ["default_hyperparameter", "train_prefetch_factor"], "value": 2}, "version": 160}
{"obj": {"type": "AssignBool", "path": ["default_hyperparameter", "train_persistent_workers"], "value": false}, "version": 161}
{"obj": {"type": "AssignInt", "path": ["default_hyperparameter", "validation_batch_size"], "value": -1}, "version": 162}
{"obj": {"type": "AssignBool", "path": ["default_hyperparameter", "validation_shuffle"], "value": false}, "version": 163}
{"obj": {"type": "AssignString", "path": ["default_hyperparameter", "validation_sampler"], "value": "None"}, "version": 164}
{"obj": {"type": "AssignString", "path": ["default_hyperparameter", "validation_batch_sampler"], "value": "None"}, "version": 165}
{"obj": {"type": "AssignInt", "path": ["default_hyperparameter", "validation_num_workers"], "value": 0}, "version": 166}
{"obj": {"type": "AssignString", "path": ["default_hyperparameter", "validation_collate_fn"], "value": "None"}, "version": 167}
{"obj": {"type": "AssignBool", "path": ["default_hyperparameter", "validation_pin_memory"], "value": false}, "version": 168}
{"obj": {"type": "AssignBool", "path": ["default_hyperparameter", "validation_drop_last"], "value": false}, "version": 169}
{"obj": {"type": "AssignInt", "path": ["default_hyperparameter", "validation_timeout"], "value": 0}, "version": 170}
{"obj": {"type": "AssignString", "path": ["default_hyperparameter", "validation_worker_init_fn"], "value": "None"}, "version": 171}
{"obj": {"type": "AssignInt", "path": ["default_hyperparameter", "validation_prefetch_factor"], "value": 2}, "version": 172}
{"obj": {"type": "AssignBool", "path": ["default_hyperparameter", "validation_persistent_workers"], "value": false}, "version": 173}
{"obj": {"type": "AssignInt", "path": ["default_hyperparameter", "kfold"], "value": 3}, "version": 174}
{"obj": {"type": "AssignInt", "path": ["default_hyperparameter", "random_seed"], "value": 0}, "version": 175}
{"obj": {"type": "AssignString", "path": ["default_hyperparameter", "validation_ratio"], "value": "None"}, "version": 176}
{"obj": {"type": "AssignString", "path": ["default_hyperparameter", "save_path"], "value": "logs"}, "version": 177}
{"obj": {"type": "AssignInt", "path": ["default_hyperparameter", "saved_top_k"], "value": 3}, "version": 178}
{"obj": {"type": "LogFloats", "path": ["loss", "train_step"], "values": [{"value": 30.49773406982422, "step": null, "ts": 1626168520.785271}]}, "version": 179}
{"obj": {"type": "LogFloats", "path": ["loss", "train_step"], "values": [{"value": 35.516761779785156, "step": null, "ts": 1626168520.7979765}]}, "version": 180}
{"obj": {"type": "LogFloats", "path": ["loss", "train_step"], "values": [{"value": 31.83795166015625, "step": null, "ts": 1626168520.8071005}]}, "version": 181}
{"obj": {"type": "LogFloats", "path": ["loss", "train_step"], "values": [{"value": 29.71851921081543, "step": null, "ts": 1626168520.816197}]}, "version": 182}
{"obj": {"type": "LogFloats", "path": ["loss", "train_step"], "values": [{"value": 21.70551300048828, "step": null, "ts": 1626168520.825646}]}, "version": 183}
{"obj": {"type": "LogFloats", "path": ["loss", "train_step"], "values": [{"value": 31.71180534362793, "step": null, "ts": 1626168520.837142}]}, "version": 184}
{"obj": {"type": "LogFloats", "path": ["loss", "train_step"], "values": [{"value": 28.117534637451172, "step": null, "ts": 1626168520.8476207}]}, "version": 185}
{"obj": {"type": "LogFloats", "path": ["loss", "train_step"], "values": [{"value": 23.753210067749023, "step": null, "ts": 1626168520.856031}]}, "version": 186}
{"obj": {"type": "LogFloats", "path": ["loss", "train_epoch"], "values": [{"value": 29.107378721237183, "step": null, "ts": 1626168520.8671691}]}, "version": 187}
{"obj": {"type": "LogFloats", "path": ["loss", "valid_step"], "values": [{"value": 24.095251083374023, "step": null, "ts": 1626168520.9226704}]}, "version": 188}
{"obj": {"type": "LogFloats", "path": ["loss", "valid_epoch"], "values": [{"value": 24.095251083374023, "step": null, "ts": 1626168520.92461}]}, "version": 189}
{"obj": {"type": "LogStrings", "path": ["monitoring", "stdout"], "values": [{"value": "0 epoch, train_loss : 29.1074, val_loss : 24.0953", "step": null, "ts": 1626168520.9261682}]}, "version": 190}
{"obj": {"type": "LogStrings", "path": ["monitoring", "stdout"], "values": [{"value": "\n", "step": null, "ts": 1626168520.9286501}]}, "version": 191}
{"obj": {"type": "LogStrings", "path": ["monitoring", "stdout"], "values": [{"value": "\n", "step": null, "ts": 1626168520.931321}]}, "version": 192}
{"obj": {"type": "LogFloats", "path": ["loss", "train_step"], "values": [{"value": 21.743898391723633, "step": null, "ts": 1626168520.9536471}]}, "version": 193}
{"obj": {"type": "LogFloats", "path": ["loss", "train_step"], "values": [{"value": 25.893756866455078, "step": null, "ts": 1626168520.9628203}]}, "version": 194}
{"obj": {"type": "LogFloats", "path": ["loss", "train_step"], "values": [{"value": 22.730365753173828, "step": null, "ts": 1626168520.9718144}]}, "version": 195}
{"obj": {"type": "LogFloats", "path": ["loss", "train_step"], "values": [{"value": 21.064016342163086, "step": null, "ts": 1626168520.9812214}]}, "version": 196}
{"obj": {"type": "LogFloats", "path": ["loss", "train_step"], "values": [{"value": 14.892675399780273, "step": null, "ts": 1626168521.00171}]}, "version": 197}
{"obj": {"type": "LogFloats", "path": ["loss", "train_step"], "values": [{"value": 22.39324951171875, "step": null, "ts": 1626168521.013642}]}, "version": 198}
{"obj": {"type": "LogFloats", "path": ["loss", "train_step"], "values": [{"value": 19.107173919677734, "step": null, "ts": 1626168521.022897}]}, "version": 199}
{"obj": {"type": "LogFloats", "path": ["loss", "train_step"], "values": [{"value": 16.05134391784668, "step": null, "ts": 1626168521.031403}]}, "version": 200}
{"obj": {"type": "LogFloats", "path": ["loss", "train_epoch"], "values": [{"value": 20.484560012817383, "step": null, "ts": 1626168521.0421863}]}, "version": 201}
{"obj": {"type": "LogFloats", "path": ["loss", "valid_step"], "values": [{"value": 16.179393768310547, "step": null, "ts": 1626168521.101518}]}, "version": 202}
{"obj": {"type": "LogFloats", "path": ["loss", "valid_epoch"], "values": [{"value": 16.179393768310547, "step": null, "ts": 1626168521.1035225}]}, "version": 203}
{"obj": {"type": "LogStrings", "path": ["monitoring", "stdout"], "values": [{"value": "\r1 epoch, train_loss : 20.4846, val_loss : 24.0953 -> 16.1794\n", "step": null, "ts": 1626168521.1046445}]}, "version": 204}
{"obj": {"type": "LogStrings", "path": ["monitoring", "stdout"], "values": [{"value": "\n", "step": null, "ts": 1626168521.1054752}]}, "version": 205}
{"obj": {"type": "LogFloats", "path": ["loss", "train_step"], "values": [{"value": 14.55449104309082, "step": null, "ts": 1626168521.1202924}]}, "version": 206}
{"obj": {"type": "LogFloats", "path": ["loss", "train_step"], "values": [{"value": 17.559770584106445, "step": null, "ts": 1626168521.1316361}]}, "version": 207}
{"obj": {"type": "LogFloats", "path": ["loss", "train_step"], "values": [{"value": 14.826257705688477, "step": null, "ts": 1626168521.14308}]}, "version": 208}
{"obj": {"type": "LogFloats", "path": ["loss", "train_step"], "values": [{"value": 13.62265396118164, "step": null, "ts": 1626168521.1551337}]}, "version": 209}
{"obj": {"type": "LogFloats", "path": ["loss", "train_step"], "values": [{"value": 9.701581954956055, "step": null, "ts": 1626168521.1654336}]}, "version": 210}
{"obj": {"type": "LogFloats", "path": ["loss", "train_step"], "values": [{"value": 14.363722801208496, "step": null, "ts": 1626168521.17457}]}, "version": 211}
{"obj": {"type": "LogFloats", "path": ["loss", "train_step"], "values": [{"value": 11.572680473327637, "step": null, "ts": 1626168521.1847613}]}, "version": 212}
{"obj": {"type": "LogFloats", "path": ["loss", "train_step"], "values": [{"value": 10.335467338562012, "step": null, "ts": 1626168521.1929643}]}, "version": 213}
{"obj": {"type": "LogFloats", "path": ["loss", "train_epoch"], "values": [{"value": 13.317078232765198, "step": null, "ts": 1626168521.2061515}]}, "version": 214}
{"obj": {"type": "LogFloats", "path": ["loss", "valid_step"], "values": [{"value": 10.336283683776855, "step": null, "ts": 1626168521.2672074}]}, "version": 215}
{"obj": {"type": "LogFloats", "path": ["loss", "valid_epoch"], "values": [{"value": 10.336283683776855, "step": null, "ts": 1626168521.269969}]}, "version": 216}
{"obj": {"type": "LogStrings", "path": ["monitoring", "stdout"], "values": [{"value": "\r2 epoch, train_loss : 13.3171, val_loss : 16.1794 -> 10.3363\n", "step": null, "ts": 1626168521.2714949}]}, "version": 217}
{"obj": {"type": "LogStrings", "path": ["monitoring", "stdout"], "values": [{"value": "\n", "step": null, "ts": 1626168521.2726545}]}, "version": 218}
{"obj": {"type": "LogFloats", "path": ["loss", "train_step"], "values": [{"value": 9.543764114379883, "step": null, "ts": 1626168521.292734}]}, "version": 219}
{"obj": {"type": "LogFloats", "path": ["loss", "train_step"], "values": [{"value": 11.456095695495605, "step": null, "ts": 1626168521.304575}]}, "version": 220}
{"obj": {"type": "LogFloats", "path": ["loss", "train_step"], "values": [{"value": 9.367635726928711, "step": null, "ts": 1626168521.3145452}]}, "version": 221}
{"obj": {"type": "LogFloats", "path": ["loss", "train_step"], "values": [{"value": 9.050007820129395, "step": null, "ts": 1626168521.324541}]}, "version": 222}
{"obj": {"type": "LogFloats", "path": ["loss", "train_step"], "values": [{"value": 7.723916053771973, "step": null, "ts": 1626168521.3352776}]}, "version": 223}
{"obj": {"type": "LogFloats", "path": ["loss", "train_step"], "values": [{"value": 9.568868637084961, "step": null, "ts": 1626168521.3467658}]}, "version": 224}
{"obj": {"type": "LogFloats", "path": ["loss", "train_step"], "values": [{"value": 7.491813659667969, "step": null, "ts": 1626168521.3580718}]}, "version": 225}
{"obj": {"type": "LogFloats", "path": ["loss", "train_step"], "values": [{"value": 8.274423599243164, "step": null, "ts": 1626168521.3681111}]}, "version": 226}
{"obj": {"type": "LogFloats", "path": ["loss", "train_epoch"], "values": [{"value": 9.059565663337708, "step": null, "ts": 1626168521.377782}]}, "version": 227}
{"obj": {"type": "LogFloats", "path": ["loss", "valid_step"], "values": [{"value": 8.197848320007324, "step": null, "ts": 1626168521.4650657}]}, "version": 228}
{"obj": {"type": "LogFloats", "path": ["loss", "valid_epoch"], "values": [{"value": 8.197848320007324, "step": null, "ts": 1626168521.4675756}]}, "version": 229}
{"obj": {"type": "LogStrings", "path": ["monitoring", "stdout"], "values": [{"value": "\r3 epoch, train_loss : 9.0596, val_loss : 10.3363 -> 8.1978\n", "step": null, "ts": 1626168521.4690928}]}, "version": 230}
{"obj": {"type": "LogStrings", "path": ["monitoring", "stdout"], "values": [{"value": "\n", "step": null, "ts": 1626168521.4704}]}, "version": 231}
{"obj": {"type": "LogFloats", "path": ["loss", "train_step"], "values": [{"value": 8.180630683898926, "step": null, "ts": 1626168521.4917831}]}, "version": 232}
{"obj": {"type": "LogFloats", "path": ["loss", "train_step"], "values": [{"value": 9.138359069824219, "step": null, "ts": 1626168521.5010374}]}, "version": 233}
{"obj": {"type": "LogFloats", "path": ["loss", "train_step"], "values": [{"value": 7.631872177124023, "step": null, "ts": 1626168521.511087}]}, "version": 234}
{"obj": {"type": "LogFloats", "path": ["loss", "train_step"], "values": [{"value": 8.211576461791992, "step": null, "ts": 1626168521.5203702}]}, "version": 235}
{"obj": {"type": "LogFloats", "path": ["loss", "train_step"], "values": [{"value": 8.864429473876953, "step": null, "ts": 1626168521.5318053}]}, "version": 236}
{"obj": {"type": "LogFloats", "path": ["loss", "train_step"], "values": [{"value": 8.469964981079102, "step": null, "ts": 1626168521.5413303}]}, "version": 237}
{"obj": {"type": "LogFloats", "path": ["loss", "train_step"], "values": [{"value": 6.849006652832031, "step": null, "ts": 1626168521.5521216}]}, "version": 238}
{"obj": {"type": "LogFloats", "path": ["loss", "train_step"], "values": [{"value": 8.832341194152832, "step": null, "ts": 1626168521.5609546}]}, "version": 239}
{"obj": {"type": "LogFloats", "path": ["loss", "train_epoch"], "values": [{"value": 8.27227258682251, "step": null, "ts": 1626168521.5736856}]}, "version": 240}
{"obj": {"type": "LogFloats", "path": ["loss", "valid_step"], "values": [{"value": 8.501108169555664, "step": null, "ts": 1626168521.6377962}]}, "version": 241}
{"obj": {"type": "LogFloats", "path": ["loss", "valid_epoch"], "values": [{"value": 8.501108169555664, "step": null, "ts": 1626168521.6399012}]}, "version": 242}
{"obj": {"type": "LogStrings", "path": ["monitoring", "stdout"], "values": [{"value": "\r4 epoch, train_loss : 8.2723, val_loss : 8.1978 -> 8.5011\n", "step": null, "ts": 1626168521.6413157}]}, "version": 243}
{"obj": {"type": "LogStrings", "path": ["monitoring", "stdout"], "values": [{"value": "\n", "step": null, "ts": 1626168521.6422133}]}, "version": 244}
{"obj": {"type": "LogStrings", "path": ["monitoring", "stdout"], "values": [{"value": "b''", "step": null, "ts": 1626168526.018899}]}, "version": 245}
{"obj": {"type": "LogStrings", "path": ["monitoring", "stdout"], "values": [{"value": "b'https://app.neptune.ai/sangyeop-kim/sample/e/SAM-113\\n'", "step": null, "ts": 1626168526.0211346}]}, "version": 246}
{"obj": {"type": "LogStrings", "path": ["monitoring", "stdout"], "values": [{"value": "b'Remember to stop your run once you\\xe2\\x80\\x99ve finished logging your metadata (https://docs.neptune.ai/api-reference/run#stop). It will be stopped automatically only when the notebook kernel/interactive console is terminated.\\n'", "step": null, "ts": 1626168526.024725}]}, "version": 247}
{"obj": {"type": "LogStrings", "path": ["monitoring", "stdout"], "values": [{"value": "0 epoch, train_loss : 31.8314, val_loss : 20.7736", "step": null, "ts": 1626168526.7585146}]}, "version": 248}
{"obj": {"type": "LogStrings", "path": ["monitoring", "stdout"], "values": [{"value": "\n", "step": null, "ts": 1626168526.7597313}]}, "version": 249}
{"obj": {"type": "LogStrings", "path": ["monitoring", "stdout"], "values": [{"value": "\n", "step": null, "ts": 1626168526.7609816}]}, "version": 250}
{"obj": {"type": "LogStrings", "path": ["monitoring", "stdout"], "values": [{"value": "\r1 epoch, train_loss : 22.0972, val_loss : 20.7736 -> 14.7965\n", "step": null, "ts": 1626168526.9054735}]}, "version": 251}
{"obj": {"type": "LogStrings", "path": ["monitoring", "stdout"], "values": [{"value": "\n", "step": null, "ts": 1626168526.9065347}]}, "version": 252}
{"obj": {"type": "LogStrings", "path": ["monitoring", "stdout"], "values": [{"value": "0 epoch, train_loss : 28.1865, val_loss : 20.8409", "step": null, "ts": 1626168527.2212896}]}, "version": 253}
{"obj": {"type": "LogStrings", "path": ["monitoring", "stdout"], "values": [{"value": "\n", "step": null, "ts": 1626168527.2220542}]}, "version": 254}
{"obj": {"type": "LogStrings", "path": ["monitoring", "stdout"], "values": [{"value": "\n", "step": null, "ts": 1626168527.222802}]}, "version": 255}
{"obj": {"type": "LogStrings", "path": ["monitoring", "stdout"], "values": [{"value": "\r1 epoch, train_loss : 20.9228, val_loss : 20.8409 -> 15.1786\n", "step": null, "ts": 1626168527.3584135}]}, "version": 256}
{"obj": {"type": "LogStrings", "path": ["monitoring", "stdout"], "values": [{"value": "\n", "step": null, "ts": 1626168527.3595057}]}, "version": 257}
{"obj": {"type": "LogStrings", "path": ["monitoring", "stdout"], "values": [{"value": "0 epoch, train_loss : 28.7984, val_loss : 29.5093", "step": null, "ts": 1626168527.655696}]}, "version": 258}
{"obj": {"type": "LogStrings", "path": ["monitoring", "stdout"], "values": [{"value": "\n", "step": null, "ts": 1626168527.6566987}]}, "version": 259}
{"obj": {"type": "LogStrings", "path": ["monitoring", "stdout"], "values": [{"value": "\n", "step": null, "ts": 1626168527.6576602}]}, "version": 260}
{"obj": {"type": "LogStrings", "path": ["monitoring", "stdout"], "values": [{"value": "\r1 epoch, train_loss : 21.5748, val_loss : 29.5093 -> 22.0714\n", "step": null, "ts": 1626168527.7966216}]}, "version": 261}
{"obj": {"type": "LogStrings", "path": ["monitoring", "stdout"], "values": [{"value": "\n", "step": null, "ts": 1626168527.797882}]}, "version": 262}
{"obj": {"type": "LogFloats", "path": ["monitoring", "cpu"], "values": [{"value": 17.4, "step": null, "ts": 1626168530.1809068}]}, "version": 263}
{"obj": {"type": "LogFloats", "path": ["monitoring", "memory"], "values": [{"value": 20.655529022216797, "step": null, "ts": 1626168530.1809068}]}, "version": 264}
{"obj": {"type": "LogFloats", "path": ["monitoring", "gpu"], "values": [{"value": 7.0, "step": null, "ts": 1626168530.1809068}]}, "version": 265}
{"obj": {"type": "LogFloats", "path": ["monitoring", "gpu_memory"], "values": [{"value": 2.74365234375, "step": null, "ts": 1626168530.1809068}]}, "version": 266}
{"obj": {"type": "LogStrings", "path": ["monitoring", "stdout"], "values": [{"value": "b''", "step": null, "ts": 1626168531.9824438}]}, "version": 267}
{"obj": {"type": "LogStrings", "path": ["monitoring", "stdout"], "values": [{"value": "b'https://app.neptune.ai/sangyeop-kim/sample/e/SAM-114\\n'", "step": null, "ts": 1626168531.9861166}]}, "version": 268}
{"obj": {"type": "LogStrings", "path": ["monitoring", "stdout"], "values": [{"value": "b'Remember to stop your run once you\\xe2\\x80\\x99ve finished logging your metadata (https://docs.neptune.ai/api-reference/run#stop). It will be stopped automatically only when the notebook kernel/interactive console is terminated.\\n'", "step": null, "ts": 1626168531.990037}]}, "version": 269}
{"obj": {"type": "LogFloats", "path": ["monitoring", "cpu"], "values": [{"value": 21.3, "step": null, "ts": 1626168540.1832657}]}, "version": 270}
{"obj": {"type": "LogFloats", "path": ["monitoring", "memory"], "values": [{"value": 20.686981201171875, "step": null, "ts": 1626168540.1832657}]}, "version": 271}
{"obj": {"type": "LogFloats", "path": ["monitoring", "gpu"], "values": [{"value": 17.0, "step": null, "ts": 1626168540.1832657}]}, "version": 272}
{"obj": {"type": "LogFloats", "path": ["monitoring", "gpu_memory"], "values": [{"value": 2.75531005859375, "step": null, "ts": 1626168540.1832657}]}, "version": 273}
{"obj": {"type": "LogFloats", "path": ["monitoring", "cpu"], "values": [{"value": 13.1, "step": null, "ts": 1626168550.1862643}]}, "version": 274}
{"obj": {"type": "LogFloats", "path": ["monitoring", "memory"], "values": [{"value": 20.662391662597656, "step": null, "ts": 1626168550.1862643}]}, "version": 275}
{"obj": {"type": "LogFloats", "path": ["monitoring", "gpu"], "values": [{"value": 5.0, "step": null, "ts": 1626168550.1862643}]}, "version": 276}
{"obj": {"type": "LogFloats", "path": ["monitoring", "gpu_memory"], "values": [{"value": 2.7103271484375, "step": null, "ts": 1626168550.1862643}]}, "version": 277}
{"obj": {"type": "LogFloats", "path": ["monitoring", "cpu"], "values": [{"value": 13.4, "step": null, "ts": 1626168560.1886482}]}, "version": 278}
{"obj": {"type": "LogFloats", "path": ["monitoring", "memory"], "values": [{"value": 20.638626098632812, "step": null, "ts": 1626168560.1886482}]}, "version": 279}
{"obj": {"type": "LogFloats", "path": ["monitoring", "gpu"], "values": [{"value": 28.0, "step": null, "ts": 1626168560.1886482}]}, "version": 280}
{"obj": {"type": "LogFloats", "path": ["monitoring", "gpu_memory"], "values": [{"value": 2.7109375, "step": null, "ts": 1626168560.1886482}]}, "version": 281}
{"obj": {"type": "LogFloats", "path": ["monitoring", "cpu"], "values": [{"value": 11.2, "step": null, "ts": 1626168570.1909328}]}, "version": 282}
{"obj": {"type": "LogFloats", "path": ["monitoring", "memory"], "values": [{"value": 20.624950408935547, "step": null, "ts": 1626168570.1909328}]}, "version": 283}
{"obj": {"type": "LogFloats", "path": ["monitoring", "gpu"], "values": [{"value": 28.0, "step": null, "ts": 1626168570.1909328}]}, "version": 284}
{"obj": {"type": "LogFloats", "path": ["monitoring", "gpu_memory"], "values": [{"value": 2.710205078125, "step": null, "ts": 1626168570.1909328}]}, "version": 285}
{"obj": {"type": "LogFloats", "path": ["monitoring", "cpu"], "values": [{"value": 20.0, "step": null, "ts": 1626168580.1935964}]}, "version": 286}
{"obj": {"type": "LogFloats", "path": ["monitoring", "memory"], "values": [{"value": 20.663990020751953, "step": null, "ts": 1626168580.1935964}]}, "version": 287}
{"obj": {"type": "LogFloats", "path": ["monitoring", "gpu"], "values": [{"value": 21.0, "step": null, "ts": 1626168580.1935964}]}, "version": 288}
{"obj": {"type": "LogFloats", "path": ["monitoring", "gpu_memory"], "values": [{"value": 2.750732421875, "step": null, "ts": 1626168580.1935964}]}, "version": 289}
{"obj": {"type": "LogFloats", "path": ["monitoring", "cpu"], "values": [{"value": 10.0, "step": null, "ts": 1626168590.1959772}]}, "version": 290}
{"obj": {"type": "LogFloats", "path": ["monitoring", "memory"], "values": [{"value": 20.578235626220703, "step": null, "ts": 1626168590.1959772}]}, "version": 291}
{"obj": {"type": "LogFloats", "path": ["monitoring", "gpu"], "values": [{"value": 4.0, "step": null, "ts": 1626168590.1959772}]}, "version": 292}
{"obj": {"type": "LogFloats", "path": ["monitoring", "gpu_memory"], "values": [{"value": 2.67535400390625, "step": null, "ts": 1626168590.1959772}]}, "version": 293}
{"obj": {"type": "LogFloats", "path": ["monitoring", "cpu"], "values": [{"value": 14.8, "step": null, "ts": 1626168600.1984253}]}, "version": 294}
{"obj": {"type": "LogFloats", "path": ["monitoring", "memory"], "values": [{"value": 20.605785369873047, "step": null, "ts": 1626168600.1984253}]}, "version": 295}
{"obj": {"type": "LogFloats", "path": ["monitoring", "gpu"], "values": [{"value": 7.0, "step": null, "ts": 1626168600.1984253}]}, "version": 296}
{"obj": {"type": "LogFloats", "path": ["monitoring", "gpu_memory"], "values": [{"value": 2.71783447265625, "step": null, "ts": 1626168600.1984253}]}, "version": 297}
{"obj": {"type": "LogFloats", "path": ["monitoring", "cpu"], "values": [{"value": 10.7, "step": null, "ts": 1626168610.200977}]}, "version": 298}
{"obj": {"type": "LogFloats", "path": ["monitoring", "memory"], "values": [{"value": 20.579578399658203, "step": null, "ts": 1626168610.200977}]}, "version": 299}
{"obj": {"type": "LogFloats", "path": ["monitoring", "gpu"], "values": [{"value": 4.0, "step": null, "ts": 1626168610.200977}]}, "version": 300}
{"obj": {"type": "LogFloats", "path": ["monitoring", "gpu_memory"], "values": [{"value": 2.70294189453125, "step": null, "ts": 1626168610.200977}]}, "version": 301}
{"obj": {"type": "LogFloats", "path": ["monitoring", "cpu"], "values": [{"value": 12.1, "step": null, "ts": 1626168620.2034376}]}, "version": 302}
{"obj": {"type": "LogFloats", "path": ["monitoring", "memory"], "values": [{"value": 20.588150024414062, "step": null, "ts": 1626168620.2034376}]}, "version": 303}
{"obj": {"type": "LogFloats", "path": ["monitoring", "gpu"], "values": [{"value": 62.0, "step": null, "ts": 1626168620.2034376}]}, "version": 304}
{"obj": {"type": "LogFloats", "path": ["monitoring", "gpu_memory"], "values": [{"value": 2.704833984375, "step": null, "ts": 1626168620.2034376}]}, "version": 305}
{"obj": {"type": "LogFloats", "path": ["monitoring", "cpu"], "values": [{"value": 23.4, "step": null, "ts": 1626168630.205319}]}, "version": 306}
{"obj": {"type": "LogFloats", "path": ["monitoring", "memory"], "values": [{"value": 20.633583068847656, "step": null, "ts": 1626168630.205319}]}, "version": 307}
{"obj": {"type": "LogFloats", "path": ["monitoring", "gpu"], "values": [{"value": 11.0, "step": null, "ts": 1626168630.205319}]}, "version": 308}
{"obj": {"type": "LogFloats", "path": ["monitoring", "gpu_memory"], "values": [{"value": 2.72149658203125, "step": null, "ts": 1626168630.205319}]}, "version": 309}
{"obj": {"type": "LogFloats", "path": ["monitoring", "cpu"], "values": [{"value": 13.4, "step": null, "ts": 1626168640.207452}]}, "version": 310}
{"obj": {"type": "LogFloats", "path": ["monitoring", "memory"], "values": [{"value": 20.586044311523438, "step": null, "ts": 1626168640.207452}]}, "version": 311}
{"obj": {"type": "LogFloats", "path": ["monitoring", "gpu"], "values": [{"value": 5.0, "step": null, "ts": 1626168640.207452}]}, "version": 312}
{"obj": {"type": "LogFloats", "path": ["monitoring", "gpu_memory"], "values": [{"value": 2.7008056640625, "step": null, "ts": 1626168640.207452}]}, "version": 313}
{"obj": {"type": "LogFloats", "path": ["monitoring", "cpu"], "values": [{"value": 15.7, "step": null, "ts": 1626168650.209633}]}, "version": 314}
{"obj": {"type": "LogFloats", "path": ["monitoring", "memory"], "values": [{"value": 20.600181579589844, "step": null, "ts": 1626168650.209633}]}, "version": 315}
{"obj": {"type": "LogFloats", "path": ["monitoring", "gpu"], "values": [{"value": 5.0, "step": null, "ts": 1626168650.209633}]}, "version": 316}
{"obj": {"type": "LogFloats", "path": ["monitoring", "gpu_memory"], "values": [{"value": 2.7138671875, "step": null, "ts": 1626168650.209633}]}, "version": 317}
{"obj": {"type": "LogFloats", "path": ["monitoring", "cpu"], "values": [{"value": 13.9, "step": null, "ts": 1626168660.212233}]}, "version": 318}
{"obj": {"type": "LogFloats", "path": ["monitoring", "memory"], "values": [{"value": 20.607624053955078, "step": null, "ts": 1626168660.212233}]}, "version": 319}
{"obj": {"type": "LogFloats", "path": ["monitoring", "gpu"], "values": [{"value": 6.0, "step": null, "ts": 1626168660.212233}]}, "version": 320}
{"obj": {"type": "LogFloats", "path": ["monitoring", "gpu_memory"], "values": [{"value": 2.71282958984375, "step": null, "ts": 1626168660.212233}]}, "version": 321}
{"obj": {"type": "LogFloats", "path": ["monitoring", "cpu"], "values": [{"value": 15.9, "step": null, "ts": 1626168670.21479}]}, "version": 322}
{"obj": {"type": "LogFloats", "path": ["monitoring", "memory"], "values": [{"value": 20.632278442382812, "step": null, "ts": 1626168670.21479}]}, "version": 323}
{"obj": {"type": "LogFloats", "path": ["monitoring", "gpu"], "values": [{"value": 25.0, "step": null, "ts": 1626168670.21479}]}, "version": 324}
{"obj": {"type": "LogFloats", "path": ["monitoring", "gpu_memory"], "values": [{"value": 2.71051025390625, "step": null, "ts": 1626168670.21479}]}, "version": 325}
{"obj": {"type": "LogFloats", "path": ["monitoring", "cpu"], "values": [{"value": 21.4, "step": null, "ts": 1626168680.2167387}]}, "version": 326}
{"obj": {"type": "LogFloats", "path": ["monitoring", "memory"], "values": [{"value": 20.64246368408203, "step": null, "ts": 1626168680.2167387}]}, "version": 327}
{"obj": {"type": "LogFloats", "path": ["monitoring", "gpu"], "values": [{"value": 25.0, "step": null, "ts": 1626168680.2167387}]}, "version": 328}
{"obj": {"type": "LogFloats", "path": ["monitoring", "gpu_memory"], "values": [{"value": 2.71209716796875, "step": null, "ts": 1626168680.2167387}]}, "version": 329}
{"obj": {"type": "LogFloats", "path": ["monitoring", "cpu"], "values": [{"value": 12.0, "step": null, "ts": 1626168690.2184126}]}, "version": 330}
{"obj": {"type": "LogFloats", "path": ["monitoring", "memory"], "values": [{"value": 20.615764617919922, "step": null, "ts": 1626168690.2184126}]}, "version": 331}
{"obj": {"type": "LogFloats", "path": ["monitoring", "gpu"], "values": [{"value": 20.0, "step": null, "ts": 1626168690.2184126}]}, "version": 332}
{"obj": {"type": "LogFloats", "path": ["monitoring", "gpu_memory"], "values": [{"value": 2.709716796875, "step": null, "ts": 1626168690.2184126}]}, "version": 333}
{"obj": {"type": "LogFloats", "path": ["monitoring", "cpu"], "values": [{"value": 11.4, "step": null, "ts": 1626168700.2206726}]}, "version": 334}
{"obj": {"type": "LogFloats", "path": ["monitoring", "memory"], "values": [{"value": 20.621463775634766, "step": null, "ts": 1626168700.2206726}]}, "version": 335}
{"obj": {"type": "LogFloats", "path": ["monitoring", "gpu"], "values": [{"value": 21.0, "step": null, "ts": 1626168700.2206726}]}, "version": 336}
{"obj": {"type": "LogFloats", "path": ["monitoring", "gpu_memory"], "values": [{"value": 2.70245361328125, "step": null, "ts": 1626168700.2206726}]}, "version": 337}
{"obj": {"type": "LogFloats", "path": ["monitoring", "cpu"], "values": [{"value": 12.3, "step": null, "ts": 1626168710.223134}]}, "version": 338}
{"obj": {"type": "LogFloats", "path": ["monitoring", "memory"], "values": [{"value": 20.606510162353516, "step": null, "ts": 1626168710.223134}]}, "version": 339}
{"obj": {"type": "LogFloats", "path": ["monitoring", "gpu"], "values": [{"value": 20.0, "step": null, "ts": 1626168710.223134}]}, "version": 340}
{"obj": {"type": "LogFloats", "path": ["monitoring", "gpu_memory"], "values": [{"value": 2.7021484375, "step": null, "ts": 1626168710.223134}]}, "version": 341}
{"obj": {"type": "LogFloats", "path": ["monitoring", "cpu"], "values": [{"value": 15.6, "step": null, "ts": 1626168720.2250874}]}, "version": 342}
{"obj": {"type": "LogFloats", "path": ["monitoring", "memory"], "values": [{"value": 20.595890045166016, "step": null, "ts": 1626168720.2250874}]}, "version": 343}
{"obj": {"type": "LogFloats", "path": ["monitoring", "gpu"], "values": [{"value": 23.0, "step": null, "ts": 1626168720.2250874}]}, "version": 344}
{"obj": {"type": "LogFloats", "path": ["monitoring", "gpu_memory"], "values": [{"value": 2.70721435546875, "step": null, "ts": 1626168720.2250874}]}, "version": 345}
{"obj": {"type": "LogFloats", "path": ["monitoring", "cpu"], "values": [{"value": 15.9, "step": null, "ts": 1626168730.227335}]}, "version": 346}
{"obj": {"type": "LogFloats", "path": ["monitoring", "memory"], "values": [{"value": 20.613773345947266, "step": null, "ts": 1626168730.227335}]}, "version": 347}
{"obj": {"type": "LogFloats", "path": ["monitoring", "gpu"], "values": [{"value": 25.0, "step": null, "ts": 1626168730.227335}]}, "version": 348}
{"obj": {"type": "LogFloats", "path": ["monitoring", "gpu_memory"], "values": [{"value": 2.7000732421875, "step": null, "ts": 1626168730.227335}]}, "version": 349}
{"obj": {"type": "LogFloats", "path": ["monitoring", "cpu"], "values": [{"value": 16.8, "step": null, "ts": 1626168740.229245}]}, "version": 350}
{"obj": {"type": "LogFloats", "path": ["monitoring", "memory"], "values": [{"value": 20.62175750732422, "step": null, "ts": 1626168740.229245}]}, "version": 351}
{"obj": {"type": "LogFloats", "path": ["monitoring", "gpu"], "values": [{"value": 25.0, "step": null, "ts": 1626168740.229245}]}, "version": 352}
{"obj": {"type": "LogFloats", "path": ["monitoring", "gpu_memory"], "values": [{"value": 2.7149658203125, "step": null, "ts": 1626168740.229245}]}, "version": 353}
{"obj": {"type": "LogFloats", "path": ["monitoring", "cpu"], "values": [{"value": 18.5, "step": null, "ts": 1626168750.2314844}]}, "version": 354}
{"obj": {"type": "LogFloats", "path": ["monitoring", "memory"], "values": [{"value": 20.622142791748047, "step": null, "ts": 1626168750.2314844}]}, "version": 355}
{"obj": {"type": "LogFloats", "path": ["monitoring", "gpu"], "values": [{"value": 8.0, "step": null, "ts": 1626168750.2314844}]}, "version": 356}
{"obj": {"type": "LogFloats", "path": ["monitoring", "gpu_memory"], "values": [{"value": 2.705078125, "step": null, "ts": 1626168750.2314844}]}, "version": 357}
{"obj": {"type": "LogFloats", "path": ["monitoring", "cpu"], "values": [{"value": 16.7, "step": null, "ts": 1626168760.2339008}]}, "version": 358}
{"obj": {"type": "LogFloats", "path": ["monitoring", "memory"], "values": [{"value": 20.623882293701172, "step": null, "ts": 1626168760.2339008}]}, "version": 359}
{"obj": {"type": "LogFloats", "path": ["monitoring", "gpu"], "values": [{"value": 12.0, "step": null, "ts": 1626168760.2339008}]}, "version": 360}
{"obj": {"type": "LogFloats", "path": ["monitoring", "gpu_memory"], "values": [{"value": 2.703857421875, "step": null, "ts": 1626168760.2339008}]}, "version": 361}
{"obj": {"type": "LogFloats", "path": ["monitoring", "cpu"], "values": [{"value": 13.2, "step": null, "ts": 1626168770.236522}]}, "version": 362}
{"obj": {"type": "LogFloats", "path": ["monitoring", "memory"], "values": [{"value": 20.609134674072266, "step": null, "ts": 1626168770.236522}]}, "version": 363}
{"obj": {"type": "LogFloats", "path": ["monitoring", "gpu"], "values": [{"value": 20.0, "step": null, "ts": 1626168770.236522}]}, "version": 364}
{"obj": {"type": "LogFloats", "path": ["monitoring", "gpu_memory"], "values": [{"value": 2.70263671875, "step": null, "ts": 1626168770.236522}]}, "version": 365}
{"obj": {"type": "LogFloats", "path": ["monitoring", "cpu"], "values": [{"value": 15.9, "step": null, "ts": 1626168780.238767}]}, "version": 366}
{"obj": {"type": "LogFloats", "path": ["monitoring", "memory"], "values": [{"value": 20.622791290283203, "step": null, "ts": 1626168780.238767}]}, "version": 367}
{"obj": {"type": "LogFloats", "path": ["monitoring", "gpu"], "values": [{"value": 7.0, "step": null, "ts": 1626168780.238767}]}, "version": 368}
{"obj": {"type": "LogFloats", "path": ["monitoring", "gpu_memory"], "values": [{"value": 2.7095947265625, "step": null, "ts": 1626168780.238767}]}, "version": 369}
{"obj": {"type": "LogFloats", "path": ["monitoring", "cpu"], "values": [{"value": 12.6, "step": null, "ts": 1626168790.241435}]}, "version": 370}
{"obj": {"type": "LogFloats", "path": ["monitoring", "memory"], "values": [{"value": 20.621299743652344, "step": null, "ts": 1626168790.241435}]}, "version": 371}
{"obj": {"type": "LogFloats", "path": ["monitoring", "gpu"], "values": [{"value": 8.0, "step": null, "ts": 1626168790.241435}]}, "version": 372}
{"obj": {"type": "LogFloats", "path": ["monitoring", "gpu_memory"], "values": [{"value": 2.69415283203125, "step": null, "ts": 1626168790.241435}]}, "version": 373}
{"obj": {"type": "LogFloats", "path": ["monitoring", "cpu"], "values": [{"value": 13.9, "step": null, "ts": 1626168800.2433007}]}, "version": 374}
{"obj": {"type": "LogFloats", "path": ["monitoring", "memory"], "values": [{"value": 20.632354736328125, "step": null, "ts": 1626168800.2433007}]}, "version": 375}
{"obj": {"type": "LogFloats", "path": ["monitoring", "gpu"], "values": [{"value": 9.0, "step": null, "ts": 1626168800.2433007}]}, "version": 376}
{"obj": {"type": "LogFloats", "path": ["monitoring", "gpu_memory"], "values": [{"value": 2.693359375, "step": null, "ts": 1626168800.2433007}]}, "version": 377}
{"obj": {"type": "LogFloats", "path": ["monitoring", "cpu"], "values": [{"value": 16.6, "step": null, "ts": 1626168810.2451093}]}, "version": 378}
{"obj": {"type": "LogFloats", "path": ["monitoring", "memory"], "values": [{"value": 20.644306182861328, "step": null, "ts": 1626168810.2451093}]}, "version": 379}
{"obj": {"type": "LogFloats", "path": ["monitoring", "gpu"], "values": [{"value": 10.0, "step": null, "ts": 1626168810.2451093}]}, "version": 380}
{"obj": {"type": "LogFloats", "path": ["monitoring", "gpu_memory"], "values": [{"value": 2.69134521484375, "step": null, "ts": 1626168810.2451093}]}, "version": 381}
{"obj": {"type": "LogFloats", "path": ["monitoring", "cpu"], "values": [{"value": 13.4, "step": null, "ts": 1626168820.247137}]}, "version": 382}
{"obj": {"type": "LogFloats", "path": ["monitoring", "memory"], "values": [{"value": 20.634082794189453, "step": null, "ts": 1626168820.247137}]}, "version": 383}
{"obj": {"type": "LogFloats", "path": ["monitoring", "gpu"], "values": [{"value": 26.0, "step": null, "ts": 1626168820.247137}]}, "version": 384}
{"obj": {"type": "LogFloats", "path": ["monitoring", "gpu_memory"], "values": [{"value": 2.6873779296875, "step": null, "ts": 1626168820.247137}]}, "version": 385}
{"obj": {"type": "LogFloats", "path": ["monitoring", "cpu"], "values": [{"value": 14.0, "step": null, "ts": 1626168830.2496197}]}, "version": 386}
{"obj": {"type": "LogFloats", "path": ["monitoring", "memory"], "values": [{"value": 20.573261260986328, "step": null, "ts": 1626168830.2496197}]}, "version": 387}
{"obj": {"type": "LogFloats", "path": ["monitoring", "gpu"], "values": [{"value": 25.0, "step": null, "ts": 1626168830.2496197}]}, "version": 388}
{"obj": {"type": "LogFloats", "path": ["monitoring", "gpu_memory"], "values": [{"value": 2.6873779296875, "step": null, "ts": 1626168830.2496197}]}, "version": 389}
{"obj": {"type": "LogFloats", "path": ["monitoring", "cpu"], "values": [{"value": 12.6, "step": null, "ts": 1626168840.2522733}]}, "version": 390}
{"obj": {"type": "LogFloats", "path": ["monitoring", "memory"], "values": [{"value": 20.581024169921875, "step": null, "ts": 1626168840.2522733}]}, "version": 391}
{"obj": {"type": "LogFloats", "path": ["monitoring", "gpu"], "values": [{"value": 23.0, "step": null, "ts": 1626168840.2522733}]}, "version": 392}
{"obj": {"type": "LogFloats", "path": ["monitoring", "gpu_memory"], "values": [{"value": 2.6885986328125, "step": null, "ts": 1626168840.2522733}]}, "version": 393}
{"obj": {"type": "LogFloats", "path": ["monitoring", "cpu"], "values": [{"value": 16.0, "step": null, "ts": 1626168850.2549796}]}, "version": 394}
{"obj": {"type": "LogFloats", "path": ["monitoring", "memory"], "values": [{"value": 20.57999038696289, "step": null, "ts": 1626168850.2549796}]}, "version": 395}
{"obj": {"type": "LogFloats", "path": ["monitoring", "gpu"], "values": [{"value": 24.0, "step": null, "ts": 1626168850.2549796}]}, "version": 396}
{"obj": {"type": "LogFloats", "path": ["monitoring", "gpu_memory"], "values": [{"value": 2.6873779296875, "step": null, "ts": 1626168850.2549796}]}, "version": 397}
{"obj": {"type": "LogFloats", "path": ["monitoring", "cpu"], "values": [{"value": 12.5, "step": null, "ts": 1626168860.2571707}]}, "version": 398}
{"obj": {"type": "LogFloats", "path": ["monitoring", "memory"], "values": [{"value": 20.61233901977539, "step": null, "ts": 1626168860.2571707}]}, "version": 399}
{"obj": {"type": "LogFloats", "path": ["monitoring", "gpu"], "values": [{"value": 8.0, "step": null, "ts": 1626168860.2571707}]}, "version": 400}
{"obj": {"type": "LogFloats", "path": ["monitoring", "gpu_memory"], "values": [{"value": 2.7088623046875, "step": null, "ts": 1626168860.2571707}]}, "version": 401}
{"obj": {"type": "LogFloats", "path": ["monitoring", "cpu"], "values": [{"value": 12.4, "step": null, "ts": 1626168870.259597}]}, "version": 402}
{"obj": {"type": "LogFloats", "path": ["monitoring", "memory"], "values": [{"value": 20.589447021484375, "step": null, "ts": 1626168870.259597}]}, "version": 403}
{"obj": {"type": "LogFloats", "path": ["monitoring", "gpu"], "values": [{"value": 23.0, "step": null, "ts": 1626168870.259597}]}, "version": 404}
{"obj": {"type": "LogFloats", "path": ["monitoring", "gpu_memory"], "values": [{"value": 2.6956787109375, "step": null, "ts": 1626168870.259597}]}, "version": 405}
{"obj": {"type": "LogFloats", "path": ["monitoring", "cpu"], "values": [{"value": 14.8, "step": null, "ts": 1626168880.2618399}]}, "version": 406}
{"obj": {"type": "LogFloats", "path": ["monitoring", "memory"], "values": [{"value": 20.620681762695312, "step": null, "ts": 1626168880.2618399}]}, "version": 407}
{"obj": {"type": "LogFloats", "path": ["monitoring", "gpu"], "values": [{"value": 23.0, "step": null, "ts": 1626168880.2618399}]}, "version": 408}
{"obj": {"type": "LogFloats", "path": ["monitoring", "gpu_memory"], "values": [{"value": 2.6964111328125, "step": null, "ts": 1626168880.2618399}]}, "version": 409}
{"obj": {"type": "LogFloats", "path": ["monitoring", "cpu"], "values": [{"value": 16.1, "step": null, "ts": 1626168890.2642424}]}, "version": 410}
{"obj": {"type": "LogFloats", "path": ["monitoring", "memory"], "values": [{"value": 20.59061050415039, "step": null, "ts": 1626168890.2642424}]}, "version": 411}
{"obj": {"type": "LogFloats", "path": ["monitoring", "gpu"], "values": [{"value": 22.0, "step": null, "ts": 1626168890.2642424}]}, "version": 412}
{"obj": {"type": "LogFloats", "path": ["monitoring", "gpu_memory"], "values": [{"value": 2.69677734375, "step": null, "ts": 1626168890.2642424}]}, "version": 413}
{"obj": {"type": "LogFloats", "path": ["monitoring", "cpu"], "values": [{"value": 12.6, "step": null, "ts": 1626168900.266675}]}, "version": 414}
{"obj": {"type": "LogFloats", "path": ["monitoring", "memory"], "values": [{"value": 20.591079711914062, "step": null, "ts": 1626168900.266675}]}, "version": 415}
{"obj": {"type": "LogFloats", "path": ["monitoring", "gpu"], "values": [{"value": 23.0, "step": null, "ts": 1626168900.266675}]}, "version": 416}
{"obj": {"type": "LogFloats", "path": ["monitoring", "gpu_memory"], "values": [{"value": 2.6959228515625, "step": null, "ts": 1626168900.266675}]}, "version": 417}
{"obj": {"type": "LogFloats", "path": ["monitoring", "cpu"], "values": [{"value": 12.3, "step": null, "ts": 1626168910.269633}]}, "version": 418}
{"obj": {"type": "LogFloats", "path": ["monitoring", "memory"], "values": [{"value": 20.586204528808594, "step": null, "ts": 1626168910.269633}]}, "version": 419}
{"obj": {"type": "LogFloats", "path": ["monitoring", "gpu"], "values": [{"value": 22.0, "step": null, "ts": 1626168910.269633}]}, "version": 420}
{"obj": {"type": "LogFloats", "path": ["monitoring", "gpu_memory"], "values": [{"value": 2.6959228515625, "step": null, "ts": 1626168910.269633}]}, "version": 421}
{"obj": {"type": "LogFloats", "path": ["monitoring", "cpu"], "values": [{"value": 12.5, "step": null, "ts": 1626168920.2713754}]}, "version": 422}
{"obj": {"type": "LogFloats", "path": ["monitoring", "memory"], "values": [{"value": 20.588024139404297, "step": null, "ts": 1626168920.2713754}]}, "version": 423}
{"obj": {"type": "LogFloats", "path": ["monitoring", "gpu"], "values": [{"value": 25.0, "step": null, "ts": 1626168920.2713754}]}, "version": 424}
{"obj": {"type": "LogFloats", "path": ["monitoring", "gpu_memory"], "values": [{"value": 2.6959228515625, "step": null, "ts": 1626168920.2713754}]}, "version": 425}
{"obj": {"type": "LogFloats", "path": ["monitoring", "cpu"], "values": [{"value": 24.0, "step": null, "ts": 1626168930.2732058}]}, "version": 426}
{"obj": {"type": "LogFloats", "path": ["monitoring", "memory"], "values": [{"value": 20.637187957763672, "step": null, "ts": 1626168930.2732058}]}, "version": 427}
{"obj": {"type": "LogFloats", "path": ["monitoring", "gpu"], "values": [{"value": 12.0, "step": null, "ts": 1626168930.2732058}]}, "version": 428}
{"obj": {"type": "LogFloats", "path": ["monitoring", "gpu_memory"], "values": [{"value": 2.6959228515625, "step": null, "ts": 1626168930.2732058}]}, "version": 429}
{"obj": {"type": "LogFloats", "path": ["monitoring", "cpu"], "values": [{"value": 13.4, "step": null, "ts": 1626168940.2752843}]}, "version": 430}
{"obj": {"type": "LogFloats", "path": ["monitoring", "memory"], "values": [{"value": 20.618549346923828, "step": null, "ts": 1626168940.2752843}]}, "version": 431}
{"obj": {"type": "LogFloats", "path": ["monitoring", "gpu"], "values": [{"value": 6.0, "step": null, "ts": 1626168940.2752843}]}, "version": 432}
{"obj": {"type": "LogFloats", "path": ["monitoring", "gpu_memory"], "values": [{"value": 2.68841552734375, "step": null, "ts": 1626168940.2752843}]}, "version": 433}
{"obj": {"type": "LogFloats", "path": ["monitoring", "cpu"], "values": [{"value": 12.8, "step": null, "ts": 1626168950.2782462}]}, "version": 434}
{"obj": {"type": "LogFloats", "path": ["monitoring", "memory"], "values": [{"value": 20.57569122314453, "step": null, "ts": 1626168950.2782462}]}, "version": 435}
{"obj": {"type": "LogFloats", "path": ["monitoring", "gpu"], "values": [{"value": 7.0, "step": null, "ts": 1626168950.2782462}]}, "version": 436}
{"obj": {"type": "LogFloats", "path": ["monitoring", "gpu_memory"], "values": [{"value": 2.68817138671875, "step": null, "ts": 1626168950.2782462}]}, "version": 437}
{"obj": {"type": "LogFloats", "path": ["monitoring", "cpu"], "values": [{"value": 13.6, "step": null, "ts": 1626168960.2807398}]}, "version": 438}
{"obj": {"type": "LogFloats", "path": ["monitoring", "memory"], "values": [{"value": 20.56501007080078, "step": null, "ts": 1626168960.2807398}]}, "version": 439}
{"obj": {"type": "LogFloats", "path": ["monitoring", "gpu"], "values": [{"value": 23.0, "step": null, "ts": 1626168960.2807398}]}, "version": 440}
{"obj": {"type": "LogFloats", "path": ["monitoring", "gpu_memory"], "values": [{"value": 2.68817138671875, "step": null, "ts": 1626168960.2807398}]}, "version": 441}
{"obj": {"type": "LogFloats", "path": ["monitoring", "cpu"], "values": [{"value": 13.5, "step": null, "ts": 1626168970.2830036}]}, "version": 442}
{"obj": {"type": "LogFloats", "path": ["monitoring", "memory"], "values": [{"value": 20.56511688232422, "step": null, "ts": 1626168970.2830036}]}, "version": 443}
{"obj": {"type": "LogFloats", "path": ["monitoring", "gpu"], "values": [{"value": 22.0, "step": null, "ts": 1626168970.2830036}]}, "version": 444}
{"obj": {"type": "LogFloats", "path": ["monitoring", "gpu_memory"], "values": [{"value": 2.68841552734375, "step": null, "ts": 1626168970.2830036}]}, "version": 445}
{"obj": {"type": "LogFloats", "path": ["monitoring", "cpu"], "values": [{"value": 14.8, "step": null, "ts": 1626168980.2850418}]}, "version": 446}
{"obj": {"type": "LogFloats", "path": ["monitoring", "memory"], "values": [{"value": 20.579444885253906, "step": null, "ts": 1626168980.2850418}]}, "version": 447}
{"obj": {"type": "LogFloats", "path": ["monitoring", "gpu"], "values": [{"value": 24.0, "step": null, "ts": 1626168980.2850418}]}, "version": 448}
{"obj": {"type": "LogFloats", "path": ["monitoring", "gpu_memory"], "values": [{"value": 2.66644287109375, "step": null, "ts": 1626168980.2850418}]}, "version": 449}
{"obj": {"type": "LogFloats", "path": ["monitoring", "cpu"], "values": [{"value": 16.5, "step": null, "ts": 1626168990.2877688}]}, "version": 450}
{"obj": {"type": "LogFloats", "path": ["monitoring", "memory"], "values": [{"value": 20.61621856689453, "step": null, "ts": 1626168990.2877688}]}, "version": 451}
{"obj": {"type": "LogFloats", "path": ["monitoring", "gpu"], "values": [{"value": 6.0, "step": null, "ts": 1626168990.2877688}]}, "version": 452}
{"obj": {"type": "LogFloats", "path": ["monitoring", "gpu_memory"], "values": [{"value": 2.6943359375, "step": null, "ts": 1626168990.2877688}]}, "version": 453}
{"obj": {"type": "LogFloats", "path": ["monitoring", "cpu"], "values": [{"value": 12.8, "step": null, "ts": 1626169000.2902794}]}, "version": 454}
{"obj": {"type": "LogFloats", "path": ["monitoring", "memory"], "values": [{"value": 20.598052978515625, "step": null, "ts": 1626169000.2902794}]}, "version": 455}
{"obj": {"type": "LogFloats", "path": ["monitoring", "gpu"], "values": [{"value": 7.0, "step": null, "ts": 1626169000.2902794}]}, "version": 456}
{"obj": {"type": "LogFloats", "path": ["monitoring", "gpu_memory"], "values": [{"value": 2.6710205078125, "step": null, "ts": 1626169000.2902794}]}, "version": 457}
{"obj": {"type": "LogFloats", "path": ["monitoring", "cpu"], "values": [{"value": 13.2, "step": null, "ts": 1626169010.2925956}]}, "version": 458}
{"obj": {"type": "LogFloats", "path": ["monitoring", "memory"], "values": [{"value": 20.59109878540039, "step": null, "ts": 1626169010.2925956}]}, "version": 459}
{"obj": {"type": "LogFloats", "path": ["monitoring", "gpu"], "values": [{"value": 21.0, "step": null, "ts": 1626169010.2925956}]}, "version": 460}
{"obj": {"type": "LogFloats", "path": ["monitoring", "gpu_memory"], "values": [{"value": 2.6710205078125, "step": null, "ts": 1626169010.2925956}]}, "version": 461}
{"obj": {"type": "LogFloats", "path": ["monitoring", "cpu"], "values": [{"value": 15.4, "step": null, "ts": 1626169020.294953}]}, "version": 462}
{"obj": {"type": "LogFloats", "path": ["monitoring", "memory"], "values": [{"value": 20.598712921142578, "step": null, "ts": 1626169020.294953}]}, "version": 463}
{"obj": {"type": "LogFloats", "path": ["monitoring", "gpu"], "values": [{"value": 22.0, "step": null, "ts": 1626169020.294953}]}, "version": 464}
{"obj": {"type": "LogFloats", "path": ["monitoring", "gpu_memory"], "values": [{"value": 2.6710205078125, "step": null, "ts": 1626169020.294953}]}, "version": 465}
{"obj": {"type": "LogFloats", "path": ["monitoring", "cpu"], "values": [{"value": 13.3, "step": null, "ts": 1626169030.2976086}]}, "version": 466}
{"obj": {"type": "LogFloats", "path": ["monitoring", "memory"], "values": [{"value": 20.578460693359375, "step": null, "ts": 1626169030.2976086}]}, "version": 467}
{"obj": {"type": "LogFloats", "path": ["monitoring", "gpu"], "values": [{"value": 23.0, "step": null, "ts": 1626169030.2976086}]}, "version": 468}
{"obj": {"type": "LogFloats", "path": ["monitoring", "gpu_memory"], "values": [{"value": 2.6651611328125, "step": null, "ts": 1626169030.2976086}]}, "version": 469}
{"obj": {"type": "LogFloats", "path": ["monitoring", "cpu"], "values": [{"value": 12.9, "step": null, "ts": 1626169040.3002362}]}, "version": 470}
{"obj": {"type": "LogFloats", "path": ["monitoring", "memory"], "values": [{"value": 20.58185577392578, "step": null, "ts": 1626169040.3002362}]}, "version": 471}
{"obj": {"type": "LogFloats", "path": ["monitoring", "gpu"], "values": [{"value": 24.0, "step": null, "ts": 1626169040.3002362}]}, "version": 472}
{"obj": {"type": "LogFloats", "path": ["monitoring", "gpu_memory"], "values": [{"value": 2.6649169921875, "step": null, "ts": 1626169040.3002362}]}, "version": 473}
{"obj": {"type": "LogFloats", "path": ["monitoring", "cpu"], "values": [{"value": 13.2, "step": null, "ts": 1626169050.302617}]}, "version": 474}
{"obj": {"type": "LogFloats", "path": ["monitoring", "memory"], "values": [{"value": 20.585956573486328, "step": null, "ts": 1626169050.302617}]}, "version": 475}
{"obj": {"type": "LogFloats", "path": ["monitoring", "gpu"], "values": [{"value": 23.0, "step": null, "ts": 1626169050.302617}]}, "version": 476}
{"obj": {"type": "LogFloats", "path": ["monitoring", "gpu_memory"], "values": [{"value": 2.6649169921875, "step": null, "ts": 1626169050.302617}]}, "version": 477}
{"obj": {"type": "LogFloats", "path": ["monitoring", "cpu"], "values": [{"value": 15.5, "step": null, "ts": 1626169060.304938}]}, "version": 478}
{"obj": {"type": "LogFloats", "path": ["monitoring", "memory"], "values": [{"value": 20.563701629638672, "step": null, "ts": 1626169060.304938}]}, "version": 479}
{"obj": {"type": "LogFloats", "path": ["monitoring", "gpu"], "values": [{"value": 7.0, "step": null, "ts": 1626169060.304938}]}, "version": 480}
{"obj": {"type": "LogFloats", "path": ["monitoring", "gpu_memory"], "values": [{"value": 2.658935546875, "step": null, "ts": 1626169060.304938}]}, "version": 481}
{"obj": {"type": "LogFloats", "path": ["monitoring", "cpu"], "values": [{"value": 20.1, "step": null, "ts": 1626169070.3073037}]}, "version": 482}
{"obj": {"type": "LogFloats", "path": ["monitoring", "memory"], "values": [{"value": 20.6630859375, "step": null, "ts": 1626169070.3073037}]}, "version": 483}
{"obj": {"type": "LogFloats", "path": ["monitoring", "gpu"], "values": [{"value": 11.0, "step": null, "ts": 1626169070.3073037}]}, "version": 484}
{"obj": {"type": "LogFloats", "path": ["monitoring", "gpu_memory"], "values": [{"value": 2.7030029296875, "step": null, "ts": 1626169070.3073037}]}, "version": 485}
{"obj": {"type": "LogFloats", "path": ["monitoring", "cpu"], "values": [{"value": 20.9, "step": null, "ts": 1626169080.3099504}]}, "version": 486}
{"obj": {"type": "LogFloats", "path": ["monitoring", "memory"], "values": [{"value": 20.7926025390625, "step": null, "ts": 1626169080.3099504}]}, "version": 487}
{"obj": {"type": "LogFloats", "path": ["monitoring", "gpu"], "values": [{"value": 7.0, "step": null, "ts": 1626169080.3099504}]}, "version": 488}
{"obj": {"type": "LogFloats", "path": ["monitoring", "gpu_memory"], "values": [{"value": 2.71087646484375, "step": null, "ts": 1626169080.3099504}]}, "version": 489}
{"obj": {"type": "LogFloats", "path": ["monitoring", "cpu"], "values": [{"value": 14.5, "step": null, "ts": 1626169090.3117895}]}, "version": 490}
{"obj": {"type": "LogFloats", "path": ["monitoring", "memory"], "values": [{"value": 20.72601318359375, "step": null, "ts": 1626169090.3117895}]}, "version": 491}
{"obj": {"type": "LogFloats", "path": ["monitoring", "gpu"], "values": [{"value": 11.0, "step": null, "ts": 1626169090.3117895}]}, "version": 492}
{"obj": {"type": "LogFloats", "path": ["monitoring", "gpu_memory"], "values": [{"value": 2.70458984375, "step": null, "ts": 1626169090.3117895}]}, "version": 493}
{"obj": {"type": "LogFloats", "path": ["monitoring", "cpu"], "values": [{"value": 13.3, "step": null, "ts": 1626169100.3139453}]}, "version": 494}
{"obj": {"type": "LogFloats", "path": ["monitoring", "memory"], "values": [{"value": 20.724292755126953, "step": null, "ts": 1626169100.3139453}]}, "version": 495}
{"obj": {"type": "LogFloats", "path": ["monitoring", "gpu"], "values": [{"value": 8.0, "step": null, "ts": 1626169100.3139453}]}, "version": 496}
{"obj": {"type": "LogFloats", "path": ["monitoring", "gpu_memory"], "values": [{"value": 2.7054443359375, "step": null, "ts": 1626169100.3139453}]}, "version": 497}
{"obj": {"type": "LogFloats", "path": ["monitoring", "cpu"], "values": [{"value": 18.3, "step": null, "ts": 1626169110.3159819}]}, "version": 498}
{"obj": {"type": "LogFloats", "path": ["monitoring", "memory"], "values": [{"value": 20.70665740966797, "step": null, "ts": 1626169110.3159819}]}, "version": 499}
{"obj": {"type": "LogFloats", "path": ["monitoring", "gpu"], "values": [{"value": 25.0, "step": null, "ts": 1626169110.3159819}]}, "version": 500}
{"obj": {"type": "LogFloats", "path": ["monitoring", "gpu_memory"], "values": [{"value": 2.70477294921875, "step": null, "ts": 1626169110.3159819}]}, "version": 501}
{"obj": {"type": "LogFloats", "path": ["monitoring", "cpu"], "values": [{"value": 15.7, "step": null, "ts": 1626169120.3186316}]}, "version": 502}
{"obj": {"type": "LogFloats", "path": ["monitoring", "memory"], "values": [{"value": 20.699573516845703, "step": null, "ts": 1626169120.3186316}]}, "version": 503}
{"obj": {"type": "LogFloats", "path": ["monitoring", "gpu"], "values": [{"value": 26.0, "step": null, "ts": 1626169120.3186316}]}, "version": 504}
{"obj": {"type": "LogFloats", "path": ["monitoring", "gpu_memory"], "values": [{"value": 2.7054443359375, "step": null, "ts": 1626169120.3186316}]}, "version": 505}
{"obj": {"type": "LogFloats", "path": ["monitoring", "cpu"], "values": [{"value": 13.8, "step": null, "ts": 1626169130.3208911}]}, "version": 506}
{"obj": {"type": "LogFloats", "path": ["monitoring", "memory"], "values": [{"value": 20.711551666259766, "step": null, "ts": 1626169130.3208911}]}, "version": 507}
{"obj": {"type": "LogFloats", "path": ["monitoring", "gpu"], "values": [{"value": 29.0, "step": null, "ts": 1626169130.3208911}]}, "version": 508}
{"obj": {"type": "LogFloats", "path": ["monitoring", "gpu_memory"], "values": [{"value": 2.704345703125, "step": null, "ts": 1626169130.3208911}]}, "version": 509}
{"obj": {"type": "LogFloats", "path": ["monitoring", "cpu"], "values": [{"value": 12.6, "step": null, "ts": 1626169140.322688}]}, "version": 510}
{"obj": {"type": "LogFloats", "path": ["monitoring", "memory"], "values": [{"value": 20.717365264892578, "step": null, "ts": 1626169140.322688}]}, "version": 511}
{"obj": {"type": "LogFloats", "path": ["monitoring", "gpu"], "values": [{"value": 25.0, "step": null, "ts": 1626169140.322688}]}, "version": 512}
{"obj": {"type": "LogFloats", "path": ["monitoring", "gpu_memory"], "values": [{"value": 2.7041015625, "step": null, "ts": 1626169140.322688}]}, "version": 513}
{"obj": {"type": "LogFloats", "path": ["monitoring", "cpu"], "values": [{"value": 16.3, "step": null, "ts": 1626169150.3250992}]}, "version": 514}
{"obj": {"type": "LogFloats", "path": ["monitoring", "memory"], "values": [{"value": 20.709075927734375, "step": null, "ts": 1626169150.3250992}]}, "version": 515}
{"obj": {"type": "LogFloats", "path": ["monitoring", "gpu"], "values": [{"value": 24.0, "step": null, "ts": 1626169150.3250992}]}, "version": 516}
{"obj": {"type": "LogFloats", "path": ["monitoring", "gpu_memory"], "values": [{"value": 2.704345703125, "step": null, "ts": 1626169150.3250992}]}, "version": 517}
{"obj": {"type": "LogFloats", "path": ["monitoring", "cpu"], "values": [{"value": 24.3, "step": null, "ts": 1626169160.3270483}]}, "version": 518}
{"obj": {"type": "LogFloats", "path": ["monitoring", "memory"], "values": [{"value": 20.778121948242188, "step": null, "ts": 1626169160.3270483}]}, "version": 519}
{"obj": {"type": "LogFloats", "path": ["monitoring", "gpu"], "values": [{"value": 13.0, "step": null, "ts": 1626169160.3270483}]}, "version": 520}
{"obj": {"type": "LogFloats", "path": ["monitoring", "gpu_memory"], "values": [{"value": 2.72857666015625, "step": null, "ts": 1626169160.3270483}]}, "version": 521}
{"obj": {"type": "LogFloats", "path": ["monitoring", "cpu"], "values": [{"value": 20.4, "step": null, "ts": 1626169170.3295567}]}, "version": 522}
{"obj": {"type": "LogFloats", "path": ["monitoring", "memory"], "values": [{"value": 20.56591033935547, "step": null, "ts": 1626169170.3295567}]}, "version": 523}
{"obj": {"type": "LogFloats", "path": ["monitoring", "gpu"], "values": [{"value": 6.0, "step": null, "ts": 1626169170.3295567}]}, "version": 524}
{"obj": {"type": "LogFloats", "path": ["monitoring", "gpu_memory"], "values": [{"value": 2.70794677734375, "step": null, "ts": 1626169170.3295567}]}, "version": 525}
{"obj": {"type": "LogFloats", "path": ["monitoring", "cpu"], "values": [{"value": 13.0, "step": null, "ts": 1626169180.3316002}]}, "version": 526}
{"obj": {"type": "LogFloats", "path": ["monitoring", "memory"], "values": [{"value": 20.479293823242188, "step": null, "ts": 1626169180.3316002}]}, "version": 527}
{"obj": {"type": "LogFloats", "path": ["monitoring", "gpu"], "values": [{"value": 6.0, "step": null, "ts": 1626169180.3316002}]}, "version": 528}
{"obj": {"type": "LogFloats", "path": ["monitoring", "gpu_memory"], "values": [{"value": 2.69024658203125, "step": null, "ts": 1626169180.3316002}]}, "version": 529}
{"obj": {"type": "LogFloats", "path": ["monitoring", "cpu"], "values": [{"value": 28.5, "step": null, "ts": 1626169190.333582}]}, "version": 530}
{"obj": {"type": "LogFloats", "path": ["monitoring", "memory"], "values": [{"value": 20.515625, "step": null, "ts": 1626169190.333582}]}, "version": 531}
{"obj": {"type": "LogFloats", "path": ["monitoring", "gpu"], "values": [{"value": 18.0, "step": null, "ts": 1626169190.333582}]}, "version": 532}
{"obj": {"type": "LogFloats", "path": ["monitoring", "gpu_memory"], "values": [{"value": 2.72955322265625, "step": null, "ts": 1626169190.333582}]}, "version": 533}
{"obj": {"type": "LogFloats", "path": ["monitoring", "cpu"], "values": [{"value": 19.2, "step": null, "ts": 1626169200.3360724}]}, "version": 534}
{"obj": {"type": "LogFloats", "path": ["monitoring", "memory"], "values": [{"value": 20.463470458984375, "step": null, "ts": 1626169200.3360724}]}, "version": 535}
{"obj": {"type": "LogFloats", "path": ["monitoring", "gpu"], "values": [{"value": 10.0, "step": null, "ts": 1626169200.3360724}]}, "version": 536}
{"obj": {"type": "LogFloats", "path": ["monitoring", "gpu_memory"], "values": [{"value": 2.7259521484375, "step": null, "ts": 1626169200.3360724}]}, "version": 537}
{"obj": {"type": "LogFloats", "path": ["monitoring", "cpu"], "values": [{"value": 16.3, "step": null, "ts": 1626169210.3385959}]}, "version": 538}
{"obj": {"type": "LogFloats", "path": ["monitoring", "memory"], "values": [{"value": 20.53649139404297, "step": null, "ts": 1626169210.3385959}]}, "version": 539}
{"obj": {"type": "LogFloats", "path": ["monitoring", "gpu"], "values": [{"value": 24.0, "step": null, "ts": 1626169210.3385959}]}, "version": 540}
{"obj": {"type": "LogFloats", "path": ["monitoring", "gpu_memory"], "values": [{"value": 2.7259521484375, "step": null, "ts": 1626169210.3385959}]}, "version": 541}
{"obj": {"type": "LogFloats", "path": ["monitoring", "cpu"], "values": [{"value": 16.4, "step": null, "ts": 1626169220.3405826}]}, "version": 542}
{"obj": {"type": "LogFloats", "path": ["monitoring", "memory"], "values": [{"value": 20.48543930053711, "step": null, "ts": 1626169220.3405826}]}, "version": 543}
{"obj": {"type": "LogFloats", "path": ["monitoring", "gpu"], "values": [{"value": 7.0, "step": null, "ts": 1626169220.3405826}]}, "version": 544}
{"obj": {"type": "LogFloats", "path": ["monitoring", "gpu_memory"], "values": [{"value": 2.73480224609375, "step": null, "ts": 1626169220.3405826}]}, "version": 545}
{"obj": {"type": "LogFloats", "path": ["monitoring", "cpu"], "values": [{"value": 17.2, "step": null, "ts": 1626169230.3436153}]}, "version": 546}
{"obj": {"type": "LogFloats", "path": ["monitoring", "memory"], "values": [{"value": 20.457836151123047, "step": null, "ts": 1626169230.3436153}]}, "version": 547}
{"obj": {"type": "LogFloats", "path": ["monitoring", "gpu"], "values": [{"value": 7.0, "step": null, "ts": 1626169230.3436153}]}, "version": 548}
{"obj": {"type": "LogFloats", "path": ["monitoring", "gpu_memory"], "values": [{"value": 2.7196044921875, "step": null, "ts": 1626169230.3436153}]}, "version": 549}
{"obj": {"type": "LogFloats", "path": ["monitoring", "cpu"], "values": [{"value": 16.6, "step": null, "ts": 1626169240.3461006}]}, "version": 550}
{"obj": {"type": "LogFloats", "path": ["monitoring", "memory"], "values": [{"value": 20.51268768310547, "step": null, "ts": 1626169240.3461006}]}, "version": 551}
{"obj": {"type": "LogFloats", "path": ["monitoring", "gpu"], "values": [{"value": 23.0, "step": null, "ts": 1626169240.3461006}]}, "version": 552}
{"obj": {"type": "LogFloats", "path": ["monitoring", "gpu_memory"], "values": [{"value": 2.76007080078125, "step": null, "ts": 1626169240.3461006}]}, "version": 553}
{"obj": {"type": "LogFloats", "path": ["monitoring", "cpu"], "values": [{"value": 15.3, "step": null, "ts": 1626169250.347928}]}, "version": 554}
{"obj": {"type": "LogFloats", "path": ["monitoring", "memory"], "values": [{"value": 20.466880798339844, "step": null, "ts": 1626169250.347928}]}, "version": 555}
{"obj": {"type": "LogFloats", "path": ["monitoring", "gpu"], "values": [{"value": 33.0, "step": null, "ts": 1626169250.347928}]}, "version": 556}
{"obj": {"type": "LogFloats", "path": ["monitoring", "gpu_memory"], "values": [{"value": 2.7239990234375, "step": null, "ts": 1626169250.347928}]}, "version": 557}
{"obj": {"type": "LogFloats", "path": ["monitoring", "cpu"], "values": [{"value": 14.2, "step": null, "ts": 1626169260.3502607}]}, "version": 558}
{"obj": {"type": "LogFloats", "path": ["monitoring", "memory"], "values": [{"value": 20.50505828857422, "step": null, "ts": 1626169260.3502607}]}, "version": 559}
{"obj": {"type": "LogFloats", "path": ["monitoring", "gpu"], "values": [{"value": 6.0, "step": null, "ts": 1626169260.3502607}]}, "version": 560}
{"obj": {"type": "LogFloats", "path": ["monitoring", "gpu_memory"], "values": [{"value": 2.73272705078125, "step": null, "ts": 1626169260.3502607}]}, "version": 561}
{"obj": {"type": "LogFloats", "path": ["monitoring", "cpu"], "values": [{"value": 12.8, "step": null, "ts": 1626169270.3526275}]}, "version": 562}
{"obj": {"type": "LogFloats", "path": ["monitoring", "memory"], "values": [{"value": 20.5050048828125, "step": null, "ts": 1626169270.3526275}]}, "version": 563}
{"obj": {"type": "LogFloats", "path": ["monitoring", "gpu"], "values": [{"value": 5.0, "step": null, "ts": 1626169270.3526275}]}, "version": 564}
{"obj": {"type": "LogFloats", "path": ["monitoring", "gpu_memory"], "values": [{"value": 2.72564697265625, "step": null, "ts": 1626169270.3526275}]}, "version": 565}
{"obj": {"type": "LogFloats", "path": ["monitoring", "cpu"], "values": [{"value": 12.4, "step": null, "ts": 1626169280.3552847}]}, "version": 566}
{"obj": {"type": "LogFloats", "path": ["monitoring", "memory"], "values": [{"value": 20.48419952392578, "step": null, "ts": 1626169280.3552847}]}, "version": 567}
{"obj": {"type": "LogFloats", "path": ["monitoring", "gpu"], "values": [{"value": 6.0, "step": null, "ts": 1626169280.3552847}]}, "version": 568}
{"obj": {"type": "LogFloats", "path": ["monitoring", "gpu_memory"], "values": [{"value": 2.7208251953125, "step": null, "ts": 1626169280.3552847}]}, "version": 569}
{"obj": {"type": "LogFloats", "path": ["monitoring", "cpu"], "values": [{"value": 12.1, "step": null, "ts": 1626169290.3574812}]}, "version": 570}
{"obj": {"type": "LogFloats", "path": ["monitoring", "memory"], "values": [{"value": 20.47488784790039, "step": null, "ts": 1626169290.3574812}]}, "version": 571}
{"obj": {"type": "LogFloats", "path": ["monitoring", "gpu"], "values": [{"value": 6.0, "step": null, "ts": 1626169290.3574812}]}, "version": 572}
{"obj": {"type": "LogFloats", "path": ["monitoring", "gpu_memory"], "values": [{"value": 2.7208251953125, "step": null, "ts": 1626169290.3574812}]}, "version": 573}
{"obj": {"type": "LogFloats", "path": ["monitoring", "cpu"], "values": [{"value": 12.2, "step": null, "ts": 1626169300.3597982}]}, "version": 574}
{"obj": {"type": "LogFloats", "path": ["monitoring", "memory"], "values": [{"value": 20.47165298461914, "step": null, "ts": 1626169300.3597982}]}, "version": 575}
{"obj": {"type": "LogFloats", "path": ["monitoring", "gpu"], "values": [{"value": 29.0, "step": null, "ts": 1626169300.3597982}]}, "version": 576}
{"obj": {"type": "LogFloats", "path": ["monitoring", "gpu_memory"], "values": [{"value": 2.7208251953125, "step": null, "ts": 1626169300.3597982}]}, "version": 577}
{"obj": {"type": "LogFloats", "path": ["monitoring", "cpu"], "values": [{"value": 11.8, "step": null, "ts": 1626169310.3621025}]}, "version": 578}
{"obj": {"type": "LogFloats", "path": ["monitoring", "memory"], "values": [{"value": 20.47815704345703, "step": null, "ts": 1626169310.3621025}]}, "version": 579}
{"obj": {"type": "LogFloats", "path": ["monitoring", "gpu"], "values": [{"value": 18.0, "step": null, "ts": 1626169310.3621025}]}, "version": 580}
{"obj": {"type": "LogFloats", "path": ["monitoring", "gpu_memory"], "values": [{"value": 2.7208251953125, "step": null, "ts": 1626169310.3621025}]}, "version": 581}
{"obj": {"type": "LogFloats", "path": ["monitoring", "cpu"], "values": [{"value": 14.4, "step": null, "ts": 1626169320.364439}]}, "version": 582}
{"obj": {"type": "LogFloats", "path": ["monitoring", "memory"], "values": [{"value": 20.49097442626953, "step": null, "ts": 1626169320.364439}]}, "version": 583}
{"obj": {"type": "LogFloats", "path": ["monitoring", "gpu"], "values": [{"value": 27.0, "step": null, "ts": 1626169320.364439}]}, "version": 584}
{"obj": {"type": "LogFloats", "path": ["monitoring", "gpu_memory"], "values": [{"value": 2.7208251953125, "step": null, "ts": 1626169320.364439}]}, "version": 585}
{"obj": {"type": "LogFloats", "path": ["monitoring", "cpu"], "values": [{"value": 11.8, "step": null, "ts": 1626169330.3667023}]}, "version": 586}
{"obj": {"type": "LogFloats", "path": ["monitoring", "memory"], "values": [{"value": 20.514095306396484, "step": null, "ts": 1626169330.3667023}]}, "version": 587}
{"obj": {"type": "LogFloats", "path": ["monitoring", "gpu"], "values": [{"value": 22.0, "step": null, "ts": 1626169330.3667023}]}, "version": 588}
{"obj": {"type": "LogFloats", "path": ["monitoring", "gpu_memory"], "values": [{"value": 2.7178955078125, "step": null, "ts": 1626169330.3667023}]}, "version": 589}
{"obj": {"type": "LogFloats", "path": ["monitoring", "cpu"], "values": [{"value": 17.0, "step": null, "ts": 1626169340.3691556}]}, "version": 590}
{"obj": {"type": "LogFloats", "path": ["monitoring", "memory"], "values": [{"value": 20.491912841796875, "step": null, "ts": 1626169340.3691556}]}, "version": 591}
{"obj": {"type": "LogFloats", "path": ["monitoring", "gpu"], "values": [{"value": 15.0, "step": null, "ts": 1626169340.3691556}]}, "version": 592}
{"obj": {"type": "LogFloats", "path": ["monitoring", "gpu_memory"], "values": [{"value": 2.7210693359375, "step": null, "ts": 1626169340.3691556}]}, "version": 593}
{"obj": {"type": "LogFloats", "path": ["monitoring", "cpu"], "values": [{"value": 12.5, "step": null, "ts": 1626169350.371442}]}, "version": 594}
{"obj": {"type": "LogFloats", "path": ["monitoring", "memory"], "values": [{"value": 20.503021240234375, "step": null, "ts": 1626169350.371442}]}, "version": 595}
{"obj": {"type": "LogFloats", "path": ["monitoring", "gpu"], "values": [{"value": 6.0, "step": null, "ts": 1626169350.371442}]}, "version": 596}
{"obj": {"type": "LogFloats", "path": ["monitoring", "gpu_memory"], "values": [{"value": 2.718017578125, "step": null, "ts": 1626169350.371442}]}, "version": 597}
{"obj": {"type": "LogFloats", "path": ["monitoring", "cpu"], "values": [{"value": 30.2, "step": null, "ts": 1626169360.3730063}]}, "version": 598}
{"obj": {"type": "LogFloats", "path": ["monitoring", "memory"], "values": [{"value": 20.51046371459961, "step": null, "ts": 1626169360.3730063}]}, "version": 599}
{"obj": {"type": "LogFloats", "path": ["monitoring", "gpu"], "values": [{"value": 9.0, "step": null, "ts": 1626169360.3730063}]}, "version": 600}
{"obj": {"type": "LogFloats", "path": ["monitoring", "gpu_memory"], "values": [{"value": 2.7261962890625, "step": null, "ts": 1626169360.3730063}]}, "version": 601}
{"obj": {"type": "LogFloats", "path": ["monitoring", "cpu"], "values": [{"value": 14.7, "step": null, "ts": 1626169370.375402}]}, "version": 602}
{"obj": {"type": "LogFloats", "path": ["monitoring", "memory"], "values": [{"value": 20.527015686035156, "step": null, "ts": 1626169370.375402}]}, "version": 603}
{"obj": {"type": "LogFloats", "path": ["monitoring", "gpu"], "values": [{"value": 9.0, "step": null, "ts": 1626169370.375402}]}, "version": 604}
{"obj": {"type": "LogFloats", "path": ["monitoring", "gpu_memory"], "values": [{"value": 2.72021484375, "step": null, "ts": 1626169370.375402}]}, "version": 605}
{"obj": {"type": "LogFloats", "path": ["monitoring", "cpu"], "values": [{"value": 32.1, "step": null, "ts": 1626169380.3774154}]}, "version": 606}
{"obj": {"type": "LogFloats", "path": ["monitoring", "memory"], "values": [{"value": 20.52007293701172, "step": null, "ts": 1626169380.3774154}]}, "version": 607}
{"obj": {"type": "LogFloats", "path": ["monitoring", "gpu"], "values": [{"value": 15.0, "step": null, "ts": 1626169380.3774154}]}, "version": 608}
{"obj": {"type": "LogFloats", "path": ["monitoring", "gpu_memory"], "values": [{"value": 2.7210693359375, "step": null, "ts": 1626169380.3774154}]}, "version": 609}
{"obj": {"type": "LogFloats", "path": ["monitoring", "cpu"], "values": [{"value": 22.0, "step": null, "ts": 1626169390.3795886}]}, "version": 610}
{"obj": {"type": "LogFloats", "path": ["monitoring", "memory"], "values": [{"value": 20.545921325683594, "step": null, "ts": 1626169390.3795886}]}, "version": 611}
{"obj": {"type": "LogFloats", "path": ["monitoring", "gpu"], "values": [{"value": 15.0, "step": null, "ts": 1626169390.3795886}]}, "version": 612}
{"obj": {"type": "LogFloats", "path": ["monitoring", "gpu_memory"], "values": [{"value": 2.7225341796875, "step": null, "ts": 1626169390.3795886}]}, "version": 613}
{"obj": {"type": "LogFloats", "path": ["monitoring", "cpu"], "values": [{"value": 24.9, "step": null, "ts": 1626169400.3811712}]}, "version": 614}
{"obj": {"type": "LogFloats", "path": ["monitoring", "memory"], "values": [{"value": 20.545879364013672, "step": null, "ts": 1626169400.3811712}]}, "version": 615}
{"obj": {"type": "LogFloats", "path": ["monitoring", "gpu"], "values": [{"value": 15.0, "step": null, "ts": 1626169400.3811712}]}, "version": 616}
{"obj": {"type": "LogFloats", "path": ["monitoring", "gpu_memory"], "values": [{"value": 2.72412109375, "step": null, "ts": 1626169400.3811712}]}, "version": 617}
{"obj": {"type": "LogFloats", "path": ["monitoring", "cpu"], "values": [{"value": 18.2, "step": null, "ts": 1626169410.3831863}]}, "version": 618}
{"obj": {"type": "LogFloats", "path": ["monitoring", "memory"], "values": [{"value": 20.546524047851562, "step": null, "ts": 1626169410.3831863}]}, "version": 619}
{"obj": {"type": "LogFloats", "path": ["monitoring", "gpu"], "values": [{"value": 6.0, "step": null, "ts": 1626169410.3831863}]}, "version": 620}
{"obj": {"type": "LogFloats", "path": ["monitoring", "gpu_memory"], "values": [{"value": 2.73785400390625, "step": null, "ts": 1626169410.3831863}]}, "version": 621}
{"obj": {"type": "LogFloats", "path": ["monitoring", "cpu"], "values": [{"value": 12.9, "step": null, "ts": 1626169420.385856}]}, "version": 622}
{"obj": {"type": "LogFloats", "path": ["monitoring", "memory"], "values": [{"value": 20.47995376586914, "step": null, "ts": 1626169420.385856}]}, "version": 623}
{"obj": {"type": "LogFloats", "path": ["monitoring", "gpu"], "values": [{"value": 6.0, "step": null, "ts": 1626169420.385856}]}, "version": 624}
{"obj": {"type": "LogFloats", "path": ["monitoring", "gpu_memory"], "values": [{"value": 2.7144775390625, "step": null, "ts": 1626169420.385856}]}, "version": 625}
{"obj": {"type": "LogFloats", "path": ["monitoring", "cpu"], "values": [{"value": 13.6, "step": null, "ts": 1626169430.3883367}]}, "version": 626}
{"obj": {"type": "LogFloats", "path": ["monitoring", "memory"], "values": [{"value": 20.483173370361328, "step": null, "ts": 1626169430.3883367}]}, "version": 627}
{"obj": {"type": "LogFloats", "path": ["monitoring", "gpu"], "values": [{"value": 7.0, "step": null, "ts": 1626169430.3883367}]}, "version": 628}
{"obj": {"type": "LogFloats", "path": ["monitoring", "gpu_memory"], "values": [{"value": 2.7198486328125, "step": null, "ts": 1626169430.3883367}]}, "version": 629}
{"obj": {"type": "LogFloats", "path": ["monitoring", "cpu"], "values": [{"value": 17.7, "step": null, "ts": 1626169440.3901887}]}, "version": 630}
{"obj": {"type": "LogFloats", "path": ["monitoring", "memory"], "values": [{"value": 20.490249633789062, "step": null, "ts": 1626169440.3901887}]}, "version": 631}
{"obj": {"type": "LogFloats", "path": ["monitoring", "gpu"], "values": [{"value": 40.0, "step": null, "ts": 1626169440.3901887}]}, "version": 632}
{"obj": {"type": "LogFloats", "path": ["monitoring", "gpu_memory"], "values": [{"value": 2.7239990234375, "step": null, "ts": 1626169440.3901887}]}, "version": 633}
{"obj": {"type": "LogFloats", "path": ["monitoring", "cpu"], "values": [{"value": 18.0, "step": null, "ts": 1626169450.3926718}]}, "version": 634}
{"obj": {"type": "LogFloats", "path": ["monitoring", "memory"], "values": [{"value": 20.527732849121094, "step": null, "ts": 1626169450.3926718}]}, "version": 635}
{"obj": {"type": "LogFloats", "path": ["monitoring", "gpu"], "values": [{"value": 11.0, "step": null, "ts": 1626169450.3926718}]}, "version": 636}
{"obj": {"type": "LogFloats", "path": ["monitoring", "gpu_memory"], "values": [{"value": 2.72161865234375, "step": null, "ts": 1626169450.3926718}]}, "version": 637}
{"obj": {"type": "LogFloats", "path": ["monitoring", "cpu"], "values": [{"value": 22.7, "step": null, "ts": 1626169460.3947546}]}, "version": 638}
{"obj": {"type": "LogFloats", "path": ["monitoring", "memory"], "values": [{"value": 20.587779998779297, "step": null, "ts": 1626169460.3947546}]}, "version": 639}
{"obj": {"type": "LogFloats", "path": ["monitoring", "gpu"], "values": [{"value": 12.0, "step": null, "ts": 1626169460.3947546}]}, "version": 640}
{"obj": {"type": "LogFloats", "path": ["monitoring", "gpu_memory"], "values": [{"value": 2.72869873046875, "step": null, "ts": 1626169460.3947546}]}, "version": 641}
{"obj": {"type": "LogFloats", "path": ["monitoring", "cpu"], "values": [{"value": 20.1, "step": null, "ts": 1626169470.3969846}]}, "version": 642}
{"obj": {"type": "LogFloats", "path": ["monitoring", "memory"], "values": [{"value": 20.551387786865234, "step": null, "ts": 1626169470.3969846}]}, "version": 643}
{"obj": {"type": "LogFloats", "path": ["monitoring", "gpu"], "values": [{"value": 10.0, "step": null, "ts": 1626169470.3969846}]}, "version": 644}
{"obj": {"type": "LogFloats", "path": ["monitoring", "gpu_memory"], "values": [{"value": 2.72467041015625, "step": null, "ts": 1626169470.3969846}]}, "version": 645}
{"obj": {"type": "LogFloats", "path": ["monitoring", "cpu"], "values": [{"value": 16.9, "step": null, "ts": 1626169480.4000366}]}, "version": 646}
{"obj": {"type": "LogFloats", "path": ["monitoring", "memory"], "values": [{"value": 20.57843017578125, "step": null, "ts": 1626169480.4000366}]}, "version": 647}
{"obj": {"type": "LogFloats", "path": ["monitoring", "gpu"], "values": [{"value": 9.0, "step": null, "ts": 1626169480.4000366}]}, "version": 648}
{"obj": {"type": "LogFloats", "path": ["monitoring", "gpu_memory"], "values": [{"value": 2.71990966796875, "step": null, "ts": 1626169480.4000366}]}, "version": 649}
{"obj": {"type": "LogStrings", "path": ["monitoring", "stdout"], "values": [{"value": "b'Shutting down background jobs, please wait a moment...\\n'", "step": null, "ts": 1626169489.4184244}]}, "version": 650}
{"obj": {"type": "LogStrings", "path": ["monitoring", "stdout"], "values": [{"value": "b'Done!\\n'", "step": null, "ts": 1626169489.9058864}]}, "version": 651}
{"obj": {"type": "LogStrings", "path": ["monitoring", "stderr"], "values": [{"value": "Waiting for the remaining 1 operations to synchronize with Neptune. Do not kill this process.\n", "step": null, "ts": 1626169489.9137404}]}, "version": 652}
{"obj": {"type": "LogStrings", "path": ["monitoring", "stdout"], "values": [{"value": "b'All 1 operations synced, thanks for waiting!\\n'", "step": null, "ts": 1626169490.2830775}]}, "version": 653}
{"obj": {"type": "LogStrings", "path": ["monitoring", "stdout"], "values": [{"value": "b'Shutting down background jobs, please wait a moment...\\n'", "step": null, "ts": 1626169490.2871504}]}, "version": 654}
{"obj": {"type": "LogFloats", "path": ["monitoring", "cpu"], "values": [{"value": 25.0, "step": null, "ts": 1626169490.4023426}]}, "version": 655}
{"obj": {"type": "LogFloats", "path": ["monitoring", "memory"], "values": [{"value": 20.588607788085938, "step": null, "ts": 1626169490.4023426}]}, "version": 656}
{"obj": {"type": "LogFloats", "path": ["monitoring", "gpu"], "values": [{"value": 25.0, "step": null, "ts": 1626169490.4023426}]}, "version": 657}
{"obj": {"type": "LogFloats", "path": ["monitoring", "gpu_memory"], "values": [{"value": 2.75494384765625, "step": null, "ts": 1626169490.4023426}]}, "version": 658}
{"obj": {"type": "LogStrings", "path": ["monitoring", "stdout"], "values": [{"value": "b'Done!\\n'", "step": null, "ts": 1626169490.5556211}]}, "version": 659}
{"obj": {"type": "LogStrings", "path": ["monitoring", "stderr"], "values": [{"value": "Waiting for the remaining 5 operations to synchronize with Neptune. Do not kill this process.\n", "step": null, "ts": 1626169490.5632722}]}, "version": 660}
{"obj": {"type": "LogStrings", "path": ["monitoring", "stdout"], "values": [{"value": "b'All 5 operations synced, thanks for waiting!\\n'", "step": null, "ts": 1626169490.9708612}]}, "version": 661}
{"obj": {"type": "LogStrings", "path": ["monitoring", "stdout"], "values": [{"value": "b'Shutting down background jobs, please wait a moment...\\n'", "step": null, "ts": 1626169490.9738865}]}, "version": 662}
