{"obj": {"type": "AssignString", "path": ["sys", "name"], "value": "kfold-two-no-ratio"}, "version": 1}
{"obj": {"type": "AssignString", "path": ["sys", "description"], "value": ""}, "version": 2}
{"obj": {"type": "AssignString", "path": ["sys", "hostname"], "value": "rtm-desktop"}, "version": 3}
{"obj": {"type": "AssignBool", "path": ["sys", "failed"], "value": false}, "version": 4}
{"obj": {"type": "ClearStringLog", "path": ["monitoring", "stdout"]}, "version": 5}
{"obj": {"type": "ClearStringLog", "path": ["monitoring", "stderr"]}, "version": 6}
{"obj": {"type": "UploadFileSet", "path": ["source_code", "files"], "file_globs": ["/home/rtm/Dropbox/GIT/MLOps/**/*.py", "/home/rtm/Dropbox/GIT/MLOps/*.ipynb"], "reset": "False"}, "version": 7}
{"obj": {"type": "ConfigFloatSeries", "path": ["monitoring", "cpu"], "min": 0.0, "max": 100.0, "unit": "%"}, "version": 8}
{"obj": {"type": "ClearFloatLog", "path": ["monitoring", "cpu"]}, "version": 9}
{"obj": {"type": "ConfigFloatSeries", "path": ["monitoring", "memory"], "min": 0.0, "max": 125.65727615356445, "unit": "GB"}, "version": 10}
{"obj": {"type": "ClearFloatLog", "path": ["monitoring", "memory"]}, "version": 11}
{"obj": {"type": "ConfigFloatSeries", "path": ["monitoring", "gpu"], "min": 0.0, "max": 100.0, "unit": "%"}, "version": 12}
{"obj": {"type": "ClearFloatLog", "path": ["monitoring", "gpu"]}, "version": 13}
{"obj": {"type": "ConfigFloatSeries", "path": ["monitoring", "gpu_memory"], "min": 0.0, "max": 10.91522216796875, "unit": "GB"}, "version": 14}
{"obj": {"type": "ClearFloatLog", "path": ["monitoring", "gpu_memory"]}, "version": 15}
{"obj": {"type": "LogFloats", "path": ["monitoring", "cpu"], "values": [{"value": 19.4, "step": null, "ts": 1626173638.7603936}]}, "version": 16}
{"obj": {"type": "LogFloats", "path": ["monitoring", "memory"], "values": [{"value": 20.78565216064453, "step": null, "ts": 1626173638.7603936}]}, "version": 17}
{"obj": {"type": "LogFloats", "path": ["monitoring", "gpu"], "values": [{"value": 5.0, "step": null, "ts": 1626173638.7603936}]}, "version": 18}
{"obj": {"type": "LogFloats", "path": ["monitoring", "gpu_memory"], "values": [{"value": 2.6265869140625, "step": null, "ts": 1626173638.7603936}]}, "version": 19}
{"obj": {"type": "LogStrings", "path": ["monitoring", "stdout"], "values": [{"value": "b''", "step": null, "ts": 1626173638.773996}]}, "version": 20}
{"obj": {"type": "LogStrings", "path": ["monitoring", "stdout"], "values": [{"value": "b'https://app.neptune.ai/sangyeop-kim/sample/e/SAM-132\\n'", "step": null, "ts": 1626173638.776544}]}, "version": 21}
{"obj": {"type": "LogStrings", "path": ["monitoring", "stdout"], "values": [{"value": "b'Remember to stop your run once you\\xe2\\x80\\x99ve finished logging your metadata (https://docs.neptune.ai/api-reference/run#stop). It will be stopped automatically only when the notebook kernel/interactive console is terminated.\\n'", "step": null, "ts": 1626173638.7808492}]}, "version": 22}
{"obj": {"type": "AssignInt", "path": ["changed_hyperparameter", "gpus"], "value": 1}, "version": 23}
{"obj": {"type": "AssignInt", "path": ["changed_hyperparameter", "max_epochs"], "value": 2}, "version": 24}
{"obj": {"type": "AssignString", "path": ["changed_hyperparameter", "scheduler"], "value": "StepLR"}, "version": 25}
{"obj": {"type": "AssignInt", "path": ["changed_hyperparameter", "StepLR", "step_size"], "value": 10}, "version": 26}
{"obj": {"type": "AssignFloat", "path": ["changed_hyperparameter", "StepLR", "gamma"], "value": 0.1}, "version": 27}
{"obj": {"type": "AssignInt", "path": ["changed_hyperparameter", "train_batch_size"], "value": 64}, "version": 28}
{"obj": {"type": "AssignString", "path": ["changed_hyperparameter", "loss"], "value": "MSE"}, "version": 29}
{"obj": {"type": "AssignString", "path": ["changed_hyperparameter", "neptune_workspace"], "value": "sangyeop-kim"}, "version": 30}
{"obj": {"type": "AssignString", "path": ["changed_hyperparameter", "neptune_project"], "value": "sample"}, "version": 31}
{"obj": {"type": "AssignString", "path": ["changed_hyperparameter", "name"], "value": "kfold-two-no-ratio"}, "version": 32}
{"obj": {"type": "AssignBool", "path": ["default_hyperparameter", "logger"], "value": true}, "version": 33}
{"obj": {"type": "AssignBool", "path": ["default_hyperparameter", "checkpoint_callback"], "value": true}, "version": 34}
{"obj": {"type": "AssignString", "path": ["default_hyperparameter", "callbacks"], "value": "None"}, "version": 35}
{"obj": {"type": "AssignString", "path": ["default_hyperparameter", "default_root_dir"], "value": "None"}, "version": 36}
{"obj": {"type": "AssignFloat", "path": ["default_hyperparameter", "gradient_clip_val"], "value": 0.0}, "version": 37}
{"obj": {"type": "AssignString", "path": ["default_hyperparameter", "gradient_clip_algorithm"], "value": "norm"}, "version": 38}
{"obj": {"type": "AssignInt", "path": ["default_hyperparameter", "process_position"], "value": 0}, "version": 39}
{"obj": {"type": "AssignInt", "path": ["default_hyperparameter", "num_nodes"], "value": 1}, "version": 40}
{"obj": {"type": "AssignInt", "path": ["default_hyperparameter", "num_processes"], "value": 1}, "version": 41}
{"obj": {"type": "AssignBool", "path": ["default_hyperparameter", "auto_select_gpus"], "value": false}, "version": 42}
{"obj": {"type": "AssignString", "path": ["default_hyperparameter", "tpu_cores"], "value": "None"}, "version": 43}
{"obj": {"type": "AssignString", "path": ["default_hyperparameter", "log_gpu_memory"], "value": "None"}, "version": 44}
{"obj": {"type": "AssignString", "path": ["default_hyperparameter", "progress_bar_refresh_rate"], "value": "None"}, "version": 45}
{"obj": {"type": "AssignFloat", "path": ["default_hyperparameter", "overfit_batches"], "value": 0.0}, "version": 46}
{"obj": {"type": "AssignInt", "path": ["default_hyperparameter", "track_grad_norm"], "value": -1}, "version": 47}
{"obj": {"type": "AssignInt", "path": ["default_hyperparameter", "check_val_every_n_epoch"], "value": 1}, "version": 48}
{"obj": {"type": "AssignBool", "path": ["default_hyperparameter", "fast_dev_run"], "value": false}, "version": 49}
{"obj": {"type": "AssignInt", "path": ["default_hyperparameter", "accumulate_grad_batches"], "value": 1}, "version": 50}
{"obj": {"type": "AssignString", "path": ["default_hyperparameter", "min_epochs"], "value": "None"}, "version": 51}
{"obj": {"type": "AssignString", "path": ["default_hyperparameter", "max_steps"], "value": "None"}, "version": 52}
{"obj": {"type": "AssignString", "path": ["default_hyperparameter", "min_steps"], "value": "None"}, "version": 53}
{"obj": {"type": "AssignString", "path": ["default_hyperparameter", "max_time"], "value": "None"}, "version": 54}
{"obj": {"type": "AssignFloat", "path": ["default_hyperparameter", "limit_train_batches"], "value": 1.0}, "version": 55}
{"obj": {"type": "AssignFloat", "path": ["default_hyperparameter", "limit_val_batches"], "value": 1.0}, "version": 56}
{"obj": {"type": "AssignFloat", "path": ["default_hyperparameter", "limit_test_batches"], "value": 1.0}, "version": 57}
{"obj": {"type": "AssignFloat", "path": ["default_hyperparameter", "limit_predict_batches"], "value": 1.0}, "version": 58}
{"obj": {"type": "AssignFloat", "path": ["default_hyperparameter", "val_check_interval"], "value": 1.0}, "version": 59}
{"obj": {"type": "AssignInt", "path": ["default_hyperparameter", "flush_logs_every_n_steps"], "value": 100}, "version": 60}
{"obj": {"type": "AssignInt", "path": ["default_hyperparameter", "log_every_n_steps"], "value": 50}, "version": 61}
{"obj": {"type": "AssignString", "path": ["default_hyperparameter", "accelerator"], "value": "None"}, "version": 62}
{"obj": {"type": "AssignBool", "path": ["default_hyperparameter", "sync_batchnorm"], "value": false}, "version": 63}
{"obj": {"type": "AssignInt", "path": ["default_hyperparameter", "precision"], "value": 32}, "version": 64}
{"obj": {"type": "AssignString", "path": ["default_hyperparameter", "weights_summary"], "value": "top"}, "version": 65}
{"obj": {"type": "AssignString", "path": ["default_hyperparameter", "weights_save_path"], "value": "None"}, "version": 66}
{"obj": {"type": "AssignInt", "path": ["default_hyperparameter", "num_sanity_val_steps"], "value": 2}, "version": 67}
{"obj": {"type": "AssignString", "path": ["default_hyperparameter", "truncated_bptt_steps"], "value": "None"}, "version": 68}
{"obj": {"type": "AssignString", "path": ["default_hyperparameter", "resume_from_checkpoint"], "value": "None"}, "version": 69}
{"obj": {"type": "AssignString", "path": ["default_hyperparameter", "profiler"], "value": "None"}, "version": 70}
{"obj": {"type": "AssignBool", "path": ["default_hyperparameter", "benchmark"], "value": false}, "version": 71}
{"obj": {"type": "AssignBool", "path": ["default_hyperparameter", "deterministic"], "value": false}, "version": 72}
{"obj": {"type": "AssignBool", "path": ["default_hyperparameter", "reload_dataloaders_every_epoch"], "value": false}, "version": 73}
{"obj": {"type": "AssignBool", "path": ["default_hyperparameter", "auto_lr_find"], "value": false}, "version": 74}
{"obj": {"type": "AssignBool", "path": ["default_hyperparameter", "replace_sampler_ddp"], "value": true}, "version": 75}
{"obj": {"type": "AssignBool", "path": ["default_hyperparameter", "terminate_on_nan"], "value": false}, "version": 76}
{"obj": {"type": "AssignBool", "path": ["default_hyperparameter", "auto_scale_batch_size"], "value": false}, "version": 77}
{"obj": {"type": "AssignBool", "path": ["default_hyperparameter", "prepare_data_per_node"], "value": true}, "version": 78}
{"obj": {"type": "AssignString", "path": ["default_hyperparameter", "plugins"], "value": "None"}, "version": 79}
{"obj": {"type": "AssignString", "path": ["default_hyperparameter", "amp_backend"], "value": "native"}, "version": 80}
{"obj": {"type": "AssignString", "path": ["default_hyperparameter", "amp_level"], "value": "O2"}, "version": 81}
{"obj": {"type": "AssignString", "path": ["default_hyperparameter", "distributed_backend"], "value": "None"}, "version": 82}
{"obj": {"type": "AssignBool", "path": ["default_hyperparameter", "move_metrics_to_cpu"], "value": false}, "version": 83}
{"obj": {"type": "AssignString", "path": ["default_hyperparameter", "multiple_trainloader_mode"], "value": "max_size_cycle"}, "version": 84}
{"obj": {"type": "AssignBool", "path": ["default_hyperparameter", "stochastic_weight_avg"], "value": false}, "version": 85}
{"obj": {"type": "AssignString", "path": ["default_hyperparameter", "optimizer"], "value": "Adam"}, "version": 86}
{"obj": {"type": "AssignFloat", "path": ["default_hyperparameter", "Adadelta", "lr"], "value": 1.0}, "version": 87}
{"obj": {"type": "AssignFloat", "path": ["default_hyperparameter", "Adadelta", "rho"], "value": 0.9}, "version": 88}
{"obj": {"type": "AssignFloat", "path": ["default_hyperparameter", "Adadelta", "eps"], "value": 1e-06}, "version": 89}
{"obj": {"type": "AssignInt", "path": ["default_hyperparameter", "Adadelta", "weight_decay"], "value": 0}, "version": 90}
{"obj": {"type": "AssignFloat", "path": ["default_hyperparameter", "Adagrad", "lr"], "value": 0.01}, "version": 91}
{"obj": {"type": "AssignInt", "path": ["default_hyperparameter", "Adagrad", "lr_decay"], "value": 0}, "version": 92}
{"obj": {"type": "AssignInt", "path": ["default_hyperparameter", "Adagrad", "weight_decay"], "value": 0}, "version": 93}
{"obj": {"type": "AssignInt", "path": ["default_hyperparameter", "Adagrad", "initial_accumulator_value"], "value": 0}, "version": 94}
{"obj": {"type": "AssignFloat", "path": ["default_hyperparameter", "Adagrad", "eps"], "value": 1e-10}, "version": 95}
{"obj": {"type": "AssignFloat", "path": ["default_hyperparameter", "Adam", "lr"], "value": 0.001}, "version": 96}
{"obj": {"type": "AssignString", "path": ["default_hyperparameter", "Adam", "betas"], "value": "(0.9, 0.999)"}, "version": 97}
{"obj": {"type": "AssignFloat", "path": ["default_hyperparameter", "Adam", "eps"], "value": 1e-08}, "version": 98}
{"obj": {"type": "AssignInt", "path": ["default_hyperparameter", "Adam", "weight_decay"], "value": 0}, "version": 99}
{"obj": {"type": "AssignBool", "path": ["default_hyperparameter", "Adam", "amsgrad"], "value": false}, "version": 100}
{"obj": {"type": "AssignFloat", "path": ["default_hyperparameter", "AdamW", "lr"], "value": 0.001}, "version": 101}
{"obj": {"type": "AssignString", "path": ["default_hyperparameter", "AdamW", "betas"], "value": "(0.9, 0.999)"}, "version": 102}
{"obj": {"type": "AssignFloat", "path": ["default_hyperparameter", "AdamW", "eps"], "value": 1e-08}, "version": 103}
{"obj": {"type": "AssignFloat", "path": ["default_hyperparameter", "AdamW", "weight_decay"], "value": 0.01}, "version": 104}
{"obj": {"type": "AssignBool", "path": ["default_hyperparameter", "AdamW", "amsgrad"], "value": false}, "version": 105}
{"obj": {"type": "AssignFloat", "path": ["default_hyperparameter", "SparseAdam", "lr"], "value": 0.001}, "version": 106}
{"obj": {"type": "AssignString", "path": ["default_hyperparameter", "SparseAdam", "betas"], "value": "(0.9, 0.999)"}, "version": 107}
{"obj": {"type": "AssignFloat", "path": ["default_hyperparameter", "SparseAdam", "eps"], "value": 1e-08}, "version": 108}
{"obj": {"type": "AssignFloat", "path": ["default_hyperparameter", "Adamax", "lr"], "value": 0.002}, "version": 109}
{"obj": {"type": "AssignString", "path": ["default_hyperparameter", "Adamax", "betas"], "value": "(0.9, 0.999)"}, "version": 110}
{"obj": {"type": "AssignFloat", "path": ["default_hyperparameter", "Adamax", "eps"], "value": 1e-08}, "version": 111}
{"obj": {"type": "AssignInt", "path": ["default_hyperparameter", "Adamax", "weight_decay"], "value": 0}, "version": 112}
{"obj": {"type": "AssignFloat", "path": ["default_hyperparameter", "ASGD", "lr"], "value": 0.01}, "version": 113}
{"obj": {"type": "AssignFloat", "path": ["default_hyperparameter", "ASGD", "lambd"], "value": 0.0001}, "version": 114}
{"obj": {"type": "AssignFloat", "path": ["default_hyperparameter", "ASGD", "alpha"], "value": 0.75}, "version": 115}
{"obj": {"type": "AssignFloat", "path": ["default_hyperparameter", "ASGD", "t0"], "value": 1000000.0}, "version": 116}
{"obj": {"type": "AssignInt", "path": ["default_hyperparameter", "ASGD", "weight_decay"], "value": 0}, "version": 117}
{"obj": {"type": "AssignInt", "path": ["default_hyperparameter", "LBFGS", "lr"], "value": 1}, "version": 118}
{"obj": {"type": "AssignInt", "path": ["default_hyperparameter", "LBFGS", "max_iter"], "value": 20}, "version": 119}
{"obj": {"type": "AssignString", "path": ["default_hyperparameter", "LBFGS", "max_eval"], "value": "None"}, "version": 120}
{"obj": {"type": "AssignFloat", "path": ["default_hyperparameter", "LBFGS", "tolerance_grad"], "value": 1e-07}, "version": 121}
{"obj": {"type": "AssignFloat", "path": ["default_hyperparameter", "LBFGS", "tolerance_change"], "value": 1e-09}, "version": 122}
{"obj": {"type": "AssignInt", "path": ["default_hyperparameter", "LBFGS", "history_size"], "value": 100}, "version": 123}
{"obj": {"type": "AssignString", "path": ["default_hyperparameter", "LBFGS", "line_search_fn"], "value": "None"}, "version": 124}
{"obj": {"type": "AssignFloat", "path": ["default_hyperparameter", "RMSprop", "lr"], "value": 0.01}, "version": 125}
{"obj": {"type": "AssignFloat", "path": ["default_hyperparameter", "RMSprop", "alpha"], "value": 0.99}, "version": 126}
{"obj": {"type": "AssignFloat", "path": ["default_hyperparameter", "RMSprop", "eps"], "value": 1e-08}, "version": 127}
{"obj": {"type": "AssignInt", "path": ["default_hyperparameter", "RMSprop", "weight_decay"], "value": 0}, "version": 128}
{"obj": {"type": "AssignInt", "path": ["default_hyperparameter", "RMSprop", "momentum"], "value": 0}, "version": 129}
{"obj": {"type": "AssignBool", "path": ["default_hyperparameter", "RMSprop", "centered"], "value": false}, "version": 130}
{"obj": {"type": "AssignFloat", "path": ["default_hyperparameter", "Rprop", "lr"], "value": 0.01}, "version": 131}
{"obj": {"type": "AssignString", "path": ["default_hyperparameter", "Rprop", "etas"], "value": "(0.5, 1.2)"}, "version": 132}
{"obj": {"type": "AssignString", "path": ["default_hyperparameter", "Rprop", "step_sizes"], "value": "(1e-06, 50)"}, "version": 133}
{"obj": {"type": "AssignFloat", "path": ["default_hyperparameter", "SGD", "lr"], "value": 0.01}, "version": 134}
{"obj": {"type": "AssignInt", "path": ["default_hyperparameter", "SGD", "momentum"], "value": 0}, "version": 135}
{"obj": {"type": "AssignInt", "path": ["default_hyperparameter", "SGD", "dampening"], "value": 0}, "version": 136}
{"obj": {"type": "AssignInt", "path": ["default_hyperparameter", "SGD", "weight_decay"], "value": 0}, "version": 137}
{"obj": {"type": "AssignBool", "path": ["default_hyperparameter", "SGD", "nesterov"], "value": false}, "version": 138}
{"obj": {"type": "AssignInt", "path": ["default_hyperparameter", "last_epoch"], "value": -1}, "version": 139}
{"obj": {"type": "AssignBool", "path": ["default_hyperparameter", "verbose"], "value": false}, "version": 140}
{"obj": {"type": "AssignString", "path": ["default_hyperparameter", "LambdaLR", "lr_lambda"], "value": "None"}, "version": 141}
{"obj": {"type": "AssignString", "path": ["default_hyperparameter", "MultiplicativeLR", "lr_lambda"], "value": "None"}, "version": 142}
{"obj": {"type": "AssignString", "path": ["default_hyperparameter", "MultiStepLR", "milestones"], "value": "None"}, "version": 143}
{"obj": {"type": "AssignFloat", "path": ["default_hyperparameter", "MultiStepLR", "gamma"], "value": 0.1}, "version": 144}
{"obj": {"type": "AssignString", "path": ["default_hyperparameter", "ExponentialLR", "gamma"], "value": "None"}, "version": 145}
{"obj": {"type": "AssignString", "path": ["default_hyperparameter", "CosineAnnealingLR", "T_max"], "value": "None"}, "version": 146}
{"obj": {"type": "AssignInt", "path": ["default_hyperparameter", "CosineAnnealingLR", "eta_min"], "value": 0}, "version": 147}
{"obj": {"type": "AssignString", "path": ["default_hyperparameter", "CosineAnnealingWarmRestarts", "T_0"], "value": "None"}, "version": 148}
{"obj": {"type": "AssignInt", "path": ["default_hyperparameter", "CosineAnnealingWarmRestarts", "T_mult"], "value": 1}, "version": 149}
{"obj": {"type": "AssignInt", "path": ["default_hyperparameter", "CosineAnnealingWarmRestarts", "eta_min"], "value": 0}, "version": 150}
{"obj": {"type": "AssignBool", "path": ["default_hyperparameter", "train_shuffle"], "value": false}, "version": 151}
{"obj": {"type": "AssignString", "path": ["default_hyperparameter", "train_sampler"], "value": "None"}, "version": 152}
{"obj": {"type": "AssignString", "path": ["default_hyperparameter", "train_batch_sampler"], "value": "None"}, "version": 153}
{"obj": {"type": "AssignInt", "path": ["default_hyperparameter", "train_num_workers"], "value": 0}, "version": 154}
{"obj": {"type": "AssignString", "path": ["default_hyperparameter", "train_collate_fn"], "value": "None"}, "version": 155}
{"obj": {"type": "AssignBool", "path": ["default_hyperparameter", "train_pin_memory"], "value": false}, "version": 156}
{"obj": {"type": "AssignBool", "path": ["default_hyperparameter", "train_drop_last"], "value": false}, "version": 157}
{"obj": {"type": "AssignInt", "path": ["default_hyperparameter", "train_timeout"], "value": 0}, "version": 158}
{"obj": {"type": "AssignString", "path": ["default_hyperparameter", "train_worker_init_fn"], "value": "None"}, "version": 159}
{"obj": {"type": "AssignInt", "path": ["default_hyperparameter", "train_prefetch_factor"], "value": 2}, "version": 160}
{"obj": {"type": "AssignBool", "path": ["default_hyperparameter", "train_persistent_workers"], "value": false}, "version": 161}
{"obj": {"type": "AssignInt", "path": ["default_hyperparameter", "validation_batch_size"], "value": -1}, "version": 162}
{"obj": {"type": "AssignBool", "path": ["default_hyperparameter", "validation_shuffle"], "value": false}, "version": 163}
{"obj": {"type": "AssignString", "path": ["default_hyperparameter", "validation_sampler"], "value": "None"}, "version": 164}
{"obj": {"type": "AssignString", "path": ["default_hyperparameter", "validation_batch_sampler"], "value": "None"}, "version": 165}
{"obj": {"type": "AssignInt", "path": ["default_hyperparameter", "validation_num_workers"], "value": 0}, "version": 166}
{"obj": {"type": "AssignString", "path": ["default_hyperparameter", "validation_collate_fn"], "value": "None"}, "version": 167}
{"obj": {"type": "AssignBool", "path": ["default_hyperparameter", "validation_pin_memory"], "value": false}, "version": 168}
{"obj": {"type": "AssignBool", "path": ["default_hyperparameter", "validation_drop_last"], "value": false}, "version": 169}
{"obj": {"type": "AssignInt", "path": ["default_hyperparameter", "validation_timeout"], "value": 0}, "version": 170}
{"obj": {"type": "AssignString", "path": ["default_hyperparameter", "validation_worker_init_fn"], "value": "None"}, "version": 171}
{"obj": {"type": "AssignInt", "path": ["default_hyperparameter", "validation_prefetch_factor"], "value": 2}, "version": 172}
{"obj": {"type": "AssignBool", "path": ["default_hyperparameter", "validation_persistent_workers"], "value": false}, "version": 173}
{"obj": {"type": "AssignInt", "path": ["default_hyperparameter", "kfold"], "value": 3}, "version": 174}
{"obj": {"type": "AssignInt", "path": ["default_hyperparameter", "random_seed"], "value": 0}, "version": 175}
{"obj": {"type": "AssignString", "path": ["default_hyperparameter", "validation_ratio"], "value": "None"}, "version": 176}
{"obj": {"type": "AssignString", "path": ["default_hyperparameter", "save_path"], "value": "logs"}, "version": 177}
{"obj": {"type": "AssignInt", "path": ["default_hyperparameter", "saved_top_k"], "value": 3}, "version": 178}
{"obj": {"type": "UploadFile", "path": ["index", "0_fold", "train_idx"], "ext": "csv", "file_path": "/home/rtm/Dropbox/GIT/MLOps/logs/SAM-132/index/0_fold/train_idx.csv"}, "version": 179}
{"obj": {"type": "UploadFile", "path": ["index", "0_fold", "validation_idx"], "ext": "csv", "file_path": "/home/rtm/Dropbox/GIT/MLOps/logs/SAM-132/index/0_fold/validation_idx.csv"}, "version": 180}
{"obj": {"type": "UploadFile", "path": ["index", "1_fold", "train_idx"], "ext": "csv", "file_path": "/home/rtm/Dropbox/GIT/MLOps/logs/SAM-132/index/1_fold/train_idx.csv"}, "version": 181}
{"obj": {"type": "UploadFile", "path": ["index", "1_fold", "validation_idx"], "ext": "csv", "file_path": "/home/rtm/Dropbox/GIT/MLOps/logs/SAM-132/index/1_fold/validation_idx.csv"}, "version": 182}
{"obj": {"type": "UploadFile", "path": ["index", "2_fold", "train_idx"], "ext": "csv", "file_path": "/home/rtm/Dropbox/GIT/MLOps/logs/SAM-132/index/2_fold/train_idx.csv"}, "version": 183}
{"obj": {"type": "UploadFile", "path": ["index", "2_fold", "validation_idx"], "ext": "csv", "file_path": "/home/rtm/Dropbox/GIT/MLOps/logs/SAM-132/index/2_fold/validation_idx.csv"}, "version": 184}
{"obj": {"type": "LogFloats", "path": ["loss", "0_fold", "train_step"], "values": [{"value": 30.171926498413086, "step": null, "ts": 1626173639.4714885}]}, "version": 185}
{"obj": {"type": "LogFloats", "path": ["loss", "0_fold", "train_step"], "values": [{"value": 22.514789581298828, "step": null, "ts": 1626173639.483021}]}, "version": 186}
{"obj": {"type": "LogFloats", "path": ["loss", "0_fold", "train_step"], "values": [{"value": 31.801095962524414, "step": null, "ts": 1626173639.4953284}]}, "version": 187}
{"obj": {"type": "LogFloats", "path": ["loss", "0_fold", "train_step"], "values": [{"value": 33.355682373046875, "step": null, "ts": 1626173639.508026}]}, "version": 188}
{"obj": {"type": "LogFloats", "path": ["loss", "0_fold", "train_step"], "values": [{"value": 31.59242057800293, "step": null, "ts": 1626173639.5198276}]}, "version": 189}
{"obj": {"type": "LogFloats", "path": ["loss", "0_fold", "train_step"], "values": [{"value": 28.294038772583008, "step": null, "ts": 1626173639.530985}]}, "version": 190}
{"obj": {"type": "LogFloats", "path": ["loss", "0_fold", "train_epoch"], "values": [{"value": 29.62165896097819, "step": null, "ts": 1626173639.543784}]}, "version": 191}
{"obj": {"type": "LogFloats", "path": ["loss", "0_fold", "train_step"], "values": [{"value": 24.126850128173828, "step": null, "ts": 1626173639.5628712}]}, "version": 192}
{"obj": {"type": "LogFloats", "path": ["loss", "0_fold", "train_step"], "values": [{"value": 19.072128295898438, "step": null, "ts": 1626173639.580962}]}, "version": 193}
{"obj": {"type": "LogFloats", "path": ["loss", "0_fold", "train_step"], "values": [{"value": 23.354522705078125, "step": null, "ts": 1626173639.5940213}]}, "version": 194}
{"obj": {"type": "LogFloats", "path": ["loss", "0_fold", "train_step"], "values": [{"value": 26.89544105529785, "step": null, "ts": 1626173639.6068985}]}, "version": 195}
{"obj": {"type": "LogFloats", "path": ["loss", "0_fold", "train_step"], "values": [{"value": 15.879027366638184, "step": null, "ts": 1626173639.6192865}]}, "version": 196}
{"obj": {"type": "LogFloats", "path": ["loss", "0_fold", "train_step"], "values": [{"value": 21.456317901611328, "step": null, "ts": 1626173639.6273584}]}, "version": 197}
{"obj": {"type": "LogFloats", "path": ["loss", "0_fold", "train_epoch"], "values": [{"value": 21.79738124211629, "step": null, "ts": 1626173639.638771}]}, "version": 198}
{"obj": {"type": "LogFloats", "path": ["loss", "1_fold", "train_step"], "values": [{"value": 28.145414352416992, "step": null, "ts": 1626173639.818906}]}, "version": 199}
{"obj": {"type": "LogFloats", "path": ["loss", "1_fold", "train_step"], "values": [{"value": 31.022275924682617, "step": null, "ts": 1626173639.8271513}]}, "version": 200}
{"obj": {"type": "LogFloats", "path": ["loss", "1_fold", "train_step"], "values": [{"value": 33.92274856567383, "step": null, "ts": 1626173639.836346}]}, "version": 201}
{"obj": {"type": "LogFloats", "path": ["loss", "1_fold", "train_step"], "values": [{"value": 30.65163803100586, "step": null, "ts": 1626173639.8458273}]}, "version": 202}
{"obj": {"type": "LogFloats", "path": ["loss", "1_fold", "train_step"], "values": [{"value": 24.79701805114746, "step": null, "ts": 1626173639.85671}]}, "version": 203}
{"obj": {"type": "LogFloats", "path": ["loss", "1_fold", "train_step"], "values": [{"value": 24.720651626586914, "step": null, "ts": 1626173639.8648953}]}, "version": 204}
{"obj": {"type": "LogFloats", "path": ["loss", "1_fold", "train_epoch"], "values": [{"value": 28.876624425252277, "step": null, "ts": 1626173639.8752537}]}, "version": 205}
{"obj": {"type": "LogFloats", "path": ["loss", "1_fold", "train_step"], "values": [{"value": 24.56222152709961, "step": null, "ts": 1626173639.8915327}]}, "version": 206}
{"obj": {"type": "LogFloats", "path": ["loss", "1_fold", "train_step"], "values": [{"value": 21.858928680419922, "step": null, "ts": 1626173639.906105}]}, "version": 207}
{"obj": {"type": "LogFloats", "path": ["loss", "1_fold", "train_step"], "values": [{"value": 26.65233612060547, "step": null, "ts": 1626173639.9167695}]}, "version": 208}
{"obj": {"type": "LogFloats", "path": ["loss", "1_fold", "train_step"], "values": [{"value": 21.821605682373047, "step": null, "ts": 1626173639.9261184}]}, "version": 209}
{"obj": {"type": "LogFloats", "path": ["loss", "1_fold", "train_step"], "values": [{"value": 17.16534423828125, "step": null, "ts": 1626173639.9351377}]}, "version": 210}
{"obj": {"type": "LogFloats", "path": ["loss", "1_fold", "train_step"], "values": [{"value": 9.67414665222168, "step": null, "ts": 1626173639.9429781}]}, "version": 211}
{"obj": {"type": "LogFloats", "path": ["loss", "1_fold", "train_epoch"], "values": [{"value": 20.28909715016683, "step": null, "ts": 1626173639.9548905}]}, "version": 212}
{"obj": {"type": "LogFloats", "path": ["loss", "2_fold", "train_step"], "values": [{"value": 34.23928451538086, "step": null, "ts": 1626173640.1578207}]}, "version": 213}
{"obj": {"type": "LogFloats", "path": ["loss", "2_fold", "train_step"], "values": [{"value": 28.56678581237793, "step": null, "ts": 1626173640.1697936}]}, "version": 214}
{"obj": {"type": "LogFloats", "path": ["loss", "2_fold", "train_step"], "values": [{"value": 24.602710723876953, "step": null, "ts": 1626173640.1815581}]}, "version": 215}
{"obj": {"type": "LogFloats", "path": ["loss", "2_fold", "train_step"], "values": [{"value": 23.169187545776367, "step": null, "ts": 1626173640.195925}]}, "version": 216}
{"obj": {"type": "LogFloats", "path": ["loss", "2_fold", "train_step"], "values": [{"value": 31.182559967041016, "step": null, "ts": 1626173640.2074938}]}, "version": 217}
{"obj": {"type": "LogFloats", "path": ["loss", "2_fold", "train_step"], "values": [{"value": 24.452594757080078, "step": null, "ts": 1626173640.2182565}]}, "version": 218}
{"obj": {"type": "LogFloats", "path": ["loss", "2_fold", "train_epoch"], "values": [{"value": 27.702187220255535, "step": null, "ts": 1626173640.2319403}]}, "version": 219}
{"obj": {"type": "LogFloats", "path": ["loss", "2_fold", "train_step"], "values": [{"value": 21.61547088623047, "step": null, "ts": 1626173640.252958}]}, "version": 220}
{"obj": {"type": "LogFloats", "path": ["loss", "2_fold", "train_step"], "values": [{"value": 25.388446807861328, "step": null, "ts": 1626173640.2642708}]}, "version": 221}
{"obj": {"type": "LogFloats", "path": ["loss", "2_fold", "train_step"], "values": [{"value": 22.781658172607422, "step": null, "ts": 1626173640.2737885}]}, "version": 222}
{"obj": {"type": "LogFloats", "path": ["loss", "2_fold", "train_step"], "values": [{"value": 16.672922134399414, "step": null, "ts": 1626173640.2843919}]}, "version": 223}
{"obj": {"type": "LogFloats", "path": ["loss", "2_fold", "train_step"], "values": [{"value": 20.03122329711914, "step": null, "ts": 1626173640.295224}]}, "version": 224}
{"obj": {"type": "LogFloats", "path": ["loss", "2_fold", "train_step"], "values": [{"value": 9.400846481323242, "step": null, "ts": 1626173640.3056731}]}, "version": 225}
{"obj": {"type": "LogFloats", "path": ["loss", "2_fold", "train_epoch"], "values": [{"value": 19.315094629923504, "step": null, "ts": 1626173640.3174274}]}, "version": 226}
{"obj": {"type": "LogFloats", "path": ["monitoring", "cpu"], "values": [{"value": 11.7, "step": null, "ts": 1626173648.7736297}]}, "version": 227}
{"obj": {"type": "LogFloats", "path": ["monitoring", "memory"], "values": [{"value": 20.782535552978516, "step": null, "ts": 1626173648.7736297}]}, "version": 228}
{"obj": {"type": "LogFloats", "path": ["monitoring", "gpu"], "values": [{"value": 5.0, "step": null, "ts": 1626173648.7736297}]}, "version": 229}
{"obj": {"type": "LogFloats", "path": ["monitoring", "gpu_memory"], "values": [{"value": 2.60577392578125, "step": null, "ts": 1626173648.7736297}]}, "version": 230}
{"obj": {"type": "LogFloats", "path": ["monitoring", "cpu"], "values": [{"value": 13.3, "step": null, "ts": 1626173658.7756224}]}, "version": 231}
{"obj": {"type": "LogFloats", "path": ["monitoring", "memory"], "values": [{"value": 20.820056915283203, "step": null, "ts": 1626173658.7756224}]}, "version": 232}
{"obj": {"type": "LogFloats", "path": ["monitoring", "gpu"], "values": [{"value": 6.0, "step": null, "ts": 1626173658.7756224}]}, "version": 233}
{"obj": {"type": "LogFloats", "path": ["monitoring", "gpu_memory"], "values": [{"value": 2.6043701171875, "step": null, "ts": 1626173658.7756224}]}, "version": 234}
{"obj": {"type": "LogFloats", "path": ["monitoring", "cpu"], "values": [{"value": 14.1, "step": null, "ts": 1626173668.7779164}]}, "version": 235}
{"obj": {"type": "LogFloats", "path": ["monitoring", "memory"], "values": [{"value": 20.769702911376953, "step": null, "ts": 1626173668.7779164}]}, "version": 236}
{"obj": {"type": "LogFloats", "path": ["monitoring", "gpu"], "values": [{"value": 33.0, "step": null, "ts": 1626173668.7779164}]}, "version": 237}
{"obj": {"type": "LogFloats", "path": ["monitoring", "gpu_memory"], "values": [{"value": 2.6016845703125, "step": null, "ts": 1626173668.7779164}]}, "version": 238}
{"obj": {"type": "LogFloats", "path": ["monitoring", "cpu"], "values": [{"value": 11.5, "step": null, "ts": 1626173678.7801116}]}, "version": 239}
{"obj": {"type": "LogFloats", "path": ["monitoring", "memory"], "values": [{"value": 20.74803924560547, "step": null, "ts": 1626173678.7801116}]}, "version": 240}
{"obj": {"type": "LogFloats", "path": ["monitoring", "gpu"], "values": [{"value": 39.0, "step": null, "ts": 1626173678.7801116}]}, "version": 241}
{"obj": {"type": "LogFloats", "path": ["monitoring", "gpu_memory"], "values": [{"value": 2.6016845703125, "step": null, "ts": 1626173678.7801116}]}, "version": 242}
{"obj": {"type": "LogFloats", "path": ["monitoring", "cpu"], "values": [{"value": 10.9, "step": null, "ts": 1626173688.7822676}]}, "version": 243}
{"obj": {"type": "LogFloats", "path": ["monitoring", "memory"], "values": [{"value": 20.73159408569336, "step": null, "ts": 1626173688.7822676}]}, "version": 244}
{"obj": {"type": "LogFloats", "path": ["monitoring", "gpu"], "values": [{"value": 32.0, "step": null, "ts": 1626173688.7822676}]}, "version": 245}
{"obj": {"type": "LogFloats", "path": ["monitoring", "gpu_memory"], "values": [{"value": 2.6016845703125, "step": null, "ts": 1626173688.7822676}]}, "version": 246}
{"obj": {"type": "LogFloats", "path": ["monitoring", "cpu"], "values": [{"value": 14.7, "step": null, "ts": 1626173698.7845078}]}, "version": 247}
{"obj": {"type": "LogFloats", "path": ["monitoring", "memory"], "values": [{"value": 20.715587615966797, "step": null, "ts": 1626173698.7845078}]}, "version": 248}
{"obj": {"type": "LogFloats", "path": ["monitoring", "gpu"], "values": [{"value": 7.0, "step": null, "ts": 1626173698.7845078}]}, "version": 249}
{"obj": {"type": "LogFloats", "path": ["monitoring", "gpu_memory"], "values": [{"value": 2.6129150390625, "step": null, "ts": 1626173698.7845078}]}, "version": 250}
{"obj": {"type": "LogFloats", "path": ["monitoring", "cpu"], "values": [{"value": 17.7, "step": null, "ts": 1626173708.787028}]}, "version": 251}
{"obj": {"type": "LogFloats", "path": ["monitoring", "memory"], "values": [{"value": 20.736576080322266, "step": null, "ts": 1626173708.787028}]}, "version": 252}
{"obj": {"type": "LogFloats", "path": ["monitoring", "gpu"], "values": [{"value": 16.0, "step": null, "ts": 1626173708.787028}]}, "version": 253}
{"obj": {"type": "LogFloats", "path": ["monitoring", "gpu_memory"], "values": [{"value": 2.61572265625, "step": null, "ts": 1626173708.787028}]}, "version": 254}
{"obj": {"type": "LogFloats", "path": ["monitoring", "cpu"], "values": [{"value": 17.7, "step": null, "ts": 1626173718.7896843}]}, "version": 255}
{"obj": {"type": "LogFloats", "path": ["monitoring", "memory"], "values": [{"value": 20.773643493652344, "step": null, "ts": 1626173718.7896843}]}, "version": 256}
{"obj": {"type": "LogFloats", "path": ["monitoring", "gpu"], "values": [{"value": 5.0, "step": null, "ts": 1626173718.7896843}]}, "version": 257}
{"obj": {"type": "LogFloats", "path": ["monitoring", "gpu_memory"], "values": [{"value": 2.635986328125, "step": null, "ts": 1626173718.7896843}]}, "version": 258}
{"obj": {"type": "LogFloats", "path": ["monitoring", "cpu"], "values": [{"value": 15.8, "step": null, "ts": 1626173728.7918434}]}, "version": 259}
{"obj": {"type": "LogFloats", "path": ["monitoring", "memory"], "values": [{"value": 20.71225357055664, "step": null, "ts": 1626173728.7918434}]}, "version": 260}
{"obj": {"type": "LogFloats", "path": ["monitoring", "gpu"], "values": [{"value": 6.0, "step": null, "ts": 1626173728.7918434}]}, "version": 261}
{"obj": {"type": "LogFloats", "path": ["monitoring", "gpu_memory"], "values": [{"value": 2.6259765625, "step": null, "ts": 1626173728.7918434}]}, "version": 262}
{"obj": {"type": "LogFloats", "path": ["monitoring", "cpu"], "values": [{"value": 11.6, "step": null, "ts": 1626173738.7939413}]}, "version": 263}
{"obj": {"type": "LogFloats", "path": ["monitoring", "memory"], "values": [{"value": 20.70187759399414, "step": null, "ts": 1626173738.7939413}]}, "version": 264}
{"obj": {"type": "LogFloats", "path": ["monitoring", "gpu"], "values": [{"value": 6.0, "step": null, "ts": 1626173738.7939413}]}, "version": 265}
{"obj": {"type": "LogFloats", "path": ["monitoring", "gpu_memory"], "values": [{"value": 2.5977783203125, "step": null, "ts": 1626173738.7939413}]}, "version": 266}
{"obj": {"type": "LogFloats", "path": ["monitoring", "cpu"], "values": [{"value": 11.9, "step": null, "ts": 1626173748.7956936}]}, "version": 267}
{"obj": {"type": "LogFloats", "path": ["monitoring", "memory"], "values": [{"value": 20.699050903320312, "step": null, "ts": 1626173748.7956936}]}, "version": 268}
{"obj": {"type": "LogFloats", "path": ["monitoring", "gpu"], "values": [{"value": 7.0, "step": null, "ts": 1626173748.7956936}]}, "version": 269}
{"obj": {"type": "LogFloats", "path": ["monitoring", "gpu_memory"], "values": [{"value": 2.59619140625, "step": null, "ts": 1626173748.7956936}]}, "version": 270}
{"obj": {"type": "LogFloats", "path": ["monitoring", "cpu"], "values": [{"value": 16.2, "step": null, "ts": 1626173758.7980123}]}, "version": 271}
{"obj": {"type": "LogFloats", "path": ["monitoring", "memory"], "values": [{"value": 20.705169677734375, "step": null, "ts": 1626173758.7980123}]}, "version": 272}
{"obj": {"type": "LogFloats", "path": ["monitoring", "gpu"], "values": [{"value": 7.0, "step": null, "ts": 1626173758.7980123}]}, "version": 273}
{"obj": {"type": "LogFloats", "path": ["monitoring", "gpu_memory"], "values": [{"value": 2.62371826171875, "step": null, "ts": 1626173758.7980123}]}, "version": 274}
{"obj": {"type": "LogFloats", "path": ["monitoring", "cpu"], "values": [{"value": 14.5, "step": null, "ts": 1626173768.799803}]}, "version": 275}
{"obj": {"type": "LogFloats", "path": ["monitoring", "memory"], "values": [{"value": 20.694744110107422, "step": null, "ts": 1626173768.799803}]}, "version": 276}
{"obj": {"type": "LogFloats", "path": ["monitoring", "gpu"], "values": [{"value": 8.0, "step": null, "ts": 1626173768.799803}]}, "version": 277}
{"obj": {"type": "LogFloats", "path": ["monitoring", "gpu_memory"], "values": [{"value": 2.60888671875, "step": null, "ts": 1626173768.799803}]}, "version": 278}
{"obj": {"type": "LogFloats", "path": ["monitoring", "cpu"], "values": [{"value": 13.6, "step": null, "ts": 1626173778.8024783}]}, "version": 279}
{"obj": {"type": "LogFloats", "path": ["monitoring", "memory"], "values": [{"value": 20.67119598388672, "step": null, "ts": 1626173778.8024783}]}, "version": 280}
{"obj": {"type": "LogFloats", "path": ["monitoring", "gpu"], "values": [{"value": 23.0, "step": null, "ts": 1626173778.8024783}]}, "version": 281}
{"obj": {"type": "LogFloats", "path": ["monitoring", "gpu_memory"], "values": [{"value": 2.580078125, "step": null, "ts": 1626173778.8024783}]}, "version": 282}
{"obj": {"type": "LogFloats", "path": ["monitoring", "cpu"], "values": [{"value": 18.0, "step": null, "ts": 1626173788.8062544}]}, "version": 283}
{"obj": {"type": "LogFloats", "path": ["monitoring", "memory"], "values": [{"value": 20.70516586303711, "step": null, "ts": 1626173788.8062544}]}, "version": 284}
{"obj": {"type": "LogFloats", "path": ["monitoring", "gpu"], "values": [{"value": 12.0, "step": null, "ts": 1626173788.8062544}]}, "version": 285}
{"obj": {"type": "LogFloats", "path": ["monitoring", "gpu_memory"], "values": [{"value": 2.58306884765625, "step": null, "ts": 1626173788.8062544}]}, "version": 286}
{"obj": {"type": "LogFloats", "path": ["monitoring", "cpu"], "values": [{"value": 15.4, "step": null, "ts": 1626173798.8117735}]}, "version": 287}
{"obj": {"type": "LogFloats", "path": ["monitoring", "memory"], "values": [{"value": 20.710338592529297, "step": null, "ts": 1626173798.8117735}]}, "version": 288}
{"obj": {"type": "LogFloats", "path": ["monitoring", "gpu"], "values": [{"value": 6.0, "step": null, "ts": 1626173798.8117735}]}, "version": 289}
{"obj": {"type": "LogFloats", "path": ["monitoring", "gpu_memory"], "values": [{"value": 2.57891845703125, "step": null, "ts": 1626173798.8117735}]}, "version": 290}
{"obj": {"type": "LogFloats", "path": ["monitoring", "cpu"], "values": [{"value": 11.5, "step": null, "ts": 1626173808.8146079}]}, "version": 291}
{"obj": {"type": "LogFloats", "path": ["monitoring", "memory"], "values": [{"value": 20.70452117919922, "step": null, "ts": 1626173808.8146079}]}, "version": 292}
{"obj": {"type": "LogFloats", "path": ["monitoring", "gpu"], "values": [{"value": 7.0, "step": null, "ts": 1626173808.8146079}]}, "version": 293}
{"obj": {"type": "LogFloats", "path": ["monitoring", "gpu_memory"], "values": [{"value": 2.57928466796875, "step": null, "ts": 1626173808.8146079}]}, "version": 294}
{"obj": {"type": "LogFloats", "path": ["monitoring", "cpu"], "values": [{"value": 22.9, "step": null, "ts": 1626173818.8172336}]}, "version": 295}
{"obj": {"type": "LogFloats", "path": ["monitoring", "memory"], "values": [{"value": 20.844829559326172, "step": null, "ts": 1626173818.8172336}]}, "version": 296}
{"obj": {"type": "LogFloats", "path": ["monitoring", "gpu"], "values": [{"value": 31.0, "step": null, "ts": 1626173818.8172336}]}, "version": 297}
{"obj": {"type": "LogFloats", "path": ["monitoring", "gpu_memory"], "values": [{"value": 2.622802734375, "step": null, "ts": 1626173818.8172336}]}, "version": 298}
{"obj": {"type": "LogFloats", "path": ["monitoring", "cpu"], "values": [{"value": 23.9, "step": null, "ts": 1626173828.8197181}]}, "version": 299}
{"obj": {"type": "LogFloats", "path": ["monitoring", "memory"], "values": [{"value": 20.825679779052734, "step": null, "ts": 1626173828.8197181}]}, "version": 300}
{"obj": {"type": "LogFloats", "path": ["monitoring", "gpu"], "values": [{"value": 36.0, "step": null, "ts": 1626173828.8197181}]}, "version": 301}
{"obj": {"type": "LogFloats", "path": ["monitoring", "gpu_memory"], "values": [{"value": 2.6256103515625, "step": null, "ts": 1626173828.8197181}]}, "version": 302}
{"obj": {"type": "LogFloats", "path": ["monitoring", "cpu"], "values": [{"value": 14.4, "step": null, "ts": 1626173838.8215516}]}, "version": 303}
{"obj": {"type": "LogFloats", "path": ["monitoring", "memory"], "values": [{"value": 20.810771942138672, "step": null, "ts": 1626173838.8215516}]}, "version": 304}
{"obj": {"type": "LogFloats", "path": ["monitoring", "gpu"], "values": [{"value": 6.0, "step": null, "ts": 1626173838.8215516}]}, "version": 305}
{"obj": {"type": "LogFloats", "path": ["monitoring", "gpu_memory"], "values": [{"value": 2.61572265625, "step": null, "ts": 1626173838.8215516}]}, "version": 306}
{"obj": {"type": "LogFloats", "path": ["monitoring", "cpu"], "values": [{"value": 16.1, "step": null, "ts": 1626173848.8243132}]}, "version": 307}
{"obj": {"type": "LogFloats", "path": ["monitoring", "memory"], "values": [{"value": 20.813385009765625, "step": null, "ts": 1626173848.8243132}]}, "version": 308}
{"obj": {"type": "LogFloats", "path": ["monitoring", "gpu"], "values": [{"value": 5.0, "step": null, "ts": 1626173848.8243132}]}, "version": 309}
{"obj": {"type": "LogFloats", "path": ["monitoring", "gpu_memory"], "values": [{"value": 2.6019287109375, "step": null, "ts": 1626173848.8243132}]}, "version": 310}
{"obj": {"type": "LogFloats", "path": ["monitoring", "cpu"], "values": [{"value": 13.7, "step": null, "ts": 1626173858.826608}]}, "version": 311}
{"obj": {"type": "LogFloats", "path": ["monitoring", "memory"], "values": [{"value": 20.788997650146484, "step": null, "ts": 1626173858.826608}]}, "version": 312}
{"obj": {"type": "LogFloats", "path": ["monitoring", "gpu"], "values": [{"value": 6.0, "step": null, "ts": 1626173858.826608}]}, "version": 313}
{"obj": {"type": "LogFloats", "path": ["monitoring", "gpu_memory"], "values": [{"value": 2.60205078125, "step": null, "ts": 1626173858.826608}]}, "version": 314}
{"obj": {"type": "LogFloats", "path": ["monitoring", "cpu"], "values": [{"value": 19.8, "step": null, "ts": 1626173868.8292472}]}, "version": 315}
{"obj": {"type": "LogFloats", "path": ["monitoring", "memory"], "values": [{"value": 20.698986053466797, "step": null, "ts": 1626173868.8292472}]}, "version": 316}
{"obj": {"type": "LogFloats", "path": ["monitoring", "gpu"], "values": [{"value": 12.0, "step": null, "ts": 1626173868.8292472}]}, "version": 317}
{"obj": {"type": "LogFloats", "path": ["monitoring", "gpu_memory"], "values": [{"value": 2.607666015625, "step": null, "ts": 1626173868.8292472}]}, "version": 318}
{"obj": {"type": "LogFloats", "path": ["monitoring", "cpu"], "values": [{"value": 18.4, "step": null, "ts": 1626173878.831274}]}, "version": 319}
{"obj": {"type": "LogFloats", "path": ["monitoring", "memory"], "values": [{"value": 20.675060272216797, "step": null, "ts": 1626173878.831274}]}, "version": 320}
{"obj": {"type": "LogFloats", "path": ["monitoring", "gpu"], "values": [{"value": 13.0, "step": null, "ts": 1626173878.831274}]}, "version": 321}
{"obj": {"type": "LogFloats", "path": ["monitoring", "gpu_memory"], "values": [{"value": 2.59979248046875, "step": null, "ts": 1626173878.831274}]}, "version": 322}
{"obj": {"type": "LogFloats", "path": ["monitoring", "cpu"], "values": [{"value": 27.3, "step": null, "ts": 1626173888.8333488}]}, "version": 323}
{"obj": {"type": "LogFloats", "path": ["monitoring", "memory"], "values": [{"value": 20.719127655029297, "step": null, "ts": 1626173888.8333488}]}, "version": 324}
{"obj": {"type": "LogFloats", "path": ["monitoring", "gpu"], "values": [{"value": 13.0, "step": null, "ts": 1626173888.8333488}]}, "version": 325}
{"obj": {"type": "LogFloats", "path": ["monitoring", "gpu_memory"], "values": [{"value": 2.62890625, "step": null, "ts": 1626173888.8333488}]}, "version": 326}
{"obj": {"type": "LogStrings", "path": ["monitoring", "stdout"], "values": [{"value": "b'Shutting down background jobs, please wait a moment...\\n'", "step": null, "ts": 1626173892.823792}]}, "version": 327}
