{"obj": {"type": "AssignString", "path": ["sys", "name"], "value": "kfold-two-no-ratio"}, "version": 1}
{"obj": {"type": "AssignString", "path": ["sys", "description"], "value": ""}, "version": 2}
{"obj": {"type": "AssignString", "path": ["sys", "hostname"], "value": "rtm-desktop"}, "version": 3}
{"obj": {"type": "AssignBool", "path": ["sys", "failed"], "value": false}, "version": 4}
{"obj": {"type": "ClearStringLog", "path": ["monitoring", "stdout"]}, "version": 5}
{"obj": {"type": "ClearStringLog", "path": ["monitoring", "stderr"]}, "version": 6}
{"obj": {"type": "UploadFileSet", "path": ["source_code", "files"], "file_globs": ["/home/rtm/Dropbox/GIT/MLOps/**/*.py", "/home/rtm/Dropbox/GIT/MLOps/*.ipynb"], "reset": "False"}, "version": 7}
{"obj": {"type": "ConfigFloatSeries", "path": ["monitoring", "cpu"], "min": 0.0, "max": 100.0, "unit": "%"}, "version": 8}
{"obj": {"type": "ClearFloatLog", "path": ["monitoring", "cpu"]}, "version": 9}
{"obj": {"type": "ConfigFloatSeries", "path": ["monitoring", "memory"], "min": 0.0, "max": 125.65727615356445, "unit": "GB"}, "version": 10}
{"obj": {"type": "ClearFloatLog", "path": ["monitoring", "memory"]}, "version": 11}
{"obj": {"type": "ConfigFloatSeries", "path": ["monitoring", "gpu"], "min": 0.0, "max": 100.0, "unit": "%"}, "version": 12}
{"obj": {"type": "ClearFloatLog", "path": ["monitoring", "gpu"]}, "version": 13}
{"obj": {"type": "ConfigFloatSeries", "path": ["monitoring", "gpu_memory"], "min": 0.0, "max": 10.91522216796875, "unit": "GB"}, "version": 14}
{"obj": {"type": "ClearFloatLog", "path": ["monitoring", "gpu_memory"]}, "version": 15}
{"obj": {"type": "LogStrings", "path": ["monitoring", "stdout"], "values": [{"value": "b''", "step": null, "ts": 1626173927.4784698}]}, "version": 16}
{"obj": {"type": "LogFloats", "path": ["monitoring", "cpu"], "values": [{"value": 26.5, "step": null, "ts": 1626173927.46881}]}, "version": 17}
{"obj": {"type": "LogFloats", "path": ["monitoring", "memory"], "values": [{"value": 20.65819549560547, "step": null, "ts": 1626173927.46881}]}, "version": 18}
{"obj": {"type": "LogFloats", "path": ["monitoring", "gpu"], "values": [{"value": 5.0, "step": null, "ts": 1626173927.46881}]}, "version": 19}
{"obj": {"type": "LogStrings", "path": ["monitoring", "stdout"], "values": [{"value": "b'https://app.neptune.ai/sangyeop-kim/sample/e/SAM-136\\n'", "step": null, "ts": 1626173927.481166}]}, "version": 20}
{"obj": {"type": "LogFloats", "path": ["monitoring", "gpu_memory"], "values": [{"value": 2.63067626953125, "step": null, "ts": 1626173927.46881}]}, "version": 21}
{"obj": {"type": "LogStrings", "path": ["monitoring", "stdout"], "values": [{"value": "b'Remember to stop your run once you\\xe2\\x80\\x99ve finished logging your metadata (https://docs.neptune.ai/api-reference/run#stop). It will be stopped automatically only when the notebook kernel/interactive console is terminated.\\n'", "step": null, "ts": 1626173927.48495}]}, "version": 22}
{"obj": {"type": "AssignInt", "path": ["changed_hyperparameter", "gpus"], "value": 1}, "version": 23}
{"obj": {"type": "AssignInt", "path": ["changed_hyperparameter", "max_epochs"], "value": 2}, "version": 24}
{"obj": {"type": "AssignString", "path": ["changed_hyperparameter", "scheduler"], "value": "StepLR"}, "version": 25}
{"obj": {"type": "AssignInt", "path": ["changed_hyperparameter", "StepLR", "step_size"], "value": 10}, "version": 26}
{"obj": {"type": "AssignFloat", "path": ["changed_hyperparameter", "StepLR", "gamma"], "value": 0.1}, "version": 27}
{"obj": {"type": "AssignInt", "path": ["changed_hyperparameter", "train_batch_size"], "value": 64}, "version": 28}
{"obj": {"type": "AssignString", "path": ["changed_hyperparameter", "loss"], "value": "MSE"}, "version": 29}
{"obj": {"type": "AssignString", "path": ["changed_hyperparameter", "neptune_workspace"], "value": "sangyeop-kim"}, "version": 30}
{"obj": {"type": "AssignString", "path": ["changed_hyperparameter", "neptune_project"], "value": "sample"}, "version": 31}
{"obj": {"type": "AssignString", "path": ["changed_hyperparameter", "name"], "value": "kfold-two-no-ratio"}, "version": 32}
{"obj": {"type": "AssignBool", "path": ["default_hyperparameter", "logger"], "value": true}, "version": 33}
{"obj": {"type": "AssignBool", "path": ["default_hyperparameter", "checkpoint_callback"], "value": true}, "version": 34}
{"obj": {"type": "AssignString", "path": ["default_hyperparameter", "callbacks"], "value": "None"}, "version": 35}
{"obj": {"type": "AssignString", "path": ["default_hyperparameter", "default_root_dir"], "value": "None"}, "version": 36}
{"obj": {"type": "AssignFloat", "path": ["default_hyperparameter", "gradient_clip_val"], "value": 0.0}, "version": 37}
{"obj": {"type": "AssignString", "path": ["default_hyperparameter", "gradient_clip_algorithm"], "value": "norm"}, "version": 38}
{"obj": {"type": "AssignInt", "path": ["default_hyperparameter", "process_position"], "value": 0}, "version": 39}
{"obj": {"type": "AssignInt", "path": ["default_hyperparameter", "num_nodes"], "value": 1}, "version": 40}
{"obj": {"type": "AssignInt", "path": ["default_hyperparameter", "num_processes"], "value": 1}, "version": 41}
{"obj": {"type": "AssignBool", "path": ["default_hyperparameter", "auto_select_gpus"], "value": false}, "version": 42}
{"obj": {"type": "AssignString", "path": ["default_hyperparameter", "tpu_cores"], "value": "None"}, "version": 43}
{"obj": {"type": "AssignString", "path": ["default_hyperparameter", "log_gpu_memory"], "value": "None"}, "version": 44}
{"obj": {"type": "AssignString", "path": ["default_hyperparameter", "progress_bar_refresh_rate"], "value": "None"}, "version": 45}
{"obj": {"type": "AssignFloat", "path": ["default_hyperparameter", "overfit_batches"], "value": 0.0}, "version": 46}
{"obj": {"type": "AssignInt", "path": ["default_hyperparameter", "track_grad_norm"], "value": -1}, "version": 47}
{"obj": {"type": "AssignInt", "path": ["default_hyperparameter", "check_val_every_n_epoch"], "value": 1}, "version": 48}
{"obj": {"type": "AssignBool", "path": ["default_hyperparameter", "fast_dev_run"], "value": false}, "version": 49}
{"obj": {"type": "AssignInt", "path": ["default_hyperparameter", "accumulate_grad_batches"], "value": 1}, "version": 50}
{"obj": {"type": "AssignString", "path": ["default_hyperparameter", "min_epochs"], "value": "None"}, "version": 51}
{"obj": {"type": "AssignString", "path": ["default_hyperparameter", "max_steps"], "value": "None"}, "version": 52}
{"obj": {"type": "AssignString", "path": ["default_hyperparameter", "min_steps"], "value": "None"}, "version": 53}
{"obj": {"type": "AssignString", "path": ["default_hyperparameter", "max_time"], "value": "None"}, "version": 54}
{"obj": {"type": "AssignFloat", "path": ["default_hyperparameter", "limit_train_batches"], "value": 1.0}, "version": 55}
{"obj": {"type": "AssignFloat", "path": ["default_hyperparameter", "limit_val_batches"], "value": 1.0}, "version": 56}
{"obj": {"type": "AssignFloat", "path": ["default_hyperparameter", "limit_test_batches"], "value": 1.0}, "version": 57}
{"obj": {"type": "AssignFloat", "path": ["default_hyperparameter", "limit_predict_batches"], "value": 1.0}, "version": 58}
{"obj": {"type": "AssignFloat", "path": ["default_hyperparameter", "val_check_interval"], "value": 1.0}, "version": 59}
{"obj": {"type": "AssignInt", "path": ["default_hyperparameter", "flush_logs_every_n_steps"], "value": 100}, "version": 60}
{"obj": {"type": "AssignInt", "path": ["default_hyperparameter", "log_every_n_steps"], "value": 50}, "version": 61}
{"obj": {"type": "AssignString", "path": ["default_hyperparameter", "accelerator"], "value": "None"}, "version": 62}
{"obj": {"type": "AssignBool", "path": ["default_hyperparameter", "sync_batchnorm"], "value": false}, "version": 63}
{"obj": {"type": "AssignInt", "path": ["default_hyperparameter", "precision"], "value": 32}, "version": 64}
{"obj": {"type": "AssignString", "path": ["default_hyperparameter", "weights_summary"], "value": "top"}, "version": 65}
{"obj": {"type": "AssignString", "path": ["default_hyperparameter", "weights_save_path"], "value": "None"}, "version": 66}
{"obj": {"type": "AssignInt", "path": ["default_hyperparameter", "num_sanity_val_steps"], "value": 2}, "version": 67}
{"obj": {"type": "AssignString", "path": ["default_hyperparameter", "truncated_bptt_steps"], "value": "None"}, "version": 68}
{"obj": {"type": "AssignString", "path": ["default_hyperparameter", "resume_from_checkpoint"], "value": "None"}, "version": 69}
{"obj": {"type": "AssignString", "path": ["default_hyperparameter", "profiler"], "value": "None"}, "version": 70}
{"obj": {"type": "AssignBool", "path": ["default_hyperparameter", "benchmark"], "value": false}, "version": 71}
{"obj": {"type": "AssignBool", "path": ["default_hyperparameter", "deterministic"], "value": false}, "version": 72}
{"obj": {"type": "AssignBool", "path": ["default_hyperparameter", "reload_dataloaders_every_epoch"], "value": false}, "version": 73}
{"obj": {"type": "AssignBool", "path": ["default_hyperparameter", "auto_lr_find"], "value": false}, "version": 74}
{"obj": {"type": "AssignBool", "path": ["default_hyperparameter", "replace_sampler_ddp"], "value": true}, "version": 75}
{"obj": {"type": "AssignBool", "path": ["default_hyperparameter", "terminate_on_nan"], "value": false}, "version": 76}
{"obj": {"type": "AssignBool", "path": ["default_hyperparameter", "auto_scale_batch_size"], "value": false}, "version": 77}
{"obj": {"type": "AssignBool", "path": ["default_hyperparameter", "prepare_data_per_node"], "value": true}, "version": 78}
{"obj": {"type": "AssignString", "path": ["default_hyperparameter", "plugins"], "value": "None"}, "version": 79}
{"obj": {"type": "AssignString", "path": ["default_hyperparameter", "amp_backend"], "value": "native"}, "version": 80}
{"obj": {"type": "AssignString", "path": ["default_hyperparameter", "amp_level"], "value": "O2"}, "version": 81}
{"obj": {"type": "AssignString", "path": ["default_hyperparameter", "distributed_backend"], "value": "None"}, "version": 82}
{"obj": {"type": "AssignBool", "path": ["default_hyperparameter", "move_metrics_to_cpu"], "value": false}, "version": 83}
{"obj": {"type": "AssignString", "path": ["default_hyperparameter", "multiple_trainloader_mode"], "value": "max_size_cycle"}, "version": 84}
{"obj": {"type": "AssignBool", "path": ["default_hyperparameter", "stochastic_weight_avg"], "value": false}, "version": 85}
{"obj": {"type": "AssignString", "path": ["default_hyperparameter", "optimizer"], "value": "Adam"}, "version": 86}
{"obj": {"type": "AssignFloat", "path": ["default_hyperparameter", "Adadelta", "lr"], "value": 1.0}, "version": 87}
{"obj": {"type": "AssignFloat", "path": ["default_hyperparameter", "Adadelta", "rho"], "value": 0.9}, "version": 88}
{"obj": {"type": "AssignFloat", "path": ["default_hyperparameter", "Adadelta", "eps"], "value": 1e-06}, "version": 89}
{"obj": {"type": "AssignInt", "path": ["default_hyperparameter", "Adadelta", "weight_decay"], "value": 0}, "version": 90}
{"obj": {"type": "AssignFloat", "path": ["default_hyperparameter", "Adagrad", "lr"], "value": 0.01}, "version": 91}
{"obj": {"type": "AssignInt", "path": ["default_hyperparameter", "Adagrad", "lr_decay"], "value": 0}, "version": 92}
{"obj": {"type": "AssignInt", "path": ["default_hyperparameter", "Adagrad", "weight_decay"], "value": 0}, "version": 93}
{"obj": {"type": "AssignInt", "path": ["default_hyperparameter", "Adagrad", "initial_accumulator_value"], "value": 0}, "version": 94}
{"obj": {"type": "AssignFloat", "path": ["default_hyperparameter", "Adagrad", "eps"], "value": 1e-10}, "version": 95}
{"obj": {"type": "AssignFloat", "path": ["default_hyperparameter", "Adam", "lr"], "value": 0.001}, "version": 96}
{"obj": {"type": "AssignString", "path": ["default_hyperparameter", "Adam", "betas"], "value": "(0.9, 0.999)"}, "version": 97}
{"obj": {"type": "AssignFloat", "path": ["default_hyperparameter", "Adam", "eps"], "value": 1e-08}, "version": 98}
{"obj": {"type": "AssignInt", "path": ["default_hyperparameter", "Adam", "weight_decay"], "value": 0}, "version": 99}
{"obj": {"type": "AssignBool", "path": ["default_hyperparameter", "Adam", "amsgrad"], "value": false}, "version": 100}
{"obj": {"type": "AssignFloat", "path": ["default_hyperparameter", "AdamW", "lr"], "value": 0.001}, "version": 101}
{"obj": {"type": "AssignString", "path": ["default_hyperparameter", "AdamW", "betas"], "value": "(0.9, 0.999)"}, "version": 102}
{"obj": {"type": "AssignFloat", "path": ["default_hyperparameter", "AdamW", "eps"], "value": 1e-08}, "version": 103}
{"obj": {"type": "AssignFloat", "path": ["default_hyperparameter", "AdamW", "weight_decay"], "value": 0.01}, "version": 104}
{"obj": {"type": "AssignBool", "path": ["default_hyperparameter", "AdamW", "amsgrad"], "value": false}, "version": 105}
{"obj": {"type": "AssignFloat", "path": ["default_hyperparameter", "SparseAdam", "lr"], "value": 0.001}, "version": 106}
{"obj": {"type": "AssignString", "path": ["default_hyperparameter", "SparseAdam", "betas"], "value": "(0.9, 0.999)"}, "version": 107}
{"obj": {"type": "AssignFloat", "path": ["default_hyperparameter", "SparseAdam", "eps"], "value": 1e-08}, "version": 108}
{"obj": {"type": "AssignFloat", "path": ["default_hyperparameter", "Adamax", "lr"], "value": 0.002}, "version": 109}
{"obj": {"type": "AssignString", "path": ["default_hyperparameter", "Adamax", "betas"], "value": "(0.9, 0.999)"}, "version": 110}
{"obj": {"type": "AssignFloat", "path": ["default_hyperparameter", "Adamax", "eps"], "value": 1e-08}, "version": 111}
{"obj": {"type": "AssignInt", "path": ["default_hyperparameter", "Adamax", "weight_decay"], "value": 0}, "version": 112}
{"obj": {"type": "AssignFloat", "path": ["default_hyperparameter", "ASGD", "lr"], "value": 0.01}, "version": 113}
{"obj": {"type": "AssignFloat", "path": ["default_hyperparameter", "ASGD", "lambd"], "value": 0.0001}, "version": 114}
{"obj": {"type": "AssignFloat", "path": ["default_hyperparameter", "ASGD", "alpha"], "value": 0.75}, "version": 115}
{"obj": {"type": "AssignFloat", "path": ["default_hyperparameter", "ASGD", "t0"], "value": 1000000.0}, "version": 116}
{"obj": {"type": "AssignInt", "path": ["default_hyperparameter", "ASGD", "weight_decay"], "value": 0}, "version": 117}
{"obj": {"type": "AssignInt", "path": ["default_hyperparameter", "LBFGS", "lr"], "value": 1}, "version": 118}
{"obj": {"type": "AssignInt", "path": ["default_hyperparameter", "LBFGS", "max_iter"], "value": 20}, "version": 119}
{"obj": {"type": "AssignString", "path": ["default_hyperparameter", "LBFGS", "max_eval"], "value": "None"}, "version": 120}
{"obj": {"type": "AssignFloat", "path": ["default_hyperparameter", "LBFGS", "tolerance_grad"], "value": 1e-07}, "version": 121}
{"obj": {"type": "AssignFloat", "path": ["default_hyperparameter", "LBFGS", "tolerance_change"], "value": 1e-09}, "version": 122}
{"obj": {"type": "AssignInt", "path": ["default_hyperparameter", "LBFGS", "history_size"], "value": 100}, "version": 123}
{"obj": {"type": "AssignString", "path": ["default_hyperparameter", "LBFGS", "line_search_fn"], "value": "None"}, "version": 124}
{"obj": {"type": "AssignFloat", "path": ["default_hyperparameter", "RMSprop", "lr"], "value": 0.01}, "version": 125}
{"obj": {"type": "AssignFloat", "path": ["default_hyperparameter", "RMSprop", "alpha"], "value": 0.99}, "version": 126}
{"obj": {"type": "AssignFloat", "path": ["default_hyperparameter", "RMSprop", "eps"], "value": 1e-08}, "version": 127}
{"obj": {"type": "AssignInt", "path": ["default_hyperparameter", "RMSprop", "weight_decay"], "value": 0}, "version": 128}
{"obj": {"type": "AssignInt", "path": ["default_hyperparameter", "RMSprop", "momentum"], "value": 0}, "version": 129}
{"obj": {"type": "AssignBool", "path": ["default_hyperparameter", "RMSprop", "centered"], "value": false}, "version": 130}
{"obj": {"type": "AssignFloat", "path": ["default_hyperparameter", "Rprop", "lr"], "value": 0.01}, "version": 131}
{"obj": {"type": "AssignString", "path": ["default_hyperparameter", "Rprop", "etas"], "value": "(0.5, 1.2)"}, "version": 132}
{"obj": {"type": "AssignString", "path": ["default_hyperparameter", "Rprop", "step_sizes"], "value": "(1e-06, 50)"}, "version": 133}
{"obj": {"type": "AssignFloat", "path": ["default_hyperparameter", "SGD", "lr"], "value": 0.01}, "version": 134}
{"obj": {"type": "AssignInt", "path": ["default_hyperparameter", "SGD", "momentum"], "value": 0}, "version": 135}
{"obj": {"type": "AssignInt", "path": ["default_hyperparameter", "SGD", "dampening"], "value": 0}, "version": 136}
{"obj": {"type": "AssignInt", "path": ["default_hyperparameter", "SGD", "weight_decay"], "value": 0}, "version": 137}
{"obj": {"type": "AssignBool", "path": ["default_hyperparameter", "SGD", "nesterov"], "value": false}, "version": 138}
{"obj": {"type": "AssignInt", "path": ["default_hyperparameter", "last_epoch"], "value": -1}, "version": 139}
{"obj": {"type": "AssignBool", "path": ["default_hyperparameter", "verbose"], "value": false}, "version": 140}
{"obj": {"type": "AssignString", "path": ["default_hyperparameter", "LambdaLR", "lr_lambda"], "value": "None"}, "version": 141}
{"obj": {"type": "AssignString", "path": ["default_hyperparameter", "MultiplicativeLR", "lr_lambda"], "value": "None"}, "version": 142}
{"obj": {"type": "AssignString", "path": ["default_hyperparameter", "MultiStepLR", "milestones"], "value": "None"}, "version": 143}
{"obj": {"type": "AssignFloat", "path": ["default_hyperparameter", "MultiStepLR", "gamma"], "value": 0.1}, "version": 144}
{"obj": {"type": "AssignString", "path": ["default_hyperparameter", "ExponentialLR", "gamma"], "value": "None"}, "version": 145}
{"obj": {"type": "AssignString", "path": ["default_hyperparameter", "CosineAnnealingLR", "T_max"], "value": "None"}, "version": 146}
{"obj": {"type": "AssignInt", "path": ["default_hyperparameter", "CosineAnnealingLR", "eta_min"], "value": 0}, "version": 147}
{"obj": {"type": "AssignString", "path": ["default_hyperparameter", "CosineAnnealingWarmRestarts", "T_0"], "value": "None"}, "version": 148}
{"obj": {"type": "AssignInt", "path": ["default_hyperparameter", "CosineAnnealingWarmRestarts", "T_mult"], "value": 1}, "version": 149}
{"obj": {"type": "AssignInt", "path": ["default_hyperparameter", "CosineAnnealingWarmRestarts", "eta_min"], "value": 0}, "version": 150}
{"obj": {"type": "AssignBool", "path": ["default_hyperparameter", "train_shuffle"], "value": false}, "version": 151}
{"obj": {"type": "AssignString", "path": ["default_hyperparameter", "train_sampler"], "value": "None"}, "version": 152}
{"obj": {"type": "AssignString", "path": ["default_hyperparameter", "train_batch_sampler"], "value": "None"}, "version": 153}
{"obj": {"type": "AssignInt", "path": ["default_hyperparameter", "train_num_workers"], "value": 0}, "version": 154}
{"obj": {"type": "AssignString", "path": ["default_hyperparameter", "train_collate_fn"], "value": "None"}, "version": 155}
{"obj": {"type": "AssignBool", "path": ["default_hyperparameter", "train_pin_memory"], "value": false}, "version": 156}
{"obj": {"type": "AssignBool", "path": ["default_hyperparameter", "train_drop_last"], "value": false}, "version": 157}
{"obj": {"type": "AssignInt", "path": ["default_hyperparameter", "train_timeout"], "value": 0}, "version": 158}
{"obj": {"type": "AssignString", "path": ["default_hyperparameter", "train_worker_init_fn"], "value": "None"}, "version": 159}
{"obj": {"type": "AssignInt", "path": ["default_hyperparameter", "train_prefetch_factor"], "value": 2}, "version": 160}
{"obj": {"type": "AssignBool", "path": ["default_hyperparameter", "train_persistent_workers"], "value": false}, "version": 161}
{"obj": {"type": "AssignInt", "path": ["default_hyperparameter", "validation_batch_size"], "value": -1}, "version": 162}
{"obj": {"type": "AssignBool", "path": ["default_hyperparameter", "validation_shuffle"], "value": false}, "version": 163}
{"obj": {"type": "AssignString", "path": ["default_hyperparameter", "validation_sampler"], "value": "None"}, "version": 164}
{"obj": {"type": "AssignString", "path": ["default_hyperparameter", "validation_batch_sampler"], "value": "None"}, "version": 165}
{"obj": {"type": "AssignInt", "path": ["default_hyperparameter", "validation_num_workers"], "value": 0}, "version": 166}
{"obj": {"type": "AssignString", "path": ["default_hyperparameter", "validation_collate_fn"], "value": "None"}, "version": 167}
{"obj": {"type": "AssignBool", "path": ["default_hyperparameter", "validation_pin_memory"], "value": false}, "version": 168}
{"obj": {"type": "AssignBool", "path": ["default_hyperparameter", "validation_drop_last"], "value": false}, "version": 169}
{"obj": {"type": "AssignInt", "path": ["default_hyperparameter", "validation_timeout"], "value": 0}, "version": 170}
{"obj": {"type": "AssignString", "path": ["default_hyperparameter", "validation_worker_init_fn"], "value": "None"}, "version": 171}
{"obj": {"type": "AssignInt", "path": ["default_hyperparameter", "validation_prefetch_factor"], "value": 2}, "version": 172}
{"obj": {"type": "AssignBool", "path": ["default_hyperparameter", "validation_persistent_workers"], "value": false}, "version": 173}
{"obj": {"type": "AssignInt", "path": ["default_hyperparameter", "kfold"], "value": 3}, "version": 174}
{"obj": {"type": "AssignInt", "path": ["default_hyperparameter", "random_seed"], "value": 0}, "version": 175}
{"obj": {"type": "AssignString", "path": ["default_hyperparameter", "validation_ratio"], "value": "None"}, "version": 176}
{"obj": {"type": "AssignString", "path": ["default_hyperparameter", "save_path"], "value": "logs"}, "version": 177}
{"obj": {"type": "AssignInt", "path": ["default_hyperparameter", "saved_top_k"], "value": 3}, "version": 178}
{"obj": {"type": "UploadFile", "path": ["index", "0_fold", "train_idx"], "ext": "csv", "file_path": "/home/rtm/Dropbox/GIT/MLOps/logs/SAM-136/index/0_fold/train_idx.csv"}, "version": 179}
{"obj": {"type": "UploadFile", "path": ["index", "0_fold", "validation_idx"], "ext": "csv", "file_path": "/home/rtm/Dropbox/GIT/MLOps/logs/SAM-136/index/0_fold/validation_idx.csv"}, "version": 180}
{"obj": {"type": "UploadFile", "path": ["index", "1_fold", "train_idx"], "ext": "csv", "file_path": "/home/rtm/Dropbox/GIT/MLOps/logs/SAM-136/index/1_fold/train_idx.csv"}, "version": 181}
{"obj": {"type": "UploadFile", "path": ["index", "1_fold", "validation_idx"], "ext": "csv", "file_path": "/home/rtm/Dropbox/GIT/MLOps/logs/SAM-136/index/1_fold/validation_idx.csv"}, "version": 182}
{"obj": {"type": "UploadFile", "path": ["index", "2_fold", "train_idx"], "ext": "csv", "file_path": "/home/rtm/Dropbox/GIT/MLOps/logs/SAM-136/index/2_fold/train_idx.csv"}, "version": 183}
{"obj": {"type": "UploadFile", "path": ["index", "2_fold", "validation_idx"], "ext": "csv", "file_path": "/home/rtm/Dropbox/GIT/MLOps/logs/SAM-136/index/2_fold/validation_idx.csv"}, "version": 184}
{"obj": {"type": "LogStrings", "path": ["monitoring", "stdout"], "values": [{"value": "length of train data : 500", "step": null, "ts": 1626173927.993316}]}, "version": 185}
{"obj": {"type": "LogStrings", "path": ["monitoring", "stdout"], "values": [{"value": "\n", "step": null, "ts": 1626173927.9942608}]}, "version": 186}
{"obj": {"type": "LogFloats", "path": ["loss", "0_fold", "train_step"], "values": [{"value": 32.804786682128906, "step": null, "ts": 1626173928.1765285}]}, "version": 187}
{"obj": {"type": "LogFloats", "path": ["loss", "0_fold", "train_step"], "values": [{"value": 31.982864379882812, "step": null, "ts": 1626173928.1864076}]}, "version": 188}
{"obj": {"type": "LogFloats", "path": ["loss", "0_fold", "train_step"], "values": [{"value": 27.040611267089844, "step": null, "ts": 1626173928.1963866}]}, "version": 189}
{"obj": {"type": "LogFloats", "path": ["loss", "0_fold", "train_step"], "values": [{"value": 32.07183074951172, "step": null, "ts": 1626173928.206467}]}, "version": 190}
{"obj": {"type": "LogFloats", "path": ["loss", "0_fold", "train_step"], "values": [{"value": 27.520244598388672, "step": null, "ts": 1626173928.216018}]}, "version": 191}
{"obj": {"type": "LogFloats", "path": ["loss", "0_fold", "train_step"], "values": [{"value": 18.670921325683594, "step": null, "ts": 1626173928.225779}]}, "version": 192}
{"obj": {"type": "LogFloats", "path": ["loss", "0_fold", "train_epoch"], "values": [{"value": 28.348543167114258, "step": null, "ts": 1626173928.23815}]}, "version": 193}
{"obj": {"type": "LogFloats", "path": ["loss", "0_fold", "train_step"], "values": [{"value": 30.328292846679688, "step": null, "ts": 1626173928.256128}]}, "version": 194}
{"obj": {"type": "LogFloats", "path": ["loss", "0_fold", "train_step"], "values": [{"value": 21.729999542236328, "step": null, "ts": 1626173928.2677033}]}, "version": 195}
{"obj": {"type": "LogFloats", "path": ["loss", "0_fold", "train_step"], "values": [{"value": 18.38235092163086, "step": null, "ts": 1626173928.2798314}]}, "version": 196}
{"obj": {"type": "LogFloats", "path": ["loss", "0_fold", "train_step"], "values": [{"value": 21.24844741821289, "step": null, "ts": 1626173928.298341}]}, "version": 197}
{"obj": {"type": "LogFloats", "path": ["loss", "0_fold", "train_step"], "values": [{"value": 22.23284339904785, "step": null, "ts": 1626173928.3078165}]}, "version": 198}
{"obj": {"type": "LogFloats", "path": ["loss", "0_fold", "train_step"], "values": [{"value": 22.497968673706055, "step": null, "ts": 1626173928.3163502}]}, "version": 199}
{"obj": {"type": "LogFloats", "path": ["loss", "0_fold", "train_epoch"], "values": [{"value": 22.736650466918945, "step": null, "ts": 1626173928.3262}]}, "version": 200}
{"obj": {"type": "LogStrings", "path": ["monitoring", "stdout"], "values": [{"value": "length of train data : 500", "step": null, "ts": 1626173928.3411024}]}, "version": 201}
{"obj": {"type": "LogStrings", "path": ["monitoring", "stdout"], "values": [{"value": "\n", "step": null, "ts": 1626173928.3422682}]}, "version": 202}
{"obj": {"type": "LogFloats", "path": ["loss", "1_fold", "train_step"], "values": [{"value": 32.957191467285156, "step": null, "ts": 1626173928.4932935}]}, "version": 203}
{"obj": {"type": "LogFloats", "path": ["loss", "1_fold", "train_step"], "values": [{"value": 32.20050811767578, "step": null, "ts": 1626173928.5051217}]}, "version": 204}
{"obj": {"type": "LogFloats", "path": ["loss", "1_fold", "train_step"], "values": [{"value": 29.886821746826172, "step": null, "ts": 1626173928.5192409}]}, "version": 205}
{"obj": {"type": "LogFloats", "path": ["loss", "1_fold", "train_step"], "values": [{"value": 30.955883026123047, "step": null, "ts": 1626173928.5297709}]}, "version": 206}
{"obj": {"type": "LogFloats", "path": ["loss", "1_fold", "train_step"], "values": [{"value": 28.556610107421875, "step": null, "ts": 1626173928.5411456}]}, "version": 207}
{"obj": {"type": "LogFloats", "path": ["loss", "1_fold", "train_step"], "values": [{"value": 30.7453670501709, "step": null, "ts": 1626173928.552583}]}, "version": 208}
{"obj": {"type": "LogFloats", "path": ["loss", "1_fold", "train_epoch"], "values": [{"value": 30.88373025258382, "step": null, "ts": 1626173928.5640256}]}, "version": 209}
{"obj": {"type": "LogFloats", "path": ["loss", "1_fold", "train_step"], "values": [{"value": 25.71908950805664, "step": null, "ts": 1626173928.582075}]}, "version": 210}
{"obj": {"type": "LogFloats", "path": ["loss", "1_fold", "train_step"], "values": [{"value": 22.830181121826172, "step": null, "ts": 1626173928.5917401}]}, "version": 211}
{"obj": {"type": "LogFloats", "path": ["loss", "1_fold", "train_step"], "values": [{"value": 24.456371307373047, "step": null, "ts": 1626173928.6013076}]}, "version": 212}
{"obj": {"type": "LogFloats", "path": ["loss", "1_fold", "train_step"], "values": [{"value": 24.864112854003906, "step": null, "ts": 1626173928.611899}]}, "version": 213}
{"obj": {"type": "LogFloats", "path": ["loss", "1_fold", "train_step"], "values": [{"value": 20.458290100097656, "step": null, "ts": 1626173928.6211095}]}, "version": 214}
{"obj": {"type": "LogFloats", "path": ["loss", "1_fold", "train_step"], "values": [{"value": 22.895851135253906, "step": null, "ts": 1626173928.6309614}]}, "version": 215}
{"obj": {"type": "LogFloats", "path": ["loss", "1_fold", "train_epoch"], "values": [{"value": 23.537316004435223, "step": null, "ts": 1626173928.6424267}]}, "version": 216}
{"obj": {"type": "LogStrings", "path": ["monitoring", "stdout"], "values": [{"value": "length of train data : 500", "step": null, "ts": 1626173928.6588945}]}, "version": 217}
{"obj": {"type": "LogStrings", "path": ["monitoring", "stdout"], "values": [{"value": "\n", "step": null, "ts": 1626173928.6598365}]}, "version": 218}
{"obj": {"type": "LogFloats", "path": ["loss", "2_fold", "train_step"], "values": [{"value": 35.20465850830078, "step": null, "ts": 1626173928.8439386}]}, "version": 219}
{"obj": {"type": "LogFloats", "path": ["loss", "2_fold", "train_step"], "values": [{"value": 28.3926944732666, "step": null, "ts": 1626173928.852848}]}, "version": 220}
{"obj": {"type": "LogFloats", "path": ["loss", "2_fold", "train_step"], "values": [{"value": 37.84319305419922, "step": null, "ts": 1626173928.8620968}]}, "version": 221}
{"obj": {"type": "LogFloats", "path": ["loss", "2_fold", "train_step"], "values": [{"value": 29.016630172729492, "step": null, "ts": 1626173928.8720248}]}, "version": 222}
{"obj": {"type": "LogFloats", "path": ["loss", "2_fold", "train_step"], "values": [{"value": 26.749267578125, "step": null, "ts": 1626173928.8805993}]}, "version": 223}
{"obj": {"type": "LogFloats", "path": ["loss", "2_fold", "train_step"], "values": [{"value": 15.798370361328125, "step": null, "ts": 1626173928.8891098}]}, "version": 224}
{"obj": {"type": "LogFloats", "path": ["loss", "2_fold", "train_epoch"], "values": [{"value": 28.83413569132487, "step": null, "ts": 1626173928.8996437}]}, "version": 225}
{"obj": {"type": "LogFloats", "path": ["loss", "2_fold", "train_step"], "values": [{"value": 28.329824447631836, "step": null, "ts": 1626173928.9168522}]}, "version": 226}
{"obj": {"type": "LogFloats", "path": ["loss", "2_fold", "train_step"], "values": [{"value": 27.964853286743164, "step": null, "ts": 1626173928.926271}]}, "version": 227}
{"obj": {"type": "LogFloats", "path": ["loss", "2_fold", "train_step"], "values": [{"value": 21.51922607421875, "step": null, "ts": 1626173928.9350932}]}, "version": 228}
{"obj": {"type": "LogFloats", "path": ["loss", "2_fold", "train_step"], "values": [{"value": 21.555740356445312, "step": null, "ts": 1626173928.9436975}]}, "version": 229}
{"obj": {"type": "LogFloats", "path": ["loss", "2_fold", "train_step"], "values": [{"value": 19.583202362060547, "step": null, "ts": 1626173928.9508471}]}, "version": 230}
{"obj": {"type": "LogFloats", "path": ["loss", "2_fold", "train_step"], "values": [{"value": 20.436166763305664, "step": null, "ts": 1626173928.9588592}]}, "version": 231}
{"obj": {"type": "LogFloats", "path": ["loss", "2_fold", "train_epoch"], "values": [{"value": 23.231502215067547, "step": null, "ts": 1626173928.9671385}]}, "version": 232}
{"obj": {"type": "LogFloats", "path": ["monitoring", "cpu"], "values": [{"value": 17.2, "step": null, "ts": 1626173937.483853}]}, "version": 233}
{"obj": {"type": "LogFloats", "path": ["monitoring", "memory"], "values": [{"value": 20.691097259521484, "step": null, "ts": 1626173937.483853}]}, "version": 234}
{"obj": {"type": "LogFloats", "path": ["monitoring", "gpu"], "values": [{"value": 11.0, "step": null, "ts": 1626173937.483853}]}, "version": 235}
{"obj": {"type": "LogFloats", "path": ["monitoring", "gpu_memory"], "values": [{"value": 2.63201904296875, "step": null, "ts": 1626173937.483853}]}, "version": 236}
{"obj": {"type": "LogFloats", "path": ["monitoring", "cpu"], "values": [{"value": 13.6, "step": null, "ts": 1626173947.4857912}]}, "version": 237}
{"obj": {"type": "LogFloats", "path": ["monitoring", "memory"], "values": [{"value": 20.705928802490234, "step": null, "ts": 1626173947.4857912}]}, "version": 238}
{"obj": {"type": "LogFloats", "path": ["monitoring", "gpu"], "values": [{"value": 12.0, "step": null, "ts": 1626173947.4857912}]}, "version": 239}
{"obj": {"type": "LogFloats", "path": ["monitoring", "gpu_memory"], "values": [{"value": 2.640625, "step": null, "ts": 1626173947.4857912}]}, "version": 240}
{"obj": {"type": "LogFloats", "path": ["monitoring", "cpu"], "values": [{"value": 11.9, "step": null, "ts": 1626173957.4879534}]}, "version": 241}
{"obj": {"type": "LogFloats", "path": ["monitoring", "memory"], "values": [{"value": 20.655845642089844, "step": null, "ts": 1626173957.4879534}]}, "version": 242}
{"obj": {"type": "LogFloats", "path": ["monitoring", "gpu"], "values": [{"value": 8.0, "step": null, "ts": 1626173957.4879534}]}, "version": 243}
{"obj": {"type": "LogFloats", "path": ["monitoring", "gpu_memory"], "values": [{"value": 2.611083984375, "step": null, "ts": 1626173957.4879534}]}, "version": 244}
{"obj": {"type": "LogFloats", "path": ["monitoring", "cpu"], "values": [{"value": 11.9, "step": null, "ts": 1626173967.489827}]}, "version": 245}
{"obj": {"type": "LogFloats", "path": ["monitoring", "memory"], "values": [{"value": 20.653507232666016, "step": null, "ts": 1626173967.489827}]}, "version": 246}
{"obj": {"type": "LogFloats", "path": ["monitoring", "gpu"], "values": [{"value": 6.0, "step": null, "ts": 1626173967.489827}]}, "version": 247}
{"obj": {"type": "LogFloats", "path": ["monitoring", "gpu_memory"], "values": [{"value": 2.60009765625, "step": null, "ts": 1626173967.489827}]}, "version": 248}
{"obj": {"type": "LogFloats", "path": ["monitoring", "cpu"], "values": [{"value": 13.8, "step": null, "ts": 1626173977.4920788}]}, "version": 249}
{"obj": {"type": "LogFloats", "path": ["monitoring", "memory"], "values": [{"value": 20.648941040039062, "step": null, "ts": 1626173977.4920788}]}, "version": 250}
{"obj": {"type": "LogFloats", "path": ["monitoring", "gpu"], "values": [{"value": 6.0, "step": null, "ts": 1626173977.4920788}]}, "version": 251}
{"obj": {"type": "LogFloats", "path": ["monitoring", "gpu_memory"], "values": [{"value": 2.60009765625, "step": null, "ts": 1626173977.4920788}]}, "version": 252}
{"obj": {"type": "LogFloats", "path": ["monitoring", "cpu"], "values": [{"value": 17.7, "step": null, "ts": 1626173987.4944413}]}, "version": 253}
{"obj": {"type": "LogFloats", "path": ["monitoring", "memory"], "values": [{"value": 20.63104248046875, "step": null, "ts": 1626173987.4944413}]}, "version": 254}
{"obj": {"type": "LogFloats", "path": ["monitoring", "gpu"], "values": [{"value": 10.0, "step": null, "ts": 1626173987.4944413}]}, "version": 255}
{"obj": {"type": "LogFloats", "path": ["monitoring", "gpu_memory"], "values": [{"value": 2.6053466796875, "step": null, "ts": 1626173987.4944413}]}, "version": 256}
{"obj": {"type": "LogFloats", "path": ["monitoring", "cpu"], "values": [{"value": 24.3, "step": null, "ts": 1626173997.496684}]}, "version": 257}
{"obj": {"type": "LogFloats", "path": ["monitoring", "memory"], "values": [{"value": 20.651596069335938, "step": null, "ts": 1626173997.496684}]}, "version": 258}
{"obj": {"type": "LogFloats", "path": ["monitoring", "gpu"], "values": [{"value": 15.0, "step": null, "ts": 1626173997.496684}]}, "version": 259}
{"obj": {"type": "LogFloats", "path": ["monitoring", "gpu_memory"], "values": [{"value": 2.60894775390625, "step": null, "ts": 1626173997.496684}]}, "version": 260}
{"obj": {"type": "LogFloats", "path": ["monitoring", "cpu"], "values": [{"value": 14.3, "step": null, "ts": 1626174007.498713}]}, "version": 261}
{"obj": {"type": "LogFloats", "path": ["monitoring", "memory"], "values": [{"value": 20.62923812866211, "step": null, "ts": 1626174007.498713}]}, "version": 262}
{"obj": {"type": "LogFloats", "path": ["monitoring", "gpu"], "values": [{"value": 10.0, "step": null, "ts": 1626174007.498713}]}, "version": 263}
{"obj": {"type": "LogFloats", "path": ["monitoring", "gpu_memory"], "values": [{"value": 2.6029052734375, "step": null, "ts": 1626174007.498713}]}, "version": 264}
{"obj": {"type": "LogFloats", "path": ["monitoring", "cpu"], "values": [{"value": 14.7, "step": null, "ts": 1626174017.5005236}]}, "version": 265}
{"obj": {"type": "LogFloats", "path": ["monitoring", "memory"], "values": [{"value": 20.61394500732422, "step": null, "ts": 1626174017.5005236}]}, "version": 266}
{"obj": {"type": "LogFloats", "path": ["monitoring", "gpu"], "values": [{"value": 7.0, "step": null, "ts": 1626174017.5005236}]}, "version": 267}
{"obj": {"type": "LogFloats", "path": ["monitoring", "gpu_memory"], "values": [{"value": 2.6058349609375, "step": null, "ts": 1626174017.5005236}]}, "version": 268}
{"obj": {"type": "LogFloats", "path": ["monitoring", "cpu"], "values": [{"value": 11.8, "step": null, "ts": 1626174027.5025218}]}, "version": 269}
{"obj": {"type": "LogFloats", "path": ["monitoring", "memory"], "values": [{"value": 20.622867584228516, "step": null, "ts": 1626174027.5025218}]}, "version": 270}
{"obj": {"type": "LogFloats", "path": ["monitoring", "gpu"], "values": [{"value": 7.0, "step": null, "ts": 1626174027.5025218}]}, "version": 271}
{"obj": {"type": "LogFloats", "path": ["monitoring", "gpu_memory"], "values": [{"value": 2.60430908203125, "step": null, "ts": 1626174027.5025218}]}, "version": 272}
{"obj": {"type": "LogFloats", "path": ["monitoring", "cpu"], "values": [{"value": 24.0, "step": null, "ts": 1626174037.5042841}]}, "version": 273}
{"obj": {"type": "LogFloats", "path": ["monitoring", "memory"], "values": [{"value": 20.68124771118164, "step": null, "ts": 1626174037.5042841}]}, "version": 274}
{"obj": {"type": "LogFloats", "path": ["monitoring", "gpu"], "values": [{"value": 23.0, "step": null, "ts": 1626174037.5042841}]}, "version": 275}
{"obj": {"type": "LogFloats", "path": ["monitoring", "gpu_memory"], "values": [{"value": 2.64794921875, "step": null, "ts": 1626174037.5042841}]}, "version": 276}
{"obj": {"type": "LogFloats", "path": ["monitoring", "cpu"], "values": [{"value": 11.1, "step": null, "ts": 1626174047.5068283}]}, "version": 277}
{"obj": {"type": "LogFloats", "path": ["monitoring", "memory"], "values": [{"value": 20.615985870361328, "step": null, "ts": 1626174047.5068283}]}, "version": 278}
{"obj": {"type": "LogFloats", "path": ["monitoring", "gpu"], "values": [{"value": 22.0, "step": null, "ts": 1626174047.5068283}]}, "version": 279}
{"obj": {"type": "LogFloats", "path": ["monitoring", "gpu_memory"], "values": [{"value": 2.60400390625, "step": null, "ts": 1626174047.5068283}]}, "version": 280}
{"obj": {"type": "LogFloats", "path": ["monitoring", "cpu"], "values": [{"value": 15.8, "step": null, "ts": 1626174057.5089426}]}, "version": 281}
{"obj": {"type": "LogFloats", "path": ["monitoring", "memory"], "values": [{"value": 20.648128509521484, "step": null, "ts": 1626174057.5089426}]}, "version": 282}
{"obj": {"type": "LogFloats", "path": ["monitoring", "gpu"], "values": [{"value": 8.0, "step": null, "ts": 1626174057.5089426}]}, "version": 283}
{"obj": {"type": "LogFloats", "path": ["monitoring", "gpu_memory"], "values": [{"value": 2.63427734375, "step": null, "ts": 1626174057.5089426}]}, "version": 284}
{"obj": {"type": "LogFloats", "path": ["monitoring", "cpu"], "values": [{"value": 12.0, "step": null, "ts": 1626174067.5112722}]}, "version": 285}
{"obj": {"type": "LogFloats", "path": ["monitoring", "memory"], "values": [{"value": 20.666858673095703, "step": null, "ts": 1626174067.5112722}]}, "version": 286}
{"obj": {"type": "LogFloats", "path": ["monitoring", "gpu"], "values": [{"value": 6.0, "step": null, "ts": 1626174067.5112722}]}, "version": 287}
{"obj": {"type": "LogFloats", "path": ["monitoring", "gpu_memory"], "values": [{"value": 2.615478515625, "step": null, "ts": 1626174067.5112722}]}, "version": 288}
{"obj": {"type": "LogFloats", "path": ["monitoring", "cpu"], "values": [{"value": 12.9, "step": null, "ts": 1626174077.5132995}]}, "version": 289}
{"obj": {"type": "LogFloats", "path": ["monitoring", "memory"], "values": [{"value": 20.676116943359375, "step": null, "ts": 1626174077.5132995}]}, "version": 290}
{"obj": {"type": "LogFloats", "path": ["monitoring", "gpu"], "values": [{"value": 7.0, "step": null, "ts": 1626174077.5132995}]}, "version": 291}
{"obj": {"type": "LogFloats", "path": ["monitoring", "gpu_memory"], "values": [{"value": 2.60626220703125, "step": null, "ts": 1626174077.5132995}]}, "version": 292}
{"obj": {"type": "LogFloats", "path": ["monitoring", "cpu"], "values": [{"value": 15.5, "step": null, "ts": 1626174087.5154703}]}, "version": 293}
{"obj": {"type": "LogFloats", "path": ["monitoring", "memory"], "values": [{"value": 20.660064697265625, "step": null, "ts": 1626174087.5154703}]}, "version": 294}
{"obj": {"type": "LogFloats", "path": ["monitoring", "gpu"], "values": [{"value": 12.0, "step": null, "ts": 1626174087.5154703}]}, "version": 295}
{"obj": {"type": "LogFloats", "path": ["monitoring", "gpu_memory"], "values": [{"value": 2.61077880859375, "step": null, "ts": 1626174087.5154703}]}, "version": 296}
{"obj": {"type": "LogFloats", "path": ["monitoring", "cpu"], "values": [{"value": 23.1, "step": null, "ts": 1626174097.5174382}]}, "version": 297}
{"obj": {"type": "LogFloats", "path": ["monitoring", "memory"], "values": [{"value": 20.678813934326172, "step": null, "ts": 1626174097.5174382}]}, "version": 298}
{"obj": {"type": "LogFloats", "path": ["monitoring", "gpu"], "values": [{"value": 7.0, "step": null, "ts": 1626174097.5174382}]}, "version": 299}
{"obj": {"type": "LogFloats", "path": ["monitoring", "gpu_memory"], "values": [{"value": 2.61962890625, "step": null, "ts": 1626174097.5174382}]}, "version": 300}
{"obj": {"type": "LogFloats", "path": ["monitoring", "cpu"], "values": [{"value": 15.4, "step": null, "ts": 1626174107.5203047}]}, "version": 301}
{"obj": {"type": "LogFloats", "path": ["monitoring", "memory"], "values": [{"value": 20.68036651611328, "step": null, "ts": 1626174107.5203047}]}, "version": 302}
{"obj": {"type": "LogFloats", "path": ["monitoring", "gpu"], "values": [{"value": 5.0, "step": null, "ts": 1626174107.5203047}]}, "version": 303}
{"obj": {"type": "LogFloats", "path": ["monitoring", "gpu_memory"], "values": [{"value": 2.61053466796875, "step": null, "ts": 1626174107.5203047}]}, "version": 304}
{"obj": {"type": "LogFloats", "path": ["monitoring", "cpu"], "values": [{"value": 11.3, "step": null, "ts": 1626174117.5222504}]}, "version": 305}
{"obj": {"type": "LogFloats", "path": ["monitoring", "memory"], "values": [{"value": 20.666873931884766, "step": null, "ts": 1626174117.5222504}]}, "version": 306}
{"obj": {"type": "LogFloats", "path": ["monitoring", "gpu"], "values": [{"value": 6.0, "step": null, "ts": 1626174117.5222504}]}, "version": 307}
{"obj": {"type": "LogFloats", "path": ["monitoring", "gpu_memory"], "values": [{"value": 2.60235595703125, "step": null, "ts": 1626174117.5222504}]}, "version": 308}
{"obj": {"type": "LogFloats", "path": ["monitoring", "cpu"], "values": [{"value": 12.9, "step": null, "ts": 1626174127.5248008}]}, "version": 309}
{"obj": {"type": "LogFloats", "path": ["monitoring", "memory"], "values": [{"value": 20.66289520263672, "step": null, "ts": 1626174127.5248008}]}, "version": 310}
{"obj": {"type": "LogFloats", "path": ["monitoring", "gpu"], "values": [{"value": 11.0, "step": null, "ts": 1626174127.5248008}]}, "version": 311}
{"obj": {"type": "LogFloats", "path": ["monitoring", "gpu_memory"], "values": [{"value": 2.60772705078125, "step": null, "ts": 1626174127.5248008}]}, "version": 312}
{"obj": {"type": "LogFloats", "path": ["monitoring", "cpu"], "values": [{"value": 12.9, "step": null, "ts": 1626174137.5279832}]}, "version": 313}
{"obj": {"type": "LogFloats", "path": ["monitoring", "memory"], "values": [{"value": 20.663875579833984, "step": null, "ts": 1626174137.5279832}]}, "version": 314}
{"obj": {"type": "LogFloats", "path": ["monitoring", "gpu"], "values": [{"value": 33.0, "step": null, "ts": 1626174137.5279832}]}, "version": 315}
{"obj": {"type": "LogFloats", "path": ["monitoring", "gpu_memory"], "values": [{"value": 2.6014404296875, "step": null, "ts": 1626174137.5279832}]}, "version": 316}
{"obj": {"type": "LogStrings", "path": ["monitoring", "stderr"], "values": [{"value": "b''", "step": null, "ts": 1626174139.5933173}]}, "version": 317}
{"obj": {"type": "LogStrings", "path": ["monitoring", "stderr"], "values": [{"value": "b\"Warning: string series 'monitoring/stdout' value was longer than 1000 characters and was truncated. This warning is printed only once per series.\\n\"", "step": null, "ts": 1626174139.5943882}]}, "version": 318}
{"obj": {"type": "LogStrings", "path": ["monitoring", "stderr"], "values": [{"value": "b\"Warning: string series 'monitoring/stdout' value was longer than 1000 characters and was truncated. This warning is printed only once per series.\\n\"", "step": null, "ts": 1626174139.597212}]}, "version": 319}
{"obj": {"type": "LogStrings", "path": ["monitoring", "stderr"], "values": [{"value": "b\"Warning: string series 'monitoring/stdout' value was longer than 1000 characters and was truncated. This warning is printed only once per series.\\n\"", "step": null, "ts": 1626174139.5998256}]}, "version": 320}
{"obj": {"type": "LogStrings", "path": ["monitoring", "stderr"], "values": [{"value": "b\"Warning: string series 'monitoring/stdout' value was longer than 1000 characters and was truncated. This warning is printed only once per series.\\n\"", "step": null, "ts": 1626174139.602691}]}, "version": 321}
{"obj": {"type": "LogStrings", "path": ["monitoring", "stdout"], "values": [{"value": "[tensor([[0.2740, 0.1439, 0.5230, 0.1015, 0.1631, 0.7075, 0.2669, 0.3513, 0.6082,\n         0.4358, 0.2024, 0.7649, 0.1530, 0.6274, 0.1096, 0.4889, 0.5836, 0.9221,\n         0.8635, 0.8732, 0.4692, 0.5974, 0.0469, 0.8908, 0.7638, 0.1602, 0.9270,\n         0.8336, 0.8727, 0.3649, 0.7194, 0.2363, 0.0360, 0.9065, 0.1854, 0.7866,\n         0.3838, 0.9332, 0.5217, 0.2055, 0.1307, 0.7820, 0.1768, 0.2997, 0.5456,\n         0.4927, 0.6758, 0.8965, 0.4335, 0.7372, 0.0954, 0.7812, 0.4169, 0.1104,\n         0.3837, 0.3084, 0.8679, 0.4078, 0.4695, 0.1816, 0.7224, 0.7019, 0.5396,\n         0.4037, 0.7970, 0.4474, 0.0248, 0.3558, 0.1115, 0.6547, 0.4202, 0.9065,\n         0.4916, 0.4706, 0.5544, 0.6160, 0.9934, 0.3921, 0.3142, 0.1554, 0.6185,\n         0.2135, 0.0935, 0.3328, 0.9359, 0.1759, 0.4118, 0.8096, 0.6811, 0.0249,\n         0.9524, 0.2629, 0.2649, 0.8412, 0.6714, 0.4890, 0.9897, 0.1222, 0.4334,\n         0.4134, 0.4172, 0.1446, 0.5320, 0.1671, 0.1345, 0.8737, 0.8143, 0.6262,\n         0.8930, 0.9760, 0.", "step": null, "ts": 1626174139.6013741}]}, "version": 322}
{"obj": {"type": "LogStrings", "path": ["monitoring", "stdout"], "values": [{"value": "\n", "step": null, "ts": 1626174139.6049213}]}, "version": 323}
{"obj": {"type": "LogStrings", "path": ["monitoring", "stdout"], "values": [{"value": "[tensor([[0.6567, 0.6860, 0.1707, 0.6841, 0.1778, 0.5445, 0.2083, 0.9409, 0.3427,\n         0.4921, 0.3333, 0.5756, 0.5124, 0.4004, 0.2798, 0.8692, 0.3857, 0.9052,\n         0.8758, 0.3348, 0.6414, 0.1640, 0.0335, 0.9363, 0.2303, 0.1159, 0.1907,\n         0.4454, 0.2105, 0.4038, 0.1826, 0.7439, 0.0921, 0.0743, 0.8435, 0.4449,\n         0.6415, 0.3730, 0.0987, 0.7513, 0.0673, 0.5630, 0.9724, 0.6525, 0.1140,\n         0.3662, 0.8169, 0.2089, 0.9041, 0.2203, 0.9513, 0.1257, 0.6746, 0.1649,\n         0.8353, 0.0271, 0.8117, 0.8731, 0.0161, 0.7096, 0.3605, 0.7246, 0.4055,\n         0.7217, 0.1404, 0.5023, 0.0227, 0.9558, 0.8863, 0.3554, 0.0335, 0.4177,\n         0.5570, 0.8444, 0.7169, 0.7403, 0.2817, 0.5927, 0.2197, 0.7884, 0.2591,\n         0.9714, 0.0388, 0.1315, 0.7992, 0.3911, 0.4294, 0.0664, 0.6182, 0.9495,\n         0.8381, 0.3068, 0.5775, 0.6795, 0.6004, 0.5399, 0.5279, 0.6090, 0.1728,\n         0.2403, 0.7118, 0.8525, 0.7012, 0.2881, 0.5854, 0.5956, 0.3984, 0.0547,\n         0.4849, 0.8851, 0.", "step": null, "ts": 1626174139.6089456}]}, "version": 324}
{"obj": {"type": "LogStrings", "path": ["monitoring", "stdout"], "values": [{"value": "\n", "step": null, "ts": 1626174139.6100707}]}, "version": 325}
{"obj": {"type": "LogFloats", "path": ["monitoring", "cpu"], "values": [{"value": 13.6, "step": null, "ts": 1626174147.5306122}]}, "version": 326}
{"obj": {"type": "LogFloats", "path": ["monitoring", "memory"], "values": [{"value": 20.671852111816406, "step": null, "ts": 1626174147.5306122}]}, "version": 327}
{"obj": {"type": "LogFloats", "path": ["monitoring", "gpu"], "values": [{"value": 7.0, "step": null, "ts": 1626174147.5306122}]}, "version": 328}
{"obj": {"type": "LogFloats", "path": ["monitoring", "gpu_memory"], "values": [{"value": 2.6134033203125, "step": null, "ts": 1626174147.5306122}]}, "version": 329}
{"obj": {"type": "LogFloats", "path": ["monitoring", "cpu"], "values": [{"value": 13.8, "step": null, "ts": 1626174157.5327435}]}, "version": 330}
{"obj": {"type": "LogFloats", "path": ["monitoring", "memory"], "values": [{"value": 20.662921905517578, "step": null, "ts": 1626174157.5327435}]}, "version": 331}
{"obj": {"type": "LogFloats", "path": ["monitoring", "gpu"], "values": [{"value": 6.0, "step": null, "ts": 1626174157.5327435}]}, "version": 332}
{"obj": {"type": "LogFloats", "path": ["monitoring", "gpu_memory"], "values": [{"value": 2.60107421875, "step": null, "ts": 1626174157.5327435}]}, "version": 333}
{"obj": {"type": "LogStrings", "path": ["monitoring", "stdout"], "values": [{"value": "[tensor([[0.6567, 0.6860, 0.1707, 0.6841, 0.1778, 0.5445, 0.2083, 0.9409, 0.3427,\n         0.4921, 0.3333, 0.5756, 0.5124, 0.4004, 0.2798, 0.8692, 0.3857, 0.9052,\n         0.8758, 0.3348, 0.6414, 0.1640, 0.0335, 0.9363, 0.2303, 0.1159, 0.1907,\n         0.4454, 0.2105, 0.4038, 0.1826, 0.7439, 0.0921, 0.0743, 0.8435, 0.4449,\n         0.6415, 0.3730, 0.0987, 0.7513, 0.0673, 0.5630, 0.9724, 0.6525, 0.1140,\n         0.3662, 0.8169, 0.2089, 0.9041, 0.2203, 0.9513, 0.1257, 0.6746, 0.1649,\n         0.8353, 0.0271, 0.8117, 0.8731, 0.0161, 0.7096, 0.3605, 0.7246, 0.4055,\n         0.7217, 0.1404, 0.5023, 0.0227, 0.9558, 0.8863, 0.3554, 0.0335, 0.4177,\n         0.5570, 0.8444, 0.7169, 0.7403, 0.2817, 0.5927, 0.2197, 0.7884, 0.2591,\n         0.9714, 0.0388, 0.1315, 0.7992, 0.3911, 0.4294, 0.0664, 0.6182, 0.9495,\n         0.8381, 0.3068, 0.5775, 0.6795, 0.6004, 0.5399, 0.5279, 0.6090, 0.1728,\n         0.2403, 0.7118, 0.8525, 0.7012, 0.2881, 0.5854, 0.5956, 0.3984, 0.0547,\n         0.4849, 0.8851, 0.", "step": null, "ts": 1626174160.4598627}]}, "version": 334}
{"obj": {"type": "LogStrings", "path": ["monitoring", "stdout"], "values": [{"value": "\n", "step": null, "ts": 1626174160.4607408}]}, "version": 335}
{"obj": {"type": "LogFloats", "path": ["monitoring", "cpu"], "values": [{"value": 14.2, "step": null, "ts": 1626174167.5345807}]}, "version": 336}
{"obj": {"type": "LogFloats", "path": ["monitoring", "memory"], "values": [{"value": 20.66547393798828, "step": null, "ts": 1626174167.5345807}]}, "version": 337}
{"obj": {"type": "LogFloats", "path": ["monitoring", "gpu"], "values": [{"value": 12.0, "step": null, "ts": 1626174167.5345807}]}, "version": 338}
{"obj": {"type": "LogFloats", "path": ["monitoring", "gpu_memory"], "values": [{"value": 2.5828857421875, "step": null, "ts": 1626174167.5345807}]}, "version": 339}
{"obj": {"type": "LogFloats", "path": ["monitoring", "cpu"], "values": [{"value": 17.4, "step": null, "ts": 1626174177.5371382}]}, "version": 340}
{"obj": {"type": "LogFloats", "path": ["monitoring", "memory"], "values": [{"value": 20.744083404541016, "step": null, "ts": 1626174177.5371382}]}, "version": 341}
{"obj": {"type": "LogFloats", "path": ["monitoring", "gpu"], "values": [{"value": 7.0, "step": null, "ts": 1626174177.5371382}]}, "version": 342}
{"obj": {"type": "LogFloats", "path": ["monitoring", "gpu_memory"], "values": [{"value": 2.57891845703125, "step": null, "ts": 1626174177.5371382}]}, "version": 343}
{"obj": {"type": "LogFloats", "path": ["monitoring", "cpu"], "values": [{"value": 14.2, "step": null, "ts": 1626174187.539392}]}, "version": 344}
{"obj": {"type": "LogFloats", "path": ["monitoring", "memory"], "values": [{"value": 20.719257354736328, "step": null, "ts": 1626174187.539392}]}, "version": 345}
{"obj": {"type": "LogFloats", "path": ["monitoring", "gpu"], "values": [{"value": 32.0, "step": null, "ts": 1626174187.539392}]}, "version": 346}
{"obj": {"type": "LogFloats", "path": ["monitoring", "gpu_memory"], "values": [{"value": 2.5733642578125, "step": null, "ts": 1626174187.539392}]}, "version": 347}
{"obj": {"type": "LogFloats", "path": ["monitoring", "cpu"], "values": [{"value": 12.9, "step": null, "ts": 1626174197.5420341}]}, "version": 348}
{"obj": {"type": "LogFloats", "path": ["monitoring", "memory"], "values": [{"value": 20.717071533203125, "step": null, "ts": 1626174197.5420341}]}, "version": 349}
{"obj": {"type": "LogFloats", "path": ["monitoring", "gpu"], "values": [{"value": 33.0, "step": null, "ts": 1626174197.5420341}]}, "version": 350}
{"obj": {"type": "LogFloats", "path": ["monitoring", "gpu_memory"], "values": [{"value": 2.5849609375, "step": null, "ts": 1626174197.5420341}]}, "version": 351}
{"obj": {"type": "LogFloats", "path": ["monitoring", "cpu"], "values": [{"value": 14.2, "step": null, "ts": 1626174207.545357}]}, "version": 352}
{"obj": {"type": "LogFloats", "path": ["monitoring", "memory"], "values": [{"value": 20.658817291259766, "step": null, "ts": 1626174207.545357}]}, "version": 353}
{"obj": {"type": "LogFloats", "path": ["monitoring", "gpu"], "values": [{"value": 10.0, "step": null, "ts": 1626174207.545357}]}, "version": 354}
{"obj": {"type": "LogFloats", "path": ["monitoring", "gpu_memory"], "values": [{"value": 2.5753173828125, "step": null, "ts": 1626174207.545357}]}, "version": 355}
{"obj": {"type": "LogFloats", "path": ["monitoring", "cpu"], "values": [{"value": 14.4, "step": null, "ts": 1626174217.5474036}]}, "version": 356}
{"obj": {"type": "LogFloats", "path": ["monitoring", "memory"], "values": [{"value": 20.670204162597656, "step": null, "ts": 1626174217.5474036}]}, "version": 357}
{"obj": {"type": "LogFloats", "path": ["monitoring", "gpu"], "values": [{"value": 9.0, "step": null, "ts": 1626174217.5474036}]}, "version": 358}
{"obj": {"type": "LogFloats", "path": ["monitoring", "gpu_memory"], "values": [{"value": 2.58416748046875, "step": null, "ts": 1626174217.5474036}]}, "version": 359}
{"obj": {"type": "LogFloats", "path": ["monitoring", "cpu"], "values": [{"value": 18.0, "step": null, "ts": 1626174227.549553}]}, "version": 360}
{"obj": {"type": "LogFloats", "path": ["monitoring", "memory"], "values": [{"value": 20.645591735839844, "step": null, "ts": 1626174227.549553}]}, "version": 361}
{"obj": {"type": "LogFloats", "path": ["monitoring", "gpu"], "values": [{"value": 7.0, "step": null, "ts": 1626174227.549553}]}, "version": 362}
{"obj": {"type": "LogFloats", "path": ["monitoring", "gpu_memory"], "values": [{"value": 2.615478515625, "step": null, "ts": 1626174227.549553}]}, "version": 363}
{"obj": {"type": "LogFloats", "path": ["monitoring", "cpu"], "values": [{"value": 21.1, "step": null, "ts": 1626174237.552003}]}, "version": 364}
{"obj": {"type": "LogFloats", "path": ["monitoring", "memory"], "values": [{"value": 20.700336456298828, "step": null, "ts": 1626174237.552003}]}, "version": 365}
{"obj": {"type": "LogFloats", "path": ["monitoring", "gpu"], "values": [{"value": 7.0, "step": null, "ts": 1626174237.552003}]}, "version": 366}
{"obj": {"type": "LogFloats", "path": ["monitoring", "gpu_memory"], "values": [{"value": 2.64862060546875, "step": null, "ts": 1626174237.552003}]}, "version": 367}
{"obj": {"type": "LogFloats", "path": ["monitoring", "cpu"], "values": [{"value": 12.5, "step": null, "ts": 1626174247.554227}]}, "version": 368}
{"obj": {"type": "LogFloats", "path": ["monitoring", "memory"], "values": [{"value": 20.650646209716797, "step": null, "ts": 1626174247.554227}]}, "version": 369}
{"obj": {"type": "LogFloats", "path": ["monitoring", "gpu"], "values": [{"value": 5.0, "step": null, "ts": 1626174247.554227}]}, "version": 370}
{"obj": {"type": "LogFloats", "path": ["monitoring", "gpu_memory"], "values": [{"value": 2.61566162109375, "step": null, "ts": 1626174247.554227}]}, "version": 371}
{"obj": {"type": "LogFloats", "path": ["monitoring", "cpu"], "values": [{"value": 12.5, "step": null, "ts": 1626174257.5565267}]}, "version": 372}
{"obj": {"type": "LogFloats", "path": ["monitoring", "memory"], "values": [{"value": 20.686630249023438, "step": null, "ts": 1626174257.5565267}]}, "version": 373}
{"obj": {"type": "LogFloats", "path": ["monitoring", "gpu"], "values": [{"value": 4.0, "step": null, "ts": 1626174257.5565267}]}, "version": 374}
{"obj": {"type": "LogFloats", "path": ["monitoring", "gpu_memory"], "values": [{"value": 2.6112060546875, "step": null, "ts": 1626174257.5565267}]}, "version": 375}
{"obj": {"type": "LogFloats", "path": ["monitoring", "cpu"], "values": [{"value": 14.4, "step": null, "ts": 1626174267.5583358}]}, "version": 376}
{"obj": {"type": "LogFloats", "path": ["monitoring", "memory"], "values": [{"value": 20.69649887084961, "step": null, "ts": 1626174267.5583358}]}, "version": 377}
{"obj": {"type": "LogFloats", "path": ["monitoring", "gpu"], "values": [{"value": 5.0, "step": null, "ts": 1626174267.5583358}]}, "version": 378}
{"obj": {"type": "LogFloats", "path": ["monitoring", "gpu_memory"], "values": [{"value": 2.608642578125, "step": null, "ts": 1626174267.5583358}]}, "version": 379}
{"obj": {"type": "LogFloats", "path": ["monitoring", "cpu"], "values": [{"value": 12.0, "step": null, "ts": 1626174277.5608065}]}, "version": 380}
{"obj": {"type": "LogFloats", "path": ["monitoring", "memory"], "values": [{"value": 20.671188354492188, "step": null, "ts": 1626174277.5608065}]}, "version": 381}
{"obj": {"type": "LogFloats", "path": ["monitoring", "gpu"], "values": [{"value": 5.0, "step": null, "ts": 1626174277.5608065}]}, "version": 382}
{"obj": {"type": "LogFloats", "path": ["monitoring", "gpu_memory"], "values": [{"value": 2.6077880859375, "step": null, "ts": 1626174277.5608065}]}, "version": 383}
{"obj": {"type": "LogFloats", "path": ["monitoring", "cpu"], "values": [{"value": 11.2, "step": null, "ts": 1626174287.5632465}]}, "version": 384}
{"obj": {"type": "LogFloats", "path": ["monitoring", "memory"], "values": [{"value": 20.64434051513672, "step": null, "ts": 1626174287.5632465}]}, "version": 385}
{"obj": {"type": "LogFloats", "path": ["monitoring", "gpu"], "values": [{"value": 29.0, "step": null, "ts": 1626174287.5632465}]}, "version": 386}
{"obj": {"type": "LogFloats", "path": ["monitoring", "gpu_memory"], "values": [{"value": 2.6060791015625, "step": null, "ts": 1626174287.5632465}]}, "version": 387}
{"obj": {"type": "LogFloats", "path": ["monitoring", "cpu"], "values": [{"value": 13.8, "step": null, "ts": 1626174297.565391}]}, "version": 388}
{"obj": {"type": "LogFloats", "path": ["monitoring", "memory"], "values": [{"value": 20.645370483398438, "step": null, "ts": 1626174297.565391}]}, "version": 389}
{"obj": {"type": "LogFloats", "path": ["monitoring", "gpu"], "values": [{"value": 7.0, "step": null, "ts": 1626174297.565391}]}, "version": 390}
{"obj": {"type": "LogFloats", "path": ["monitoring", "gpu_memory"], "values": [{"value": 2.6248779296875, "step": null, "ts": 1626174297.565391}]}, "version": 391}
{"obj": {"type": "LogStrings", "path": ["monitoring", "stdout"], "values": [{"value": "b'Shutting down background jobs, please wait a moment...\\n'", "step": null, "ts": 1626174299.7859182}]}, "version": 392}
