{"obj": {"type": "AssignString", "path": ["sys", "name"], "value": "Untitled"}, "version": 1}
{"obj": {"type": "AssignString", "path": ["sys", "description"], "value": ""}, "version": 2}
{"obj": {"type": "AssignString", "path": ["sys", "hostname"], "value": "rtm-desktop"}, "version": 3}
{"obj": {"type": "AssignBool", "path": ["sys", "failed"], "value": false}, "version": 4}
{"obj": {"type": "LogFloats", "path": ["monitoring", "cpu"], "values": [{"value": 10.7, "step": null, "ts": 1626149753.25013}]}, "version": 5}
{"obj": {"type": "LogStrings", "path": ["monitoring", "stdout"], "values": [{"value": "b''", "step": null, "ts": 1626149753.2595506}]}, "version": 6}
{"obj": {"type": "LogFloats", "path": ["monitoring", "memory"], "values": [{"value": 16.436294555664062, "step": null, "ts": 1626149753.25013}]}, "version": 7}
{"obj": {"type": "LogFloats", "path": ["monitoring", "gpu"], "values": [{"value": 10.0, "step": null, "ts": 1626149753.25013}]}, "version": 8}
{"obj": {"type": "LogFloats", "path": ["monitoring", "gpu_memory"], "values": [{"value": 2.24969482421875, "step": null, "ts": 1626149753.25013}]}, "version": 9}
{"obj": {"type": "LogStrings", "path": ["monitoring", "stdout"], "values": [{"value": "b'https://app.neptune.ai/sangyeop-kim/sample/e/SAM-31\\n'", "step": null, "ts": 1626149753.2616107}]}, "version": 10}
{"obj": {"type": "LogStrings", "path": ["monitoring", "stdout"], "values": [{"value": "b'Remember to stop your run once you\\xe2\\x80\\x99ve finished logging your metadata (https://docs.neptune.ai/api-reference/run#stop). It will be stopped automatically only when the notebook kernel/interactive console is terminated.\\n'", "step": null, "ts": 1626149753.2642627}]}, "version": 11}
{"obj": {"type": "LogFloats", "path": ["zxc"], "values": [{"value": 0.0, "step": null, "ts": 1626149753.2731073}]}, "version": 12}
{"obj": {"type": "LogFloats", "path": ["zxc"], "values": [{"value": 1.0, "step": null, "ts": 1626149753.273899}]}, "version": 13}
{"obj": {"type": "LogFloats", "path": ["zxc"], "values": [{"value": 2.0, "step": null, "ts": 1626149753.2744997}]}, "version": 14}
{"obj": {"type": "LogFloats", "path": ["zxc"], "values": [{"value": 3.0, "step": null, "ts": 1626149753.2746859}]}, "version": 15}
{"obj": {"type": "LogFloats", "path": ["zxc"], "values": [{"value": 4.0, "step": null, "ts": 1626149753.274843}]}, "version": 16}
{"obj": {"type": "LogFloats", "path": ["zxc"], "values": [{"value": 5.0, "step": null, "ts": 1626149753.2750003}]}, "version": 17}
{"obj": {"type": "LogFloats", "path": ["zxc"], "values": [{"value": 6.0, "step": null, "ts": 1626149753.275175}]}, "version": 18}
{"obj": {"type": "LogFloats", "path": ["zxc"], "values": [{"value": 7.0, "step": null, "ts": 1626149753.2753267}]}, "version": 19}
{"obj": {"type": "LogFloats", "path": ["zxc"], "values": [{"value": 8.0, "step": null, "ts": 1626149753.27549}]}, "version": 20}
{"obj": {"type": "LogFloats", "path": ["zxc"], "values": [{"value": 9.0, "step": null, "ts": 1626149753.2756565}]}, "version": 21}
{"obj": {"type": "LogFloats", "path": ["zxc"], "values": [{"value": 10.0, "step": null, "ts": 1626149753.2759445}]}, "version": 22}
{"obj": {"type": "LogFloats", "path": ["zxc"], "values": [{"value": 11.0, "step": null, "ts": 1626149753.2761495}]}, "version": 23}
{"obj": {"type": "LogFloats", "path": ["zxc"], "values": [{"value": 12.0, "step": null, "ts": 1626149753.27629}]}, "version": 24}
{"obj": {"type": "LogFloats", "path": ["zxc"], "values": [{"value": 13.0, "step": null, "ts": 1626149753.2764354}]}, "version": 25}
{"obj": {"type": "LogFloats", "path": ["zxc"], "values": [{"value": 14.0, "step": null, "ts": 1626149753.2765856}]}, "version": 26}
{"obj": {"type": "LogFloats", "path": ["zxc"], "values": [{"value": 15.0, "step": null, "ts": 1626149753.276743}]}, "version": 27}
{"obj": {"type": "LogFloats", "path": ["zxc"], "values": [{"value": 16.0, "step": null, "ts": 1626149753.2768946}]}, "version": 28}
{"obj": {"type": "LogFloats", "path": ["zxc"], "values": [{"value": 17.0, "step": null, "ts": 1626149753.2773058}]}, "version": 29}
{"obj": {"type": "LogFloats", "path": ["zxc"], "values": [{"value": 18.0, "step": null, "ts": 1626149753.2774644}]}, "version": 30}
{"obj": {"type": "LogFloats", "path": ["zxc"], "values": [{"value": 19.0, "step": null, "ts": 1626149753.2776043}]}, "version": 31}
{"obj": {"type": "LogFloats", "path": ["zxc"], "values": [{"value": 20.0, "step": null, "ts": 1626149753.2777643}]}, "version": 32}
{"obj": {"type": "LogFloats", "path": ["zxc"], "values": [{"value": 21.0, "step": null, "ts": 1626149753.277908}]}, "version": 33}
{"obj": {"type": "LogFloats", "path": ["zxc"], "values": [{"value": 22.0, "step": null, "ts": 1626149753.2780728}]}, "version": 34}
{"obj": {"type": "LogFloats", "path": ["zxc"], "values": [{"value": 23.0, "step": null, "ts": 1626149753.2782319}]}, "version": 35}
{"obj": {"type": "LogFloats", "path": ["zxc"], "values": [{"value": 24.0, "step": null, "ts": 1626149753.2784853}]}, "version": 36}
{"obj": {"type": "LogFloats", "path": ["zxc"], "values": [{"value": 25.0, "step": null, "ts": 1626149753.27869}]}, "version": 37}
{"obj": {"type": "LogFloats", "path": ["zxc"], "values": [{"value": 26.0, "step": null, "ts": 1626149753.2788892}]}, "version": 38}
{"obj": {"type": "LogFloats", "path": ["zxc"], "values": [{"value": 27.0, "step": null, "ts": 1626149753.279051}]}, "version": 39}
{"obj": {"type": "LogFloats", "path": ["zxc"], "values": [{"value": 28.0, "step": null, "ts": 1626149753.2792578}]}, "version": 40}
{"obj": {"type": "LogFloats", "path": ["zxc"], "values": [{"value": 29.0, "step": null, "ts": 1626149753.2794247}]}, "version": 41}
{"obj": {"type": "LogFloats", "path": ["zxc"], "values": [{"value": 30.0, "step": null, "ts": 1626149753.2796164}]}, "version": 42}
{"obj": {"type": "LogFloats", "path": ["zxc"], "values": [{"value": 31.0, "step": null, "ts": 1626149753.2797854}]}, "version": 43}
{"obj": {"type": "LogFloats", "path": ["zxc"], "values": [{"value": 32.0, "step": null, "ts": 1626149753.2799628}]}, "version": 44}
{"obj": {"type": "LogFloats", "path": ["zxc"], "values": [{"value": 33.0, "step": null, "ts": 1626149753.28012}]}, "version": 45}
{"obj": {"type": "LogFloats", "path": ["zxc"], "values": [{"value": 34.0, "step": null, "ts": 1626149753.2802896}]}, "version": 46}
{"obj": {"type": "LogFloats", "path": ["zxc"], "values": [{"value": 35.0, "step": null, "ts": 1626149753.2804716}]}, "version": 47}
{"obj": {"type": "LogFloats", "path": ["zxc"], "values": [{"value": 36.0, "step": null, "ts": 1626149753.280645}]}, "version": 48}
{"obj": {"type": "LogFloats", "path": ["zxc"], "values": [{"value": 37.0, "step": null, "ts": 1626149753.2807837}]}, "version": 49}
{"obj": {"type": "LogFloats", "path": ["zxc"], "values": [{"value": 38.0, "step": null, "ts": 1626149753.2809324}]}, "version": 50}
{"obj": {"type": "LogFloats", "path": ["zxc"], "values": [{"value": 39.0, "step": null, "ts": 1626149753.2811184}]}, "version": 51}
{"obj": {"type": "LogFloats", "path": ["zxc"], "values": [{"value": 40.0, "step": null, "ts": 1626149753.2812731}]}, "version": 52}
{"obj": {"type": "LogFloats", "path": ["zxc"], "values": [{"value": 41.0, "step": null, "ts": 1626149753.2814198}]}, "version": 53}
{"obj": {"type": "LogFloats", "path": ["zxc"], "values": [{"value": 42.0, "step": null, "ts": 1626149753.281563}]}, "version": 54}
{"obj": {"type": "LogFloats", "path": ["zxc"], "values": [{"value": 43.0, "step": null, "ts": 1626149753.2817013}]}, "version": 55}
{"obj": {"type": "LogFloats", "path": ["zxc"], "values": [{"value": 44.0, "step": null, "ts": 1626149753.2818215}]}, "version": 56}
{"obj": {"type": "LogFloats", "path": ["zxc"], "values": [{"value": 45.0, "step": null, "ts": 1626149753.2819598}]}, "version": 57}
{"obj": {"type": "LogFloats", "path": ["zxc"], "values": [{"value": 46.0, "step": null, "ts": 1626149753.282088}]}, "version": 58}
{"obj": {"type": "LogFloats", "path": ["zxc"], "values": [{"value": 47.0, "step": null, "ts": 1626149753.2822213}]}, "version": 59}
{"obj": {"type": "LogFloats", "path": ["zxc"], "values": [{"value": 48.0, "step": null, "ts": 1626149753.28236}]}, "version": 60}
{"obj": {"type": "LogFloats", "path": ["zxc"], "values": [{"value": 49.0, "step": null, "ts": 1626149753.2824824}]}, "version": 61}
{"obj": {"type": "LogFloats", "path": ["zxc"], "values": [{"value": 50.0, "step": null, "ts": 1626149753.2826216}]}, "version": 62}
{"obj": {"type": "LogFloats", "path": ["zxc"], "values": [{"value": 51.0, "step": null, "ts": 1626149753.2827501}]}, "version": 63}
{"obj": {"type": "LogFloats", "path": ["zxc"], "values": [{"value": 52.0, "step": null, "ts": 1626149753.282927}]}, "version": 64}
{"obj": {"type": "LogFloats", "path": ["zxc"], "values": [{"value": 53.0, "step": null, "ts": 1626149753.2831323}]}, "version": 65}
{"obj": {"type": "LogFloats", "path": ["zxc"], "values": [{"value": 54.0, "step": null, "ts": 1626149753.2832618}]}, "version": 66}
{"obj": {"type": "LogFloats", "path": ["zxc"], "values": [{"value": 55.0, "step": null, "ts": 1626149753.2833884}]}, "version": 67}
{"obj": {"type": "LogFloats", "path": ["zxc"], "values": [{"value": 56.0, "step": null, "ts": 1626149753.283531}]}, "version": 68}
{"obj": {"type": "LogFloats", "path": ["zxc"], "values": [{"value": 57.0, "step": null, "ts": 1626149753.283698}]}, "version": 69}
{"obj": {"type": "LogFloats", "path": ["zxc"], "values": [{"value": 58.0, "step": null, "ts": 1626149753.2838638}]}, "version": 70}
{"obj": {"type": "LogFloats", "path": ["zxc"], "values": [{"value": 59.0, "step": null, "ts": 1626149753.2840161}]}, "version": 71}
{"obj": {"type": "LogFloats", "path": ["zxc"], "values": [{"value": 60.0, "step": null, "ts": 1626149753.2841592}]}, "version": 72}
{"obj": {"type": "LogFloats", "path": ["zxc"], "values": [{"value": 61.0, "step": null, "ts": 1626149753.2842884}]}, "version": 73}
{"obj": {"type": "LogFloats", "path": ["zxc"], "values": [{"value": 62.0, "step": null, "ts": 1626149753.2844393}]}, "version": 74}
{"obj": {"type": "LogFloats", "path": ["zxc"], "values": [{"value": 63.0, "step": null, "ts": 1626149753.2845728}]}, "version": 75}
{"obj": {"type": "LogFloats", "path": ["zxc"], "values": [{"value": 64.0, "step": null, "ts": 1626149753.2847176}]}, "version": 76}
{"obj": {"type": "LogFloats", "path": ["zxc"], "values": [{"value": 65.0, "step": null, "ts": 1626149753.2850425}]}, "version": 77}
{"obj": {"type": "LogFloats", "path": ["zxc"], "values": [{"value": 66.0, "step": null, "ts": 1626149753.2851815}]}, "version": 78}
{"obj": {"type": "LogFloats", "path": ["zxc"], "values": [{"value": 67.0, "step": null, "ts": 1626149753.285372}]}, "version": 79}
{"obj": {"type": "LogFloats", "path": ["zxc"], "values": [{"value": 68.0, "step": null, "ts": 1626149753.2855947}]}, "version": 80}
{"obj": {"type": "LogFloats", "path": ["zxc"], "values": [{"value": 69.0, "step": null, "ts": 1626149753.2858033}]}, "version": 81}
{"obj": {"type": "LogFloats", "path": ["zxc"], "values": [{"value": 70.0, "step": null, "ts": 1626149753.2860215}]}, "version": 82}
{"obj": {"type": "LogFloats", "path": ["zxc"], "values": [{"value": 71.0, "step": null, "ts": 1626149753.2862434}]}, "version": 83}
{"obj": {"type": "LogFloats", "path": ["zxc"], "values": [{"value": 72.0, "step": null, "ts": 1626149753.2864602}]}, "version": 84}
{"obj": {"type": "LogFloats", "path": ["zxc"], "values": [{"value": 73.0, "step": null, "ts": 1626149753.2866778}]}, "version": 85}
{"obj": {"type": "LogFloats", "path": ["zxc"], "values": [{"value": 74.0, "step": null, "ts": 1626149753.286898}]}, "version": 86}
{"obj": {"type": "LogFloats", "path": ["zxc"], "values": [{"value": 75.0, "step": null, "ts": 1626149753.2871542}]}, "version": 87}
{"obj": {"type": "LogFloats", "path": ["zxc"], "values": [{"value": 76.0, "step": null, "ts": 1626149753.2873967}]}, "version": 88}
{"obj": {"type": "LogFloats", "path": ["zxc"], "values": [{"value": 77.0, "step": null, "ts": 1626149753.2876337}]}, "version": 89}
{"obj": {"type": "LogFloats", "path": ["zxc"], "values": [{"value": 78.0, "step": null, "ts": 1626149753.2878733}]}, "version": 90}
{"obj": {"type": "LogFloats", "path": ["zxc"], "values": [{"value": 79.0, "step": null, "ts": 1626149753.2881188}]}, "version": 91}
{"obj": {"type": "LogFloats", "path": ["zxc"], "values": [{"value": 80.0, "step": null, "ts": 1626149753.2883637}]}, "version": 92}
{"obj": {"type": "LogFloats", "path": ["zxc"], "values": [{"value": 81.0, "step": null, "ts": 1626149753.2886083}]}, "version": 93}
{"obj": {"type": "LogFloats", "path": ["zxc"], "values": [{"value": 82.0, "step": null, "ts": 1626149753.2888558}]}, "version": 94}
{"obj": {"type": "LogFloats", "path": ["zxc"], "values": [{"value": 83.0, "step": null, "ts": 1626149753.2890713}]}, "version": 95}
{"obj": {"type": "LogFloats", "path": ["zxc"], "values": [{"value": 84.0, "step": null, "ts": 1626149753.2892852}]}, "version": 96}
{"obj": {"type": "LogFloats", "path": ["zxc"], "values": [{"value": 85.0, "step": null, "ts": 1626149753.289519}]}, "version": 97}
{"obj": {"type": "LogFloats", "path": ["zxc"], "values": [{"value": 86.0, "step": null, "ts": 1626149753.2897618}]}, "version": 98}
{"obj": {"type": "LogFloats", "path": ["zxc"], "values": [{"value": 87.0, "step": null, "ts": 1626149753.2900116}]}, "version": 99}
{"obj": {"type": "LogFloats", "path": ["zxc"], "values": [{"value": 88.0, "step": null, "ts": 1626149753.2902648}]}, "version": 100}
{"obj": {"type": "LogFloats", "path": ["zxc"], "values": [{"value": 89.0, "step": null, "ts": 1626149753.2905397}]}, "version": 101}
{"obj": {"type": "LogFloats", "path": ["zxc"], "values": [{"value": 90.0, "step": null, "ts": 1626149753.29076}]}, "version": 102}
{"obj": {"type": "LogFloats", "path": ["zxc"], "values": [{"value": 91.0, "step": null, "ts": 1626149753.2910025}]}, "version": 103}
{"obj": {"type": "LogFloats", "path": ["zxc"], "values": [{"value": 92.0, "step": null, "ts": 1626149753.2912698}]}, "version": 104}
{"obj": {"type": "LogFloats", "path": ["zxc"], "values": [{"value": 93.0, "step": null, "ts": 1626149753.2915065}]}, "version": 105}
{"obj": {"type": "LogFloats", "path": ["zxc"], "values": [{"value": 94.0, "step": null, "ts": 1626149753.2917347}]}, "version": 106}
{"obj": {"type": "LogFloats", "path": ["zxc"], "values": [{"value": 95.0, "step": null, "ts": 1626149753.2919667}]}, "version": 107}
{"obj": {"type": "LogFloats", "path": ["zxc"], "values": [{"value": 96.0, "step": null, "ts": 1626149753.2922049}]}, "version": 108}
{"obj": {"type": "LogFloats", "path": ["zxc"], "values": [{"value": 97.0, "step": null, "ts": 1626149753.2924309}]}, "version": 109}
{"obj": {"type": "LogFloats", "path": ["zxc"], "values": [{"value": 98.0, "step": null, "ts": 1626149753.2926667}]}, "version": 110}
{"obj": {"type": "LogFloats", "path": ["zxc"], "values": [{"value": 99.0, "step": null, "ts": 1626149753.2928927}]}, "version": 111}
{"obj": {"type": "LogStrings", "path": ["monitoring", "stderr"], "values": [{"value": "Error occurred during asynchronous operation processing: Timestamp must be non-decreasing for series attribute: monitoring/stdout. Invalid point: 2021-07-13T04:15:53.259Z\n", "step": null, "ts": 1626149754.1763768}]}, "version": 112}
{"obj": {"type": "LogStrings", "path": ["monitoring", "stderr"], "values": [{"value": "Error occurred during asynchronous operation processing: Timestamp must be non-decreasing for series attribute: monitoring/stdout. Invalid point: 2021-07-13T04:15:53.261Z\n", "step": null, "ts": 1626149754.1794395}]}, "version": 113}
{"obj": {"type": "LogStrings", "path": ["monitoring", "stderr"], "values": [{"value": "Error occurred during asynchronous operation processing: Timestamp must be non-decreasing for series attribute: monitoring/stderr. Invalid point: 2021-07-13T04:15:54.176Z\n", "step": null, "ts": 1626149759.5834882}]}, "version": 114}
{"obj": {"type": "LogFloats", "path": ["monitoring", "cpu"], "values": [{"value": 13.6, "step": null, "ts": 1626149763.2616477}]}, "version": 115}
{"obj": {"type": "LogFloats", "path": ["monitoring", "memory"], "values": [{"value": 16.464397430419922, "step": null, "ts": 1626149763.2616477}]}, "version": 116}
{"obj": {"type": "LogFloats", "path": ["monitoring", "gpu"], "values": [{"value": 12.0, "step": null, "ts": 1626149763.2616477}]}, "version": 117}
{"obj": {"type": "LogFloats", "path": ["monitoring", "gpu_memory"], "values": [{"value": 2.2625732421875, "step": null, "ts": 1626149763.2616477}]}, "version": 118}
{"obj": {"type": "LogStrings", "path": ["monitoring", "stdout"], "values": [{"value": "b''", "step": null, "ts": 1626149768.583807}]}, "version": 119}
{"obj": {"type": "LogStrings", "path": ["monitoring", "stdout"], "values": [{"value": "b'https://app.neptune.ai/sangyeop-kim/sample/e/SAM-32\\n'", "step": null, "ts": 1626149768.5862904}]}, "version": 120}
{"obj": {"type": "LogStrings", "path": ["monitoring", "stdout"], "values": [{"value": "b'Remember to stop your run once you\\xe2\\x80\\x99ve finished logging your metadata (https://docs.neptune.ai/api-reference/run#stop). It will be stopped automatically only when the notebook kernel/interactive console is terminated.\\n'", "step": null, "ts": 1626149768.589687}]}, "version": 121}
{"obj": {"type": "LogStrings", "path": ["monitoring", "stderr"], "values": [{"value": "Error occurred during asynchronous operation processing: Timestamp must be non-decreasing for series attribute: monitoring/stdout. Invalid point: 2021-07-13T04:16:08.583Z\n", "step": null, "ts": 1626149770.4925768}]}, "version": 122}
{"obj": {"type": "LogStrings", "path": ["monitoring", "stderr"], "values": [{"value": "Error occurred during asynchronous operation processing: Timestamp must be non-decreasing for series attribute: monitoring/stdout. Invalid point: 2021-07-13T04:16:08.586Z\n", "step": null, "ts": 1626149770.496361}]}, "version": 123}
{"obj": {"type": "LogFloats", "path": ["monitoring", "cpu"], "values": [{"value": 14.3, "step": null, "ts": 1626149773.2640502}]}, "version": 124}
{"obj": {"type": "LogFloats", "path": ["monitoring", "memory"], "values": [{"value": 16.45935821533203, "step": null, "ts": 1626149773.2640502}]}, "version": 125}
{"obj": {"type": "LogFloats", "path": ["monitoring", "gpu"], "values": [{"value": 13.0, "step": null, "ts": 1626149773.2640502}]}, "version": 126}
{"obj": {"type": "LogFloats", "path": ["monitoring", "gpu_memory"], "values": [{"value": 2.25396728515625, "step": null, "ts": 1626149773.2640502}]}, "version": 127}
{"obj": {"type": "LogStrings", "path": ["monitoring", "stderr"], "values": [{"value": "Error occurred during asynchronous operation processing: Timestamp must be non-decreasing for series attribute: monitoring/stderr. Invalid point: 2021-07-13T04:16:10.492Z\n", "step": null, "ts": 1626149776.0068097}]}, "version": 128}
{"obj": {"type": "LogFloats", "path": ["monitoring", "cpu"], "values": [{"value": 5.6, "step": null, "ts": 1626149783.2665715}]}, "version": 129}
{"obj": {"type": "LogFloats", "path": ["monitoring", "memory"], "values": [{"value": 16.466312408447266, "step": null, "ts": 1626149783.2665715}]}, "version": 130}
{"obj": {"type": "LogFloats", "path": ["monitoring", "gpu"], "values": [{"value": 6.0, "step": null, "ts": 1626149783.2665715}]}, "version": 131}
{"obj": {"type": "LogFloats", "path": ["monitoring", "gpu_memory"], "values": [{"value": 2.2445068359375, "step": null, "ts": 1626149783.2665715}]}, "version": 132}
{"obj": {"type": "LogFloats", "path": ["monitoring", "cpu"], "values": [{"value": 6.6, "step": null, "ts": 1626149793.269685}]}, "version": 133}
{"obj": {"type": "LogFloats", "path": ["monitoring", "memory"], "values": [{"value": 16.43346405029297, "step": null, "ts": 1626149793.269685}]}, "version": 134}
{"obj": {"type": "LogFloats", "path": ["monitoring", "gpu"], "values": [{"value": 6.0, "step": null, "ts": 1626149793.269685}]}, "version": 135}
{"obj": {"type": "LogFloats", "path": ["monitoring", "gpu_memory"], "values": [{"value": 2.23809814453125, "step": null, "ts": 1626149793.269685}]}, "version": 136}
{"obj": {"type": "LogFloats", "path": ["monitoring", "cpu"], "values": [{"value": 7.0, "step": null, "ts": 1626149803.2723682}]}, "version": 137}
{"obj": {"type": "LogFloats", "path": ["monitoring", "memory"], "values": [{"value": 16.446712493896484, "step": null, "ts": 1626149803.2723682}]}, "version": 138}
{"obj": {"type": "LogFloats", "path": ["monitoring", "gpu"], "values": [{"value": 4.0, "step": null, "ts": 1626149803.2723682}]}, "version": 139}
{"obj": {"type": "LogFloats", "path": ["monitoring", "gpu_memory"], "values": [{"value": 2.271484375, "step": null, "ts": 1626149803.2723682}]}, "version": 140}
{"obj": {"type": "LogFloats", "path": ["monitoring", "cpu"], "values": [{"value": 9.7, "step": null, "ts": 1626149813.2747545}]}, "version": 141}
{"obj": {"type": "LogFloats", "path": ["monitoring", "memory"], "values": [{"value": 16.422954559326172, "step": null, "ts": 1626149813.2747545}]}, "version": 142}
{"obj": {"type": "LogFloats", "path": ["monitoring", "gpu"], "values": [{"value": 5.0, "step": null, "ts": 1626149813.2747545}]}, "version": 143}
{"obj": {"type": "LogFloats", "path": ["monitoring", "gpu_memory"], "values": [{"value": 2.2445068359375, "step": null, "ts": 1626149813.2747545}]}, "version": 144}
{"obj": {"type": "LogFloats", "path": ["monitoring", "cpu"], "values": [{"value": 5.3, "step": null, "ts": 1626149823.2771208}]}, "version": 145}
{"obj": {"type": "LogFloats", "path": ["monitoring", "memory"], "values": [{"value": 16.420211791992188, "step": null, "ts": 1626149823.2771208}]}, "version": 146}
{"obj": {"type": "LogFloats", "path": ["monitoring", "gpu"], "values": [{"value": 5.0, "step": null, "ts": 1626149823.2771208}]}, "version": 147}
{"obj": {"type": "LogFloats", "path": ["monitoring", "gpu_memory"], "values": [{"value": 2.2427978515625, "step": null, "ts": 1626149823.2771208}]}, "version": 148}
{"obj": {"type": "LogFloats", "path": ["monitoring", "cpu"], "values": [{"value": 5.3, "step": null, "ts": 1626149833.2797158}]}, "version": 149}
{"obj": {"type": "LogFloats", "path": ["monitoring", "memory"], "values": [{"value": 16.42477798461914, "step": null, "ts": 1626149833.2797158}]}, "version": 150}
{"obj": {"type": "LogFloats", "path": ["monitoring", "gpu"], "values": [{"value": 5.0, "step": null, "ts": 1626149833.2797158}]}, "version": 151}
{"obj": {"type": "LogFloats", "path": ["monitoring", "gpu_memory"], "values": [{"value": 2.24755859375, "step": null, "ts": 1626149833.2797158}]}, "version": 152}
{"obj": {"type": "LogStrings", "path": ["monitoring", "stderr"], "values": [{"value": "Error occurred during asynchronous operation processing: Timestamp must be non-decreasing for series attribute: monitoring/memory. Invalid point: 2021-07-13T04:17:08.863Z\n", "step": null, "ts": 1626149833.4937801}]}, "version": 153}
{"obj": {"type": "LogStrings", "path": ["monitoring", "stderr"], "values": [{"value": "Error occurred during asynchronous operation processing: Timestamp must be non-decreasing for series attribute: monitoring/gpu. Invalid point: 2021-07-13T04:17:08.863Z\n", "step": null, "ts": 1626149833.4968398}]}, "version": 154}
{"obj": {"type": "LogStrings", "path": ["monitoring", "stderr"], "values": [{"value": "Error occurred during asynchronous operation processing: Timestamp must be non-decreasing for series attribute: monitoring/cpu. Invalid point: 2021-07-13T04:17:08.863Z\n", "step": null, "ts": 1626149833.4997034}]}, "version": 155}
{"obj": {"type": "LogStrings", "path": ["monitoring", "stderr"], "values": [{"value": "Error occurred during asynchronous operation processing: Timestamp must be non-decreasing for series attribute: monitoring/gpu_memory. Invalid point: 2021-07-13T04:17:08.863Z\n", "step": null, "ts": 1626149833.5022368}]}, "version": 156}
{"obj": {"type": "LogStrings", "path": ["monitoring", "stderr"], "values": [{"value": "Error occurred during asynchronous operation processing: Timestamp must be non-decreasing for series attribute: monitoring/stderr. Invalid point: 2021-07-13T04:17:13.493Z\n", "step": null, "ts": 1626149834.542467}]}, "version": 157}
{"obj": {"type": "LogStrings", "path": ["monitoring", "stderr"], "values": [{"value": "Error occurred during asynchronous operation processing: Timestamp must be non-decreasing for series attribute: monitoring/stderr. Invalid point: 2021-07-13T04:17:13.496Z\n", "step": null, "ts": 1626149834.5463111}]}, "version": 158}
{"obj": {"type": "LogStrings", "path": ["monitoring", "stderr"], "values": [{"value": "Error occurred during asynchronous operation processing: Timestamp must be non-decreasing for series attribute: monitoring/stderr. Invalid point: 2021-07-13T04:17:13.499Z\n", "step": null, "ts": 1626149834.5497687}]}, "version": 159}
{"obj": {"type": "LogStrings", "path": ["monitoring", "stderr"], "values": [{"value": "Error occurred during asynchronous operation processing: Timestamp must be non-decreasing for series attribute: monitoring/stderr. Invalid point: 2021-07-13T04:17:14.542Z\n", "step": null, "ts": 1626149840.0234127}]}, "version": 160}
{"obj": {"type": "LogStrings", "path": ["monitoring", "stderr"], "values": [{"value": "Error occurred during asynchronous operation processing: Timestamp must be non-decreasing for series attribute: monitoring/stderr. Invalid point: 2021-07-13T04:17:14.546Z\n", "step": null, "ts": 1626149840.0268238}]}, "version": 161}
{"obj": {"type": "LogFloats", "path": ["monitoring", "cpu"], "values": [{"value": 5.8, "step": null, "ts": 1626149843.2820125}]}, "version": 162}
{"obj": {"type": "LogFloats", "path": ["monitoring", "memory"], "values": [{"value": 16.413055419921875, "step": null, "ts": 1626149843.2820125}]}, "version": 163}
{"obj": {"type": "LogFloats", "path": ["monitoring", "gpu"], "values": [{"value": 35.0, "step": null, "ts": 1626149843.2820125}]}, "version": 164}
{"obj": {"type": "LogFloats", "path": ["monitoring", "gpu_memory"], "values": [{"value": 2.2449951171875, "step": null, "ts": 1626149843.2820125}]}, "version": 165}
{"obj": {"type": "LogStrings", "path": ["monitoring", "stderr"], "values": [{"value": "Error occurred during asynchronous operation processing: Timestamp must be non-decreasing for series attribute: monitoring/memory. Invalid point: 2021-07-13T04:17:18.866Z\n", "step": null, "ts": 1626149844.30187}]}, "version": 166}
{"obj": {"type": "LogStrings", "path": ["monitoring", "stderr"], "values": [{"value": "Error occurred during asynchronous operation processing: Timestamp must be non-decreasing for series attribute: monitoring/gpu. Invalid point: 2021-07-13T04:17:18.866Z\n", "step": null, "ts": 1626149844.3050647}]}, "version": 167}
{"obj": {"type": "LogStrings", "path": ["monitoring", "stderr"], "values": [{"value": "Error occurred during asynchronous operation processing: Timestamp must be non-decreasing for series attribute: monitoring/gpu_memory. Invalid point: 2021-07-13T04:17:18.866Z\n", "step": null, "ts": 1626149844.3082345}]}, "version": 168}
{"obj": {"type": "LogStrings", "path": ["monitoring", "stderr"], "values": [{"value": "Error occurred during asynchronous operation processing: Timestamp must be non-decreasing for series attribute: monitoring/cpu. Invalid point: 2021-07-13T04:17:18.866Z\n", "step": null, "ts": 1626149844.310877}]}, "version": 169}
{"obj": {"type": "LogStrings", "path": ["monitoring", "stderr"], "values": [{"value": "Error occurred during asynchronous operation processing: Timestamp must be non-decreasing for series attribute: monitoring/stderr. Invalid point: 2021-07-13T04:17:20.023Z\n", "step": null, "ts": 1626149845.534529}]}, "version": 170}
{"obj": {"type": "LogStrings", "path": ["monitoring", "stderr"], "values": [{"value": "Error occurred during asynchronous operation processing: Timestamp must be non-decreasing for series attribute: monitoring/stderr. Invalid point: 2021-07-13T04:17:20.026Z\n", "step": null, "ts": 1626149845.537949}]}, "version": 171}
{"obj": {"type": "LogStrings", "path": ["monitoring", "stderr"], "values": [{"value": "Error occurred during asynchronous operation processing: Timestamp must be non-decreasing for series attribute: monitoring/stderr. Invalid point: 2021-07-13T04:17:24.301Z\n", "step": null, "ts": 1626149845.540689}]}, "version": 172}
{"obj": {"type": "LogStrings", "path": ["monitoring", "stderr"], "values": [{"value": "Error occurred during asynchronous operation processing: Timestamp must be non-decreasing for series attribute: monitoring/stderr. Invalid point: 2021-07-13T04:17:24.305Z\n", "step": null, "ts": 1626149845.5439348}]}, "version": 173}
{"obj": {"type": "LogStrings", "path": ["monitoring", "stderr"], "values": [{"value": "Error occurred during asynchronous operation processing: Timestamp must be non-decreasing for series attribute: monitoring/stderr. Invalid point: 2021-07-13T04:17:24.308Z\n", "step": null, "ts": 1626149845.5461934}]}, "version": 174}
{"obj": {"type": "LogStrings", "path": ["monitoring", "stderr"], "values": [{"value": "Error occurred during asynchronous operation processing: Timestamp must be non-decreasing for series attribute: monitoring/stderr. Invalid point: 2021-07-13T04:17:25.534Z\n", "step": null, "ts": 1626149850.9603972}]}, "version": 175}
{"obj": {"type": "LogStrings", "path": ["monitoring", "stderr"], "values": [{"value": "Error occurred during asynchronous operation processing: Timestamp must be non-decreasing for series attribute: monitoring/stderr. Invalid point: 2021-07-13T04:17:25.537Z\n", "step": null, "ts": 1626149850.9636106}]}, "version": 176}
{"obj": {"type": "LogStrings", "path": ["monitoring", "stderr"], "values": [{"value": "Error occurred during asynchronous operation processing: Timestamp must be non-decreasing for series attribute: monitoring/stderr. Invalid point: 2021-07-13T04:17:25.540Z\n", "step": null, "ts": 1626149850.9665227}]}, "version": 177}
{"obj": {"type": "LogStrings", "path": ["monitoring", "stderr"], "values": [{"value": "Error occurred during asynchronous operation processing: Timestamp must be non-decreasing for series attribute: monitoring/stderr. Invalid point: 2021-07-13T04:17:25.543Z\n", "step": null, "ts": 1626149850.969104}]}, "version": 178}
{"obj": {"type": "LogFloats", "path": ["monitoring", "cpu"], "values": [{"value": 9.5, "step": null, "ts": 1626149853.284736}]}, "version": 179}
{"obj": {"type": "LogFloats", "path": ["monitoring", "memory"], "values": [{"value": 16.41333770751953, "step": null, "ts": 1626149853.284736}]}, "version": 180}
{"obj": {"type": "LogFloats", "path": ["monitoring", "gpu"], "values": [{"value": 32.0, "step": null, "ts": 1626149853.284736}]}, "version": 181}
{"obj": {"type": "LogFloats", "path": ["monitoring", "gpu_memory"], "values": [{"value": 2.23876953125, "step": null, "ts": 1626149853.284736}]}, "version": 182}
{"obj": {"type": "LogStrings", "path": ["monitoring", "stderr"], "values": [{"value": "Error occurred during asynchronous operation processing: Timestamp must be non-decreasing for series attribute: monitoring/stderr. Invalid point: 2021-07-13T04:17:30.960Z\n", "step": null, "ts": 1626149856.4390397}]}, "version": 183}
{"obj": {"type": "LogStrings", "path": ["monitoring", "stderr"], "values": [{"value": "Error occurred during asynchronous operation processing: Timestamp must be non-decreasing for series attribute: monitoring/stderr. Invalid point: 2021-07-13T04:17:30.963Z\n", "step": null, "ts": 1626149856.442824}]}, "version": 184}
{"obj": {"type": "LogStrings", "path": ["monitoring", "stderr"], "values": [{"value": "Error occurred during asynchronous operation processing: Timestamp must be non-decreasing for series attribute: monitoring/stderr. Invalid point: 2021-07-13T04:17:30.966Z\n", "step": null, "ts": 1626149856.4463046}]}, "version": 185}
{"obj": {"type": "LogStrings", "path": ["monitoring", "stderr"], "values": [{"value": "Error occurred during asynchronous operation processing: Timestamp must be non-decreasing for series attribute: monitoring/stderr. Invalid point: 2021-07-13T04:17:36.439Z\n", "step": null, "ts": 1626149861.8930202}]}, "version": 186}
{"obj": {"type": "LogStrings", "path": ["monitoring", "stderr"], "values": [{"value": "Error occurred during asynchronous operation processing: Timestamp must be non-decreasing for series attribute: monitoring/stderr. Invalid point: 2021-07-13T04:17:36.442Z\n", "step": null, "ts": 1626149861.8971019}]}, "version": 187}
{"obj": {"type": "LogFloats", "path": ["monitoring", "cpu"], "values": [{"value": 7.8, "step": null, "ts": 1626149863.2869673}]}, "version": 188}
{"obj": {"type": "LogFloats", "path": ["monitoring", "memory"], "values": [{"value": 16.42293930053711, "step": null, "ts": 1626149863.2869673}]}, "version": 189}
{"obj": {"type": "LogFloats", "path": ["monitoring", "gpu"], "values": [{"value": 7.0, "step": null, "ts": 1626149863.2869673}]}, "version": 190}
{"obj": {"type": "LogFloats", "path": ["monitoring", "gpu_memory"], "values": [{"value": 2.2403564453125, "step": null, "ts": 1626149863.2869673}]}, "version": 191}
{"obj": {"type": "LogStrings", "path": ["monitoring", "stderr"], "values": [{"value": "Error occurred during asynchronous operation processing: Timestamp must be non-decreasing for series attribute: monitoring/stderr. Invalid point: 2021-07-13T04:17:41.893Z\n", "step": null, "ts": 1626149867.3878539}]}, "version": 192}
{"obj": {"type": "LogFloats", "path": ["monitoring", "cpu"], "values": [{"value": 7.8, "step": null, "ts": 1626149873.2900555}]}, "version": 193}
{"obj": {"type": "LogFloats", "path": ["monitoring", "memory"], "values": [{"value": 16.401535034179688, "step": null, "ts": 1626149873.2900555}]}, "version": 194}
{"obj": {"type": "LogFloats", "path": ["monitoring", "gpu"], "values": [{"value": 8.0, "step": null, "ts": 1626149873.2900555}]}, "version": 195}
{"obj": {"type": "LogFloats", "path": ["monitoring", "gpu_memory"], "values": [{"value": 2.238525390625, "step": null, "ts": 1626149873.2900555}]}, "version": 196}
{"obj": {"type": "LogFloats", "path": ["monitoring", "cpu"], "values": [{"value": 10.8, "step": null, "ts": 1626149883.2924361}]}, "version": 197}
{"obj": {"type": "LogFloats", "path": ["monitoring", "memory"], "values": [{"value": 16.42940902709961, "step": null, "ts": 1626149883.2924361}]}, "version": 198}
{"obj": {"type": "LogFloats", "path": ["monitoring", "gpu"], "values": [{"value": 15.0, "step": null, "ts": 1626149883.2924361}]}, "version": 199}
{"obj": {"type": "LogFloats", "path": ["monitoring", "gpu_memory"], "values": [{"value": 2.25482177734375, "step": null, "ts": 1626149883.2924361}]}, "version": 200}
{"obj": {"type": "LogStrings", "path": ["monitoring", "stdout"], "values": [{"value": "b''", "step": null, "ts": 1626149884.1088727}]}, "version": 201}
{"obj": {"type": "LogStrings", "path": ["monitoring", "stdout"], "values": [{"value": "b'https://app.neptune.ai/sangyeop-kim/sample/e/SAM-33\\n'", "step": null, "ts": 1626149884.1112018}]}, "version": 202}
{"obj": {"type": "LogStrings", "path": ["monitoring", "stdout"], "values": [{"value": "b'Remember to stop your run once you\\xe2\\x80\\x99ve finished logging your metadata (https://docs.neptune.ai/api-reference/run#stop). It will be stopped automatically only when the notebook kernel/interactive console is terminated.\\n'", "step": null, "ts": 1626149884.1145675}]}, "version": 203}
{"obj": {"type": "LogStrings", "path": ["monitoring", "stderr"], "values": [{"value": "Error occurred during asynchronous operation processing: Timestamp must be non-decreasing for series attribute: monitoring/stdout. Invalid point: 2021-07-13T04:18:04.108Z\n", "step": null, "ts": 1626149888.6737897}]}, "version": 204}
{"obj": {"type": "LogStrings", "path": ["monitoring", "stderr"], "values": [{"value": "Error occurred during asynchronous operation processing: Timestamp must be non-decreasing for series attribute: monitoring/stdout. Invalid point: 2021-07-13T04:18:04.111Z\n", "step": null, "ts": 1626149888.676496}]}, "version": 205}
{"obj": {"type": "LogFloats", "path": ["monitoring", "cpu"], "values": [{"value": 15.0, "step": null, "ts": 1626149893.295258}]}, "version": 206}
{"obj": {"type": "LogFloats", "path": ["monitoring", "memory"], "values": [{"value": 16.54717254638672, "step": null, "ts": 1626149893.295258}]}, "version": 207}
{"obj": {"type": "LogFloats", "path": ["monitoring", "gpu"], "values": [{"value": 10.0, "step": null, "ts": 1626149893.295258}]}, "version": 208}
{"obj": {"type": "LogFloats", "path": ["monitoring", "gpu_memory"], "values": [{"value": 2.29815673828125, "step": null, "ts": 1626149893.295258}]}, "version": 209}
{"obj": {"type": "LogStrings", "path": ["monitoring", "stderr"], "values": [{"value": "Error occurred during asynchronous operation processing: Timestamp must be non-decreasing for series attribute: monitoring/stderr. Invalid point: 2021-07-13T04:18:08.673Z\n", "step": null, "ts": 1626149894.185687}]}, "version": 210}
{"obj": {"type": "LogFloats", "path": ["monitoring", "cpu"], "values": [{"value": 15.2, "step": null, "ts": 1626149903.297308}]}, "version": 211}
{"obj": {"type": "LogFloats", "path": ["monitoring", "memory"], "values": [{"value": 16.510971069335938, "step": null, "ts": 1626149903.297308}]}, "version": 212}
{"obj": {"type": "LogFloats", "path": ["monitoring", "gpu"], "values": [{"value": 10.0, "step": null, "ts": 1626149903.297308}]}, "version": 213}
{"obj": {"type": "LogFloats", "path": ["monitoring", "gpu_memory"], "values": [{"value": 2.24884033203125, "step": null, "ts": 1626149903.297308}]}, "version": 214}
{"obj": {"type": "LogFloats", "path": ["monitoring", "cpu"], "values": [{"value": 8.0, "step": null, "ts": 1626149913.299967}]}, "version": 215}
{"obj": {"type": "LogFloats", "path": ["monitoring", "memory"], "values": [{"value": 16.481311798095703, "step": null, "ts": 1626149913.299967}]}, "version": 216}
{"obj": {"type": "LogFloats", "path": ["monitoring", "gpu"], "values": [{"value": 10.0, "step": null, "ts": 1626149913.299967}]}, "version": 217}
{"obj": {"type": "LogFloats", "path": ["monitoring", "gpu_memory"], "values": [{"value": 2.26068115234375, "step": null, "ts": 1626149913.299967}]}, "version": 218}
{"obj": {"type": "LogFloats", "path": ["monitoring", "cpu"], "values": [{"value": 13.4, "step": null, "ts": 1626149923.3021982}]}, "version": 219}
{"obj": {"type": "LogFloats", "path": ["monitoring", "memory"], "values": [{"value": 16.471752166748047, "step": null, "ts": 1626149923.3021982}]}, "version": 220}
{"obj": {"type": "LogFloats", "path": ["monitoring", "gpu"], "values": [{"value": 14.0, "step": null, "ts": 1626149923.3021982}]}, "version": 221}
{"obj": {"type": "LogFloats", "path": ["monitoring", "gpu_memory"], "values": [{"value": 2.23626708984375, "step": null, "ts": 1626149923.3021982}]}, "version": 222}
{"obj": {"type": "LogFloats", "path": ["monitoring", "cpu"], "values": [{"value": 11.7, "step": null, "ts": 1626149933.3046508}]}, "version": 223}
{"obj": {"type": "LogFloats", "path": ["monitoring", "memory"], "values": [{"value": 16.463409423828125, "step": null, "ts": 1626149933.3046508}]}, "version": 224}
{"obj": {"type": "LogFloats", "path": ["monitoring", "gpu"], "values": [{"value": 14.0, "step": null, "ts": 1626149933.3046508}]}, "version": 225}
{"obj": {"type": "LogFloats", "path": ["monitoring", "gpu_memory"], "values": [{"value": 2.24078369140625, "step": null, "ts": 1626149933.3046508}]}, "version": 226}
{"obj": {"type": "LogStrings", "path": ["monitoring", "stdout"], "values": [{"value": "b''", "step": null, "ts": 1626149935.7085514}]}, "version": 227}
{"obj": {"type": "LogStrings", "path": ["monitoring", "stdout"], "values": [{"value": "b'https://app.neptune.ai/sangyeop-kim/sample/e/SAM-34\\n'", "step": null, "ts": 1626149935.7136621}]}, "version": 228}
{"obj": {"type": "LogStrings", "path": ["monitoring", "stdout"], "values": [{"value": "b'Remember to stop your run once you\\xe2\\x80\\x99ve finished logging your metadata (https://docs.neptune.ai/api-reference/run#stop). It will be stopped automatically only when the notebook kernel/interactive console is terminated.\\n'", "step": null, "ts": 1626149935.718287}]}, "version": 229}
{"obj": {"type": "LogStrings", "path": ["monitoring", "stderr"], "values": [{"value": "Error occurred during asynchronous operation processing: Timestamp must be non-decreasing for series attribute: monitoring/stdout. Invalid point: 2021-07-13T04:18:55.707Z\n", "step": null, "ts": 1626149941.296491}]}, "version": 230}
{"obj": {"type": "LogStrings", "path": ["monitoring", "stderr"], "values": [{"value": "Error occurred during asynchronous operation processing: Timestamp must be non-decreasing for series attribute: monitoring/stdout. Invalid point: 2021-07-13T04:18:55.713Z\n", "step": null, "ts": 1626149941.2998257}]}, "version": 231}
{"obj": {"type": "LogFloats", "path": ["monitoring", "cpu"], "values": [{"value": 21.2, "step": null, "ts": 1626149943.306356}]}, "version": 232}
{"obj": {"type": "LogFloats", "path": ["monitoring", "memory"], "values": [{"value": 16.62668228149414, "step": null, "ts": 1626149943.306356}]}, "version": 233}
{"obj": {"type": "LogFloats", "path": ["monitoring", "gpu"], "values": [{"value": 11.0, "step": null, "ts": 1626149943.306356}]}, "version": 234}
{"obj": {"type": "LogFloats", "path": ["monitoring", "gpu_memory"], "values": [{"value": 2.24871826171875, "step": null, "ts": 1626149943.306356}]}, "version": 235}
{"obj": {"type": "LogStrings", "path": ["monitoring", "stderr"], "values": [{"value": "Error occurred during asynchronous operation processing: Timestamp must be non-decreasing for series attribute: monitoring/stderr. Invalid point: 2021-07-13T04:19:01.296Z\n", "step": null, "ts": 1626149946.8133016}]}, "version": 236}
{"obj": {"type": "LogFloats", "path": ["monitoring", "cpu"], "values": [{"value": 12.1, "step": null, "ts": 1626149953.3092613}]}, "version": 237}
{"obj": {"type": "LogFloats", "path": ["monitoring", "memory"], "values": [{"value": 16.622764587402344, "step": null, "ts": 1626149953.3092613}]}, "version": 238}
{"obj": {"type": "LogFloats", "path": ["monitoring", "gpu"], "values": [{"value": 9.0, "step": null, "ts": 1626149953.3092613}]}, "version": 239}
{"obj": {"type": "LogFloats", "path": ["monitoring", "gpu_memory"], "values": [{"value": 2.20599365234375, "step": null, "ts": 1626149953.3092613}]}, "version": 240}
{"obj": {"type": "LogFloats", "path": ["monitoring", "cpu"], "values": [{"value": 8.6, "step": null, "ts": 1626149963.3117542}]}, "version": 241}
{"obj": {"type": "LogFloats", "path": ["monitoring", "memory"], "values": [{"value": 16.657562255859375, "step": null, "ts": 1626149963.3117542}]}, "version": 242}
{"obj": {"type": "LogFloats", "path": ["monitoring", "gpu"], "values": [{"value": 10.0, "step": null, "ts": 1626149963.3117542}]}, "version": 243}
{"obj": {"type": "LogFloats", "path": ["monitoring", "gpu_memory"], "values": [{"value": 2.23345947265625, "step": null, "ts": 1626149963.3117542}]}, "version": 244}
{"obj": {"type": "LogFloats", "path": ["monitoring", "cpu"], "values": [{"value": 11.6, "step": null, "ts": 1626149973.3142374}]}, "version": 245}
{"obj": {"type": "LogFloats", "path": ["monitoring", "memory"], "values": [{"value": 16.644535064697266, "step": null, "ts": 1626149973.3142374}]}, "version": 246}
{"obj": {"type": "LogFloats", "path": ["monitoring", "gpu"], "values": [{"value": 10.0, "step": null, "ts": 1626149973.3142374}]}, "version": 247}
{"obj": {"type": "LogFloats", "path": ["monitoring", "gpu_memory"], "values": [{"value": 2.22314453125, "step": null, "ts": 1626149973.3142374}]}, "version": 248}
{"obj": {"type": "LogFloats", "path": ["monitoring", "cpu"], "values": [{"value": 10.3, "step": null, "ts": 1626149983.317251}]}, "version": 249}
{"obj": {"type": "LogFloats", "path": ["monitoring", "memory"], "values": [{"value": 16.655662536621094, "step": null, "ts": 1626149983.317251}]}, "version": 250}
{"obj": {"type": "LogFloats", "path": ["monitoring", "gpu"], "values": [{"value": 5.0, "step": null, "ts": 1626149983.317251}]}, "version": 251}
{"obj": {"type": "LogFloats", "path": ["monitoring", "gpu_memory"], "values": [{"value": 2.25445556640625, "step": null, "ts": 1626149983.317251}]}, "version": 252}
{"obj": {"type": "LogFloats", "path": ["monitoring", "cpu"], "values": [{"value": 6.0, "step": null, "ts": 1626149993.3196156}]}, "version": 253}
{"obj": {"type": "LogFloats", "path": ["monitoring", "memory"], "values": [{"value": 16.600872039794922, "step": null, "ts": 1626149993.3196156}]}, "version": 254}
{"obj": {"type": "LogFloats", "path": ["monitoring", "gpu"], "values": [{"value": 17.0, "step": null, "ts": 1626149993.3196156}]}, "version": 255}
{"obj": {"type": "LogFloats", "path": ["monitoring", "gpu_memory"], "values": [{"value": 2.2308349609375, "step": null, "ts": 1626149993.3196156}]}, "version": 256}
{"obj": {"type": "LogFloats", "path": ["monitoring", "cpu"], "values": [{"value": 5.8, "step": null, "ts": 1626150003.32227}]}, "version": 257}
{"obj": {"type": "LogFloats", "path": ["monitoring", "memory"], "values": [{"value": 16.593242645263672, "step": null, "ts": 1626150003.32227}]}, "version": 258}
{"obj": {"type": "LogFloats", "path": ["monitoring", "gpu"], "values": [{"value": 14.0, "step": null, "ts": 1626150003.32227}]}, "version": 259}
{"obj": {"type": "LogFloats", "path": ["monitoring", "gpu_memory"], "values": [{"value": 2.25146484375, "step": null, "ts": 1626150003.32227}]}, "version": 260}
{"obj": {"type": "LogFloats", "path": ["monitoring", "cpu"], "values": [{"value": 6.6, "step": null, "ts": 1626150013.3248034}]}, "version": 261}
{"obj": {"type": "LogFloats", "path": ["monitoring", "memory"], "values": [{"value": 16.59174346923828, "step": null, "ts": 1626150013.3248034}]}, "version": 262}
{"obj": {"type": "LogFloats", "path": ["monitoring", "gpu"], "values": [{"value": 17.0, "step": null, "ts": 1626150013.3248034}]}, "version": 263}
{"obj": {"type": "LogFloats", "path": ["monitoring", "gpu_memory"], "values": [{"value": 2.24200439453125, "step": null, "ts": 1626150013.3248034}]}, "version": 264}
{"obj": {"type": "LogStrings", "path": ["monitoring", "stdout"], "values": [{"value": "b''", "step": null, "ts": 1626150017.7032826}]}, "version": 265}
{"obj": {"type": "LogStrings", "path": ["monitoring", "stdout"], "values": [{"value": "b'https://app.neptune.ai/sangyeop-kim/sample/e/SAM-35\\n'", "step": null, "ts": 1626150017.7075095}]}, "version": 266}
{"obj": {"type": "LogStrings", "path": ["monitoring", "stdout"], "values": [{"value": "b'Remember to stop your run once you\\xe2\\x80\\x99ve finished logging your metadata (https://docs.neptune.ai/api-reference/run#stop). It will be stopped automatically only when the notebook kernel/interactive console is terminated.\\n'", "step": null, "ts": 1626150017.7129242}]}, "version": 267}
{"obj": {"type": "LogStrings", "path": ["monitoring", "stderr"], "values": [{"value": "Error occurred during asynchronous operation processing: Timestamp must be non-decreasing for series attribute: monitoring/stdout. Invalid point: 2021-07-13T04:20:17.703Z\n", "step": null, "ts": 1626150021.1675417}]}, "version": 268}
{"obj": {"type": "LogStrings", "path": ["monitoring", "stderr"], "values": [{"value": "Error occurred during asynchronous operation processing: Timestamp must be non-decreasing for series attribute: monitoring/stdout. Invalid point: 2021-07-13T04:20:17.707Z\n", "step": null, "ts": 1626150021.1721132}]}, "version": 269}
{"obj": {"type": "LogFloats", "path": ["monitoring", "cpu"], "values": [{"value": 15.2, "step": null, "ts": 1626150023.3286376}]}, "version": 270}
{"obj": {"type": "LogFloats", "path": ["monitoring", "memory"], "values": [{"value": 16.613983154296875, "step": null, "ts": 1626150023.3286376}]}, "version": 271}
{"obj": {"type": "LogFloats", "path": ["monitoring", "gpu"], "values": [{"value": 11.0, "step": null, "ts": 1626150023.3286376}]}, "version": 272}
{"obj": {"type": "LogFloats", "path": ["monitoring", "gpu_memory"], "values": [{"value": 2.240478515625, "step": null, "ts": 1626150023.3286376}]}, "version": 273}
{"obj": {"type": "LogStrings", "path": ["monitoring", "stderr"], "values": [{"value": "Error occurred during asynchronous operation processing: Timestamp must be non-decreasing for series attribute: monitoring/stderr. Invalid point: 2021-07-13T04:20:21.167Z\n", "step": null, "ts": 1626150026.6723998}]}, "version": 274}
{"obj": {"type": "LogFloats", "path": ["monitoring", "cpu"], "values": [{"value": 14.0, "step": null, "ts": 1626150033.330711}]}, "version": 275}
{"obj": {"type": "LogFloats", "path": ["monitoring", "memory"], "values": [{"value": 16.662311553955078, "step": null, "ts": 1626150033.330711}]}, "version": 276}
{"obj": {"type": "LogFloats", "path": ["monitoring", "gpu"], "values": [{"value": 9.0, "step": null, "ts": 1626150033.330711}]}, "version": 277}
{"obj": {"type": "LogFloats", "path": ["monitoring", "gpu_memory"], "values": [{"value": 2.23370361328125, "step": null, "ts": 1626150033.330711}]}, "version": 278}
{"obj": {"type": "LogFloats", "path": ["monitoring", "cpu"], "values": [{"value": 8.7, "step": null, "ts": 1626150043.3331556}]}, "version": 279}
{"obj": {"type": "LogFloats", "path": ["monitoring", "memory"], "values": [{"value": 16.631576538085938, "step": null, "ts": 1626150043.3331556}]}, "version": 280}
{"obj": {"type": "LogFloats", "path": ["monitoring", "gpu"], "values": [{"value": 9.0, "step": null, "ts": 1626150043.3331556}]}, "version": 281}
{"obj": {"type": "LogFloats", "path": ["monitoring", "gpu_memory"], "values": [{"value": 2.22540283203125, "step": null, "ts": 1626150043.3331556}]}, "version": 282}
{"obj": {"type": "LogFloats", "path": ["monitoring", "cpu"], "values": [{"value": 11.0, "step": null, "ts": 1626150053.3357022}]}, "version": 283}
{"obj": {"type": "LogFloats", "path": ["monitoring", "memory"], "values": [{"value": 16.652481079101562, "step": null, "ts": 1626150053.3357022}]}, "version": 284}
{"obj": {"type": "LogFloats", "path": ["monitoring", "gpu"], "values": [{"value": 14.0, "step": null, "ts": 1626150053.3357022}]}, "version": 285}
{"obj": {"type": "LogFloats", "path": ["monitoring", "gpu_memory"], "values": [{"value": 2.22735595703125, "step": null, "ts": 1626150053.3357022}]}, "version": 286}
{"obj": {"type": "LogFloats", "path": ["monitoring", "cpu"], "values": [{"value": 13.3, "step": null, "ts": 1626150063.3378444}]}, "version": 287}
{"obj": {"type": "LogFloats", "path": ["monitoring", "memory"], "values": [{"value": 16.69705581665039, "step": null, "ts": 1626150063.3378444}]}, "version": 288}
{"obj": {"type": "LogFloats", "path": ["monitoring", "gpu"], "values": [{"value": 14.0, "step": null, "ts": 1626150063.3378444}]}, "version": 289}
{"obj": {"type": "LogFloats", "path": ["monitoring", "gpu_memory"], "values": [{"value": 2.28167724609375, "step": null, "ts": 1626150063.3378444}]}, "version": 290}
{"obj": {"type": "LogFloats", "path": ["monitoring", "cpu"], "values": [{"value": 11.4, "step": null, "ts": 1626150073.3407445}]}, "version": 291}
{"obj": {"type": "LogFloats", "path": ["monitoring", "memory"], "values": [{"value": 16.618919372558594, "step": null, "ts": 1626150073.3407445}]}, "version": 292}
{"obj": {"type": "LogFloats", "path": ["monitoring", "gpu"], "values": [{"value": 9.0, "step": null, "ts": 1626150073.3407445}]}, "version": 293}
{"obj": {"type": "LogFloats", "path": ["monitoring", "gpu_memory"], "values": [{"value": 2.18951416015625, "step": null, "ts": 1626150073.3407445}]}, "version": 294}
{"obj": {"type": "LogFloats", "path": ["monitoring", "cpu"], "values": [{"value": 11.8, "step": null, "ts": 1626150083.3430467}]}, "version": 295}
{"obj": {"type": "LogFloats", "path": ["monitoring", "memory"], "values": [{"value": 16.64919662475586, "step": null, "ts": 1626150083.3430467}]}, "version": 296}
{"obj": {"type": "LogFloats", "path": ["monitoring", "gpu"], "values": [{"value": 9.0, "step": null, "ts": 1626150083.3430467}]}, "version": 297}
{"obj": {"type": "LogFloats", "path": ["monitoring", "gpu_memory"], "values": [{"value": 2.20306396484375, "step": null, "ts": 1626150083.3430467}]}, "version": 298}
{"obj": {"type": "LogFloats", "path": ["monitoring", "cpu"], "values": [{"value": 10.2, "step": null, "ts": 1626150093.3461082}]}, "version": 299}
{"obj": {"type": "LogFloats", "path": ["monitoring", "memory"], "values": [{"value": 16.648529052734375, "step": null, "ts": 1626150093.3461082}]}, "version": 300}
{"obj": {"type": "LogFloats", "path": ["monitoring", "gpu"], "values": [{"value": 10.0, "step": null, "ts": 1626150093.3461082}]}, "version": 301}
{"obj": {"type": "LogFloats", "path": ["monitoring", "gpu_memory"], "values": [{"value": 2.22998046875, "step": null, "ts": 1626150093.3461082}]}, "version": 302}
{"obj": {"type": "LogFloats", "path": ["monitoring", "cpu"], "values": [{"value": 12.2, "step": null, "ts": 1626150103.3484585}]}, "version": 303}
{"obj": {"type": "LogFloats", "path": ["monitoring", "memory"], "values": [{"value": 16.671436309814453, "step": null, "ts": 1626150103.3484585}]}, "version": 304}
{"obj": {"type": "LogFloats", "path": ["monitoring", "gpu"], "values": [{"value": 9.0, "step": null, "ts": 1626150103.3484585}]}, "version": 305}
{"obj": {"type": "LogFloats", "path": ["monitoring", "gpu_memory"], "values": [{"value": 2.23284912109375, "step": null, "ts": 1626150103.3484585}]}, "version": 306}
{"obj": {"type": "LogFloats", "path": ["monitoring", "cpu"], "values": [{"value": 15.4, "step": null, "ts": 1626150113.3508148}]}, "version": 307}
{"obj": {"type": "LogFloats", "path": ["monitoring", "memory"], "values": [{"value": 16.693340301513672, "step": null, "ts": 1626150113.3508148}]}, "version": 308}
{"obj": {"type": "LogFloats", "path": ["monitoring", "gpu"], "values": [{"value": 9.0, "step": null, "ts": 1626150113.3508148}]}, "version": 309}
{"obj": {"type": "LogFloats", "path": ["monitoring", "gpu_memory"], "values": [{"value": 2.23089599609375, "step": null, "ts": 1626150113.3508148}]}, "version": 310}
{"obj": {"type": "LogFloats", "path": ["monitoring", "cpu"], "values": [{"value": 8.2, "step": null, "ts": 1626150123.352609}]}, "version": 311}
{"obj": {"type": "LogFloats", "path": ["monitoring", "memory"], "values": [{"value": 16.66339111328125, "step": null, "ts": 1626150123.352609}]}, "version": 312}
{"obj": {"type": "LogFloats", "path": ["monitoring", "gpu"], "values": [{"value": 9.0, "step": null, "ts": 1626150123.352609}]}, "version": 313}
{"obj": {"type": "LogFloats", "path": ["monitoring", "gpu_memory"], "values": [{"value": 2.21099853515625, "step": null, "ts": 1626150123.352609}]}, "version": 314}
{"obj": {"type": "LogFloats", "path": ["monitoring", "cpu"], "values": [{"value": 9.0, "step": null, "ts": 1626150133.3549628}]}, "version": 315}
{"obj": {"type": "LogFloats", "path": ["monitoring", "memory"], "values": [{"value": 16.78680419921875, "step": null, "ts": 1626150133.3549628}]}, "version": 316}
{"obj": {"type": "LogFloats", "path": ["monitoring", "gpu"], "values": [{"value": 27.0, "step": null, "ts": 1626150133.3549628}]}, "version": 317}
{"obj": {"type": "LogFloats", "path": ["monitoring", "gpu_memory"], "values": [{"value": 2.21490478515625, "step": null, "ts": 1626150133.3549628}]}, "version": 318}
{"obj": {"type": "LogFloats", "path": ["monitoring", "cpu"], "values": [{"value": 5.5, "step": null, "ts": 1626150143.3570344}]}, "version": 319}
{"obj": {"type": "LogFloats", "path": ["monitoring", "memory"], "values": [{"value": 16.75572967529297, "step": null, "ts": 1626150143.3570344}]}, "version": 320}
{"obj": {"type": "LogFloats", "path": ["monitoring", "gpu"], "values": [{"value": 15.0, "step": null, "ts": 1626150143.3570344}]}, "version": 321}
{"obj": {"type": "LogFloats", "path": ["monitoring", "gpu_memory"], "values": [{"value": 2.20587158203125, "step": null, "ts": 1626150143.3570344}]}, "version": 322}
{"obj": {"type": "LogFloats", "path": ["monitoring", "cpu"], "values": [{"value": 10.1, "step": null, "ts": 1626150153.359577}]}, "version": 323}
{"obj": {"type": "LogFloats", "path": ["monitoring", "memory"], "values": [{"value": 16.732452392578125, "step": null, "ts": 1626150153.359577}]}, "version": 324}
{"obj": {"type": "LogFloats", "path": ["monitoring", "gpu"], "values": [{"value": 16.0, "step": null, "ts": 1626150153.359577}]}, "version": 325}
{"obj": {"type": "LogFloats", "path": ["monitoring", "gpu_memory"], "values": [{"value": 2.1995849609375, "step": null, "ts": 1626150153.359577}]}, "version": 326}
{"obj": {"type": "LogFloats", "path": ["monitoring", "cpu"], "values": [{"value": 7.2, "step": null, "ts": 1626150163.3617651}]}, "version": 327}
{"obj": {"type": "LogFloats", "path": ["monitoring", "memory"], "values": [{"value": 16.73265838623047, "step": null, "ts": 1626150163.3617651}]}, "version": 328}
{"obj": {"type": "LogFloats", "path": ["monitoring", "gpu"], "values": [{"value": 7.0, "step": null, "ts": 1626150163.3617651}]}, "version": 329}
{"obj": {"type": "LogFloats", "path": ["monitoring", "gpu_memory"], "values": [{"value": 2.1990966796875, "step": null, "ts": 1626150163.3617651}]}, "version": 330}
{"obj": {"type": "LogFloats", "path": ["monitoring", "cpu"], "values": [{"value": 6.7, "step": null, "ts": 1626150173.3644068}]}, "version": 331}
{"obj": {"type": "LogFloats", "path": ["monitoring", "memory"], "values": [{"value": 16.70354461669922, "step": null, "ts": 1626150173.3644068}]}, "version": 332}
{"obj": {"type": "LogFloats", "path": ["monitoring", "gpu"], "values": [{"value": 5.0, "step": null, "ts": 1626150173.3644068}]}, "version": 333}
{"obj": {"type": "LogFloats", "path": ["monitoring", "gpu_memory"], "values": [{"value": 2.2003173828125, "step": null, "ts": 1626150173.3644068}]}, "version": 334}
{"obj": {"type": "LogFloats", "path": ["monitoring", "cpu"], "values": [{"value": 6.6, "step": null, "ts": 1626150183.3670063}]}, "version": 335}
{"obj": {"type": "LogFloats", "path": ["monitoring", "memory"], "values": [{"value": 16.70926284790039, "step": null, "ts": 1626150183.3670063}]}, "version": 336}
{"obj": {"type": "LogFloats", "path": ["monitoring", "gpu"], "values": [{"value": 39.0, "step": null, "ts": 1626150183.3670063}]}, "version": 337}
{"obj": {"type": "LogFloats", "path": ["monitoring", "gpu_memory"], "values": [{"value": 2.19952392578125, "step": null, "ts": 1626150183.3670063}]}, "version": 338}
{"obj": {"type": "LogFloats", "path": ["monitoring", "cpu"], "values": [{"value": 8.8, "step": null, "ts": 1626150193.369409}]}, "version": 339}
{"obj": {"type": "LogFloats", "path": ["monitoring", "memory"], "values": [{"value": 16.726116180419922, "step": null, "ts": 1626150193.369409}]}, "version": 340}
{"obj": {"type": "LogFloats", "path": ["monitoring", "gpu"], "values": [{"value": 42.0, "step": null, "ts": 1626150193.369409}]}, "version": 341}
{"obj": {"type": "LogFloats", "path": ["monitoring", "gpu_memory"], "values": [{"value": 2.199462890625, "step": null, "ts": 1626150193.369409}]}, "version": 342}
{"obj": {"type": "LogFloats", "path": ["monitoring", "cpu"], "values": [{"value": 9.3, "step": null, "ts": 1626150203.3720474}]}, "version": 343}
{"obj": {"type": "LogFloats", "path": ["monitoring", "memory"], "values": [{"value": 16.732868194580078, "step": null, "ts": 1626150203.3720474}]}, "version": 344}
{"obj": {"type": "LogFloats", "path": ["monitoring", "gpu"], "values": [{"value": 23.0, "step": null, "ts": 1626150203.3720474}]}, "version": 345}
{"obj": {"type": "LogFloats", "path": ["monitoring", "gpu_memory"], "values": [{"value": 2.19921875, "step": null, "ts": 1626150203.3720474}]}, "version": 346}
{"obj": {"type": "LogFloats", "path": ["monitoring", "cpu"], "values": [{"value": 7.6, "step": null, "ts": 1626150213.3751414}]}, "version": 347}
{"obj": {"type": "LogFloats", "path": ["monitoring", "memory"], "values": [{"value": 16.742271423339844, "step": null, "ts": 1626150213.3751414}]}, "version": 348}
{"obj": {"type": "LogFloats", "path": ["monitoring", "gpu"], "values": [{"value": 11.0, "step": null, "ts": 1626150213.3751414}]}, "version": 349}
{"obj": {"type": "LogFloats", "path": ["monitoring", "gpu_memory"], "values": [{"value": 2.220947265625, "step": null, "ts": 1626150213.3751414}]}, "version": 350}
{"obj": {"type": "LogFloats", "path": ["monitoring", "cpu"], "values": [{"value": 5.7, "step": null, "ts": 1626150223.3775473}]}, "version": 351}
{"obj": {"type": "LogFloats", "path": ["monitoring", "memory"], "values": [{"value": 16.739543914794922, "step": null, "ts": 1626150223.3775473}]}, "version": 352}
{"obj": {"type": "LogFloats", "path": ["monitoring", "gpu"], "values": [{"value": 4.0, "step": null, "ts": 1626150223.3775473}]}, "version": 353}
{"obj": {"type": "LogFloats", "path": ["monitoring", "gpu_memory"], "values": [{"value": 2.20391845703125, "step": null, "ts": 1626150223.3775473}]}, "version": 354}
{"obj": {"type": "LogStrings", "path": ["monitoring", "stderr"], "values": [{"value": "Error occurred during asynchronous operation processing: Timestamp must be non-decreasing for series attribute: monitoring/gpu. Invalid point: 2021-07-13T04:23:38.961Z\n", "step": null, "ts": 1626150224.3320014}]}, "version": 355}
{"obj": {"type": "LogStrings", "path": ["monitoring", "stderr"], "values": [{"value": "Error occurred during asynchronous operation processing: Timestamp must be non-decreasing for series attribute: monitoring/gpu_memory. Invalid point: 2021-07-13T04:23:38.961Z\n", "step": null, "ts": 1626150224.3363514}]}, "version": 356}
{"obj": {"type": "LogStrings", "path": ["monitoring", "stderr"], "values": [{"value": "Error occurred during asynchronous operation processing: Timestamp must be non-decreasing for series attribute: monitoring/memory. Invalid point: 2021-07-13T04:23:38.961Z\n", "step": null, "ts": 1626150224.341057}]}, "version": 357}
{"obj": {"type": "LogStrings", "path": ["monitoring", "stderr"], "values": [{"value": "Error occurred during asynchronous operation processing: Timestamp must be non-decreasing for series attribute: monitoring/cpu. Invalid point: 2021-07-13T04:23:38.961Z\n", "step": null, "ts": 1626150224.3443768}]}, "version": 358}
{"obj": {"type": "LogStrings", "path": ["monitoring", "stderr"], "values": [{"value": "Error occurred during asynchronous operation processing: Timestamp must be non-decreasing for series attribute: monitoring/stderr. Invalid point: 2021-07-13T04:23:44.332Z\n", "step": null, "ts": 1626150226.55334}]}, "version": 359}
{"obj": {"type": "LogStrings", "path": ["monitoring", "stderr"], "values": [{"value": "Error occurred during asynchronous operation processing: Timestamp must be non-decreasing for series attribute: monitoring/stderr. Invalid point: 2021-07-13T04:23:44.336Z\n", "step": null, "ts": 1626150226.5573475}]}, "version": 360}
{"obj": {"type": "LogStrings", "path": ["monitoring", "stderr"], "values": [{"value": "Error occurred during asynchronous operation processing: Timestamp must be non-decreasing for series attribute: monitoring/stderr. Invalid point: 2021-07-13T04:23:44.341Z\n", "step": null, "ts": 1626150226.5618083}]}, "version": 361}
{"obj": {"type": "LogStrings", "path": ["monitoring", "stderr"], "values": [{"value": "Error occurred during asynchronous operation processing: Timestamp must be non-decreasing for series attribute: monitoring/stderr. Invalid point: 2021-07-13T04:23:46.553Z\n", "step": null, "ts": 1626150231.9554834}]}, "version": 362}
{"obj": {"type": "LogStrings", "path": ["monitoring", "stderr"], "values": [{"value": "Error occurred during asynchronous operation processing: Timestamp must be non-decreasing for series attribute: monitoring/stderr. Invalid point: 2021-07-13T04:23:46.557Z\n", "step": null, "ts": 1626150231.9594028}]}, "version": 363}
{"obj": {"type": "LogFloats", "path": ["monitoring", "cpu"], "values": [{"value": 9.5, "step": null, "ts": 1626150233.380095}]}, "version": 364}
{"obj": {"type": "LogFloats", "path": ["monitoring", "memory"], "values": [{"value": 16.778976440429688, "step": null, "ts": 1626150233.380095}]}, "version": 365}
{"obj": {"type": "LogFloats", "path": ["monitoring", "gpu"], "values": [{"value": 13.0, "step": null, "ts": 1626150233.380095}]}, "version": 366}
{"obj": {"type": "LogFloats", "path": ["monitoring", "gpu_memory"], "values": [{"value": 2.234375, "step": null, "ts": 1626150233.380095}]}, "version": 367}
{"obj": {"type": "LogStrings", "path": ["monitoring", "stderr"], "values": [{"value": "Error occurred during asynchronous operation processing: Timestamp must be non-decreasing for series attribute: monitoring/stderr. Invalid point: 2021-07-13T04:23:51.955Z\n", "step": null, "ts": 1626150237.4478889}]}, "version": 368}
{"obj": {"type": "LogFloats", "path": ["monitoring", "cpu"], "values": [{"value": 11.7, "step": null, "ts": 1626150243.3826768}]}, "version": 369}
{"obj": {"type": "LogFloats", "path": ["monitoring", "memory"], "values": [{"value": 16.747825622558594, "step": null, "ts": 1626150243.3826768}]}, "version": 370}
{"obj": {"type": "LogFloats", "path": ["monitoring", "gpu"], "values": [{"value": 25.0, "step": null, "ts": 1626150243.3826768}]}, "version": 371}
{"obj": {"type": "LogFloats", "path": ["monitoring", "gpu_memory"], "values": [{"value": 2.0299072265625, "step": null, "ts": 1626150243.3826768}]}, "version": 372}
{"obj": {"type": "LogStrings", "path": ["monitoring", "stdout"], "values": [{"value": "b''", "step": null, "ts": 1626150246.2600834}]}, "version": 373}
{"obj": {"type": "LogStrings", "path": ["monitoring", "stdout"], "values": [{"value": "b'https://app.neptune.ai/sangyeop-kim/sample/e/SAM-1\\n'", "step": null, "ts": 1626150246.266575}]}, "version": 374}
{"obj": {"type": "LogStrings", "path": ["monitoring", "stdout"], "values": [{"value": "b'Remember to stop your run once you\\xe2\\x80\\x99ve finished logging your metadata (https://docs.neptune.ai/api-reference/run#stop). It will be stopped automatically only when the notebook kernel/interactive console is terminated.\\n'", "step": null, "ts": 1626150246.2730837}]}, "version": 375}
{"obj": {"type": "LogStrings", "path": ["monitoring", "stderr"], "values": [{"value": "Error occurred during asynchronous operation processing: Timestamp must be non-decreasing for series attribute: monitoring/stdout. Invalid point: 2021-07-13T04:24:06.260Z\n", "step": null, "ts": 1626150248.3302479}]}, "version": 376}
{"obj": {"type": "LogStrings", "path": ["monitoring", "stderr"], "values": [{"value": "Error occurred during asynchronous operation processing: Timestamp must be non-decreasing for series attribute: monitoring/stdout. Invalid point: 2021-07-13T04:24:06.266Z\n", "step": null, "ts": 1626150248.3347502}]}, "version": 377}
{"obj": {"type": "LogFloats", "path": ["monitoring", "cpu"], "values": [{"value": 17.8, "step": null, "ts": 1626150253.385408}]}, "version": 378}
{"obj": {"type": "LogFloats", "path": ["monitoring", "memory"], "values": [{"value": 16.83660888671875, "step": null, "ts": 1626150253.385408}]}, "version": 379}
{"obj": {"type": "LogFloats", "path": ["monitoring", "gpu"], "values": [{"value": 12.0, "step": null, "ts": 1626150253.385408}]}, "version": 380}
{"obj": {"type": "LogFloats", "path": ["monitoring", "gpu_memory"], "values": [{"value": 2.075439453125, "step": null, "ts": 1626150253.385408}]}, "version": 381}
{"obj": {"type": "LogStrings", "path": ["monitoring", "stderr"], "values": [{"value": "Error occurred during asynchronous operation processing: Timestamp must be non-decreasing for series attribute: monitoring/stderr. Invalid point: 2021-07-13T04:24:08.330Z\n", "step": null, "ts": 1626150253.70509}]}, "version": 382}
{"obj": {"type": "LogFloats", "path": ["monitoring", "cpu"], "values": [{"value": 15.1, "step": null, "ts": 1626150263.3877974}]}, "version": 383}
{"obj": {"type": "LogFloats", "path": ["monitoring", "memory"], "values": [{"value": 16.87099838256836, "step": null, "ts": 1626150263.3877974}]}, "version": 384}
{"obj": {"type": "LogFloats", "path": ["monitoring", "gpu"], "values": [{"value": 10.0, "step": null, "ts": 1626150263.3877974}]}, "version": 385}
{"obj": {"type": "LogFloats", "path": ["monitoring", "gpu_memory"], "values": [{"value": 2.06158447265625, "step": null, "ts": 1626150263.3877974}]}, "version": 386}
{"obj": {"type": "LogFloats", "path": ["monitoring", "cpu"], "values": [{"value": 12.7, "step": null, "ts": 1626150273.389842}]}, "version": 387}
{"obj": {"type": "LogFloats", "path": ["monitoring", "memory"], "values": [{"value": 16.841567993164062, "step": null, "ts": 1626150273.389842}]}, "version": 388}
{"obj": {"type": "LogFloats", "path": ["monitoring", "gpu"], "values": [{"value": 13.0, "step": null, "ts": 1626150273.389842}]}, "version": 389}
{"obj": {"type": "LogFloats", "path": ["monitoring", "gpu_memory"], "values": [{"value": 2.01837158203125, "step": null, "ts": 1626150273.389842}]}, "version": 390}
{"obj": {"type": "LogStrings", "path": ["monitoring", "stdout"], "values": [{"value": "b'Shutting down background jobs, please wait a moment...\\n'", "step": null, "ts": 1626150273.8423746}]}, "version": 391}
{"obj": {"type": "LogStrings", "path": ["monitoring", "stdout"], "values": [{"value": "b'Done!\\n'", "step": null, "ts": 1626150274.1146104}]}, "version": 392}
{"obj": {"type": "LogStrings", "path": ["monitoring", "stderr"], "values": [{"value": "Waiting for the remaining 1 operations to synchronize with Neptune. Do not kill this process.\n", "step": null, "ts": 1626150274.125135}]}, "version": 393}
{"obj": {"type": "LogStrings", "path": ["monitoring", "stdout"], "values": [{"value": "b'All 1 operations synced, thanks for waiting!\\n'", "step": null, "ts": 1626150274.4787104}]}, "version": 394}
{"obj": {"type": "LogStrings", "path": ["monitoring", "stdout"], "values": [{"value": "b'Shutting down background jobs, please wait a moment...\\n'", "step": null, "ts": 1626150274.4864173}]}, "version": 395}
