{"obj": {"type": "AssignString", "path": ["sys", "name"], "value": "two-no-ratio"}, "version": 1}
{"obj": {"type": "AssignString", "path": ["sys", "description"], "value": ""}, "version": 2}
{"obj": {"type": "AssignString", "path": ["sys", "hostname"], "value": "rtm-desktop"}, "version": 3}
{"obj": {"type": "AssignBool", "path": ["sys", "failed"], "value": false}, "version": 4}
{"obj": {"type": "ClearStringLog", "path": ["monitoring", "stdout"]}, "version": 5}
{"obj": {"type": "ClearStringLog", "path": ["monitoring", "stderr"]}, "version": 6}
{"obj": {"type": "UploadFileSet", "path": ["source_code", "files"], "file_globs": ["/home/rtm/Dropbox/GIT/MLOps/**/*.py", "/home/rtm/Dropbox/GIT/MLOps/*.ipynb"], "reset": "False"}, "version": 7}
{"obj": {"type": "ConfigFloatSeries", "path": ["monitoring", "cpu"], "min": 0.0, "max": 100.0, "unit": "%"}, "version": 8}
{"obj": {"type": "ClearFloatLog", "path": ["monitoring", "cpu"]}, "version": 9}
{"obj": {"type": "ConfigFloatSeries", "path": ["monitoring", "memory"], "min": 0.0, "max": 125.65727615356445, "unit": "GB"}, "version": 10}
{"obj": {"type": "ClearFloatLog", "path": ["monitoring", "memory"]}, "version": 11}
{"obj": {"type": "ConfigFloatSeries", "path": ["monitoring", "gpu"], "min": 0.0, "max": 100.0, "unit": "%"}, "version": 12}
{"obj": {"type": "ClearFloatLog", "path": ["monitoring", "gpu"]}, "version": 13}
{"obj": {"type": "ConfigFloatSeries", "path": ["monitoring", "gpu_memory"], "min": 0.0, "max": 10.91522216796875, "unit": "GB"}, "version": 14}
{"obj": {"type": "ClearFloatLog", "path": ["monitoring", "gpu_memory"]}, "version": 15}
{"obj": {"type": "LogFloats", "path": ["monitoring", "cpu"], "values": [{"value": 18.0, "step": null, "ts": 1626166431.576902}]}, "version": 16}
{"obj": {"type": "LogFloats", "path": ["monitoring", "memory"], "values": [{"value": 20.241485595703125, "step": null, "ts": 1626166431.576902}]}, "version": 17}
{"obj": {"type": "LogFloats", "path": ["monitoring", "gpu"], "values": [{"value": 11.0, "step": null, "ts": 1626166431.576902}]}, "version": 18}
{"obj": {"type": "LogStrings", "path": ["monitoring", "stdout"], "values": [{"value": "b''", "step": null, "ts": 1626166431.589511}]}, "version": 19}
{"obj": {"type": "LogFloats", "path": ["monitoring", "gpu_memory"], "values": [{"value": 2.6829833984375, "step": null, "ts": 1626166431.576902}]}, "version": 20}
{"obj": {"type": "LogStrings", "path": ["monitoring", "stdout"], "values": [{"value": "b'https://app.neptune.ai/sangyeop-kim/sample/e/SAM-102\\n'", "step": null, "ts": 1626166431.5923572}]}, "version": 21}
{"obj": {"type": "LogStrings", "path": ["monitoring", "stdout"], "values": [{"value": "b'Remember to stop your run once you\\xe2\\x80\\x99ve finished logging your metadata (https://docs.neptune.ai/api-reference/run#stop). It will be stopped automatically only when the notebook kernel/interactive console is terminated.\\n'", "step": null, "ts": 1626166431.5967379}]}, "version": 22}
{"obj": {"type": "AssignInt", "path": ["changed_hyperparameter", "gpus"], "value": 1}, "version": 23}
{"obj": {"type": "AssignInt", "path": ["changed_hyperparameter", "max_epochs"], "value": 5}, "version": 24}
{"obj": {"type": "AssignString", "path": ["changed_hyperparameter", "scheduler"], "value": "StepLR"}, "version": 25}
{"obj": {"type": "AssignInt", "path": ["changed_hyperparameter", "StepLR", "step_size"], "value": 10}, "version": 26}
{"obj": {"type": "AssignFloat", "path": ["changed_hyperparameter", "StepLR", "gamma"], "value": 0.1}, "version": 27}
{"obj": {"type": "AssignInt", "path": ["changed_hyperparameter", "train_batch_size"], "value": 64}, "version": 28}
{"obj": {"type": "AssignString", "path": ["changed_hyperparameter", "loss"], "value": "MSE"}, "version": 29}
{"obj": {"type": "AssignString", "path": ["changed_hyperparameter", "neptune_workspace"], "value": "sangyeop-kim"}, "version": 30}
{"obj": {"type": "AssignString", "path": ["changed_hyperparameter", "neptune_project"], "value": "sample"}, "version": 31}
{"obj": {"type": "AssignString", "path": ["changed_hyperparameter", "name"], "value": "two-no-ratio"}, "version": 32}
{"obj": {"type": "AssignBool", "path": ["default_hyperparameter", "logger"], "value": true}, "version": 33}
{"obj": {"type": "AssignBool", "path": ["default_hyperparameter", "checkpoint_callback"], "value": true}, "version": 34}
{"obj": {"type": "AssignString", "path": ["default_hyperparameter", "callbacks"], "value": "None"}, "version": 35}
{"obj": {"type": "AssignString", "path": ["default_hyperparameter", "default_root_dir"], "value": "None"}, "version": 36}
{"obj": {"type": "AssignFloat", "path": ["default_hyperparameter", "gradient_clip_val"], "value": 0.0}, "version": 37}
{"obj": {"type": "AssignString", "path": ["default_hyperparameter", "gradient_clip_algorithm"], "value": "norm"}, "version": 38}
{"obj": {"type": "AssignInt", "path": ["default_hyperparameter", "process_position"], "value": 0}, "version": 39}
{"obj": {"type": "AssignInt", "path": ["default_hyperparameter", "num_nodes"], "value": 1}, "version": 40}
{"obj": {"type": "AssignInt", "path": ["default_hyperparameter", "num_processes"], "value": 1}, "version": 41}
{"obj": {"type": "AssignBool", "path": ["default_hyperparameter", "auto_select_gpus"], "value": false}, "version": 42}
{"obj": {"type": "AssignString", "path": ["default_hyperparameter", "tpu_cores"], "value": "None"}, "version": 43}
{"obj": {"type": "AssignString", "path": ["default_hyperparameter", "log_gpu_memory"], "value": "None"}, "version": 44}
{"obj": {"type": "AssignString", "path": ["default_hyperparameter", "progress_bar_refresh_rate"], "value": "None"}, "version": 45}
{"obj": {"type": "AssignFloat", "path": ["default_hyperparameter", "overfit_batches"], "value": 0.0}, "version": 46}
{"obj": {"type": "AssignInt", "path": ["default_hyperparameter", "track_grad_norm"], "value": -1}, "version": 47}
{"obj": {"type": "AssignInt", "path": ["default_hyperparameter", "check_val_every_n_epoch"], "value": 1}, "version": 48}
{"obj": {"type": "AssignBool", "path": ["default_hyperparameter", "fast_dev_run"], "value": false}, "version": 49}
{"obj": {"type": "AssignInt", "path": ["default_hyperparameter", "accumulate_grad_batches"], "value": 1}, "version": 50}
{"obj": {"type": "AssignString", "path": ["default_hyperparameter", "min_epochs"], "value": "None"}, "version": 51}
{"obj": {"type": "AssignString", "path": ["default_hyperparameter", "max_steps"], "value": "None"}, "version": 52}
{"obj": {"type": "AssignString", "path": ["default_hyperparameter", "min_steps"], "value": "None"}, "version": 53}
{"obj": {"type": "AssignString", "path": ["default_hyperparameter", "max_time"], "value": "None"}, "version": 54}
{"obj": {"type": "AssignFloat", "path": ["default_hyperparameter", "limit_train_batches"], "value": 1.0}, "version": 55}
{"obj": {"type": "AssignFloat", "path": ["default_hyperparameter", "limit_val_batches"], "value": 1.0}, "version": 56}
{"obj": {"type": "AssignFloat", "path": ["default_hyperparameter", "limit_test_batches"], "value": 1.0}, "version": 57}
{"obj": {"type": "AssignFloat", "path": ["default_hyperparameter", "limit_predict_batches"], "value": 1.0}, "version": 58}
{"obj": {"type": "AssignFloat", "path": ["default_hyperparameter", "val_check_interval"], "value": 1.0}, "version": 59}
{"obj": {"type": "AssignInt", "path": ["default_hyperparameter", "flush_logs_every_n_steps"], "value": 100}, "version": 60}
{"obj": {"type": "AssignInt", "path": ["default_hyperparameter", "log_every_n_steps"], "value": 50}, "version": 61}
{"obj": {"type": "AssignString", "path": ["default_hyperparameter", "accelerator"], "value": "None"}, "version": 62}
{"obj": {"type": "AssignBool", "path": ["default_hyperparameter", "sync_batchnorm"], "value": false}, "version": 63}
{"obj": {"type": "AssignInt", "path": ["default_hyperparameter", "precision"], "value": 32}, "version": 64}
{"obj": {"type": "AssignString", "path": ["default_hyperparameter", "weights_summary"], "value": "top"}, "version": 65}
{"obj": {"type": "AssignString", "path": ["default_hyperparameter", "weights_save_path"], "value": "None"}, "version": 66}
{"obj": {"type": "AssignInt", "path": ["default_hyperparameter", "num_sanity_val_steps"], "value": 2}, "version": 67}
{"obj": {"type": "AssignString", "path": ["default_hyperparameter", "truncated_bptt_steps"], "value": "None"}, "version": 68}
{"obj": {"type": "AssignString", "path": ["default_hyperparameter", "resume_from_checkpoint"], "value": "None"}, "version": 69}
{"obj": {"type": "AssignString", "path": ["default_hyperparameter", "profiler"], "value": "None"}, "version": 70}
{"obj": {"type": "AssignBool", "path": ["default_hyperparameter", "benchmark"], "value": false}, "version": 71}
{"obj": {"type": "AssignBool", "path": ["default_hyperparameter", "deterministic"], "value": false}, "version": 72}
{"obj": {"type": "AssignBool", "path": ["default_hyperparameter", "reload_dataloaders_every_epoch"], "value": false}, "version": 73}
{"obj": {"type": "AssignBool", "path": ["default_hyperparameter", "auto_lr_find"], "value": false}, "version": 74}
{"obj": {"type": "AssignBool", "path": ["default_hyperparameter", "replace_sampler_ddp"], "value": true}, "version": 75}
{"obj": {"type": "AssignBool", "path": ["default_hyperparameter", "terminate_on_nan"], "value": false}, "version": 76}
{"obj": {"type": "AssignBool", "path": ["default_hyperparameter", "auto_scale_batch_size"], "value": false}, "version": 77}
{"obj": {"type": "AssignBool", "path": ["default_hyperparameter", "prepare_data_per_node"], "value": true}, "version": 78}
{"obj": {"type": "AssignString", "path": ["default_hyperparameter", "plugins"], "value": "None"}, "version": 79}
{"obj": {"type": "AssignString", "path": ["default_hyperparameter", "amp_backend"], "value": "native"}, "version": 80}
{"obj": {"type": "AssignString", "path": ["default_hyperparameter", "amp_level"], "value": "O2"}, "version": 81}
{"obj": {"type": "AssignString", "path": ["default_hyperparameter", "distributed_backend"], "value": "None"}, "version": 82}
{"obj": {"type": "AssignBool", "path": ["default_hyperparameter", "move_metrics_to_cpu"], "value": false}, "version": 83}
{"obj": {"type": "AssignString", "path": ["default_hyperparameter", "multiple_trainloader_mode"], "value": "max_size_cycle"}, "version": 84}
{"obj": {"type": "AssignBool", "path": ["default_hyperparameter", "stochastic_weight_avg"], "value": false}, "version": 85}
{"obj": {"type": "AssignString", "path": ["default_hyperparameter", "optimizer"], "value": "Adam"}, "version": 86}
{"obj": {"type": "AssignFloat", "path": ["default_hyperparameter", "Adadelta", "lr"], "value": 1.0}, "version": 87}
{"obj": {"type": "AssignFloat", "path": ["default_hyperparameter", "Adadelta", "rho"], "value": 0.9}, "version": 88}
{"obj": {"type": "AssignFloat", "path": ["default_hyperparameter", "Adadelta", "eps"], "value": 1e-06}, "version": 89}
{"obj": {"type": "AssignInt", "path": ["default_hyperparameter", "Adadelta", "weight_decay"], "value": 0}, "version": 90}
{"obj": {"type": "AssignFloat", "path": ["default_hyperparameter", "Adagrad", "lr"], "value": 0.01}, "version": 91}
{"obj": {"type": "AssignInt", "path": ["default_hyperparameter", "Adagrad", "lr_decay"], "value": 0}, "version": 92}
{"obj": {"type": "AssignInt", "path": ["default_hyperparameter", "Adagrad", "weight_decay"], "value": 0}, "version": 93}
{"obj": {"type": "AssignInt", "path": ["default_hyperparameter", "Adagrad", "initial_accumulator_value"], "value": 0}, "version": 94}
{"obj": {"type": "AssignFloat", "path": ["default_hyperparameter", "Adagrad", "eps"], "value": 1e-10}, "version": 95}
{"obj": {"type": "AssignFloat", "path": ["default_hyperparameter", "Adam", "lr"], "value": 0.001}, "version": 96}
{"obj": {"type": "AssignString", "path": ["default_hyperparameter", "Adam", "betas"], "value": "(0.9, 0.999)"}, "version": 97}
{"obj": {"type": "AssignFloat", "path": ["default_hyperparameter", "Adam", "eps"], "value": 1e-08}, "version": 98}
{"obj": {"type": "AssignInt", "path": ["default_hyperparameter", "Adam", "weight_decay"], "value": 0}, "version": 99}
{"obj": {"type": "AssignBool", "path": ["default_hyperparameter", "Adam", "amsgrad"], "value": false}, "version": 100}
{"obj": {"type": "AssignFloat", "path": ["default_hyperparameter", "AdamW", "lr"], "value": 0.001}, "version": 101}
{"obj": {"type": "AssignString", "path": ["default_hyperparameter", "AdamW", "betas"], "value": "(0.9, 0.999)"}, "version": 102}
{"obj": {"type": "AssignFloat", "path": ["default_hyperparameter", "AdamW", "eps"], "value": 1e-08}, "version": 103}
{"obj": {"type": "AssignFloat", "path": ["default_hyperparameter", "AdamW", "weight_decay"], "value": 0.01}, "version": 104}
{"obj": {"type": "AssignBool", "path": ["default_hyperparameter", "AdamW", "amsgrad"], "value": false}, "version": 105}
{"obj": {"type": "AssignFloat", "path": ["default_hyperparameter", "SparseAdam", "lr"], "value": 0.001}, "version": 106}
{"obj": {"type": "AssignString", "path": ["default_hyperparameter", "SparseAdam", "betas"], "value": "(0.9, 0.999)"}, "version": 107}
{"obj": {"type": "AssignFloat", "path": ["default_hyperparameter", "SparseAdam", "eps"], "value": 1e-08}, "version": 108}
{"obj": {"type": "AssignFloat", "path": ["default_hyperparameter", "Adamax", "lr"], "value": 0.002}, "version": 109}
{"obj": {"type": "AssignString", "path": ["default_hyperparameter", "Adamax", "betas"], "value": "(0.9, 0.999)"}, "version": 110}
{"obj": {"type": "AssignFloat", "path": ["default_hyperparameter", "Adamax", "eps"], "value": 1e-08}, "version": 111}
{"obj": {"type": "AssignInt", "path": ["default_hyperparameter", "Adamax", "weight_decay"], "value": 0}, "version": 112}
{"obj": {"type": "AssignFloat", "path": ["default_hyperparameter", "ASGD", "lr"], "value": 0.01}, "version": 113}
{"obj": {"type": "AssignFloat", "path": ["default_hyperparameter", "ASGD", "lambd"], "value": 0.0001}, "version": 114}
{"obj": {"type": "AssignFloat", "path": ["default_hyperparameter", "ASGD", "alpha"], "value": 0.75}, "version": 115}
{"obj": {"type": "AssignFloat", "path": ["default_hyperparameter", "ASGD", "t0"], "value": 1000000.0}, "version": 116}
{"obj": {"type": "AssignInt", "path": ["default_hyperparameter", "ASGD", "weight_decay"], "value": 0}, "version": 117}
{"obj": {"type": "AssignInt", "path": ["default_hyperparameter", "LBFGS", "lr"], "value": 1}, "version": 118}
{"obj": {"type": "AssignInt", "path": ["default_hyperparameter", "LBFGS", "max_iter"], "value": 20}, "version": 119}
{"obj": {"type": "AssignString", "path": ["default_hyperparameter", "LBFGS", "max_eval"], "value": "None"}, "version": 120}
{"obj": {"type": "AssignFloat", "path": ["default_hyperparameter", "LBFGS", "tolerance_grad"], "value": 1e-07}, "version": 121}
{"obj": {"type": "AssignFloat", "path": ["default_hyperparameter", "LBFGS", "tolerance_change"], "value": 1e-09}, "version": 122}
{"obj": {"type": "AssignInt", "path": ["default_hyperparameter", "LBFGS", "history_size"], "value": 100}, "version": 123}
{"obj": {"type": "AssignString", "path": ["default_hyperparameter", "LBFGS", "line_search_fn"], "value": "None"}, "version": 124}
{"obj": {"type": "AssignFloat", "path": ["default_hyperparameter", "RMSprop", "lr"], "value": 0.01}, "version": 125}
{"obj": {"type": "AssignFloat", "path": ["default_hyperparameter", "RMSprop", "alpha"], "value": 0.99}, "version": 126}
{"obj": {"type": "AssignFloat", "path": ["default_hyperparameter", "RMSprop", "eps"], "value": 1e-08}, "version": 127}
{"obj": {"type": "AssignInt", "path": ["default_hyperparameter", "RMSprop", "weight_decay"], "value": 0}, "version": 128}
{"obj": {"type": "AssignInt", "path": ["default_hyperparameter", "RMSprop", "momentum"], "value": 0}, "version": 129}
{"obj": {"type": "AssignBool", "path": ["default_hyperparameter", "RMSprop", "centered"], "value": false}, "version": 130}
{"obj": {"type": "AssignFloat", "path": ["default_hyperparameter", "Rprop", "lr"], "value": 0.01}, "version": 131}
{"obj": {"type": "AssignString", "path": ["default_hyperparameter", "Rprop", "etas"], "value": "(0.5, 1.2)"}, "version": 132}
{"obj": {"type": "AssignString", "path": ["default_hyperparameter", "Rprop", "step_sizes"], "value": "(1e-06, 50)"}, "version": 133}
{"obj": {"type": "AssignFloat", "path": ["default_hyperparameter", "SGD", "lr"], "value": 0.01}, "version": 134}
{"obj": {"type": "AssignInt", "path": ["default_hyperparameter", "SGD", "momentum"], "value": 0}, "version": 135}
{"obj": {"type": "AssignInt", "path": ["default_hyperparameter", "SGD", "dampening"], "value": 0}, "version": 136}
{"obj": {"type": "AssignInt", "path": ["default_hyperparameter", "SGD", "weight_decay"], "value": 0}, "version": 137}
{"obj": {"type": "AssignBool", "path": ["default_hyperparameter", "SGD", "nesterov"], "value": false}, "version": 138}
{"obj": {"type": "AssignInt", "path": ["default_hyperparameter", "last_epoch"], "value": -1}, "version": 139}
{"obj": {"type": "AssignBool", "path": ["default_hyperparameter", "verbose"], "value": false}, "version": 140}
{"obj": {"type": "AssignString", "path": ["default_hyperparameter", "LambdaLR", "lr_lambda"], "value": "None"}, "version": 141}
{"obj": {"type": "AssignString", "path": ["default_hyperparameter", "MultiplicativeLR", "lr_lambda"], "value": "None"}, "version": 142}
{"obj": {"type": "AssignString", "path": ["default_hyperparameter", "MultiStepLR", "milestones"], "value": "None"}, "version": 143}
{"obj": {"type": "AssignFloat", "path": ["default_hyperparameter", "MultiStepLR", "gamma"], "value": 0.1}, "version": 144}
{"obj": {"type": "AssignString", "path": ["default_hyperparameter", "ExponentialLR", "gamma"], "value": "None"}, "version": 145}
{"obj": {"type": "AssignString", "path": ["default_hyperparameter", "CosineAnnealingLR", "T_max"], "value": "None"}, "version": 146}
{"obj": {"type": "AssignInt", "path": ["default_hyperparameter", "CosineAnnealingLR", "eta_min"], "value": 0}, "version": 147}
{"obj": {"type": "AssignString", "path": ["default_hyperparameter", "CosineAnnealingWarmRestarts", "T_0"], "value": "None"}, "version": 148}
{"obj": {"type": "AssignInt", "path": ["default_hyperparameter", "CosineAnnealingWarmRestarts", "T_mult"], "value": 1}, "version": 149}
{"obj": {"type": "AssignInt", "path": ["default_hyperparameter", "CosineAnnealingWarmRestarts", "eta_min"], "value": 0}, "version": 150}
{"obj": {"type": "AssignBool", "path": ["default_hyperparameter", "train_shuffle"], "value": false}, "version": 151}
{"obj": {"type": "AssignString", "path": ["default_hyperparameter", "train_sampler"], "value": "None"}, "version": 152}
{"obj": {"type": "AssignString", "path": ["default_hyperparameter", "train_batch_sampler"], "value": "None"}, "version": 153}
{"obj": {"type": "AssignInt", "path": ["default_hyperparameter", "train_num_workers"], "value": 0}, "version": 154}
{"obj": {"type": "AssignString", "path": ["default_hyperparameter", "train_collate_fn"], "value": "None"}, "version": 155}
{"obj": {"type": "AssignBool", "path": ["default_hyperparameter", "train_pin_memory"], "value": false}, "version": 156}
{"obj": {"type": "AssignBool", "path": ["default_hyperparameter", "train_drop_last"], "value": false}, "version": 157}
{"obj": {"type": "AssignInt", "path": ["default_hyperparameter", "train_timeout"], "value": 0}, "version": 158}
{"obj": {"type": "AssignString", "path": ["default_hyperparameter", "train_worker_init_fn"], "value": "None"}, "version": 159}
{"obj": {"type": "AssignInt", "path": ["default_hyperparameter", "train_prefetch_factor"], "value": 2}, "version": 160}
{"obj": {"type": "AssignBool", "path": ["default_hyperparameter", "train_persistent_workers"], "value": false}, "version": 161}
{"obj": {"type": "AssignInt", "path": ["default_hyperparameter", "validation_batch_size"], "value": -1}, "version": 162}
{"obj": {"type": "AssignBool", "path": ["default_hyperparameter", "validation_shuffle"], "value": false}, "version": 163}
{"obj": {"type": "AssignString", "path": ["default_hyperparameter", "validation_sampler"], "value": "None"}, "version": 164}
{"obj": {"type": "AssignString", "path": ["default_hyperparameter", "validation_batch_sampler"], "value": "None"}, "version": 165}
{"obj": {"type": "AssignInt", "path": ["default_hyperparameter", "validation_num_workers"], "value": 0}, "version": 166}
{"obj": {"type": "AssignString", "path": ["default_hyperparameter", "validation_collate_fn"], "value": "None"}, "version": 167}
{"obj": {"type": "AssignBool", "path": ["default_hyperparameter", "validation_pin_memory"], "value": false}, "version": 168}
{"obj": {"type": "AssignBool", "path": ["default_hyperparameter", "validation_drop_last"], "value": false}, "version": 169}
{"obj": {"type": "AssignInt", "path": ["default_hyperparameter", "validation_timeout"], "value": 0}, "version": 170}
{"obj": {"type": "AssignString", "path": ["default_hyperparameter", "validation_worker_init_fn"], "value": "None"}, "version": 171}
{"obj": {"type": "AssignInt", "path": ["default_hyperparameter", "validation_prefetch_factor"], "value": 2}, "version": 172}
{"obj": {"type": "AssignBool", "path": ["default_hyperparameter", "validation_persistent_workers"], "value": false}, "version": 173}
{"obj": {"type": "AssignInt", "path": ["default_hyperparameter", "kfold"], "value": 3}, "version": 174}
{"obj": {"type": "AssignInt", "path": ["default_hyperparameter", "random_seed"], "value": 0}, "version": 175}
{"obj": {"type": "AssignString", "path": ["default_hyperparameter", "validation_ratio"], "value": "None"}, "version": 176}
{"obj": {"type": "AssignString", "path": ["default_hyperparameter", "save_path"], "value": "logs"}, "version": 177}
{"obj": {"type": "AssignInt", "path": ["default_hyperparameter", "saved_top_k"], "value": 3}, "version": 178}
{"obj": {"type": "LogFloats", "path": ["loss", "train_step"], "values": [{"value": 29.889469146728516, "step": null, "ts": 1626166432.2934604}]}, "version": 179}
{"obj": {"type": "LogFloats", "path": ["loss", "train_step"], "values": [{"value": 36.311859130859375, "step": null, "ts": 1626166432.3023794}]}, "version": 180}
{"obj": {"type": "LogFloats", "path": ["loss", "train_step"], "values": [{"value": 27.34076690673828, "step": null, "ts": 1626166432.3129394}]}, "version": 181}
{"obj": {"type": "LogFloats", "path": ["loss", "train_step"], "values": [{"value": 28.393850326538086, "step": null, "ts": 1626166432.3224301}]}, "version": 182}
{"obj": {"type": "LogFloats", "path": ["loss", "train_step"], "values": [{"value": 27.73354148864746, "step": null, "ts": 1626166432.3325715}]}, "version": 183}
{"obj": {"type": "LogFloats", "path": ["loss", "train_step"], "values": [{"value": 32.805946350097656, "step": null, "ts": 1626166432.3424888}]}, "version": 184}
{"obj": {"type": "LogFloats", "path": ["loss", "train_step"], "values": [{"value": 28.22886848449707, "step": null, "ts": 1626166432.3502328}]}, "version": 185}
{"obj": {"type": "LogFloats", "path": ["loss", "train_step"], "values": [{"value": 32.879390716552734, "step": null, "ts": 1626166432.3579593}]}, "version": 186}
{"obj": {"type": "LogFloats", "path": ["loss", "train_epoch"], "values": [{"value": 30.447961568832397, "step": null, "ts": 1626166432.3675814}]}, "version": 187}
{"obj": {"type": "LogFloats", "path": ["loss", "valid_step"], "values": [{"value": 25.03740692138672, "step": null, "ts": 1626166432.4305468}]}, "version": 188}
{"obj": {"type": "LogFloats", "path": ["loss", "valid_epoch"], "values": [{"value": 25.03740692138672, "step": null, "ts": 1626166432.4326797}]}, "version": 189}
{"obj": {"type": "LogStrings", "path": ["monitoring", "stdout"], "values": [{"value": "0 epoch, train_loss : 30.4480, val_loss : 25.0374", "step": null, "ts": 1626166432.4346304}]}, "version": 190}
{"obj": {"type": "LogStrings", "path": ["monitoring", "stdout"], "values": [{"value": "\n", "step": null, "ts": 1626166432.4359882}]}, "version": 191}
{"obj": {"type": "LogStrings", "path": ["monitoring", "stdout"], "values": [{"value": "\n", "step": null, "ts": 1626166432.4375167}]}, "version": 192}
{"obj": {"type": "LogFloats", "path": ["loss", "train_step"], "values": [{"value": 20.998027801513672, "step": null, "ts": 1626166432.4550173}]}, "version": 193}
{"obj": {"type": "LogFloats", "path": ["loss", "train_step"], "values": [{"value": 25.984142303466797, "step": null, "ts": 1626166432.4639592}]}, "version": 194}
{"obj": {"type": "LogFloats", "path": ["loss", "train_step"], "values": [{"value": 18.775917053222656, "step": null, "ts": 1626166432.4763584}]}, "version": 195}
{"obj": {"type": "LogFloats", "path": ["loss", "train_step"], "values": [{"value": 19.91039276123047, "step": null, "ts": 1626166432.486894}]}, "version": 196}
{"obj": {"type": "LogFloats", "path": ["loss", "train_step"], "values": [{"value": 19.329425811767578, "step": null, "ts": 1626166432.495231}]}, "version": 197}
{"obj": {"type": "LogFloats", "path": ["loss", "train_step"], "values": [{"value": 22.550485610961914, "step": null, "ts": 1626166432.504013}]}, "version": 198}
{"obj": {"type": "LogFloats", "path": ["loss", "train_step"], "values": [{"value": 19.444644927978516, "step": null, "ts": 1626166432.5139973}]}, "version": 199}
{"obj": {"type": "LogFloats", "path": ["loss", "train_step"], "values": [{"value": 23.052228927612305, "step": null, "ts": 1626166432.5232532}]}, "version": 200}
{"obj": {"type": "LogFloats", "path": ["loss", "train_epoch"], "values": [{"value": 21.25565814971924, "step": null, "ts": 1626166432.5344923}]}, "version": 201}
{"obj": {"type": "LogFloats", "path": ["loss", "valid_step"], "values": [{"value": 16.666446685791016, "step": null, "ts": 1626166432.5989249}]}, "version": 202}
{"obj": {"type": "LogFloats", "path": ["loss", "valid_epoch"], "values": [{"value": 16.666446685791016, "step": null, "ts": 1626166432.6008666}]}, "version": 203}
{"obj": {"type": "LogStrings", "path": ["monitoring", "stdout"], "values": [{"value": "\r1 epoch, train_loss : 21.2557, val_loss : 25.0374 -> 16.6664\n", "step": null, "ts": 1626166432.6031272}]}, "version": 204}
{"obj": {"type": "LogStrings", "path": ["monitoring", "stdout"], "values": [{"value": "\n", "step": null, "ts": 1626166432.605507}]}, "version": 205}
{"obj": {"type": "LogFloats", "path": ["loss", "train_step"], "values": [{"value": 13.826831817626953, "step": null, "ts": 1626166432.626881}]}, "version": 206}
{"obj": {"type": "LogFloats", "path": ["loss", "train_step"], "values": [{"value": 16.941267013549805, "step": null, "ts": 1626166432.636882}]}, "version": 207}
{"obj": {"type": "LogFloats", "path": ["loss", "train_step"], "values": [{"value": 11.739154815673828, "step": null, "ts": 1626166432.64665}]}, "version": 208}
{"obj": {"type": "LogFloats", "path": ["loss", "train_step"], "values": [{"value": 12.942927360534668, "step": null, "ts": 1626166432.6560276}]}, "version": 209}
{"obj": {"type": "LogFloats", "path": ["loss", "train_step"], "values": [{"value": 12.574514389038086, "step": null, "ts": 1626166432.6661277}]}, "version": 210}
{"obj": {"type": "LogFloats", "path": ["loss", "train_step"], "values": [{"value": 13.687972068786621, "step": null, "ts": 1626166432.675516}]}, "version": 211}
{"obj": {"type": "LogFloats", "path": ["loss", "train_step"], "values": [{"value": 12.477291107177734, "step": null, "ts": 1626166432.6858232}]}, "version": 212}
{"obj": {"type": "LogFloats", "path": ["loss", "train_step"], "values": [{"value": 15.062929153442383, "step": null, "ts": 1626166432.6948123}]}, "version": 213}
{"obj": {"type": "LogFloats", "path": ["loss", "train_epoch"], "values": [{"value": 13.65661096572876, "step": null, "ts": 1626166432.707435}]}, "version": 214}
{"obj": {"type": "LogFloats", "path": ["loss", "valid_step"], "values": [{"value": 10.627411842346191, "step": null, "ts": 1626166432.7720876}]}, "version": 215}
{"obj": {"type": "LogFloats", "path": ["loss", "valid_epoch"], "values": [{"value": 10.627411842346191, "step": null, "ts": 1626166432.7747335}]}, "version": 216}
{"obj": {"type": "LogStrings", "path": ["monitoring", "stdout"], "values": [{"value": "\r2 epoch, train_loss : 13.6566, val_loss : 16.6664 -> 10.6274\n", "step": null, "ts": 1626166432.7769523}]}, "version": 217}
{"obj": {"type": "LogStrings", "path": ["monitoring", "stdout"], "values": [{"value": "\n", "step": null, "ts": 1626166432.7791522}]}, "version": 218}
{"obj": {"type": "LogFloats", "path": ["loss", "train_step"], "values": [{"value": 9.192584037780762, "step": null, "ts": 1626166432.797663}]}, "version": 219}
{"obj": {"type": "LogFloats", "path": ["loss", "train_step"], "values": [{"value": 10.382773399353027, "step": null, "ts": 1626166432.8081303}]}, "version": 220}
{"obj": {"type": "LogFloats", "path": ["loss", "train_step"], "values": [{"value": 7.6746110916137695, "step": null, "ts": 1626166432.8168743}]}, "version": 221}
{"obj": {"type": "LogFloats", "path": ["loss", "train_step"], "values": [{"value": 9.217787742614746, "step": null, "ts": 1626166432.8264413}]}, "version": 222}
{"obj": {"type": "LogFloats", "path": ["loss", "train_step"], "values": [{"value": 9.304990768432617, "step": null, "ts": 1626166432.8566194}]}, "version": 223}
{"obj": {"type": "LogFloats", "path": ["loss", "train_step"], "values": [{"value": 8.341591835021973, "step": null, "ts": 1626166432.868849}]}, "version": 224}
{"obj": {"type": "LogFloats", "path": ["loss", "train_step"], "values": [{"value": 9.319324493408203, "step": null, "ts": 1626166432.881905}]}, "version": 225}
{"obj": {"type": "LogFloats", "path": ["loss", "train_step"], "values": [{"value": 11.007739067077637, "step": null, "ts": 1626166432.8924994}]}, "version": 226}
{"obj": {"type": "LogFloats", "path": ["loss", "train_epoch"], "values": [{"value": 9.305175304412842, "step": null, "ts": 1626166432.904534}]}, "version": 227}
{"obj": {"type": "LogFloats", "path": ["loss", "valid_step"], "values": [{"value": 8.6254243850708, "step": null, "ts": 1626166432.9641683}]}, "version": 228}
{"obj": {"type": "LogFloats", "path": ["loss", "valid_epoch"], "values": [{"value": 8.6254243850708, "step": null, "ts": 1626166432.9662228}]}, "version": 229}
{"obj": {"type": "LogStrings", "path": ["monitoring", "stdout"], "values": [{"value": "\r3 epoch, train_loss : 9.3052, val_loss : 10.6274 -> 8.6254\n", "step": null, "ts": 1626166432.9680495}]}, "version": 230}
{"obj": {"type": "LogStrings", "path": ["monitoring", "stdout"], "values": [{"value": "\n", "step": null, "ts": 1626166432.9694471}]}, "version": 231}
{"obj": {"type": "LogFloats", "path": ["loss", "train_step"], "values": [{"value": 8.49142837524414, "step": null, "ts": 1626166432.9973269}]}, "version": 232}
{"obj": {"type": "LogFloats", "path": ["loss", "train_step"], "values": [{"value": 8.003868103027344, "step": null, "ts": 1626166433.0128822}]}, "version": 233}
{"obj": {"type": "LogFloats", "path": ["loss", "train_step"], "values": [{"value": 7.497620582580566, "step": null, "ts": 1626166433.0238101}]}, "version": 234}
{"obj": {"type": "LogFloats", "path": ["loss", "train_step"], "values": [{"value": 9.266054153442383, "step": null, "ts": 1626166433.0344875}]}, "version": 235}
{"obj": {"type": "LogFloats", "path": ["loss", "train_step"], "values": [{"value": 9.626943588256836, "step": null, "ts": 1626166433.0453484}]}, "version": 236}
{"obj": {"type": "LogFloats", "path": ["loss", "train_step"], "values": [{"value": 7.012845993041992, "step": null, "ts": 1626166433.0556643}]}, "version": 237}
{"obj": {"type": "LogFloats", "path": ["loss", "train_step"], "values": [{"value": 9.40278434753418, "step": null, "ts": 1626166433.0659876}]}, "version": 238}
{"obj": {"type": "LogFloats", "path": ["loss", "train_step"], "values": [{"value": 10.38901138305664, "step": null, "ts": 1626166433.076008}]}, "version": 239}
{"obj": {"type": "LogFloats", "path": ["loss", "train_epoch"], "values": [{"value": 8.71131956577301, "step": null, "ts": 1626166433.0865018}]}, "version": 240}
{"obj": {"type": "LogFloats", "path": ["loss", "valid_step"], "values": [{"value": 9.030756950378418, "step": null, "ts": 1626166433.1456075}]}, "version": 241}
{"obj": {"type": "LogFloats", "path": ["loss", "valid_epoch"], "values": [{"value": 9.030756950378418, "step": null, "ts": 1626166433.147907}]}, "version": 242}
{"obj": {"type": "LogStrings", "path": ["monitoring", "stdout"], "values": [{"value": "\r4 epoch, train_loss : 8.7113, val_loss : 8.6254 -> 9.0308\n", "step": null, "ts": 1626166433.1499827}]}, "version": 243}
{"obj": {"type": "LogStrings", "path": ["monitoring", "stdout"], "values": [{"value": "\n", "step": null, "ts": 1626166433.1516085}]}, "version": 244}
{"obj": {"type": "LogFloats", "path": ["monitoring", "cpu"], "values": [{"value": 15.7, "step": null, "ts": 1626166441.5908256}]}, "version": 245}
{"obj": {"type": "LogFloats", "path": ["monitoring", "memory"], "values": [{"value": 20.264751434326172, "step": null, "ts": 1626166441.5908256}]}, "version": 246}
{"obj": {"type": "LogFloats", "path": ["monitoring", "gpu"], "values": [{"value": 8.0, "step": null, "ts": 1626166441.5908256}]}, "version": 247}
{"obj": {"type": "LogFloats", "path": ["monitoring", "gpu_memory"], "values": [{"value": 2.67108154296875, "step": null, "ts": 1626166441.5908256}]}, "version": 248}
{"obj": {"type": "LogFloats", "path": ["monitoring", "cpu"], "values": [{"value": 14.0, "step": null, "ts": 1626166451.5933263}]}, "version": 249}
{"obj": {"type": "LogFloats", "path": ["monitoring", "memory"], "values": [{"value": 20.238780975341797, "step": null, "ts": 1626166451.5933263}]}, "version": 250}
{"obj": {"type": "LogFloats", "path": ["monitoring", "gpu"], "values": [{"value": 9.0, "step": null, "ts": 1626166451.5933263}]}, "version": 251}
{"obj": {"type": "LogFloats", "path": ["monitoring", "gpu_memory"], "values": [{"value": 2.661376953125, "step": null, "ts": 1626166451.5933263}]}, "version": 252}
{"obj": {"type": "LogFloats", "path": ["monitoring", "cpu"], "values": [{"value": 17.0, "step": null, "ts": 1626166461.595712}]}, "version": 253}
{"obj": {"type": "LogFloats", "path": ["monitoring", "memory"], "values": [{"value": 20.30599594116211, "step": null, "ts": 1626166461.595712}]}, "version": 254}
{"obj": {"type": "LogFloats", "path": ["monitoring", "gpu"], "values": [{"value": 32.0, "step": null, "ts": 1626166461.595712}]}, "version": 255}
{"obj": {"type": "LogFloats", "path": ["monitoring", "gpu_memory"], "values": [{"value": 2.66680908203125, "step": null, "ts": 1626166461.595712}]}, "version": 256}
{"obj": {"type": "LogFloats", "path": ["monitoring", "cpu"], "values": [{"value": 26.0, "step": null, "ts": 1626166471.597514}]}, "version": 257}
{"obj": {"type": "LogFloats", "path": ["monitoring", "memory"], "values": [{"value": 20.301456451416016, "step": null, "ts": 1626166471.597514}]}, "version": 258}
{"obj": {"type": "LogFloats", "path": ["monitoring", "gpu"], "values": [{"value": 19.0, "step": null, "ts": 1626166471.597514}]}, "version": 259}
{"obj": {"type": "LogFloats", "path": ["monitoring", "gpu_memory"], "values": [{"value": 2.708251953125, "step": null, "ts": 1626166471.597514}]}, "version": 260}
{"obj": {"type": "LogStrings", "path": ["monitoring", "stdout"], "values": [{"value": "b''", "step": null, "ts": 1626166477.6712687}]}, "version": 261}
{"obj": {"type": "LogStrings", "path": ["monitoring", "stdout"], "values": [{"value": "b'https://app.neptune.ai/sangyeop-kim/sample/e/SAM-103\\n'", "step": null, "ts": 1626166477.6770544}]}, "version": 262}
{"obj": {"type": "LogStrings", "path": ["monitoring", "stdout"], "values": [{"value": "b'Remember to stop your run once you\\xe2\\x80\\x99ve finished logging your metadata (https://docs.neptune.ai/api-reference/run#stop). It will be stopped automatically only when the notebook kernel/interactive console is terminated.\\n'", "step": null, "ts": 1626166477.6808412}]}, "version": 263}
{"obj": {"type": "LogStrings", "path": ["monitoring", "stdout"], "values": [{"value": "0 epoch, train_loss : 32.8333, val_loss : 28.7792", "step": null, "ts": 1626166478.7510333}]}, "version": 264}
{"obj": {"type": "LogStrings", "path": ["monitoring", "stdout"], "values": [{"value": "\n", "step": null, "ts": 1626166478.7526498}]}, "version": 265}
{"obj": {"type": "LogStrings", "path": ["monitoring", "stdout"], "values": [{"value": "\n", "step": null, "ts": 1626166478.7552488}]}, "version": 266}
{"obj": {"type": "LogStrings", "path": ["monitoring", "stdout"], "values": [{"value": "\r1 epoch, train_loss : 25.6945, val_loss : 28.7792 -> 21.5535\n", "step": null, "ts": 1626166478.9070249}]}, "version": 267}
{"obj": {"type": "LogStrings", "path": ["monitoring", "stdout"], "values": [{"value": "\n", "step": null, "ts": 1626166478.9093332}]}, "version": 268}
{"obj": {"type": "LogStrings", "path": ["monitoring", "stdout"], "values": [{"value": "\r2 epoch, train_loss : 18.9412, val_loss : 21.5535 -> 14.8210\n", "step": null, "ts": 1626166479.085689}]}, "version": 269}
{"obj": {"type": "LogStrings", "path": ["monitoring", "stdout"], "values": [{"value": "\n", "step": null, "ts": 1626166479.0875056}]}, "version": 270}
{"obj": {"type": "LogStrings", "path": ["monitoring", "stdout"], "values": [{"value": "\r3 epoch, train_loss : 12.4431, val_loss : 14.8210 -> 10.1951\n", "step": null, "ts": 1626166479.2393405}]}, "version": 271}
{"obj": {"type": "LogStrings", "path": ["monitoring", "stdout"], "values": [{"value": "\n", "step": null, "ts": 1626166479.2417512}]}, "version": 272}
{"obj": {"type": "LogStrings", "path": ["monitoring", "stdout"], "values": [{"value": "\r4 epoch, train_loss : 9.3098, val_loss : 10.1951 -> 8.6922\n", "step": null, "ts": 1626166479.3902}]}, "version": 273}
{"obj": {"type": "LogStrings", "path": ["monitoring", "stdout"], "values": [{"value": "\n", "step": null, "ts": 1626166479.3918223}]}, "version": 274}
{"obj": {"type": "LogFloats", "path": ["monitoring", "cpu"], "values": [{"value": 16.2, "step": null, "ts": 1626166481.5996614}]}, "version": 275}
{"obj": {"type": "LogFloats", "path": ["monitoring", "memory"], "values": [{"value": 20.280517578125, "step": null, "ts": 1626166481.5996614}]}, "version": 276}
{"obj": {"type": "LogFloats", "path": ["monitoring", "gpu"], "values": [{"value": 10.0, "step": null, "ts": 1626166481.5996614}]}, "version": 277}
{"obj": {"type": "LogFloats", "path": ["monitoring", "gpu_memory"], "values": [{"value": 2.68212890625, "step": null, "ts": 1626166481.5996614}]}, "version": 278}
{"obj": {"type": "LogFloats", "path": ["monitoring", "cpu"], "values": [{"value": 12.5, "step": null, "ts": 1626166491.601996}]}, "version": 279}
{"obj": {"type": "LogFloats", "path": ["monitoring", "memory"], "values": [{"value": 20.261226654052734, "step": null, "ts": 1626166491.601996}]}, "version": 280}
{"obj": {"type": "LogFloats", "path": ["monitoring", "gpu"], "values": [{"value": 5.0, "step": null, "ts": 1626166491.601996}]}, "version": 281}
{"obj": {"type": "LogFloats", "path": ["monitoring", "gpu_memory"], "values": [{"value": 2.70452880859375, "step": null, "ts": 1626166491.601996}]}, "version": 282}
{"obj": {"type": "LogFloats", "path": ["monitoring", "cpu"], "values": [{"value": 15.3, "step": null, "ts": 1626166501.6044297}]}, "version": 283}
{"obj": {"type": "LogFloats", "path": ["monitoring", "memory"], "values": [{"value": 20.26360321044922, "step": null, "ts": 1626166501.6044297}]}, "version": 284}
{"obj": {"type": "LogFloats", "path": ["monitoring", "gpu"], "values": [{"value": 28.0, "step": null, "ts": 1626166501.6044297}]}, "version": 285}
{"obj": {"type": "LogFloats", "path": ["monitoring", "gpu_memory"], "values": [{"value": 2.69464111328125, "step": null, "ts": 1626166501.6044297}]}, "version": 286}
{"obj": {"type": "LogFloats", "path": ["monitoring", "cpu"], "values": [{"value": 15.8, "step": null, "ts": 1626166511.607616}]}, "version": 287}
{"obj": {"type": "LogFloats", "path": ["monitoring", "memory"], "values": [{"value": 20.303241729736328, "step": null, "ts": 1626166511.607616}]}, "version": 288}
{"obj": {"type": "LogFloats", "path": ["monitoring", "gpu"], "values": [{"value": 6.0, "step": null, "ts": 1626166511.607616}]}, "version": 289}
{"obj": {"type": "LogFloats", "path": ["monitoring", "gpu_memory"], "values": [{"value": 2.71612548828125, "step": null, "ts": 1626166511.607616}]}, "version": 290}
{"obj": {"type": "LogFloats", "path": ["monitoring", "cpu"], "values": [{"value": 10.5, "step": null, "ts": 1626166521.6105552}]}, "version": 291}
{"obj": {"type": "LogFloats", "path": ["monitoring", "memory"], "values": [{"value": 20.236488342285156, "step": null, "ts": 1626166521.6105552}]}, "version": 292}
{"obj": {"type": "LogFloats", "path": ["monitoring", "gpu"], "values": [{"value": 5.0, "step": null, "ts": 1626166521.6105552}]}, "version": 293}
{"obj": {"type": "LogFloats", "path": ["monitoring", "gpu_memory"], "values": [{"value": 2.69488525390625, "step": null, "ts": 1626166521.6105552}]}, "version": 294}
{"obj": {"type": "LogFloats", "path": ["monitoring", "cpu"], "values": [{"value": 10.7, "step": null, "ts": 1626166531.613556}]}, "version": 295}
{"obj": {"type": "LogFloats", "path": ["monitoring", "memory"], "values": [{"value": 20.219417572021484, "step": null, "ts": 1626166531.613556}]}, "version": 296}
{"obj": {"type": "LogFloats", "path": ["monitoring", "gpu"], "values": [{"value": 5.0, "step": null, "ts": 1626166531.613556}]}, "version": 297}
{"obj": {"type": "LogFloats", "path": ["monitoring", "gpu_memory"], "values": [{"value": 2.69488525390625, "step": null, "ts": 1626166531.613556}]}, "version": 298}
{"obj": {"type": "LogFloats", "path": ["monitoring", "cpu"], "values": [{"value": 11.9, "step": null, "ts": 1626166541.6160164}]}, "version": 299}
{"obj": {"type": "LogFloats", "path": ["monitoring", "memory"], "values": [{"value": 20.209991455078125, "step": null, "ts": 1626166541.6160164}]}, "version": 300}
{"obj": {"type": "LogFloats", "path": ["monitoring", "gpu"], "values": [{"value": 5.0, "step": null, "ts": 1626166541.6160164}]}, "version": 301}
{"obj": {"type": "LogFloats", "path": ["monitoring", "gpu_memory"], "values": [{"value": 2.69793701171875, "step": null, "ts": 1626166541.6160164}]}, "version": 302}
{"obj": {"type": "LogFloats", "path": ["monitoring", "cpu"], "values": [{"value": 16.5, "step": null, "ts": 1626166551.6180794}]}, "version": 303}
{"obj": {"type": "LogFloats", "path": ["monitoring", "memory"], "values": [{"value": 20.215221405029297, "step": null, "ts": 1626166551.6180794}]}, "version": 304}
{"obj": {"type": "LogFloats", "path": ["monitoring", "gpu"], "values": [{"value": 6.0, "step": null, "ts": 1626166551.6180794}]}, "version": 305}
{"obj": {"type": "LogFloats", "path": ["monitoring", "gpu_memory"], "values": [{"value": 2.69537353515625, "step": null, "ts": 1626166551.6180794}]}, "version": 306}
{"obj": {"type": "LogFloats", "path": ["monitoring", "cpu"], "values": [{"value": 15.2, "step": null, "ts": 1626166561.62069}]}, "version": 307}
{"obj": {"type": "LogFloats", "path": ["monitoring", "memory"], "values": [{"value": 20.246639251708984, "step": null, "ts": 1626166561.62069}]}, "version": 308}
{"obj": {"type": "LogFloats", "path": ["monitoring", "gpu"], "values": [{"value": 7.0, "step": null, "ts": 1626166561.62069}]}, "version": 309}
{"obj": {"type": "LogFloats", "path": ["monitoring", "gpu_memory"], "values": [{"value": 2.756103515625, "step": null, "ts": 1626166561.62069}]}, "version": 310}
{"obj": {"type": "LogFloats", "path": ["monitoring", "cpu"], "values": [{"value": 12.0, "step": null, "ts": 1626166571.6230564}]}, "version": 311}
{"obj": {"type": "LogFloats", "path": ["monitoring", "memory"], "values": [{"value": 20.21451187133789, "step": null, "ts": 1626166571.6230564}]}, "version": 312}
{"obj": {"type": "LogFloats", "path": ["monitoring", "gpu"], "values": [{"value": 4.0, "step": null, "ts": 1626166571.6230564}]}, "version": 313}
{"obj": {"type": "LogFloats", "path": ["monitoring", "gpu_memory"], "values": [{"value": 2.705810546875, "step": null, "ts": 1626166571.6230564}]}, "version": 314}
{"obj": {"type": "LogFloats", "path": ["monitoring", "cpu"], "values": [{"value": 27.0, "step": null, "ts": 1626166581.6256235}]}, "version": 315}
{"obj": {"type": "LogFloats", "path": ["monitoring", "memory"], "values": [{"value": 20.228424072265625, "step": null, "ts": 1626166581.6256235}]}, "version": 316}
{"obj": {"type": "LogFloats", "path": ["monitoring", "gpu"], "values": [{"value": 11.0, "step": null, "ts": 1626166581.6256235}]}, "version": 317}
{"obj": {"type": "LogFloats", "path": ["monitoring", "gpu_memory"], "values": [{"value": 2.7103271484375, "step": null, "ts": 1626166581.6256235}]}, "version": 318}
{"obj": {"type": "LogFloats", "path": ["monitoring", "cpu"], "values": [{"value": 58.5, "step": null, "ts": 1626166591.630272}]}, "version": 319}
{"obj": {"type": "LogFloats", "path": ["monitoring", "memory"], "values": [{"value": 20.26654815673828, "step": null, "ts": 1626166591.630272}]}, "version": 320}
{"obj": {"type": "LogFloats", "path": ["monitoring", "gpu"], "values": [{"value": 10.0, "step": null, "ts": 1626166591.630272}]}, "version": 321}
{"obj": {"type": "LogFloats", "path": ["monitoring", "gpu_memory"], "values": [{"value": 2.7159423828125, "step": null, "ts": 1626166591.630272}]}, "version": 322}
{"obj": {"type": "LogFloats", "path": ["monitoring", "cpu"], "values": [{"value": 39.5, "step": null, "ts": 1626166601.632454}]}, "version": 323}
{"obj": {"type": "LogFloats", "path": ["monitoring", "memory"], "values": [{"value": 20.344573974609375, "step": null, "ts": 1626166601.632454}]}, "version": 324}
{"obj": {"type": "LogFloats", "path": ["monitoring", "gpu"], "values": [{"value": 14.0, "step": null, "ts": 1626166601.632454}]}, "version": 325}
{"obj": {"type": "LogFloats", "path": ["monitoring", "gpu_memory"], "values": [{"value": 2.73065185546875, "step": null, "ts": 1626166601.632454}]}, "version": 326}
{"obj": {"type": "LogFloats", "path": ["monitoring", "cpu"], "values": [{"value": 19.3, "step": null, "ts": 1626166611.6343434}]}, "version": 327}
{"obj": {"type": "LogFloats", "path": ["monitoring", "memory"], "values": [{"value": 20.370319366455078, "step": null, "ts": 1626166611.6343434}]}, "version": 328}
{"obj": {"type": "LogFloats", "path": ["monitoring", "gpu"], "values": [{"value": 21.0, "step": null, "ts": 1626166611.6343434}]}, "version": 329}
{"obj": {"type": "LogFloats", "path": ["monitoring", "gpu_memory"], "values": [{"value": 2.75457763671875, "step": null, "ts": 1626166611.6343434}]}, "version": 330}
{"obj": {"type": "LogStrings", "path": ["monitoring", "stdout"], "values": [{"value": "b'Shutting down background jobs, please wait a moment...\\n'", "step": null, "ts": 1626166614.480151}]}, "version": 331}
{"obj": {"type": "LogStrings", "path": ["monitoring", "stdout"], "values": [{"value": "b'Done!\\n'", "step": null, "ts": 1626166614.7613297}]}, "version": 332}
{"obj": {"type": "LogStrings", "path": ["monitoring", "stderr"], "values": [{"value": "Waiting for the remaining 1 operations to synchronize with Neptune. Do not kill this process.\n", "step": null, "ts": 1626166614.76859}]}, "version": 333}
{"obj": {"type": "LogStrings", "path": ["monitoring", "stdout"], "values": [{"value": "b'All 1 operations synced, thanks for waiting!\\n'", "step": null, "ts": 1626166615.1401079}]}, "version": 334}
{"obj": {"type": "LogStrings", "path": ["monitoring", "stdout"], "values": [{"value": "b'Shutting down background jobs, please wait a moment...\\n'", "step": null, "ts": 1626166615.1447835}]}, "version": 335}
