{"obj": {"type": "AssignString", "path": ["sys", "name"], "value": "one-ratio"}, "version": 1}
{"obj": {"type": "AssignString", "path": ["sys", "description"], "value": ""}, "version": 2}
{"obj": {"type": "AssignString", "path": ["sys", "hostname"], "value": "rtm-desktop"}, "version": 3}
{"obj": {"type": "AssignBool", "path": ["sys", "failed"], "value": false}, "version": 4}
{"obj": {"type": "ClearStringLog", "path": ["monitoring", "stdout"]}, "version": 5}
{"obj": {"type": "ClearStringLog", "path": ["monitoring", "stderr"]}, "version": 6}
{"obj": {"type": "UploadFileSet", "path": ["source_code", "files"], "file_globs": ["/home/rtm/Dropbox/GIT/MLOps/**/*.py", "/home/rtm/Dropbox/GIT/MLOps/*.ipynb"], "reset": "False"}, "version": 7}
{"obj": {"type": "ConfigFloatSeries", "path": ["monitoring", "cpu"], "min": 0.0, "max": 100.0, "unit": "%"}, "version": 8}
{"obj": {"type": "ClearFloatLog", "path": ["monitoring", "cpu"]}, "version": 9}
{"obj": {"type": "ConfigFloatSeries", "path": ["monitoring", "memory"], "min": 0.0, "max": 125.65727615356445, "unit": "GB"}, "version": 10}
{"obj": {"type": "ClearFloatLog", "path": ["monitoring", "memory"]}, "version": 11}
{"obj": {"type": "ConfigFloatSeries", "path": ["monitoring", "gpu"], "min": 0.0, "max": 100.0, "unit": "%"}, "version": 12}
{"obj": {"type": "ClearFloatLog", "path": ["monitoring", "gpu"]}, "version": 13}
{"obj": {"type": "ConfigFloatSeries", "path": ["monitoring", "gpu_memory"], "min": 0.0, "max": 10.91522216796875, "unit": "GB"}, "version": 14}
{"obj": {"type": "ClearFloatLog", "path": ["monitoring", "gpu_memory"]}, "version": 15}
{"obj": {"type": "LogStrings", "path": ["monitoring", "stdout"], "values": [{"value": "b''", "step": null, "ts": 1626167050.864241}]}, "version": 16}
{"obj": {"type": "LogFloats", "path": ["monitoring", "cpu"], "values": [{"value": 19.3, "step": null, "ts": 1626167050.85636}]}, "version": 17}
{"obj": {"type": "LogStrings", "path": ["monitoring", "stdout"], "values": [{"value": "b'https://app.neptune.ai/sangyeop-kim/sample/e/SAM-105\\n'", "step": null, "ts": 1626167050.8658378}]}, "version": 18}
{"obj": {"type": "LogFloats", "path": ["monitoring", "memory"], "values": [{"value": 18.96044158935547, "step": null, "ts": 1626167050.85636}]}, "version": 19}
{"obj": {"type": "LogFloats", "path": ["monitoring", "gpu"], "values": [{"value": 26.0, "step": null, "ts": 1626167050.85636}]}, "version": 20}
{"obj": {"type": "LogFloats", "path": ["monitoring", "gpu_memory"], "values": [{"value": 1.9781494140625, "step": null, "ts": 1626167050.85636}]}, "version": 21}
{"obj": {"type": "LogStrings", "path": ["monitoring", "stdout"], "values": [{"value": "b'Remember to stop your run once you\\xe2\\x80\\x99ve finished logging your metadata (https://docs.neptune.ai/api-reference/run#stop). It will be stopped automatically only when the notebook kernel/interactive console is terminated.\\n'", "step": null, "ts": 1626167050.8695707}]}, "version": 22}
{"obj": {"type": "AssignInt", "path": ["changed_hyperparameter", "gpus"], "value": 1}, "version": 23}
{"obj": {"type": "AssignInt", "path": ["changed_hyperparameter", "max_epochs"], "value": 5}, "version": 24}
{"obj": {"type": "AssignString", "path": ["changed_hyperparameter", "scheduler"], "value": "StepLR"}, "version": 25}
{"obj": {"type": "AssignInt", "path": ["changed_hyperparameter", "StepLR", "step_size"], "value": 10}, "version": 26}
{"obj": {"type": "AssignFloat", "path": ["changed_hyperparameter", "StepLR", "gamma"], "value": 0.1}, "version": 27}
{"obj": {"type": "AssignInt", "path": ["changed_hyperparameter", "train_batch_size"], "value": 64}, "version": 28}
{"obj": {"type": "AssignString", "path": ["changed_hyperparameter", "loss"], "value": "MSE"}, "version": 29}
{"obj": {"type": "AssignFloat", "path": ["changed_hyperparameter", "validation_ratio"], "value": 0.2}, "version": 30}
{"obj": {"type": "AssignString", "path": ["changed_hyperparameter", "neptune_workspace"], "value": "sangyeop-kim"}, "version": 31}
{"obj": {"type": "AssignString", "path": ["changed_hyperparameter", "neptune_project"], "value": "sample"}, "version": 32}
{"obj": {"type": "AssignString", "path": ["changed_hyperparameter", "name"], "value": "one-ratio"}, "version": 33}
{"obj": {"type": "AssignBool", "path": ["default_hyperparameter", "logger"], "value": true}, "version": 34}
{"obj": {"type": "AssignBool", "path": ["default_hyperparameter", "checkpoint_callback"], "value": true}, "version": 35}
{"obj": {"type": "AssignString", "path": ["default_hyperparameter", "callbacks"], "value": "None"}, "version": 36}
{"obj": {"type": "AssignString", "path": ["default_hyperparameter", "default_root_dir"], "value": "None"}, "version": 37}
{"obj": {"type": "AssignFloat", "path": ["default_hyperparameter", "gradient_clip_val"], "value": 0.0}, "version": 38}
{"obj": {"type": "AssignString", "path": ["default_hyperparameter", "gradient_clip_algorithm"], "value": "norm"}, "version": 39}
{"obj": {"type": "AssignInt", "path": ["default_hyperparameter", "process_position"], "value": 0}, "version": 40}
{"obj": {"type": "AssignInt", "path": ["default_hyperparameter", "num_nodes"], "value": 1}, "version": 41}
{"obj": {"type": "AssignInt", "path": ["default_hyperparameter", "num_processes"], "value": 1}, "version": 42}
{"obj": {"type": "AssignBool", "path": ["default_hyperparameter", "auto_select_gpus"], "value": false}, "version": 43}
{"obj": {"type": "AssignString", "path": ["default_hyperparameter", "tpu_cores"], "value": "None"}, "version": 44}
{"obj": {"type": "AssignString", "path": ["default_hyperparameter", "log_gpu_memory"], "value": "None"}, "version": 45}
{"obj": {"type": "AssignString", "path": ["default_hyperparameter", "progress_bar_refresh_rate"], "value": "None"}, "version": 46}
{"obj": {"type": "AssignFloat", "path": ["default_hyperparameter", "overfit_batches"], "value": 0.0}, "version": 47}
{"obj": {"type": "AssignInt", "path": ["default_hyperparameter", "track_grad_norm"], "value": -1}, "version": 48}
{"obj": {"type": "AssignInt", "path": ["default_hyperparameter", "check_val_every_n_epoch"], "value": 1}, "version": 49}
{"obj": {"type": "AssignBool", "path": ["default_hyperparameter", "fast_dev_run"], "value": false}, "version": 50}
{"obj": {"type": "AssignInt", "path": ["default_hyperparameter", "accumulate_grad_batches"], "value": 1}, "version": 51}
{"obj": {"type": "AssignString", "path": ["default_hyperparameter", "min_epochs"], "value": "None"}, "version": 52}
{"obj": {"type": "AssignString", "path": ["default_hyperparameter", "max_steps"], "value": "None"}, "version": 53}
{"obj": {"type": "AssignString", "path": ["default_hyperparameter", "min_steps"], "value": "None"}, "version": 54}
{"obj": {"type": "AssignString", "path": ["default_hyperparameter", "max_time"], "value": "None"}, "version": 55}
{"obj": {"type": "AssignFloat", "path": ["default_hyperparameter", "limit_train_batches"], "value": 1.0}, "version": 56}
{"obj": {"type": "AssignFloat", "path": ["default_hyperparameter", "limit_val_batches"], "value": 1.0}, "version": 57}
{"obj": {"type": "AssignFloat", "path": ["default_hyperparameter", "limit_test_batches"], "value": 1.0}, "version": 58}
{"obj": {"type": "AssignFloat", "path": ["default_hyperparameter", "limit_predict_batches"], "value": 1.0}, "version": 59}
{"obj": {"type": "AssignFloat", "path": ["default_hyperparameter", "val_check_interval"], "value": 1.0}, "version": 60}
{"obj": {"type": "AssignInt", "path": ["default_hyperparameter", "flush_logs_every_n_steps"], "value": 100}, "version": 61}
{"obj": {"type": "AssignInt", "path": ["default_hyperparameter", "log_every_n_steps"], "value": 50}, "version": 62}
{"obj": {"type": "AssignString", "path": ["default_hyperparameter", "accelerator"], "value": "None"}, "version": 63}
{"obj": {"type": "AssignBool", "path": ["default_hyperparameter", "sync_batchnorm"], "value": false}, "version": 64}
{"obj": {"type": "AssignInt", "path": ["default_hyperparameter", "precision"], "value": 32}, "version": 65}
{"obj": {"type": "AssignString", "path": ["default_hyperparameter", "weights_summary"], "value": "top"}, "version": 66}
{"obj": {"type": "AssignString", "path": ["default_hyperparameter", "weights_save_path"], "value": "None"}, "version": 67}
{"obj": {"type": "AssignInt", "path": ["default_hyperparameter", "num_sanity_val_steps"], "value": 2}, "version": 68}
{"obj": {"type": "AssignString", "path": ["default_hyperparameter", "truncated_bptt_steps"], "value": "None"}, "version": 69}
{"obj": {"type": "AssignString", "path": ["default_hyperparameter", "resume_from_checkpoint"], "value": "None"}, "version": 70}
{"obj": {"type": "AssignString", "path": ["default_hyperparameter", "profiler"], "value": "None"}, "version": 71}
{"obj": {"type": "AssignBool", "path": ["default_hyperparameter", "benchmark"], "value": false}, "version": 72}
{"obj": {"type": "AssignBool", "path": ["default_hyperparameter", "deterministic"], "value": false}, "version": 73}
{"obj": {"type": "AssignBool", "path": ["default_hyperparameter", "reload_dataloaders_every_epoch"], "value": false}, "version": 74}
{"obj": {"type": "AssignBool", "path": ["default_hyperparameter", "auto_lr_find"], "value": false}, "version": 75}
{"obj": {"type": "AssignBool", "path": ["default_hyperparameter", "replace_sampler_ddp"], "value": true}, "version": 76}
{"obj": {"type": "AssignBool", "path": ["default_hyperparameter", "terminate_on_nan"], "value": false}, "version": 77}
{"obj": {"type": "AssignBool", "path": ["default_hyperparameter", "auto_scale_batch_size"], "value": false}, "version": 78}
{"obj": {"type": "AssignBool", "path": ["default_hyperparameter", "prepare_data_per_node"], "value": true}, "version": 79}
{"obj": {"type": "AssignString", "path": ["default_hyperparameter", "plugins"], "value": "None"}, "version": 80}
{"obj": {"type": "AssignString", "path": ["default_hyperparameter", "amp_backend"], "value": "native"}, "version": 81}
{"obj": {"type": "AssignString", "path": ["default_hyperparameter", "amp_level"], "value": "O2"}, "version": 82}
{"obj": {"type": "AssignString", "path": ["default_hyperparameter", "distributed_backend"], "value": "None"}, "version": 83}
{"obj": {"type": "AssignBool", "path": ["default_hyperparameter", "move_metrics_to_cpu"], "value": false}, "version": 84}
{"obj": {"type": "AssignString", "path": ["default_hyperparameter", "multiple_trainloader_mode"], "value": "max_size_cycle"}, "version": 85}
{"obj": {"type": "AssignBool", "path": ["default_hyperparameter", "stochastic_weight_avg"], "value": false}, "version": 86}
{"obj": {"type": "AssignString", "path": ["default_hyperparameter", "optimizer"], "value": "Adam"}, "version": 87}
{"obj": {"type": "AssignFloat", "path": ["default_hyperparameter", "Adadelta", "lr"], "value": 1.0}, "version": 88}
{"obj": {"type": "AssignFloat", "path": ["default_hyperparameter", "Adadelta", "rho"], "value": 0.9}, "version": 89}
{"obj": {"type": "AssignFloat", "path": ["default_hyperparameter", "Adadelta", "eps"], "value": 1e-06}, "version": 90}
{"obj": {"type": "AssignInt", "path": ["default_hyperparameter", "Adadelta", "weight_decay"], "value": 0}, "version": 91}
{"obj": {"type": "AssignFloat", "path": ["default_hyperparameter", "Adagrad", "lr"], "value": 0.01}, "version": 92}
{"obj": {"type": "AssignInt", "path": ["default_hyperparameter", "Adagrad", "lr_decay"], "value": 0}, "version": 93}
{"obj": {"type": "AssignInt", "path": ["default_hyperparameter", "Adagrad", "weight_decay"], "value": 0}, "version": 94}
{"obj": {"type": "AssignInt", "path": ["default_hyperparameter", "Adagrad", "initial_accumulator_value"], "value": 0}, "version": 95}
{"obj": {"type": "AssignFloat", "path": ["default_hyperparameter", "Adagrad", "eps"], "value": 1e-10}, "version": 96}
{"obj": {"type": "AssignFloat", "path": ["default_hyperparameter", "Adam", "lr"], "value": 0.001}, "version": 97}
{"obj": {"type": "AssignString", "path": ["default_hyperparameter", "Adam", "betas"], "value": "(0.9, 0.999)"}, "version": 98}
{"obj": {"type": "AssignFloat", "path": ["default_hyperparameter", "Adam", "eps"], "value": 1e-08}, "version": 99}
{"obj": {"type": "AssignInt", "path": ["default_hyperparameter", "Adam", "weight_decay"], "value": 0}, "version": 100}
{"obj": {"type": "AssignBool", "path": ["default_hyperparameter", "Adam", "amsgrad"], "value": false}, "version": 101}
{"obj": {"type": "AssignFloat", "path": ["default_hyperparameter", "AdamW", "lr"], "value": 0.001}, "version": 102}
{"obj": {"type": "AssignString", "path": ["default_hyperparameter", "AdamW", "betas"], "value": "(0.9, 0.999)"}, "version": 103}
{"obj": {"type": "AssignFloat", "path": ["default_hyperparameter", "AdamW", "eps"], "value": 1e-08}, "version": 104}
{"obj": {"type": "AssignFloat", "path": ["default_hyperparameter", "AdamW", "weight_decay"], "value": 0.01}, "version": 105}
{"obj": {"type": "AssignBool", "path": ["default_hyperparameter", "AdamW", "amsgrad"], "value": false}, "version": 106}
{"obj": {"type": "AssignFloat", "path": ["default_hyperparameter", "SparseAdam", "lr"], "value": 0.001}, "version": 107}
{"obj": {"type": "AssignString", "path": ["default_hyperparameter", "SparseAdam", "betas"], "value": "(0.9, 0.999)"}, "version": 108}
{"obj": {"type": "AssignFloat", "path": ["default_hyperparameter", "SparseAdam", "eps"], "value": 1e-08}, "version": 109}
{"obj": {"type": "AssignFloat", "path": ["default_hyperparameter", "Adamax", "lr"], "value": 0.002}, "version": 110}
{"obj": {"type": "AssignString", "path": ["default_hyperparameter", "Adamax", "betas"], "value": "(0.9, 0.999)"}, "version": 111}
{"obj": {"type": "AssignFloat", "path": ["default_hyperparameter", "Adamax", "eps"], "value": 1e-08}, "version": 112}
{"obj": {"type": "AssignInt", "path": ["default_hyperparameter", "Adamax", "weight_decay"], "value": 0}, "version": 113}
{"obj": {"type": "AssignFloat", "path": ["default_hyperparameter", "ASGD", "lr"], "value": 0.01}, "version": 114}
{"obj": {"type": "AssignFloat", "path": ["default_hyperparameter", "ASGD", "lambd"], "value": 0.0001}, "version": 115}
{"obj": {"type": "AssignFloat", "path": ["default_hyperparameter", "ASGD", "alpha"], "value": 0.75}, "version": 116}
{"obj": {"type": "AssignFloat", "path": ["default_hyperparameter", "ASGD", "t0"], "value": 1000000.0}, "version": 117}
{"obj": {"type": "AssignInt", "path": ["default_hyperparameter", "ASGD", "weight_decay"], "value": 0}, "version": 118}
{"obj": {"type": "AssignInt", "path": ["default_hyperparameter", "LBFGS", "lr"], "value": 1}, "version": 119}
{"obj": {"type": "AssignInt", "path": ["default_hyperparameter", "LBFGS", "max_iter"], "value": 20}, "version": 120}
{"obj": {"type": "AssignString", "path": ["default_hyperparameter", "LBFGS", "max_eval"], "value": "None"}, "version": 121}
{"obj": {"type": "AssignFloat", "path": ["default_hyperparameter", "LBFGS", "tolerance_grad"], "value": 1e-07}, "version": 122}
{"obj": {"type": "AssignFloat", "path": ["default_hyperparameter", "LBFGS", "tolerance_change"], "value": 1e-09}, "version": 123}
{"obj": {"type": "AssignInt", "path": ["default_hyperparameter", "LBFGS", "history_size"], "value": 100}, "version": 124}
{"obj": {"type": "AssignString", "path": ["default_hyperparameter", "LBFGS", "line_search_fn"], "value": "None"}, "version": 125}
{"obj": {"type": "AssignFloat", "path": ["default_hyperparameter", "RMSprop", "lr"], "value": 0.01}, "version": 126}
{"obj": {"type": "AssignFloat", "path": ["default_hyperparameter", "RMSprop", "alpha"], "value": 0.99}, "version": 127}
{"obj": {"type": "AssignFloat", "path": ["default_hyperparameter", "RMSprop", "eps"], "value": 1e-08}, "version": 128}
{"obj": {"type": "AssignInt", "path": ["default_hyperparameter", "RMSprop", "weight_decay"], "value": 0}, "version": 129}
{"obj": {"type": "AssignInt", "path": ["default_hyperparameter", "RMSprop", "momentum"], "value": 0}, "version": 130}
{"obj": {"type": "AssignBool", "path": ["default_hyperparameter", "RMSprop", "centered"], "value": false}, "version": 131}
{"obj": {"type": "AssignFloat", "path": ["default_hyperparameter", "Rprop", "lr"], "value": 0.01}, "version": 132}
{"obj": {"type": "AssignString", "path": ["default_hyperparameter", "Rprop", "etas"], "value": "(0.5, 1.2)"}, "version": 133}
{"obj": {"type": "AssignString", "path": ["default_hyperparameter", "Rprop", "step_sizes"], "value": "(1e-06, 50)"}, "version": 134}
{"obj": {"type": "AssignFloat", "path": ["default_hyperparameter", "SGD", "lr"], "value": 0.01}, "version": 135}
{"obj": {"type": "AssignInt", "path": ["default_hyperparameter", "SGD", "momentum"], "value": 0}, "version": 136}
{"obj": {"type": "AssignInt", "path": ["default_hyperparameter", "SGD", "dampening"], "value": 0}, "version": 137}
{"obj": {"type": "AssignInt", "path": ["default_hyperparameter", "SGD", "weight_decay"], "value": 0}, "version": 138}
{"obj": {"type": "AssignBool", "path": ["default_hyperparameter", "SGD", "nesterov"], "value": false}, "version": 139}
{"obj": {"type": "AssignInt", "path": ["default_hyperparameter", "last_epoch"], "value": -1}, "version": 140}
{"obj": {"type": "AssignBool", "path": ["default_hyperparameter", "verbose"], "value": false}, "version": 141}
{"obj": {"type": "AssignString", "path": ["default_hyperparameter", "LambdaLR", "lr_lambda"], "value": "None"}, "version": 142}
{"obj": {"type": "AssignString", "path": ["default_hyperparameter", "MultiplicativeLR", "lr_lambda"], "value": "None"}, "version": 143}
{"obj": {"type": "AssignString", "path": ["default_hyperparameter", "MultiStepLR", "milestones"], "value": "None"}, "version": 144}
{"obj": {"type": "AssignFloat", "path": ["default_hyperparameter", "MultiStepLR", "gamma"], "value": 0.1}, "version": 145}
{"obj": {"type": "AssignString", "path": ["default_hyperparameter", "ExponentialLR", "gamma"], "value": "None"}, "version": 146}
{"obj": {"type": "AssignString", "path": ["default_hyperparameter", "CosineAnnealingLR", "T_max"], "value": "None"}, "version": 147}
{"obj": {"type": "AssignInt", "path": ["default_hyperparameter", "CosineAnnealingLR", "eta_min"], "value": 0}, "version": 148}
{"obj": {"type": "AssignString", "path": ["default_hyperparameter", "CosineAnnealingWarmRestarts", "T_0"], "value": "None"}, "version": 149}
{"obj": {"type": "AssignInt", "path": ["default_hyperparameter", "CosineAnnealingWarmRestarts", "T_mult"], "value": 1}, "version": 150}
{"obj": {"type": "AssignInt", "path": ["default_hyperparameter", "CosineAnnealingWarmRestarts", "eta_min"], "value": 0}, "version": 151}
{"obj": {"type": "AssignBool", "path": ["default_hyperparameter", "train_shuffle"], "value": false}, "version": 152}
{"obj": {"type": "AssignString", "path": ["default_hyperparameter", "train_sampler"], "value": "None"}, "version": 153}
{"obj": {"type": "AssignString", "path": ["default_hyperparameter", "train_batch_sampler"], "value": "None"}, "version": 154}
{"obj": {"type": "AssignInt", "path": ["default_hyperparameter", "train_num_workers"], "value": 0}, "version": 155}
{"obj": {"type": "AssignString", "path": ["default_hyperparameter", "train_collate_fn"], "value": "None"}, "version": 156}
{"obj": {"type": "AssignBool", "path": ["default_hyperparameter", "train_pin_memory"], "value": false}, "version": 157}
{"obj": {"type": "AssignBool", "path": ["default_hyperparameter", "train_drop_last"], "value": false}, "version": 158}
{"obj": {"type": "AssignInt", "path": ["default_hyperparameter", "train_timeout"], "value": 0}, "version": 159}
{"obj": {"type": "AssignString", "path": ["default_hyperparameter", "train_worker_init_fn"], "value": "None"}, "version": 160}
{"obj": {"type": "AssignInt", "path": ["default_hyperparameter", "train_prefetch_factor"], "value": 2}, "version": 161}
{"obj": {"type": "AssignBool", "path": ["default_hyperparameter", "train_persistent_workers"], "value": false}, "version": 162}
{"obj": {"type": "AssignInt", "path": ["default_hyperparameter", "validation_batch_size"], "value": -1}, "version": 163}
{"obj": {"type": "AssignBool", "path": ["default_hyperparameter", "validation_shuffle"], "value": false}, "version": 164}
{"obj": {"type": "AssignString", "path": ["default_hyperparameter", "validation_sampler"], "value": "None"}, "version": 165}
{"obj": {"type": "AssignString", "path": ["default_hyperparameter", "validation_batch_sampler"], "value": "None"}, "version": 166}
{"obj": {"type": "AssignInt", "path": ["default_hyperparameter", "validation_num_workers"], "value": 0}, "version": 167}
{"obj": {"type": "AssignString", "path": ["default_hyperparameter", "validation_collate_fn"], "value": "None"}, "version": 168}
{"obj": {"type": "AssignBool", "path": ["default_hyperparameter", "validation_pin_memory"], "value": false}, "version": 169}
{"obj": {"type": "AssignBool", "path": ["default_hyperparameter", "validation_drop_last"], "value": false}, "version": 170}
{"obj": {"type": "AssignInt", "path": ["default_hyperparameter", "validation_timeout"], "value": 0}, "version": 171}
{"obj": {"type": "AssignString", "path": ["default_hyperparameter", "validation_worker_init_fn"], "value": "None"}, "version": 172}
{"obj": {"type": "AssignInt", "path": ["default_hyperparameter", "validation_prefetch_factor"], "value": 2}, "version": 173}
{"obj": {"type": "AssignBool", "path": ["default_hyperparameter", "validation_persistent_workers"], "value": false}, "version": 174}
{"obj": {"type": "AssignInt", "path": ["default_hyperparameter", "kfold"], "value": 3}, "version": 175}
{"obj": {"type": "AssignInt", "path": ["default_hyperparameter", "random_seed"], "value": 0}, "version": 176}
{"obj": {"type": "AssignString", "path": ["default_hyperparameter", "save_path"], "value": "logs"}, "version": 177}
{"obj": {"type": "AssignInt", "path": ["default_hyperparameter", "saved_top_k"], "value": 3}, "version": 178}
{"obj": {"type": "UploadFile", "path": ["index", "train_idx"], "ext": "csv", "file_path": "/home/rtm/Dropbox/GIT/MLOps/logs/SAM-105/index/train_idx.csv"}, "version": 179}
{"obj": {"type": "UploadFile", "path": ["index", "validation_idx"], "ext": "csv", "file_path": "/home/rtm/Dropbox/GIT/MLOps/logs/SAM-105/index/validation_idx.csv"}, "version": 180}
{"obj": {"type": "LogFloats", "path": ["loss", "train_step"], "values": [{"value": 28.69053077697754, "step": null, "ts": 1626167054.2754636}]}, "version": 181}
{"obj": {"type": "LogFloats", "path": ["loss", "train_step"], "values": [{"value": 22.596078872680664, "step": null, "ts": 1626167054.2865632}]}, "version": 182}
{"obj": {"type": "LogFloats", "path": ["loss", "train_step"], "values": [{"value": 36.81772994995117, "step": null, "ts": 1626167054.2982504}]}, "version": 183}
{"obj": {"type": "LogFloats", "path": ["loss", "train_step"], "values": [{"value": 26.274826049804688, "step": null, "ts": 1626167054.3094928}]}, "version": 184}
{"obj": {"type": "LogFloats", "path": ["loss", "train_step"], "values": [{"value": 36.55801773071289, "step": null, "ts": 1626167054.3208854}]}, "version": 185}
{"obj": {"type": "LogFloats", "path": ["loss", "train_step"], "values": [{"value": 25.577587127685547, "step": null, "ts": 1626167054.3316472}]}, "version": 186}
{"obj": {"type": "LogFloats", "path": ["loss", "train_step"], "values": [{"value": 38.805328369140625, "step": null, "ts": 1626167054.3411772}]}, "version": 187}
{"obj": {"type": "LogFloats", "path": ["loss", "train_epoch"], "values": [{"value": 30.760014125279017, "step": null, "ts": 1626167054.3519733}]}, "version": 188}
{"obj": {"type": "LogFloats", "path": ["loss", "valid_step"], "values": [{"value": 28.56158447265625, "step": null, "ts": 1626167054.4067025}]}, "version": 189}
{"obj": {"type": "LogFloats", "path": ["loss", "valid_epoch"], "values": [{"value": 28.56158447265625, "step": null, "ts": 1626167054.408838}]}, "version": 190}
{"obj": {"type": "LogStrings", "path": ["monitoring", "stdout"], "values": [{"value": "0 epoch, train_loss : 30.7600, val_loss : 28.5616", "step": null, "ts": 1626167054.4091713}]}, "version": 191}
{"obj": {"type": "LogStrings", "path": ["monitoring", "stdout"], "values": [{"value": "\n", "step": null, "ts": 1626167054.4096127}]}, "version": 192}
{"obj": {"type": "LogStrings", "path": ["monitoring", "stdout"], "values": [{"value": "\n", "step": null, "ts": 1626167054.4100108}]}, "version": 193}
{"obj": {"type": "LogFloats", "path": ["loss", "train_step"], "values": [{"value": 24.484886169433594, "step": null, "ts": 1626167054.4301639}]}, "version": 194}
{"obj": {"type": "LogFloats", "path": ["loss", "train_step"], "values": [{"value": 24.67026710510254, "step": null, "ts": 1626167054.441649}]}, "version": 195}
{"obj": {"type": "LogFloats", "path": ["loss", "train_step"], "values": [{"value": 21.80202293395996, "step": null, "ts": 1626167054.4518828}]}, "version": 196}
{"obj": {"type": "LogFloats", "path": ["loss", "train_step"], "values": [{"value": 24.9710693359375, "step": null, "ts": 1626167054.4615412}]}, "version": 197}
{"obj": {"type": "LogFloats", "path": ["loss", "train_step"], "values": [{"value": 19.233732223510742, "step": null, "ts": 1626167054.469358}]}, "version": 198}
{"obj": {"type": "LogFloats", "path": ["loss", "train_step"], "values": [{"value": 20.733116149902344, "step": null, "ts": 1626167054.4789402}]}, "version": 199}
{"obj": {"type": "LogFloats", "path": ["loss", "train_step"], "values": [{"value": 30.685972213745117, "step": null, "ts": 1626167054.486869}]}, "version": 200}
{"obj": {"type": "LogFloats", "path": ["loss", "train_epoch"], "values": [{"value": 23.79729516165597, "step": null, "ts": 1626167054.4967422}]}, "version": 201}
{"obj": {"type": "LogFloats", "path": ["loss", "valid_step"], "values": [{"value": 20.982927322387695, "step": null, "ts": 1626167054.5464041}]}, "version": 202}
{"obj": {"type": "LogFloats", "path": ["loss", "valid_epoch"], "values": [{"value": 20.982927322387695, "step": null, "ts": 1626167054.5484009}]}, "version": 203}
{"obj": {"type": "LogStrings", "path": ["monitoring", "stdout"], "values": [{"value": "\r1 epoch, train_loss : 23.7973, val_loss : 28.5616 -> 20.9829\n", "step": null, "ts": 1626167054.548747}]}, "version": 204}
{"obj": {"type": "LogStrings", "path": ["monitoring", "stdout"], "values": [{"value": "\n", "step": null, "ts": 1626167054.5494626}]}, "version": 205}
{"obj": {"type": "LogFloats", "path": ["loss", "train_step"], "values": [{"value": 18.20571517944336, "step": null, "ts": 1626167054.5746343}]}, "version": 206}
{"obj": {"type": "LogFloats", "path": ["loss", "train_step"], "values": [{"value": 18.914033889770508, "step": null, "ts": 1626167054.5832448}]}, "version": 207}
{"obj": {"type": "LogFloats", "path": ["loss", "train_step"], "values": [{"value": 18.300006866455078, "step": null, "ts": 1626167054.5920255}]}, "version": 208}
{"obj": {"type": "LogFloats", "path": ["loss", "train_step"], "values": [{"value": 16.491363525390625, "step": null, "ts": 1626167054.6018977}]}, "version": 209}
{"obj": {"type": "LogFloats", "path": ["loss", "train_step"], "values": [{"value": 12.082271575927734, "step": null, "ts": 1626167054.6100945}]}, "version": 210}
{"obj": {"type": "LogFloats", "path": ["loss", "train_step"], "values": [{"value": 15.175461769104004, "step": null, "ts": 1626167054.6211326}]}, "version": 211}
{"obj": {"type": "LogFloats", "path": ["loss", "train_step"], "values": [{"value": 12.265317916870117, "step": null, "ts": 1626167054.630749}]}, "version": 212}
{"obj": {"type": "LogFloats", "path": ["loss", "train_epoch"], "values": [{"value": 15.919167246137347, "step": null, "ts": 1626167054.6408021}]}, "version": 213}
{"obj": {"type": "LogFloats", "path": ["loss", "valid_step"], "values": [{"value": 14.231205940246582, "step": null, "ts": 1626167054.693123}]}, "version": 214}
{"obj": {"type": "LogFloats", "path": ["loss", "valid_epoch"], "values": [{"value": 14.231205940246582, "step": null, "ts": 1626167054.6959767}]}, "version": 215}
{"obj": {"type": "LogStrings", "path": ["monitoring", "stdout"], "values": [{"value": "\r2 epoch, train_loss : 15.9192, val_loss : 20.9829 -> 14.2312\n", "step": null, "ts": 1626167054.6963215}]}, "version": 216}
{"obj": {"type": "LogStrings", "path": ["monitoring", "stdout"], "values": [{"value": "\n", "step": null, "ts": 1626167054.696983}]}, "version": 217}
{"obj": {"type": "LogFloats", "path": ["loss", "train_step"], "values": [{"value": 11.729196548461914, "step": null, "ts": 1626167054.7184484}]}, "version": 218}
{"obj": {"type": "LogFloats", "path": ["loss", "train_step"], "values": [{"value": 10.023933410644531, "step": null, "ts": 1626167054.7292333}]}, "version": 219}
{"obj": {"type": "LogFloats", "path": ["loss", "train_step"], "values": [{"value": 11.5709228515625, "step": null, "ts": 1626167054.7394505}]}, "version": 220}
{"obj": {"type": "LogFloats", "path": ["loss", "train_step"], "values": [{"value": 10.591082572937012, "step": null, "ts": 1626167054.7489572}]}, "version": 221}
{"obj": {"type": "LogFloats", "path": ["loss", "train_step"], "values": [{"value": 12.63321304321289, "step": null, "ts": 1626167054.7583795}]}, "version": 222}
{"obj": {"type": "LogFloats", "path": ["loss", "train_step"], "values": [{"value": 10.156530380249023, "step": null, "ts": 1626167054.7665334}]}, "version": 223}
{"obj": {"type": "LogFloats", "path": ["loss", "train_step"], "values": [{"value": 7.709549427032471, "step": null, "ts": 1626167054.774363}]}, "version": 224}
{"obj": {"type": "LogFloats", "path": ["loss", "train_epoch"], "values": [{"value": 10.630632604871478, "step": null, "ts": 1626167054.783366}]}, "version": 225}
{"obj": {"type": "LogFloats", "path": ["loss", "valid_step"], "values": [{"value": 9.83483600616455, "step": null, "ts": 1626167054.8392406}]}, "version": 226}
{"obj": {"type": "LogFloats", "path": ["loss", "valid_epoch"], "values": [{"value": 9.83483600616455, "step": null, "ts": 1626167054.842039}]}, "version": 227}
{"obj": {"type": "LogStrings", "path": ["monitoring", "stdout"], "values": [{"value": "\r3 epoch, train_loss : 10.6306, val_loss : 14.2312 -> 9.8348\n", "step": null, "ts": 1626167054.8425038}]}, "version": 228}
{"obj": {"type": "LogStrings", "path": ["monitoring", "stdout"], "values": [{"value": "\n", "step": null, "ts": 1626167054.8432565}]}, "version": 229}
{"obj": {"type": "LogFloats", "path": ["loss", "train_step"], "values": [{"value": 8.453920364379883, "step": null, "ts": 1626167054.8699005}]}, "version": 230}
{"obj": {"type": "LogFloats", "path": ["loss", "train_step"], "values": [{"value": 7.682017803192139, "step": null, "ts": 1626167054.8806615}]}, "version": 231}
{"obj": {"type": "LogFloats", "path": ["loss", "train_step"], "values": [{"value": 8.260392189025879, "step": null, "ts": 1626167054.8930237}]}, "version": 232}
{"obj": {"type": "LogFloats", "path": ["loss", "train_step"], "values": [{"value": 7.765679836273193, "step": null, "ts": 1626167054.903194}]}, "version": 233}
{"obj": {"type": "LogFloats", "path": ["loss", "train_step"], "values": [{"value": 8.505611419677734, "step": null, "ts": 1626167054.9135003}]}, "version": 234}
{"obj": {"type": "LogFloats", "path": ["loss", "train_step"], "values": [{"value": 9.061037063598633, "step": null, "ts": 1626167054.9233828}]}, "version": 235}
{"obj": {"type": "LogFloats", "path": ["loss", "train_step"], "values": [{"value": 10.206596374511719, "step": null, "ts": 1626167054.932593}]}, "version": 236}
{"obj": {"type": "LogFloats", "path": ["loss", "train_epoch"], "values": [{"value": 8.562179292951312, "step": null, "ts": 1626167054.9438622}]}, "version": 237}
{"obj": {"type": "LogFloats", "path": ["loss", "valid_step"], "values": [{"value": 8.205780029296875, "step": null, "ts": 1626167055.0073156}]}, "version": 238}
{"obj": {"type": "LogFloats", "path": ["loss", "valid_epoch"], "values": [{"value": 8.205780029296875, "step": null, "ts": 1626167055.0092878}]}, "version": 239}
{"obj": {"type": "LogStrings", "path": ["monitoring", "stdout"], "values": [{"value": "\r4 epoch, train_loss : 8.5622, val_loss : 9.8348 -> 8.2058\n", "step": null, "ts": 1626167055.0095773}]}, "version": 240}
{"obj": {"type": "LogStrings", "path": ["monitoring", "stdout"], "values": [{"value": "\n", "step": null, "ts": 1626167055.0101185}]}, "version": 241}
{"obj": {"type": "LogFloats", "path": ["monitoring", "cpu"], "values": [{"value": 23.4, "step": null, "ts": 1626167060.8696897}]}, "version": 242}
{"obj": {"type": "LogFloats", "path": ["monitoring", "memory"], "values": [{"value": 20.50027847290039, "step": null, "ts": 1626167060.8696897}]}, "version": 243}
{"obj": {"type": "LogFloats", "path": ["monitoring", "gpu"], "values": [{"value": 5.0, "step": null, "ts": 1626167060.8696897}]}, "version": 244}
{"obj": {"type": "LogFloats", "path": ["monitoring", "gpu_memory"], "values": [{"value": 2.65350341796875, "step": null, "ts": 1626167060.8696897}]}, "version": 245}
{"obj": {"type": "LogFloats", "path": ["monitoring", "cpu"], "values": [{"value": 15.3, "step": null, "ts": 1626167070.8720508}]}, "version": 246}
{"obj": {"type": "LogFloats", "path": ["monitoring", "memory"], "values": [{"value": 20.47201156616211, "step": null, "ts": 1626167070.8720508}]}, "version": 247}
{"obj": {"type": "LogFloats", "path": ["monitoring", "gpu"], "values": [{"value": 5.0, "step": null, "ts": 1626167070.8720508}]}, "version": 248}
{"obj": {"type": "LogFloats", "path": ["monitoring", "gpu_memory"], "values": [{"value": 2.64849853515625, "step": null, "ts": 1626167070.8720508}]}, "version": 249}
{"obj": {"type": "LogFloats", "path": ["monitoring", "cpu"], "values": [{"value": 12.1, "step": null, "ts": 1626167080.8744388}]}, "version": 250}
{"obj": {"type": "LogFloats", "path": ["monitoring", "memory"], "values": [{"value": 20.465538024902344, "step": null, "ts": 1626167080.8744388}]}, "version": 251}
{"obj": {"type": "LogFloats", "path": ["monitoring", "gpu"], "values": [{"value": 5.0, "step": null, "ts": 1626167080.8744388}]}, "version": 252}
{"obj": {"type": "LogFloats", "path": ["monitoring", "gpu_memory"], "values": [{"value": 2.64471435546875, "step": null, "ts": 1626167080.8744388}]}, "version": 253}
{"obj": {"type": "LogFloats", "path": ["monitoring", "cpu"], "values": [{"value": 13.3, "step": null, "ts": 1626167090.8769374}]}, "version": 254}
{"obj": {"type": "LogFloats", "path": ["monitoring", "memory"], "values": [{"value": 20.49728012084961, "step": null, "ts": 1626167090.8769374}]}, "version": 255}
{"obj": {"type": "LogFloats", "path": ["monitoring", "gpu"], "values": [{"value": 6.0, "step": null, "ts": 1626167090.8769374}]}, "version": 256}
{"obj": {"type": "LogFloats", "path": ["monitoring", "gpu_memory"], "values": [{"value": 2.624267578125, "step": null, "ts": 1626167090.8769374}]}, "version": 257}
{"obj": {"type": "LogFloats", "path": ["monitoring", "cpu"], "values": [{"value": 11.3, "step": null, "ts": 1626167100.8791656}]}, "version": 258}
{"obj": {"type": "LogFloats", "path": ["monitoring", "memory"], "values": [{"value": 20.454700469970703, "step": null, "ts": 1626167100.8791656}]}, "version": 259}
{"obj": {"type": "LogFloats", "path": ["monitoring", "gpu"], "values": [{"value": 41.0, "step": null, "ts": 1626167100.8791656}]}, "version": 260}
{"obj": {"type": "LogFloats", "path": ["monitoring", "gpu_memory"], "values": [{"value": 2.61517333984375, "step": null, "ts": 1626167100.8791656}]}, "version": 261}
{"obj": {"type": "LogFloats", "path": ["monitoring", "cpu"], "values": [{"value": 11.7, "step": null, "ts": 1626167110.8840942}]}, "version": 262}
{"obj": {"type": "LogFloats", "path": ["monitoring", "memory"], "values": [{"value": 20.449012756347656, "step": null, "ts": 1626167110.8840942}]}, "version": 263}
{"obj": {"type": "LogFloats", "path": ["monitoring", "gpu"], "values": [{"value": 4.0, "step": null, "ts": 1626167110.8840942}]}, "version": 264}
{"obj": {"type": "LogFloats", "path": ["monitoring", "gpu_memory"], "values": [{"value": 2.61474609375, "step": null, "ts": 1626167110.8840942}]}, "version": 265}
{"obj": {"type": "LogFloats", "path": ["monitoring", "cpu"], "values": [{"value": 23.8, "step": null, "ts": 1626167120.886546}]}, "version": 266}
{"obj": {"type": "LogFloats", "path": ["monitoring", "memory"], "values": [{"value": 20.42687225341797, "step": null, "ts": 1626167120.886546}]}, "version": 267}
{"obj": {"type": "LogFloats", "path": ["monitoring", "gpu"], "values": [{"value": 11.0, "step": null, "ts": 1626167120.886546}]}, "version": 268}
{"obj": {"type": "LogFloats", "path": ["monitoring", "gpu_memory"], "values": [{"value": 2.65985107421875, "step": null, "ts": 1626167120.886546}]}, "version": 269}
{"obj": {"type": "LogFloats", "path": ["monitoring", "cpu"], "values": [{"value": 23.6, "step": null, "ts": 1626167130.888656}]}, "version": 270}
{"obj": {"type": "LogFloats", "path": ["monitoring", "memory"], "values": [{"value": 20.43548583984375, "step": null, "ts": 1626167130.888656}]}, "version": 271}
{"obj": {"type": "LogFloats", "path": ["monitoring", "gpu"], "values": [{"value": 12.0, "step": null, "ts": 1626167130.888656}]}, "version": 272}
{"obj": {"type": "LogFloats", "path": ["monitoring", "gpu_memory"], "values": [{"value": 2.65869140625, "step": null, "ts": 1626167130.888656}]}, "version": 273}
{"obj": {"type": "LogFloats", "path": ["monitoring", "cpu"], "values": [{"value": 20.6, "step": null, "ts": 1626167140.890243}]}, "version": 274}
{"obj": {"type": "LogFloats", "path": ["monitoring", "memory"], "values": [{"value": 20.506675720214844, "step": null, "ts": 1626167140.890243}]}, "version": 275}
{"obj": {"type": "LogFloats", "path": ["monitoring", "gpu"], "values": [{"value": 22.0, "step": null, "ts": 1626167140.890243}]}, "version": 276}
{"obj": {"type": "LogFloats", "path": ["monitoring", "gpu_memory"], "values": [{"value": 2.724365234375, "step": null, "ts": 1626167140.890243}]}, "version": 277}
{"obj": {"type": "LogStrings", "path": ["monitoring", "stdout"], "values": [{"value": "b'Shutting down background jobs, please wait a moment...\\n'", "step": null, "ts": 1626167142.75622}]}, "version": 278}
