{"obj": {"type": "AssignString", "path": ["sys", "name"], "value": "simple-test"}, "version": 1}
{"obj": {"type": "AssignString", "path": ["sys", "description"], "value": ""}, "version": 2}
{"obj": {"type": "AssignString", "path": ["sys", "hostname"], "value": "rtm-desktop"}, "version": 3}
{"obj": {"type": "AssignBool", "path": ["sys", "failed"], "value": false}, "version": 4}
{"obj": {"type": "ClearStringLog", "path": ["monitoring", "stdout"]}, "version": 5}
{"obj": {"type": "ClearStringLog", "path": ["monitoring", "stderr"]}, "version": 6}
{"obj": {"type": "UploadFileSet", "path": ["source_code", "files"], "file_globs": ["/home/rtm/Dropbox/GIT/MLOps/**/*.py", "/home/rtm/Dropbox/GIT/MLOps/*.ipynb"], "reset": "False"}, "version": 7}
{"obj": {"type": "ConfigFloatSeries", "path": ["monitoring", "cpu"], "min": 0.0, "max": 100.0, "unit": "%"}, "version": 8}
{"obj": {"type": "ClearFloatLog", "path": ["monitoring", "cpu"]}, "version": 9}
{"obj": {"type": "ConfigFloatSeries", "path": ["monitoring", "memory"], "min": 0.0, "max": 125.65727615356445, "unit": "GB"}, "version": 10}
{"obj": {"type": "ClearFloatLog", "path": ["monitoring", "memory"]}, "version": 11}
{"obj": {"type": "ConfigFloatSeries", "path": ["monitoring", "gpu"], "min": 0.0, "max": 100.0, "unit": "%"}, "version": 12}
{"obj": {"type": "ClearFloatLog", "path": ["monitoring", "gpu"]}, "version": 13}
{"obj": {"type": "ConfigFloatSeries", "path": ["monitoring", "gpu_memory"], "min": 0.0, "max": 10.91522216796875, "unit": "GB"}, "version": 14}
{"obj": {"type": "ClearFloatLog", "path": ["monitoring", "gpu_memory"]}, "version": 15}
{"obj": {"type": "LogStrings", "path": ["monitoring", "stdout"], "values": [{"value": "b''", "step": null, "ts": 1626157448.662455}]}, "version": 16}
{"obj": {"type": "LogStrings", "path": ["monitoring", "stdout"], "values": [{"value": "b'https://app.neptune.ai/sangyeop-kim/sample/e/SAM-46\\n'", "step": null, "ts": 1626157448.6644707}]}, "version": 17}
{"obj": {"type": "LogFloats", "path": ["monitoring", "cpu"], "values": [{"value": 12.4, "step": null, "ts": 1626157448.6544352}]}, "version": 18}
{"obj": {"type": "LogStrings", "path": ["monitoring", "stdout"], "values": [{"value": "b'Remember to stop your run once you\\xe2\\x80\\x99ve finished logging your metadata (https://docs.neptune.ai/api-reference/run#stop). It will be stopped automatically only when the notebook kernel/interactive console is terminated.\\n'", "step": null, "ts": 1626157448.668336}]}, "version": 19}
{"obj": {"type": "LogFloats", "path": ["monitoring", "memory"], "values": [{"value": 16.815032958984375, "step": null, "ts": 1626157448.6544352}]}, "version": 20}
{"obj": {"type": "LogFloats", "path": ["monitoring", "gpu"], "values": [{"value": 8.0, "step": null, "ts": 1626157448.6544352}]}, "version": 21}
{"obj": {"type": "LogFloats", "path": ["monitoring", "gpu_memory"], "values": [{"value": 1.92340087890625, "step": null, "ts": 1626157448.6544352}]}, "version": 22}
{"obj": {"type": "AssignInt", "path": ["changed_hyperparameter", "gpus"], "value": 1}, "version": 23}
{"obj": {"type": "AssignInt", "path": ["changed_hyperparameter", "max_epochs"], "value": 3}, "version": 24}
{"obj": {"type": "AssignString", "path": ["changed_hyperparameter", "scheduler"], "value": "StepLR"}, "version": 25}
{"obj": {"type": "AssignInt", "path": ["changed_hyperparameter", "StepLR", "step_size"], "value": 10}, "version": 26}
{"obj": {"type": "AssignFloat", "path": ["changed_hyperparameter", "StepLR", "gamma"], "value": 0.1}, "version": 27}
{"obj": {"type": "AssignInt", "path": ["changed_hyperparameter", "train_batch_size"], "value": 64}, "version": 28}
{"obj": {"type": "AssignString", "path": ["changed_hyperparameter", "loss"], "value": "MSE"}, "version": 29}
{"obj": {"type": "AssignFloat", "path": ["changed_hyperparameter", "validation_ratio"], "value": 0.2}, "version": 30}
{"obj": {"type": "AssignString", "path": ["changed_hyperparameter", "neptune_workspace"], "value": "sangyeop-kim"}, "version": 31}
{"obj": {"type": "AssignString", "path": ["changed_hyperparameter", "neptune_project"], "value": "sample"}, "version": 32}
{"obj": {"type": "AssignString", "path": ["changed_hyperparameter", "name"], "value": "simple-test"}, "version": 33}
{"obj": {"type": "AssignBool", "path": ["default_hyperparameter", "logger"], "value": true}, "version": 34}
{"obj": {"type": "AssignBool", "path": ["default_hyperparameter", "checkpoint_callback"], "value": true}, "version": 35}
{"obj": {"type": "AssignString", "path": ["default_hyperparameter", "callbacks"], "value": "None"}, "version": 36}
{"obj": {"type": "AssignString", "path": ["default_hyperparameter", "default_root_dir"], "value": "None"}, "version": 37}
{"obj": {"type": "AssignFloat", "path": ["default_hyperparameter", "gradient_clip_val"], "value": 0.0}, "version": 38}
{"obj": {"type": "AssignString", "path": ["default_hyperparameter", "gradient_clip_algorithm"], "value": "norm"}, "version": 39}
{"obj": {"type": "AssignInt", "path": ["default_hyperparameter", "process_position"], "value": 0}, "version": 40}
{"obj": {"type": "AssignInt", "path": ["default_hyperparameter", "num_nodes"], "value": 1}, "version": 41}
{"obj": {"type": "AssignInt", "path": ["default_hyperparameter", "num_processes"], "value": 1}, "version": 42}
{"obj": {"type": "AssignBool", "path": ["default_hyperparameter", "auto_select_gpus"], "value": false}, "version": 43}
{"obj": {"type": "AssignString", "path": ["default_hyperparameter", "tpu_cores"], "value": "None"}, "version": 44}
{"obj": {"type": "AssignString", "path": ["default_hyperparameter", "log_gpu_memory"], "value": "None"}, "version": 45}
{"obj": {"type": "AssignString", "path": ["default_hyperparameter", "progress_bar_refresh_rate"], "value": "None"}, "version": 46}
{"obj": {"type": "AssignFloat", "path": ["default_hyperparameter", "overfit_batches"], "value": 0.0}, "version": 47}
{"obj": {"type": "AssignInt", "path": ["default_hyperparameter", "track_grad_norm"], "value": -1}, "version": 48}
{"obj": {"type": "AssignInt", "path": ["default_hyperparameter", "check_val_every_n_epoch"], "value": 1}, "version": 49}
{"obj": {"type": "AssignBool", "path": ["default_hyperparameter", "fast_dev_run"], "value": false}, "version": 50}
{"obj": {"type": "AssignInt", "path": ["default_hyperparameter", "accumulate_grad_batches"], "value": 1}, "version": 51}
{"obj": {"type": "AssignString", "path": ["default_hyperparameter", "min_epochs"], "value": "None"}, "version": 52}
{"obj": {"type": "AssignString", "path": ["default_hyperparameter", "max_steps"], "value": "None"}, "version": 53}
{"obj": {"type": "AssignString", "path": ["default_hyperparameter", "min_steps"], "value": "None"}, "version": 54}
{"obj": {"type": "AssignString", "path": ["default_hyperparameter", "max_time"], "value": "None"}, "version": 55}
{"obj": {"type": "AssignFloat", "path": ["default_hyperparameter", "limit_train_batches"], "value": 1.0}, "version": 56}
{"obj": {"type": "AssignFloat", "path": ["default_hyperparameter", "limit_val_batches"], "value": 1.0}, "version": 57}
{"obj": {"type": "AssignFloat", "path": ["default_hyperparameter", "limit_test_batches"], "value": 1.0}, "version": 58}
{"obj": {"type": "AssignFloat", "path": ["default_hyperparameter", "limit_predict_batches"], "value": 1.0}, "version": 59}
{"obj": {"type": "AssignFloat", "path": ["default_hyperparameter", "val_check_interval"], "value": 1.0}, "version": 60}
{"obj": {"type": "AssignInt", "path": ["default_hyperparameter", "flush_logs_every_n_steps"], "value": 100}, "version": 61}
{"obj": {"type": "AssignInt", "path": ["default_hyperparameter", "log_every_n_steps"], "value": 50}, "version": 62}
{"obj": {"type": "AssignString", "path": ["default_hyperparameter", "accelerator"], "value": "None"}, "version": 63}
{"obj": {"type": "AssignBool", "path": ["default_hyperparameter", "sync_batchnorm"], "value": false}, "version": 64}
{"obj": {"type": "AssignInt", "path": ["default_hyperparameter", "precision"], "value": 32}, "version": 65}
{"obj": {"type": "AssignString", "path": ["default_hyperparameter", "weights_summary"], "value": "top"}, "version": 66}
{"obj": {"type": "AssignString", "path": ["default_hyperparameter", "weights_save_path"], "value": "None"}, "version": 67}
{"obj": {"type": "AssignInt", "path": ["default_hyperparameter", "num_sanity_val_steps"], "value": 2}, "version": 68}
{"obj": {"type": "AssignString", "path": ["default_hyperparameter", "truncated_bptt_steps"], "value": "None"}, "version": 69}
{"obj": {"type": "AssignString", "path": ["default_hyperparameter", "resume_from_checkpoint"], "value": "None"}, "version": 70}
{"obj": {"type": "AssignString", "path": ["default_hyperparameter", "profiler"], "value": "None"}, "version": 71}
{"obj": {"type": "AssignBool", "path": ["default_hyperparameter", "benchmark"], "value": false}, "version": 72}
{"obj": {"type": "AssignBool", "path": ["default_hyperparameter", "deterministic"], "value": false}, "version": 73}
{"obj": {"type": "AssignBool", "path": ["default_hyperparameter", "reload_dataloaders_every_epoch"], "value": false}, "version": 74}
{"obj": {"type": "AssignBool", "path": ["default_hyperparameter", "auto_lr_find"], "value": false}, "version": 75}
{"obj": {"type": "AssignBool", "path": ["default_hyperparameter", "replace_sampler_ddp"], "value": true}, "version": 76}
{"obj": {"type": "AssignBool", "path": ["default_hyperparameter", "terminate_on_nan"], "value": false}, "version": 77}
{"obj": {"type": "AssignBool", "path": ["default_hyperparameter", "auto_scale_batch_size"], "value": false}, "version": 78}
{"obj": {"type": "AssignBool", "path": ["default_hyperparameter", "prepare_data_per_node"], "value": true}, "version": 79}
{"obj": {"type": "AssignString", "path": ["default_hyperparameter", "plugins"], "value": "None"}, "version": 80}
{"obj": {"type": "AssignString", "path": ["default_hyperparameter", "amp_backend"], "value": "native"}, "version": 81}
{"obj": {"type": "AssignString", "path": ["default_hyperparameter", "amp_level"], "value": "O2"}, "version": 82}
{"obj": {"type": "AssignString", "path": ["default_hyperparameter", "distributed_backend"], "value": "None"}, "version": 83}
{"obj": {"type": "AssignBool", "path": ["default_hyperparameter", "move_metrics_to_cpu"], "value": false}, "version": 84}
{"obj": {"type": "AssignString", "path": ["default_hyperparameter", "multiple_trainloader_mode"], "value": "max_size_cycle"}, "version": 85}
{"obj": {"type": "AssignBool", "path": ["default_hyperparameter", "stochastic_weight_avg"], "value": false}, "version": 86}
{"obj": {"type": "AssignString", "path": ["default_hyperparameter", "optimizer"], "value": "Adam"}, "version": 87}
{"obj": {"type": "AssignFloat", "path": ["default_hyperparameter", "Adadelta", "lr"], "value": 1.0}, "version": 88}
{"obj": {"type": "AssignFloat", "path": ["default_hyperparameter", "Adadelta", "rho"], "value": 0.9}, "version": 89}
{"obj": {"type": "AssignFloat", "path": ["default_hyperparameter", "Adadelta", "eps"], "value": 1e-06}, "version": 90}
{"obj": {"type": "AssignInt", "path": ["default_hyperparameter", "Adadelta", "weight_decay"], "value": 0}, "version": 91}
{"obj": {"type": "AssignFloat", "path": ["default_hyperparameter", "Adagrad", "lr"], "value": 0.01}, "version": 92}
{"obj": {"type": "AssignInt", "path": ["default_hyperparameter", "Adagrad", "lr_decay"], "value": 0}, "version": 93}
{"obj": {"type": "AssignInt", "path": ["default_hyperparameter", "Adagrad", "weight_decay"], "value": 0}, "version": 94}
{"obj": {"type": "AssignInt", "path": ["default_hyperparameter", "Adagrad", "initial_accumulator_value"], "value": 0}, "version": 95}
{"obj": {"type": "AssignFloat", "path": ["default_hyperparameter", "Adagrad", "eps"], "value": 1e-10}, "version": 96}
{"obj": {"type": "AssignFloat", "path": ["default_hyperparameter", "Adam", "lr"], "value": 0.001}, "version": 97}
{"obj": {"type": "AssignString", "path": ["default_hyperparameter", "Adam", "betas"], "value": "(0.9, 0.999)"}, "version": 98}
{"obj": {"type": "AssignFloat", "path": ["default_hyperparameter", "Adam", "eps"], "value": 1e-08}, "version": 99}
{"obj": {"type": "AssignInt", "path": ["default_hyperparameter", "Adam", "weight_decay"], "value": 0}, "version": 100}
{"obj": {"type": "AssignBool", "path": ["default_hyperparameter", "Adam", "amsgrad"], "value": false}, "version": 101}
{"obj": {"type": "AssignFloat", "path": ["default_hyperparameter", "AdamW", "lr"], "value": 0.001}, "version": 102}
{"obj": {"type": "AssignString", "path": ["default_hyperparameter", "AdamW", "betas"], "value": "(0.9, 0.999)"}, "version": 103}
{"obj": {"type": "AssignFloat", "path": ["default_hyperparameter", "AdamW", "eps"], "value": 1e-08}, "version": 104}
{"obj": {"type": "AssignFloat", "path": ["default_hyperparameter", "AdamW", "weight_decay"], "value": 0.01}, "version": 105}
{"obj": {"type": "AssignBool", "path": ["default_hyperparameter", "AdamW", "amsgrad"], "value": false}, "version": 106}
{"obj": {"type": "AssignFloat", "path": ["default_hyperparameter", "SparseAdam", "lr"], "value": 0.001}, "version": 107}
{"obj": {"type": "AssignString", "path": ["default_hyperparameter", "SparseAdam", "betas"], "value": "(0.9, 0.999)"}, "version": 108}
{"obj": {"type": "AssignFloat", "path": ["default_hyperparameter", "SparseAdam", "eps"], "value": 1e-08}, "version": 109}
{"obj": {"type": "AssignFloat", "path": ["default_hyperparameter", "Adamax", "lr"], "value": 0.002}, "version": 110}
{"obj": {"type": "AssignString", "path": ["default_hyperparameter", "Adamax", "betas"], "value": "(0.9, 0.999)"}, "version": 111}
{"obj": {"type": "AssignFloat", "path": ["default_hyperparameter", "Adamax", "eps"], "value": 1e-08}, "version": 112}
{"obj": {"type": "AssignInt", "path": ["default_hyperparameter", "Adamax", "weight_decay"], "value": 0}, "version": 113}
{"obj": {"type": "AssignFloat", "path": ["default_hyperparameter", "ASGD", "lr"], "value": 0.01}, "version": 114}
{"obj": {"type": "AssignFloat", "path": ["default_hyperparameter", "ASGD", "lambd"], "value": 0.0001}, "version": 115}
{"obj": {"type": "AssignFloat", "path": ["default_hyperparameter", "ASGD", "alpha"], "value": 0.75}, "version": 116}
{"obj": {"type": "AssignFloat", "path": ["default_hyperparameter", "ASGD", "t0"], "value": 1000000.0}, "version": 117}
{"obj": {"type": "AssignInt", "path": ["default_hyperparameter", "ASGD", "weight_decay"], "value": 0}, "version": 118}
{"obj": {"type": "AssignInt", "path": ["default_hyperparameter", "LBFGS", "lr"], "value": 1}, "version": 119}
{"obj": {"type": "AssignInt", "path": ["default_hyperparameter", "LBFGS", "max_iter"], "value": 20}, "version": 120}
{"obj": {"type": "AssignString", "path": ["default_hyperparameter", "LBFGS", "max_eval"], "value": "None"}, "version": 121}
{"obj": {"type": "AssignFloat", "path": ["default_hyperparameter", "LBFGS", "tolerance_grad"], "value": 1e-07}, "version": 122}
{"obj": {"type": "AssignFloat", "path": ["default_hyperparameter", "LBFGS", "tolerance_change"], "value": 1e-09}, "version": 123}
{"obj": {"type": "AssignInt", "path": ["default_hyperparameter", "LBFGS", "history_size"], "value": 100}, "version": 124}
{"obj": {"type": "AssignString", "path": ["default_hyperparameter", "LBFGS", "line_search_fn"], "value": "None"}, "version": 125}
{"obj": {"type": "AssignFloat", "path": ["default_hyperparameter", "RMSprop", "lr"], "value": 0.01}, "version": 126}
{"obj": {"type": "AssignFloat", "path": ["default_hyperparameter", "RMSprop", "alpha"], "value": 0.99}, "version": 127}
{"obj": {"type": "AssignFloat", "path": ["default_hyperparameter", "RMSprop", "eps"], "value": 1e-08}, "version": 128}
{"obj": {"type": "AssignInt", "path": ["default_hyperparameter", "RMSprop", "weight_decay"], "value": 0}, "version": 129}
{"obj": {"type": "AssignInt", "path": ["default_hyperparameter", "RMSprop", "momentum"], "value": 0}, "version": 130}
{"obj": {"type": "AssignBool", "path": ["default_hyperparameter", "RMSprop", "centered"], "value": false}, "version": 131}
{"obj": {"type": "AssignFloat", "path": ["default_hyperparameter", "Rprop", "lr"], "value": 0.01}, "version": 132}
{"obj": {"type": "AssignString", "path": ["default_hyperparameter", "Rprop", "etas"], "value": "(0.5, 1.2)"}, "version": 133}
{"obj": {"type": "AssignString", "path": ["default_hyperparameter", "Rprop", "step_sizes"], "value": "(1e-06, 50)"}, "version": 134}
{"obj": {"type": "AssignFloat", "path": ["default_hyperparameter", "SGD", "lr"], "value": 0.01}, "version": 135}
{"obj": {"type": "AssignInt", "path": ["default_hyperparameter", "SGD", "momentum"], "value": 0}, "version": 136}
{"obj": {"type": "AssignInt", "path": ["default_hyperparameter", "SGD", "dampening"], "value": 0}, "version": 137}
{"obj": {"type": "AssignInt", "path": ["default_hyperparameter", "SGD", "weight_decay"], "value": 0}, "version": 138}
{"obj": {"type": "AssignBool", "path": ["default_hyperparameter", "SGD", "nesterov"], "value": false}, "version": 139}
{"obj": {"type": "AssignInt", "path": ["default_hyperparameter", "last_epoch"], "value": -1}, "version": 140}
{"obj": {"type": "AssignBool", "path": ["default_hyperparameter", "verbose"], "value": false}, "version": 141}
{"obj": {"type": "AssignString", "path": ["default_hyperparameter", "LambdaLR", "lr_lambda"], "value": "None"}, "version": 142}
{"obj": {"type": "AssignString", "path": ["default_hyperparameter", "MultiplicativeLR", "lr_lambda"], "value": "None"}, "version": 143}
{"obj": {"type": "AssignString", "path": ["default_hyperparameter", "MultiStepLR", "milestones"], "value": "None"}, "version": 144}
{"obj": {"type": "AssignFloat", "path": ["default_hyperparameter", "MultiStepLR", "gamma"], "value": 0.1}, "version": 145}
{"obj": {"type": "AssignString", "path": ["default_hyperparameter", "ExponentialLR", "gamma"], "value": "None"}, "version": 146}
{"obj": {"type": "AssignString", "path": ["default_hyperparameter", "CosineAnnealingLR", "T_max"], "value": "None"}, "version": 147}
{"obj": {"type": "AssignInt", "path": ["default_hyperparameter", "CosineAnnealingLR", "eta_min"], "value": 0}, "version": 148}
{"obj": {"type": "AssignString", "path": ["default_hyperparameter", "CosineAnnealingWarmRestarts", "T_0"], "value": "None"}, "version": 149}
{"obj": {"type": "AssignInt", "path": ["default_hyperparameter", "CosineAnnealingWarmRestarts", "T_mult"], "value": 1}, "version": 150}
{"obj": {"type": "AssignInt", "path": ["default_hyperparameter", "CosineAnnealingWarmRestarts", "eta_min"], "value": 0}, "version": 151}
{"obj": {"type": "AssignBool", "path": ["default_hyperparameter", "train_shuffle"], "value": false}, "version": 152}
{"obj": {"type": "AssignString", "path": ["default_hyperparameter", "train_sampler"], "value": "None"}, "version": 153}
{"obj": {"type": "AssignString", "path": ["default_hyperparameter", "train_batch_sampler"], "value": "None"}, "version": 154}
{"obj": {"type": "AssignInt", "path": ["default_hyperparameter", "train_num_workers"], "value": 0}, "version": 155}
{"obj": {"type": "AssignString", "path": ["default_hyperparameter", "train_collate_fn"], "value": "None"}, "version": 156}
{"obj": {"type": "AssignBool", "path": ["default_hyperparameter", "train_pin_memory"], "value": false}, "version": 157}
{"obj": {"type": "AssignBool", "path": ["default_hyperparameter", "train_drop_last"], "value": false}, "version": 158}
{"obj": {"type": "AssignInt", "path": ["default_hyperparameter", "train_timeout"], "value": 0}, "version": 159}
{"obj": {"type": "AssignString", "path": ["default_hyperparameter", "train_worker_init_fn"], "value": "None"}, "version": 160}
{"obj": {"type": "AssignInt", "path": ["default_hyperparameter", "train_prefetch_factor"], "value": 2}, "version": 161}
{"obj": {"type": "AssignBool", "path": ["default_hyperparameter", "train_persistent_workers"], "value": false}, "version": 162}
{"obj": {"type": "AssignInt", "path": ["default_hyperparameter", "validation_batch_size"], "value": -1}, "version": 163}
{"obj": {"type": "AssignBool", "path": ["default_hyperparameter", "validation_shuffle"], "value": false}, "version": 164}
{"obj": {"type": "AssignString", "path": ["default_hyperparameter", "validation_sampler"], "value": "None"}, "version": 165}
{"obj": {"type": "AssignString", "path": ["default_hyperparameter", "validation_batch_sampler"], "value": "None"}, "version": 166}
{"obj": {"type": "AssignInt", "path": ["default_hyperparameter", "validation_num_workers"], "value": 0}, "version": 167}
{"obj": {"type": "AssignString", "path": ["default_hyperparameter", "validation_collate_fn"], "value": "None"}, "version": 168}
{"obj": {"type": "AssignBool", "path": ["default_hyperparameter", "validation_pin_memory"], "value": false}, "version": 169}
{"obj": {"type": "AssignBool", "path": ["default_hyperparameter", "validation_drop_last"], "value": false}, "version": 170}
{"obj": {"type": "AssignInt", "path": ["default_hyperparameter", "validation_timeout"], "value": 0}, "version": 171}
{"obj": {"type": "AssignString", "path": ["default_hyperparameter", "validation_worker_init_fn"], "value": "None"}, "version": 172}
{"obj": {"type": "AssignInt", "path": ["default_hyperparameter", "validation_prefetch_factor"], "value": 2}, "version": 173}
{"obj": {"type": "AssignBool", "path": ["default_hyperparameter", "validation_persistent_workers"], "value": false}, "version": 174}
{"obj": {"type": "AssignInt", "path": ["default_hyperparameter", "kfold"], "value": 3}, "version": 175}
{"obj": {"type": "AssignInt", "path": ["default_hyperparameter", "random_seed"], "value": 0}, "version": 176}
{"obj": {"type": "AssignString", "path": ["default_hyperparameter", "save_path"], "value": "logs"}, "version": 177}
{"obj": {"type": "UploadFile", "path": ["index", "train_idx"], "ext": "csv", "file_path": "/home/rtm/Dropbox/GIT/MLOps/logs/SAM-46/index/train_idx.csv"}, "version": 178}
{"obj": {"type": "UploadFile", "path": ["index", "validation_idx"], "ext": "csv", "file_path": "/home/rtm/Dropbox/GIT/MLOps/logs/SAM-46/index/validation_idx.csv"}, "version": 179}
{"obj": {"type": "LogFloats", "path": ["loss", "train_step"], "values": [{"value": 30.70425796508789, "step": null, "ts": 1626157452.1235259}]}, "version": 180}
{"obj": {"type": "LogFloats", "path": ["loss", "train_step"], "values": [{"value": 30.32870864868164, "step": null, "ts": 1626157452.1370203}]}, "version": 181}
{"obj": {"type": "LogFloats", "path": ["loss", "train_step"], "values": [{"value": 38.45625686645508, "step": null, "ts": 1626157452.1464844}]}, "version": 182}
{"obj": {"type": "LogFloats", "path": ["loss", "train_step"], "values": [{"value": 32.492637634277344, "step": null, "ts": 1626157452.1545787}]}, "version": 183}
{"obj": {"type": "LogFloats", "path": ["loss", "train_step"], "values": [{"value": 24.78087615966797, "step": null, "ts": 1626157452.163804}]}, "version": 184}
{"obj": {"type": "LogFloats", "path": ["loss", "train_step"], "values": [{"value": 31.388795852661133, "step": null, "ts": 1626157452.1717937}]}, "version": 185}
{"obj": {"type": "LogFloats", "path": ["loss", "train_step"], "values": [{"value": 38.22999954223633, "step": null, "ts": 1626157452.181622}]}, "version": 186}
{"obj": {"type": "LogFloats", "path": ["loss", "train_epoch"], "values": [{"value": 32.34021895272391, "step": null, "ts": 1626157452.191842}]}, "version": 187}
{"obj": {"type": "LogFloats", "path": ["loss", "valid_step"], "values": [{"value": 26.806293487548828, "step": null, "ts": 1626157452.2493815}]}, "version": 188}
{"obj": {"type": "LogFloats", "path": ["loss", "valid_epoch"], "values": [{"value": 26.806293487548828, "step": null, "ts": 1626157452.2523196}]}, "version": 189}
{"obj": {"type": "LogStrings", "path": ["monitoring", "stdout"], "values": [{"value": "0 epoch, train_loss : 32.3402, val_loss : 26.8063", "step": null, "ts": 1626157452.2527883}]}, "version": 190}
{"obj": {"type": "LogStrings", "path": ["monitoring", "stdout"], "values": [{"value": "\n", "step": null, "ts": 1626157452.2533808}]}, "version": 191}
{"obj": {"type": "LogStrings", "path": ["monitoring", "stdout"], "values": [{"value": "\n", "step": null, "ts": 1626157452.2537594}]}, "version": 192}
{"obj": {"type": "LogFloats", "path": ["loss", "train_step"], "values": [{"value": 27.315509796142578, "step": null, "ts": 1626157452.2745783}]}, "version": 193}
{"obj": {"type": "LogFloats", "path": ["loss", "train_step"], "values": [{"value": 27.370635986328125, "step": null, "ts": 1626157452.2843256}]}, "version": 194}
{"obj": {"type": "LogFloats", "path": ["loss", "train_step"], "values": [{"value": 28.286651611328125, "step": null, "ts": 1626157452.2942717}]}, "version": 195}
{"obj": {"type": "LogFloats", "path": ["loss", "train_step"], "values": [{"value": 21.907840728759766, "step": null, "ts": 1626157452.3039382}]}, "version": 196}
{"obj": {"type": "LogFloats", "path": ["loss", "train_step"], "values": [{"value": 26.30774688720703, "step": null, "ts": 1626157452.314419}]}, "version": 197}
{"obj": {"type": "LogFloats", "path": ["loss", "train_step"], "values": [{"value": 20.17120361328125, "step": null, "ts": 1626157452.3240106}]}, "version": 198}
{"obj": {"type": "LogFloats", "path": ["loss", "train_step"], "values": [{"value": 16.8680419921875, "step": null, "ts": 1626157452.3340034}]}, "version": 199}
{"obj": {"type": "LogFloats", "path": ["loss", "train_epoch"], "values": [{"value": 24.032518659319198, "step": null, "ts": 1626157452.3471944}]}, "version": 200}
{"obj": {"type": "LogFloats", "path": ["loss", "valid_step"], "values": [{"value": 20.348501205444336, "step": null, "ts": 1626157452.4019482}]}, "version": 201}
{"obj": {"type": "LogFloats", "path": ["loss", "valid_epoch"], "values": [{"value": 20.348501205444336, "step": null, "ts": 1626157452.40446}]}, "version": 202}
{"obj": {"type": "LogStrings", "path": ["monitoring", "stdout"], "values": [{"value": "\r1 epoch, train_loss : 24.0325, val_loss : 26.8063 -> 20.3485\n", "step": null, "ts": 1626157452.4048133}]}, "version": 203}
{"obj": {"type": "LogStrings", "path": ["monitoring", "stdout"], "values": [{"value": "\n", "step": null, "ts": 1626157452.4054074}]}, "version": 204}
{"obj": {"type": "LogFloats", "path": ["loss", "train_step"], "values": [{"value": 23.64421844482422, "step": null, "ts": 1626157452.4267397}]}, "version": 205}
{"obj": {"type": "LogFloats", "path": ["loss", "train_step"], "values": [{"value": 20.60944175720215, "step": null, "ts": 1626157452.4356244}]}, "version": 206}
{"obj": {"type": "LogFloats", "path": ["loss", "train_step"], "values": [{"value": 14.596826553344727, "step": null, "ts": 1626157452.4458442}]}, "version": 207}
{"obj": {"type": "LogFloats", "path": ["loss", "train_step"], "values": [{"value": 17.99539566040039, "step": null, "ts": 1626157452.4553442}]}, "version": 208}
{"obj": {"type": "LogFloats", "path": ["loss", "train_step"], "values": [{"value": 17.80421257019043, "step": null, "ts": 1626157452.4663203}]}, "version": 209}
{"obj": {"type": "LogFloats", "path": ["loss", "train_step"], "values": [{"value": 15.78177547454834, "step": null, "ts": 1626157452.4760118}]}, "version": 210}
{"obj": {"type": "LogFloats", "path": ["loss", "train_step"], "values": [{"value": 16.905132293701172, "step": null, "ts": 1626157452.484395}]}, "version": 211}
{"obj": {"type": "LogFloats", "path": ["loss", "train_epoch"], "values": [{"value": 18.191000393458776, "step": null, "ts": 1626157452.4950535}]}, "version": 212}
{"obj": {"type": "LogFloats", "path": ["loss", "valid_step"], "values": [{"value": 14.524168014526367, "step": null, "ts": 1626157452.543061}]}, "version": 213}
{"obj": {"type": "LogFloats", "path": ["loss", "valid_epoch"], "values": [{"value": 14.524168014526367, "step": null, "ts": 1626157452.5454044}]}, "version": 214}
{"obj": {"type": "LogStrings", "path": ["monitoring", "stdout"], "values": [{"value": "\r2 epoch, train_loss : 18.1910, val_loss : 20.3485 -> 14.5242\n", "step": null, "ts": 1626157452.5457826}]}, "version": 215}
{"obj": {"type": "LogStrings", "path": ["monitoring", "stdout"], "values": [{"value": "\n", "step": null, "ts": 1626157452.5465095}]}, "version": 216}
{"obj": {"type": "LogFloats", "path": ["monitoring", "cpu"], "values": [{"value": 22.3, "step": null, "ts": 1626157458.6743548}]}, "version": 217}
{"obj": {"type": "LogFloats", "path": ["monitoring", "memory"], "values": [{"value": 18.44015121459961, "step": null, "ts": 1626157458.6743548}]}, "version": 218}
{"obj": {"type": "LogFloats", "path": ["monitoring", "gpu"], "values": [{"value": 20.0, "step": null, "ts": 1626157458.6743548}]}, "version": 219}
{"obj": {"type": "LogFloats", "path": ["monitoring", "gpu_memory"], "values": [{"value": 2.6343994140625, "step": null, "ts": 1626157458.6743548}]}, "version": 220}
{"obj": {"type": "LogFloats", "path": ["monitoring", "cpu"], "values": [{"value": 12.3, "step": null, "ts": 1626157468.6772974}]}, "version": 221}
{"obj": {"type": "LogFloats", "path": ["monitoring", "memory"], "values": [{"value": 18.444908142089844, "step": null, "ts": 1626157468.6772974}]}, "version": 222}
{"obj": {"type": "LogFloats", "path": ["monitoring", "gpu"], "values": [{"value": 7.0, "step": null, "ts": 1626157468.6772974}]}, "version": 223}
{"obj": {"type": "LogFloats", "path": ["monitoring", "gpu_memory"], "values": [{"value": 2.7730712890625, "step": null, "ts": 1626157468.6772974}]}, "version": 224}
{"obj": {"type": "LogFloats", "path": ["monitoring", "cpu"], "values": [{"value": 11.3, "step": null, "ts": 1626157478.6798596}]}, "version": 225}
{"obj": {"type": "LogFloats", "path": ["monitoring", "memory"], "values": [{"value": 18.415233612060547, "step": null, "ts": 1626157478.6798596}]}, "version": 226}
{"obj": {"type": "LogFloats", "path": ["monitoring", "gpu"], "values": [{"value": 8.0, "step": null, "ts": 1626157478.6798596}]}, "version": 227}
{"obj": {"type": "LogFloats", "path": ["monitoring", "gpu_memory"], "values": [{"value": 2.8056640625, "step": null, "ts": 1626157478.6798596}]}, "version": 228}
{"obj": {"type": "LogFloats", "path": ["monitoring", "cpu"], "values": [{"value": 10.4, "step": null, "ts": 1626157488.6822045}]}, "version": 229}
{"obj": {"type": "LogFloats", "path": ["monitoring", "memory"], "values": [{"value": 18.364986419677734, "step": null, "ts": 1626157488.6822045}]}, "version": 230}
{"obj": {"type": "LogFloats", "path": ["monitoring", "gpu"], "values": [{"value": 5.0, "step": null, "ts": 1626157488.6822045}]}, "version": 231}
{"obj": {"type": "LogFloats", "path": ["monitoring", "gpu_memory"], "values": [{"value": 2.773681640625, "step": null, "ts": 1626157488.6822045}]}, "version": 232}
{"obj": {"type": "LogFloats", "path": ["monitoring", "cpu"], "values": [{"value": 7.6, "step": null, "ts": 1626157498.6846347}]}, "version": 233}
{"obj": {"type": "LogFloats", "path": ["monitoring", "memory"], "values": [{"value": 18.34210968017578, "step": null, "ts": 1626157498.6846347}]}, "version": 234}
{"obj": {"type": "LogFloats", "path": ["monitoring", "gpu"], "values": [{"value": 5.0, "step": null, "ts": 1626157498.6846347}]}, "version": 235}
{"obj": {"type": "LogFloats", "path": ["monitoring", "gpu_memory"], "values": [{"value": 2.7550048828125, "step": null, "ts": 1626157498.6846347}]}, "version": 236}
{"obj": {"type": "LogFloats", "path": ["monitoring", "cpu"], "values": [{"value": 7.3, "step": null, "ts": 1626157508.686838}]}, "version": 237}
{"obj": {"type": "LogFloats", "path": ["monitoring", "memory"], "values": [{"value": 18.34136962890625, "step": null, "ts": 1626157508.686838}]}, "version": 238}
{"obj": {"type": "LogFloats", "path": ["monitoring", "gpu"], "values": [{"value": 5.0, "step": null, "ts": 1626157508.686838}]}, "version": 239}
{"obj": {"type": "LogFloats", "path": ["monitoring", "gpu_memory"], "values": [{"value": 2.76177978515625, "step": null, "ts": 1626157508.686838}]}, "version": 240}
{"obj": {"type": "LogFloats", "path": ["monitoring", "cpu"], "values": [{"value": 7.6, "step": null, "ts": 1626157518.6891148}]}, "version": 241}
{"obj": {"type": "LogFloats", "path": ["monitoring", "memory"], "values": [{"value": 18.336166381835938, "step": null, "ts": 1626157518.6891148}]}, "version": 242}
{"obj": {"type": "LogFloats", "path": ["monitoring", "gpu"], "values": [{"value": 17.0, "step": null, "ts": 1626157518.6891148}]}, "version": 243}
{"obj": {"type": "LogFloats", "path": ["monitoring", "gpu_memory"], "values": [{"value": 2.75579833984375, "step": null, "ts": 1626157518.6891148}]}, "version": 244}
{"obj": {"type": "LogFloats", "path": ["monitoring", "cpu"], "values": [{"value": 9.3, "step": null, "ts": 1626157528.6917515}]}, "version": 245}
{"obj": {"type": "LogFloats", "path": ["monitoring", "memory"], "values": [{"value": 18.35894775390625, "step": null, "ts": 1626157528.6917515}]}, "version": 246}
{"obj": {"type": "LogFloats", "path": ["monitoring", "gpu"], "values": [{"value": 5.0, "step": null, "ts": 1626157528.6917515}]}, "version": 247}
{"obj": {"type": "LogFloats", "path": ["monitoring", "gpu_memory"], "values": [{"value": 2.766357421875, "step": null, "ts": 1626157528.6917515}]}, "version": 248}
{"obj": {"type": "LogFloats", "path": ["monitoring", "cpu"], "values": [{"value": 8.1, "step": null, "ts": 1626157538.694813}]}, "version": 249}
{"obj": {"type": "LogFloats", "path": ["monitoring", "memory"], "values": [{"value": 18.33774185180664, "step": null, "ts": 1626157538.694813}]}, "version": 250}
{"obj": {"type": "LogFloats", "path": ["monitoring", "gpu"], "values": [{"value": 5.0, "step": null, "ts": 1626157538.694813}]}, "version": 251}
{"obj": {"type": "LogFloats", "path": ["monitoring", "gpu_memory"], "values": [{"value": 2.7421875, "step": null, "ts": 1626157538.694813}]}, "version": 252}
{"obj": {"type": "LogFloats", "path": ["monitoring", "cpu"], "values": [{"value": 9.7, "step": null, "ts": 1626157548.6977189}]}, "version": 253}
{"obj": {"type": "LogFloats", "path": ["monitoring", "memory"], "values": [{"value": 18.34051513671875, "step": null, "ts": 1626157548.6977189}]}, "version": 254}
{"obj": {"type": "LogFloats", "path": ["monitoring", "gpu"], "values": [{"value": 6.0, "step": null, "ts": 1626157548.6977189}]}, "version": 255}
{"obj": {"type": "LogFloats", "path": ["monitoring", "gpu_memory"], "values": [{"value": 2.74920654296875, "step": null, "ts": 1626157548.6977189}]}, "version": 256}
{"obj": {"type": "LogFloats", "path": ["monitoring", "cpu"], "values": [{"value": 9.4, "step": null, "ts": 1626157558.7012515}]}, "version": 257}
{"obj": {"type": "LogFloats", "path": ["monitoring", "memory"], "values": [{"value": 18.36078643798828, "step": null, "ts": 1626157558.7012515}]}, "version": 258}
{"obj": {"type": "LogFloats", "path": ["monitoring", "gpu"], "values": [{"value": 5.0, "step": null, "ts": 1626157558.7012515}]}, "version": 259}
{"obj": {"type": "LogFloats", "path": ["monitoring", "gpu_memory"], "values": [{"value": 2.758056640625, "step": null, "ts": 1626157558.7012515}]}, "version": 260}
{"obj": {"type": "LogFloats", "path": ["monitoring", "cpu"], "values": [{"value": 10.0, "step": null, "ts": 1626157568.7043228}]}, "version": 261}
{"obj": {"type": "LogFloats", "path": ["monitoring", "memory"], "values": [{"value": 18.35476303100586, "step": null, "ts": 1626157568.7043228}]}, "version": 262}
{"obj": {"type": "LogFloats", "path": ["monitoring", "gpu"], "values": [{"value": 16.0, "step": null, "ts": 1626157568.7043228}]}, "version": 263}
{"obj": {"type": "LogFloats", "path": ["monitoring", "gpu_memory"], "values": [{"value": 2.7568359375, "step": null, "ts": 1626157568.7043228}]}, "version": 264}
{"obj": {"type": "LogFloats", "path": ["monitoring", "cpu"], "values": [{"value": 7.5, "step": null, "ts": 1626157578.7067857}]}, "version": 265}
{"obj": {"type": "LogFloats", "path": ["monitoring", "memory"], "values": [{"value": 18.34191131591797, "step": null, "ts": 1626157578.7067857}]}, "version": 266}
{"obj": {"type": "LogFloats", "path": ["monitoring", "gpu"], "values": [{"value": 5.0, "step": null, "ts": 1626157578.7067857}]}, "version": 267}
{"obj": {"type": "LogFloats", "path": ["monitoring", "gpu_memory"], "values": [{"value": 2.7432861328125, "step": null, "ts": 1626157578.7067857}]}, "version": 268}
{"obj": {"type": "LogFloats", "path": ["monitoring", "cpu"], "values": [{"value": 9.6, "step": null, "ts": 1626157588.7097168}]}, "version": 269}
{"obj": {"type": "LogFloats", "path": ["monitoring", "memory"], "values": [{"value": 18.360393524169922, "step": null, "ts": 1626157588.7097168}]}, "version": 270}
{"obj": {"type": "LogFloats", "path": ["monitoring", "gpu"], "values": [{"value": 6.0, "step": null, "ts": 1626157588.7097168}]}, "version": 271}
{"obj": {"type": "LogFloats", "path": ["monitoring", "gpu_memory"], "values": [{"value": 2.7724609375, "step": null, "ts": 1626157588.7097168}]}, "version": 272}
{"obj": {"type": "LogFloats", "path": ["monitoring", "cpu"], "values": [{"value": 7.2, "step": null, "ts": 1626157598.7119138}]}, "version": 273}
{"obj": {"type": "LogFloats", "path": ["monitoring", "memory"], "values": [{"value": 18.34949493408203, "step": null, "ts": 1626157598.7119138}]}, "version": 274}
{"obj": {"type": "LogFloats", "path": ["monitoring", "gpu"], "values": [{"value": 5.0, "step": null, "ts": 1626157598.7119138}]}, "version": 275}
{"obj": {"type": "LogFloats", "path": ["monitoring", "gpu_memory"], "values": [{"value": 2.74591064453125, "step": null, "ts": 1626157598.7119138}]}, "version": 276}
{"obj": {"type": "LogFloats", "path": ["monitoring", "cpu"], "values": [{"value": 7.6, "step": null, "ts": 1626157608.7140725}]}, "version": 277}
{"obj": {"type": "LogFloats", "path": ["monitoring", "memory"], "values": [{"value": 18.342491149902344, "step": null, "ts": 1626157608.7140725}]}, "version": 278}
{"obj": {"type": "LogFloats", "path": ["monitoring", "gpu"], "values": [{"value": 5.0, "step": null, "ts": 1626157608.7140725}]}, "version": 279}
{"obj": {"type": "LogFloats", "path": ["monitoring", "gpu_memory"], "values": [{"value": 2.74859619140625, "step": null, "ts": 1626157608.7140725}]}, "version": 280}
{"obj": {"type": "LogFloats", "path": ["monitoring", "cpu"], "values": [{"value": 9.3, "step": null, "ts": 1626157618.7165298}]}, "version": 281}
{"obj": {"type": "LogFloats", "path": ["monitoring", "memory"], "values": [{"value": 18.37466049194336, "step": null, "ts": 1626157618.7165298}]}, "version": 282}
{"obj": {"type": "LogFloats", "path": ["monitoring", "gpu"], "values": [{"value": 5.0, "step": null, "ts": 1626157618.7165298}]}, "version": 283}
{"obj": {"type": "LogFloats", "path": ["monitoring", "gpu_memory"], "values": [{"value": 2.7552490234375, "step": null, "ts": 1626157618.7165298}]}, "version": 284}
{"obj": {"type": "LogFloats", "path": ["monitoring", "cpu"], "values": [{"value": 11.8, "step": null, "ts": 1626157628.7191865}]}, "version": 285}
{"obj": {"type": "LogFloats", "path": ["monitoring", "memory"], "values": [{"value": 18.377918243408203, "step": null, "ts": 1626157628.7191865}]}, "version": 286}
{"obj": {"type": "LogFloats", "path": ["monitoring", "gpu"], "values": [{"value": 5.0, "step": null, "ts": 1626157628.7191865}]}, "version": 287}
{"obj": {"type": "LogFloats", "path": ["monitoring", "gpu_memory"], "values": [{"value": 2.82135009765625, "step": null, "ts": 1626157628.7191865}]}, "version": 288}
{"obj": {"type": "LogFloats", "path": ["monitoring", "cpu"], "values": [{"value": 9.9, "step": null, "ts": 1626157638.7214422}]}, "version": 289}
{"obj": {"type": "LogFloats", "path": ["monitoring", "memory"], "values": [{"value": 18.38646697998047, "step": null, "ts": 1626157638.7214422}]}, "version": 290}
{"obj": {"type": "LogFloats", "path": ["monitoring", "gpu"], "values": [{"value": 5.0, "step": null, "ts": 1626157638.7214422}]}, "version": 291}
{"obj": {"type": "LogFloats", "path": ["monitoring", "gpu_memory"], "values": [{"value": 2.77642822265625, "step": null, "ts": 1626157638.7214422}]}, "version": 292}
{"obj": {"type": "LogFloats", "path": ["monitoring", "cpu"], "values": [{"value": 6.8, "step": null, "ts": 1626157648.7237487}]}, "version": 293}
{"obj": {"type": "LogFloats", "path": ["monitoring", "memory"], "values": [{"value": 18.395282745361328, "step": null, "ts": 1626157648.7237487}]}, "version": 294}
{"obj": {"type": "LogFloats", "path": ["monitoring", "gpu"], "values": [{"value": 6.0, "step": null, "ts": 1626157648.7237487}]}, "version": 295}
{"obj": {"type": "LogFloats", "path": ["monitoring", "gpu_memory"], "values": [{"value": 2.78302001953125, "step": null, "ts": 1626157648.7237487}]}, "version": 296}
{"obj": {"type": "LogFloats", "path": ["monitoring", "cpu"], "values": [{"value": 8.8, "step": null, "ts": 1626157658.7264068}]}, "version": 297}
{"obj": {"type": "LogFloats", "path": ["monitoring", "memory"], "values": [{"value": 18.38819122314453, "step": null, "ts": 1626157658.7264068}]}, "version": 298}
{"obj": {"type": "LogFloats", "path": ["monitoring", "gpu"], "values": [{"value": 5.0, "step": null, "ts": 1626157658.7264068}]}, "version": 299}
{"obj": {"type": "LogFloats", "path": ["monitoring", "gpu_memory"], "values": [{"value": 2.78985595703125, "step": null, "ts": 1626157658.7264068}]}, "version": 300}
{"obj": {"type": "LogFloats", "path": ["monitoring", "cpu"], "values": [{"value": 8.9, "step": null, "ts": 1626157668.7294712}]}, "version": 301}
{"obj": {"type": "LogFloats", "path": ["monitoring", "memory"], "values": [{"value": 18.438079833984375, "step": null, "ts": 1626157668.7294712}]}, "version": 302}
{"obj": {"type": "LogFloats", "path": ["monitoring", "gpu"], "values": [{"value": 5.0, "step": null, "ts": 1626157668.7294712}]}, "version": 303}
{"obj": {"type": "LogFloats", "path": ["monitoring", "gpu_memory"], "values": [{"value": 2.81573486328125, "step": null, "ts": 1626157668.7294712}]}, "version": 304}
{"obj": {"type": "LogFloats", "path": ["monitoring", "cpu"], "values": [{"value": 8.5, "step": null, "ts": 1626157678.7320116}]}, "version": 305}
{"obj": {"type": "LogFloats", "path": ["monitoring", "memory"], "values": [{"value": 18.395904541015625, "step": null, "ts": 1626157678.7320116}]}, "version": 306}
{"obj": {"type": "LogFloats", "path": ["monitoring", "gpu"], "values": [{"value": 7.0, "step": null, "ts": 1626157678.7320116}]}, "version": 307}
{"obj": {"type": "LogFloats", "path": ["monitoring", "gpu_memory"], "values": [{"value": 2.784912109375, "step": null, "ts": 1626157678.7320116}]}, "version": 308}
{"obj": {"type": "LogFloats", "path": ["monitoring", "cpu"], "values": [{"value": 8.0, "step": null, "ts": 1626157688.73417}]}, "version": 309}
{"obj": {"type": "LogFloats", "path": ["monitoring", "memory"], "values": [{"value": 18.376842498779297, "step": null, "ts": 1626157688.73417}]}, "version": 310}
{"obj": {"type": "LogFloats", "path": ["monitoring", "gpu"], "values": [{"value": 6.0, "step": null, "ts": 1626157688.73417}]}, "version": 311}
{"obj": {"type": "LogFloats", "path": ["monitoring", "gpu_memory"], "values": [{"value": 2.77587890625, "step": null, "ts": 1626157688.73417}]}, "version": 312}
{"obj": {"type": "LogFloats", "path": ["monitoring", "cpu"], "values": [{"value": 6.5, "step": null, "ts": 1626157698.7365496}]}, "version": 313}
{"obj": {"type": "LogFloats", "path": ["monitoring", "memory"], "values": [{"value": 18.383853912353516, "step": null, "ts": 1626157698.7365496}]}, "version": 314}
{"obj": {"type": "LogFloats", "path": ["monitoring", "gpu"], "values": [{"value": 5.0, "step": null, "ts": 1626157698.7365496}]}, "version": 315}
{"obj": {"type": "LogFloats", "path": ["monitoring", "gpu_memory"], "values": [{"value": 2.77362060546875, "step": null, "ts": 1626157698.7365496}]}, "version": 316}
{"obj": {"type": "LogFloats", "path": ["monitoring", "cpu"], "values": [{"value": 6.5, "step": null, "ts": 1626157708.7391675}]}, "version": 317}
{"obj": {"type": "LogFloats", "path": ["monitoring", "memory"], "values": [{"value": 18.385581970214844, "step": null, "ts": 1626157708.7391675}]}, "version": 318}
{"obj": {"type": "LogFloats", "path": ["monitoring", "gpu"], "values": [{"value": 28.0, "step": null, "ts": 1626157708.7391675}]}, "version": 319}
{"obj": {"type": "LogFloats", "path": ["monitoring", "gpu_memory"], "values": [{"value": 2.77313232421875, "step": null, "ts": 1626157708.7391675}]}, "version": 320}
{"obj": {"type": "LogFloats", "path": ["monitoring", "cpu"], "values": [{"value": 7.2, "step": null, "ts": 1626157718.741524}]}, "version": 321}
{"obj": {"type": "LogFloats", "path": ["monitoring", "memory"], "values": [{"value": 18.386192321777344, "step": null, "ts": 1626157718.741524}]}, "version": 322}
{"obj": {"type": "LogFloats", "path": ["monitoring", "gpu"], "values": [{"value": 27.0, "step": null, "ts": 1626157718.741524}]}, "version": 323}
{"obj": {"type": "LogFloats", "path": ["monitoring", "gpu_memory"], "values": [{"value": 2.77294921875, "step": null, "ts": 1626157718.741524}]}, "version": 324}
{"obj": {"type": "LogFloats", "path": ["monitoring", "cpu"], "values": [{"value": 5.9, "step": null, "ts": 1626157728.7440753}]}, "version": 325}
{"obj": {"type": "LogFloats", "path": ["monitoring", "memory"], "values": [{"value": 18.38776397705078, "step": null, "ts": 1626157728.7440753}]}, "version": 326}
{"obj": {"type": "LogFloats", "path": ["monitoring", "gpu"], "values": [{"value": 30.0, "step": null, "ts": 1626157728.7440753}]}, "version": 327}
{"obj": {"type": "LogFloats", "path": ["monitoring", "gpu_memory"], "values": [{"value": 2.77294921875, "step": null, "ts": 1626157728.7440753}]}, "version": 328}
{"obj": {"type": "LogFloats", "path": ["monitoring", "cpu"], "values": [{"value": 6.3, "step": null, "ts": 1626157738.74687}]}, "version": 329}
{"obj": {"type": "LogFloats", "path": ["monitoring", "memory"], "values": [{"value": 18.384628295898438, "step": null, "ts": 1626157738.74687}]}, "version": 330}
{"obj": {"type": "LogFloats", "path": ["monitoring", "gpu"], "values": [{"value": 31.0, "step": null, "ts": 1626157738.74687}]}, "version": 331}
{"obj": {"type": "LogFloats", "path": ["monitoring", "gpu_memory"], "values": [{"value": 2.77313232421875, "step": null, "ts": 1626157738.74687}]}, "version": 332}
{"obj": {"type": "LogFloats", "path": ["monitoring", "cpu"], "values": [{"value": 6.1, "step": null, "ts": 1626157748.749495}]}, "version": 333}
{"obj": {"type": "LogFloats", "path": ["monitoring", "memory"], "values": [{"value": 18.376392364501953, "step": null, "ts": 1626157748.749495}]}, "version": 334}
{"obj": {"type": "LogFloats", "path": ["monitoring", "gpu"], "values": [{"value": 30.0, "step": null, "ts": 1626157748.749495}]}, "version": 335}
{"obj": {"type": "LogFloats", "path": ["monitoring", "gpu_memory"], "values": [{"value": 2.77313232421875, "step": null, "ts": 1626157748.749495}]}, "version": 336}
{"obj": {"type": "LogFloats", "path": ["monitoring", "cpu"], "values": [{"value": 9.3, "step": null, "ts": 1626157758.7521458}]}, "version": 337}
{"obj": {"type": "LogFloats", "path": ["monitoring", "memory"], "values": [{"value": 18.43010711669922, "step": null, "ts": 1626157758.7521458}]}, "version": 338}
{"obj": {"type": "LogFloats", "path": ["monitoring", "gpu"], "values": [{"value": 6.0, "step": null, "ts": 1626157758.7521458}]}, "version": 339}
{"obj": {"type": "LogFloats", "path": ["monitoring", "gpu_memory"], "values": [{"value": 2.78131103515625, "step": null, "ts": 1626157758.7521458}]}, "version": 340}
{"obj": {"type": "LogFloats", "path": ["monitoring", "cpu"], "values": [{"value": 10.0, "step": null, "ts": 1626157768.7543917}]}, "version": 341}
{"obj": {"type": "LogFloats", "path": ["monitoring", "memory"], "values": [{"value": 18.424087524414062, "step": null, "ts": 1626157768.7543917}]}, "version": 342}
{"obj": {"type": "LogFloats", "path": ["monitoring", "gpu"], "values": [{"value": 18.0, "step": null, "ts": 1626157768.7543917}]}, "version": 343}
{"obj": {"type": "LogFloats", "path": ["monitoring", "gpu_memory"], "values": [{"value": 2.78021240234375, "step": null, "ts": 1626157768.7543917}]}, "version": 344}
{"obj": {"type": "LogFloats", "path": ["monitoring", "cpu"], "values": [{"value": 6.9, "step": null, "ts": 1626157778.75687}]}, "version": 345}
{"obj": {"type": "LogFloats", "path": ["monitoring", "memory"], "values": [{"value": 18.400592803955078, "step": null, "ts": 1626157778.75687}]}, "version": 346}
{"obj": {"type": "LogFloats", "path": ["monitoring", "gpu"], "values": [{"value": 39.0, "step": null, "ts": 1626157778.75687}]}, "version": 347}
{"obj": {"type": "LogFloats", "path": ["monitoring", "gpu_memory"], "values": [{"value": 2.77923583984375, "step": null, "ts": 1626157778.75687}]}, "version": 348}
{"obj": {"type": "LogFloats", "path": ["monitoring", "cpu"], "values": [{"value": 8.4, "step": null, "ts": 1626157788.759175}]}, "version": 349}
{"obj": {"type": "LogFloats", "path": ["monitoring", "memory"], "values": [{"value": 18.366588592529297, "step": null, "ts": 1626157788.759175}]}, "version": 350}
{"obj": {"type": "LogFloats", "path": ["monitoring", "gpu"], "values": [{"value": 5.0, "step": null, "ts": 1626157788.759175}]}, "version": 351}
{"obj": {"type": "LogFloats", "path": ["monitoring", "gpu_memory"], "values": [{"value": 2.7786865234375, "step": null, "ts": 1626157788.759175}]}, "version": 352}
{"obj": {"type": "LogFloats", "path": ["monitoring", "cpu"], "values": [{"value": 8.1, "step": null, "ts": 1626157798.7615294}]}, "version": 353}
{"obj": {"type": "LogFloats", "path": ["monitoring", "memory"], "values": [{"value": 18.372222900390625, "step": null, "ts": 1626157798.7615294}]}, "version": 354}
{"obj": {"type": "LogFloats", "path": ["monitoring", "gpu"], "values": [{"value": 6.0, "step": null, "ts": 1626157798.7615294}]}, "version": 355}
{"obj": {"type": "LogFloats", "path": ["monitoring", "gpu_memory"], "values": [{"value": 2.778564453125, "step": null, "ts": 1626157798.7615294}]}, "version": 356}
{"obj": {"type": "LogFloats", "path": ["monitoring", "cpu"], "values": [{"value": 7.1, "step": null, "ts": 1626157808.7644334}]}, "version": 357}
{"obj": {"type": "LogFloats", "path": ["monitoring", "memory"], "values": [{"value": 18.35688018798828, "step": null, "ts": 1626157808.7644334}]}, "version": 358}
{"obj": {"type": "LogFloats", "path": ["monitoring", "gpu"], "values": [{"value": 5.0, "step": null, "ts": 1626157808.7644334}]}, "version": 359}
{"obj": {"type": "LogFloats", "path": ["monitoring", "gpu_memory"], "values": [{"value": 2.77606201171875, "step": null, "ts": 1626157808.7644334}]}, "version": 360}
{"obj": {"type": "LogFloats", "path": ["monitoring", "cpu"], "values": [{"value": 9.6, "step": null, "ts": 1626157818.7668293}]}, "version": 361}
{"obj": {"type": "LogFloats", "path": ["monitoring", "memory"], "values": [{"value": 18.390220642089844, "step": null, "ts": 1626157818.7668293}]}, "version": 362}
{"obj": {"type": "LogFloats", "path": ["monitoring", "gpu"], "values": [{"value": 5.0, "step": null, "ts": 1626157818.7668293}]}, "version": 363}
{"obj": {"type": "LogFloats", "path": ["monitoring", "gpu_memory"], "values": [{"value": 2.6705322265625, "step": null, "ts": 1626157818.7668293}]}, "version": 364}
{"obj": {"type": "LogFloats", "path": ["monitoring", "cpu"], "values": [{"value": 8.5, "step": null, "ts": 1626157828.7693086}]}, "version": 365}
{"obj": {"type": "LogFloats", "path": ["monitoring", "memory"], "values": [{"value": 18.394622802734375, "step": null, "ts": 1626157828.7693086}]}, "version": 366}
{"obj": {"type": "LogFloats", "path": ["monitoring", "gpu"], "values": [{"value": 17.0, "step": null, "ts": 1626157828.7693086}]}, "version": 367}
{"obj": {"type": "LogFloats", "path": ["monitoring", "gpu_memory"], "values": [{"value": 2.64453125, "step": null, "ts": 1626157828.7693086}]}, "version": 368}
{"obj": {"type": "LogFloats", "path": ["monitoring", "cpu"], "values": [{"value": 8.9, "step": null, "ts": 1626157838.7715764}]}, "version": 369}
{"obj": {"type": "LogFloats", "path": ["monitoring", "memory"], "values": [{"value": 18.360801696777344, "step": null, "ts": 1626157838.7715764}]}, "version": 370}
{"obj": {"type": "LogFloats", "path": ["monitoring", "gpu"], "values": [{"value": 18.0, "step": null, "ts": 1626157838.7715764}]}, "version": 371}
{"obj": {"type": "LogFloats", "path": ["monitoring", "gpu_memory"], "values": [{"value": 2.64208984375, "step": null, "ts": 1626157838.7715764}]}, "version": 372}
{"obj": {"type": "LogFloats", "path": ["monitoring", "cpu"], "values": [{"value": 10.6, "step": null, "ts": 1626157848.7734165}]}, "version": 373}
{"obj": {"type": "LogFloats", "path": ["monitoring", "memory"], "values": [{"value": 18.36001205444336, "step": null, "ts": 1626157848.7734165}]}, "version": 374}
{"obj": {"type": "LogFloats", "path": ["monitoring", "gpu"], "values": [{"value": 6.0, "step": null, "ts": 1626157848.7734165}]}, "version": 375}
{"obj": {"type": "LogFloats", "path": ["monitoring", "gpu_memory"], "values": [{"value": 2.66851806640625, "step": null, "ts": 1626157848.7734165}]}, "version": 376}
{"obj": {"type": "LogFloats", "path": ["monitoring", "cpu"], "values": [{"value": 9.3, "step": null, "ts": 1626157858.7757406}]}, "version": 377}
{"obj": {"type": "LogFloats", "path": ["monitoring", "memory"], "values": [{"value": 18.401226043701172, "step": null, "ts": 1626157858.7757406}]}, "version": 378}
{"obj": {"type": "LogFloats", "path": ["monitoring", "gpu"], "values": [{"value": 6.0, "step": null, "ts": 1626157858.7757406}]}, "version": 379}
{"obj": {"type": "LogFloats", "path": ["monitoring", "gpu_memory"], "values": [{"value": 2.6676025390625, "step": null, "ts": 1626157858.7757406}]}, "version": 380}
{"obj": {"type": "LogFloats", "path": ["monitoring", "cpu"], "values": [{"value": 7.2, "step": null, "ts": 1626157868.7780406}]}, "version": 381}
{"obj": {"type": "LogFloats", "path": ["monitoring", "memory"], "values": [{"value": 18.37647247314453, "step": null, "ts": 1626157868.7780406}]}, "version": 382}
{"obj": {"type": "LogFloats", "path": ["monitoring", "gpu"], "values": [{"value": 6.0, "step": null, "ts": 1626157868.7780406}]}, "version": 383}
{"obj": {"type": "LogFloats", "path": ["monitoring", "gpu_memory"], "values": [{"value": 2.6463623046875, "step": null, "ts": 1626157868.7780406}]}, "version": 384}
{"obj": {"type": "LogFloats", "path": ["monitoring", "cpu"], "values": [{"value": 8.2, "step": null, "ts": 1626157878.7805765}]}, "version": 385}
{"obj": {"type": "LogFloats", "path": ["monitoring", "memory"], "values": [{"value": 18.353214263916016, "step": null, "ts": 1626157878.7805765}]}, "version": 386}
{"obj": {"type": "LogFloats", "path": ["monitoring", "gpu"], "values": [{"value": 32.0, "step": null, "ts": 1626157878.7805765}]}, "version": 387}
{"obj": {"type": "LogFloats", "path": ["monitoring", "gpu_memory"], "values": [{"value": 2.6290283203125, "step": null, "ts": 1626157878.7805765}]}, "version": 388}
{"obj": {"type": "LogFloats", "path": ["monitoring", "cpu"], "values": [{"value": 8.5, "step": null, "ts": 1626157888.7825322}]}, "version": 389}
{"obj": {"type": "LogFloats", "path": ["monitoring", "memory"], "values": [{"value": 18.37824249267578, "step": null, "ts": 1626157888.7825322}]}, "version": 390}
{"obj": {"type": "LogFloats", "path": ["monitoring", "gpu"], "values": [{"value": 34.0, "step": null, "ts": 1626157888.7825322}]}, "version": 391}
{"obj": {"type": "LogFloats", "path": ["monitoring", "gpu_memory"], "values": [{"value": 2.626220703125, "step": null, "ts": 1626157888.7825322}]}, "version": 392}
{"obj": {"type": "LogFloats", "path": ["monitoring", "cpu"], "values": [{"value": 11.1, "step": null, "ts": 1626157898.7852857}]}, "version": 393}
{"obj": {"type": "LogFloats", "path": ["monitoring", "memory"], "values": [{"value": 18.356666564941406, "step": null, "ts": 1626157898.7852857}]}, "version": 394}
{"obj": {"type": "LogFloats", "path": ["monitoring", "gpu"], "values": [{"value": 8.0, "step": null, "ts": 1626157898.7852857}]}, "version": 395}
{"obj": {"type": "LogFloats", "path": ["monitoring", "gpu_memory"], "values": [{"value": 2.624267578125, "step": null, "ts": 1626157898.7852857}]}, "version": 396}
{"obj": {"type": "LogFloats", "path": ["monitoring", "cpu"], "values": [{"value": 10.7, "step": null, "ts": 1626157908.7876046}]}, "version": 397}
{"obj": {"type": "LogFloats", "path": ["monitoring", "memory"], "values": [{"value": 18.369483947753906, "step": null, "ts": 1626157908.7876046}]}, "version": 398}
{"obj": {"type": "LogFloats", "path": ["monitoring", "gpu"], "values": [{"value": 6.0, "step": null, "ts": 1626157908.7876046}]}, "version": 399}
{"obj": {"type": "LogFloats", "path": ["monitoring", "gpu_memory"], "values": [{"value": 2.62774658203125, "step": null, "ts": 1626157908.7876046}]}, "version": 400}
{"obj": {"type": "LogFloats", "path": ["monitoring", "cpu"], "values": [{"value": 8.4, "step": null, "ts": 1626157918.7897754}]}, "version": 401}
{"obj": {"type": "LogFloats", "path": ["monitoring", "memory"], "values": [{"value": 18.356342315673828, "step": null, "ts": 1626157918.7897754}]}, "version": 402}
{"obj": {"type": "LogFloats", "path": ["monitoring", "gpu"], "values": [{"value": 5.0, "step": null, "ts": 1626157918.7897754}]}, "version": 403}
{"obj": {"type": "LogFloats", "path": ["monitoring", "gpu_memory"], "values": [{"value": 2.6414794921875, "step": null, "ts": 1626157918.7897754}]}, "version": 404}
{"obj": {"type": "LogFloats", "path": ["monitoring", "cpu"], "values": [{"value": 9.3, "step": null, "ts": 1626157928.792101}]}, "version": 405}
{"obj": {"type": "LogFloats", "path": ["monitoring", "memory"], "values": [{"value": 18.351818084716797, "step": null, "ts": 1626157928.792101}]}, "version": 406}
{"obj": {"type": "LogFloats", "path": ["monitoring", "gpu"], "values": [{"value": 6.0, "step": null, "ts": 1626157928.792101}]}, "version": 407}
{"obj": {"type": "LogFloats", "path": ["monitoring", "gpu_memory"], "values": [{"value": 2.6248779296875, "step": null, "ts": 1626157928.792101}]}, "version": 408}
{"obj": {"type": "LogFloats", "path": ["monitoring", "cpu"], "values": [{"value": 8.4, "step": null, "ts": 1626157938.7945108}]}, "version": 409}
{"obj": {"type": "LogFloats", "path": ["monitoring", "memory"], "values": [{"value": 18.370014190673828, "step": null, "ts": 1626157938.7945108}]}, "version": 410}
{"obj": {"type": "LogFloats", "path": ["monitoring", "gpu"], "values": [{"value": 11.0, "step": null, "ts": 1626157938.7945108}]}, "version": 411}
{"obj": {"type": "LogFloats", "path": ["monitoring", "gpu_memory"], "values": [{"value": 2.62921142578125, "step": null, "ts": 1626157938.7945108}]}, "version": 412}
{"obj": {"type": "LogFloats", "path": ["monitoring", "cpu"], "values": [{"value": 7.0, "step": null, "ts": 1626157948.797082}]}, "version": 413}
{"obj": {"type": "LogFloats", "path": ["monitoring", "memory"], "values": [{"value": 18.355831146240234, "step": null, "ts": 1626157948.797082}]}, "version": 414}
{"obj": {"type": "LogFloats", "path": ["monitoring", "gpu"], "values": [{"value": 6.0, "step": null, "ts": 1626157948.797082}]}, "version": 415}
{"obj": {"type": "LogFloats", "path": ["monitoring", "gpu_memory"], "values": [{"value": 2.62884521484375, "step": null, "ts": 1626157948.797082}]}, "version": 416}
{"obj": {"type": "LogFloats", "path": ["monitoring", "cpu"], "values": [{"value": 8.4, "step": null, "ts": 1626157958.799497}]}, "version": 417}
{"obj": {"type": "LogFloats", "path": ["monitoring", "memory"], "values": [{"value": 18.359542846679688, "step": null, "ts": 1626157958.799497}]}, "version": 418}
{"obj": {"type": "LogFloats", "path": ["monitoring", "gpu"], "values": [{"value": 13.0, "step": null, "ts": 1626157958.799497}]}, "version": 419}
{"obj": {"type": "LogFloats", "path": ["monitoring", "gpu_memory"], "values": [{"value": 2.6285400390625, "step": null, "ts": 1626157958.799497}]}, "version": 420}
{"obj": {"type": "LogFloats", "path": ["monitoring", "cpu"], "values": [{"value": 11.7, "step": null, "ts": 1626157968.8025808}]}, "version": 421}
{"obj": {"type": "LogFloats", "path": ["monitoring", "memory"], "values": [{"value": 18.397377014160156, "step": null, "ts": 1626157968.8025808}]}, "version": 422}
{"obj": {"type": "LogFloats", "path": ["monitoring", "gpu"], "values": [{"value": 19.0, "step": null, "ts": 1626157968.8025808}]}, "version": 423}
{"obj": {"type": "LogFloats", "path": ["monitoring", "gpu_memory"], "values": [{"value": 2.677734375, "step": null, "ts": 1626157968.8025808}]}, "version": 424}
{"obj": {"type": "LogFloats", "path": ["monitoring", "cpu"], "values": [{"value": 9.9, "step": null, "ts": 1626157978.8048506}]}, "version": 425}
{"obj": {"type": "LogFloats", "path": ["monitoring", "memory"], "values": [{"value": 18.368404388427734, "step": null, "ts": 1626157978.8048506}]}, "version": 426}
{"obj": {"type": "LogFloats", "path": ["monitoring", "gpu"], "values": [{"value": 35.0, "step": null, "ts": 1626157978.8048506}]}, "version": 427}
{"obj": {"type": "LogFloats", "path": ["monitoring", "gpu_memory"], "values": [{"value": 2.64141845703125, "step": null, "ts": 1626157978.8048506}]}, "version": 428}
{"obj": {"type": "LogStrings", "path": ["monitoring", "stdout"], "values": [{"value": "b'Shutting down background jobs, please wait a moment...\\n'", "step": null, "ts": 1626157983.5077875}]}, "version": 429}
