{"obj": {"type": "AssignString", "path": ["sys", "name"], "value": "Untitled"}, "version": 1}
{"obj": {"type": "AssignString", "path": ["sys", "description"], "value": ""}, "version": 2}
{"obj": {"type": "AssignString", "path": ["sys", "hostname"], "value": "rtm-desktop"}, "version": 3}
{"obj": {"type": "AssignBool", "path": ["sys", "failed"], "value": false}, "version": 4}
{"obj": {"type": "ClearStringLog", "path": ["monitoring", "stdout"]}, "version": 5}
{"obj": {"type": "ClearStringLog", "path": ["monitoring", "stderr"]}, "version": 6}
{"obj": {"type": "UploadFileSet", "path": ["source_code", "files"], "file_globs": ["/home/rtm/Dropbox/GIT/MLOps/*"], "reset": "False"}, "version": 7}
{"obj": {"type": "ConfigFloatSeries", "path": ["monitoring", "cpu"], "min": 0.0, "max": 100.0, "unit": "%"}, "version": 8}
{"obj": {"type": "ClearFloatLog", "path": ["monitoring", "cpu"]}, "version": 9}
{"obj": {"type": "ConfigFloatSeries", "path": ["monitoring", "memory"], "min": 0.0, "max": 125.65727615356445, "unit": "GB"}, "version": 10}
{"obj": {"type": "ClearFloatLog", "path": ["monitoring", "memory"]}, "version": 11}
{"obj": {"type": "ConfigFloatSeries", "path": ["monitoring", "gpu"], "min": 0.0, "max": 100.0, "unit": "%"}, "version": 12}
{"obj": {"type": "ClearFloatLog", "path": ["monitoring", "gpu"]}, "version": 13}
{"obj": {"type": "ConfigFloatSeries", "path": ["monitoring", "gpu_memory"], "min": 0.0, "max": 10.91522216796875, "unit": "GB"}, "version": 14}
{"obj": {"type": "ClearFloatLog", "path": ["monitoring", "gpu_memory"]}, "version": 15}
{"obj": {"type": "LogFloats", "path": ["monitoring", "cpu"], "values": [{"value": 13.8, "step": null, "ts": 1626149935.697884}]}, "version": 16}
{"obj": {"type": "LogFloats", "path": ["monitoring", "memory"], "values": [{"value": 16.449817657470703, "step": null, "ts": 1626149935.697884}]}, "version": 17}
{"obj": {"type": "LogStrings", "path": ["monitoring", "stdout"], "values": [{"value": "b''", "step": null, "ts": 1626149935.7109733}]}, "version": 18}
{"obj": {"type": "LogFloats", "path": ["monitoring", "gpu"], "values": [{"value": 38.0, "step": null, "ts": 1626149935.697884}]}, "version": 19}
{"obj": {"type": "LogFloats", "path": ["monitoring", "gpu_memory"], "values": [{"value": 2.24078369140625, "step": null, "ts": 1626149935.697884}]}, "version": 20}
{"obj": {"type": "LogStrings", "path": ["monitoring", "stdout"], "values": [{"value": "b'https://app.neptune.ai/sangyeop-kim/sample/e/SAM-34\\n'", "step": null, "ts": 1626149935.7145433}]}, "version": 21}
{"obj": {"type": "LogStrings", "path": ["monitoring", "stdout"], "values": [{"value": "b'Remember to stop your run once you\\xe2\\x80\\x99ve finished logging your metadata (https://docs.neptune.ai/api-reference/run#stop). It will be stopped automatically only when the notebook kernel/interactive console is terminated.\\n'", "step": null, "ts": 1626149935.7191598}]}, "version": 22}
{"obj": {"type": "LogStrings", "path": ["monitoring", "stderr"], "values": [{"value": "Error occurred during asynchronous operation processing: Timestamp must be non-decreasing for series attribute: monitoring/stdout. Invalid point: 2021-07-13T04:18:55.707Z\n", "step": null, "ts": 1626149941.2973278}]}, "version": 23}
{"obj": {"type": "LogStrings", "path": ["monitoring", "stderr"], "values": [{"value": "Error occurred during asynchronous operation processing: Timestamp must be non-decreasing for series attribute: monitoring/stdout. Invalid point: 2021-07-13T04:18:55.713Z\n", "step": null, "ts": 1626149941.300486}]}, "version": 24}
{"obj": {"type": "LogFloats", "path": ["zxc"], "values": [{"value": 0.0, "step": null, "ts": 1626149943.128896}]}, "version": 25}
{"obj": {"type": "LogFloats", "path": ["zxc"], "values": [{"value": 1.0, "step": null, "ts": 1626149943.130545}]}, "version": 26}
{"obj": {"type": "LogFloats", "path": ["zxc"], "values": [{"value": 2.0, "step": null, "ts": 1626149943.1313221}]}, "version": 27}
{"obj": {"type": "LogFloats", "path": ["zxc"], "values": [{"value": 3.0, "step": null, "ts": 1626149943.132121}]}, "version": 28}
{"obj": {"type": "LogFloats", "path": ["zxc"], "values": [{"value": 4.0, "step": null, "ts": 1626149943.1325643}]}, "version": 29}
{"obj": {"type": "LogFloats", "path": ["zxc"], "values": [{"value": 5.0, "step": null, "ts": 1626149943.1331844}]}, "version": 30}
{"obj": {"type": "LogFloats", "path": ["zxc"], "values": [{"value": 6.0, "step": null, "ts": 1626149943.1334882}]}, "version": 31}
{"obj": {"type": "LogFloats", "path": ["zxc"], "values": [{"value": 7.0, "step": null, "ts": 1626149943.133787}]}, "version": 32}
{"obj": {"type": "LogFloats", "path": ["zxc"], "values": [{"value": 8.0, "step": null, "ts": 1626149943.1341348}]}, "version": 33}
{"obj": {"type": "LogFloats", "path": ["zxc"], "values": [{"value": 9.0, "step": null, "ts": 1626149943.1345203}]}, "version": 34}
{"obj": {"type": "LogFloats", "path": ["zxc"], "values": [{"value": 10.0, "step": null, "ts": 1626149943.1349666}]}, "version": 35}
{"obj": {"type": "LogFloats", "path": ["zxc"], "values": [{"value": 11.0, "step": null, "ts": 1626149943.1354668}]}, "version": 36}
{"obj": {"type": "LogFloats", "path": ["zxc"], "values": [{"value": 12.0, "step": null, "ts": 1626149943.135791}]}, "version": 37}
{"obj": {"type": "LogFloats", "path": ["zxc"], "values": [{"value": 13.0, "step": null, "ts": 1626149943.1362195}]}, "version": 38}
{"obj": {"type": "LogFloats", "path": ["zxc"], "values": [{"value": 14.0, "step": null, "ts": 1626149943.1366007}]}, "version": 39}
{"obj": {"type": "LogFloats", "path": ["zxc"], "values": [{"value": 15.0, "step": null, "ts": 1626149943.1369328}]}, "version": 40}
{"obj": {"type": "LogFloats", "path": ["zxc"], "values": [{"value": 16.0, "step": null, "ts": 1626149943.1371891}]}, "version": 41}
{"obj": {"type": "LogFloats", "path": ["zxc"], "values": [{"value": 17.0, "step": null, "ts": 1626149943.1374717}]}, "version": 42}
{"obj": {"type": "LogFloats", "path": ["zxc"], "values": [{"value": 18.0, "step": null, "ts": 1626149943.1379192}]}, "version": 43}
{"obj": {"type": "LogFloats", "path": ["zxc"], "values": [{"value": 19.0, "step": null, "ts": 1626149943.138292}]}, "version": 44}
{"obj": {"type": "LogFloats", "path": ["zxc"], "values": [{"value": 20.0, "step": null, "ts": 1626149943.1386933}]}, "version": 45}
{"obj": {"type": "LogFloats", "path": ["zxc"], "values": [{"value": 21.0, "step": null, "ts": 1626149943.139106}]}, "version": 46}
{"obj": {"type": "LogFloats", "path": ["zxc"], "values": [{"value": 22.0, "step": null, "ts": 1626149943.1397796}]}, "version": 47}
{"obj": {"type": "LogFloats", "path": ["zxc"], "values": [{"value": 23.0, "step": null, "ts": 1626149943.1400666}]}, "version": 48}
{"obj": {"type": "LogFloats", "path": ["zxc"], "values": [{"value": 24.0, "step": null, "ts": 1626149943.140377}]}, "version": 49}
{"obj": {"type": "LogFloats", "path": ["zxc"], "values": [{"value": 25.0, "step": null, "ts": 1626149943.1406338}]}, "version": 50}
{"obj": {"type": "LogFloats", "path": ["zxc"], "values": [{"value": 26.0, "step": null, "ts": 1626149943.1408653}]}, "version": 51}
{"obj": {"type": "LogFloats", "path": ["zxc"], "values": [{"value": 27.0, "step": null, "ts": 1626149943.1410947}]}, "version": 52}
{"obj": {"type": "LogFloats", "path": ["zxc"], "values": [{"value": 28.0, "step": null, "ts": 1626149943.1413248}]}, "version": 53}
{"obj": {"type": "LogFloats", "path": ["zxc"], "values": [{"value": 29.0, "step": null, "ts": 1626149943.1415775}]}, "version": 54}
{"obj": {"type": "LogFloats", "path": ["zxc"], "values": [{"value": 30.0, "step": null, "ts": 1626149943.1418273}]}, "version": 55}
{"obj": {"type": "LogFloats", "path": ["zxc"], "values": [{"value": 31.0, "step": null, "ts": 1626149943.1420667}]}, "version": 56}
{"obj": {"type": "LogFloats", "path": ["zxc"], "values": [{"value": 32.0, "step": null, "ts": 1626149943.1423473}]}, "version": 57}
{"obj": {"type": "LogFloats", "path": ["zxc"], "values": [{"value": 33.0, "step": null, "ts": 1626149943.1425683}]}, "version": 58}
{"obj": {"type": "LogFloats", "path": ["zxc"], "values": [{"value": 34.0, "step": null, "ts": 1626149943.1427708}]}, "version": 59}
{"obj": {"type": "LogFloats", "path": ["zxc"], "values": [{"value": 35.0, "step": null, "ts": 1626149943.1429935}]}, "version": 60}
{"obj": {"type": "LogFloats", "path": ["zxc"], "values": [{"value": 36.0, "step": null, "ts": 1626149943.1434405}]}, "version": 61}
{"obj": {"type": "LogFloats", "path": ["zxc"], "values": [{"value": 37.0, "step": null, "ts": 1626149943.1437411}]}, "version": 62}
{"obj": {"type": "LogFloats", "path": ["zxc"], "values": [{"value": 38.0, "step": null, "ts": 1626149943.1439466}]}, "version": 63}
{"obj": {"type": "LogFloats", "path": ["zxc"], "values": [{"value": 39.0, "step": null, "ts": 1626149943.144106}]}, "version": 64}
{"obj": {"type": "LogFloats", "path": ["zxc"], "values": [{"value": 40.0, "step": null, "ts": 1626149943.1442888}]}, "version": 65}
{"obj": {"type": "LogFloats", "path": ["zxc"], "values": [{"value": 41.0, "step": null, "ts": 1626149943.1445506}]}, "version": 66}
{"obj": {"type": "LogFloats", "path": ["zxc"], "values": [{"value": 42.0, "step": null, "ts": 1626149943.1447365}]}, "version": 67}
{"obj": {"type": "LogFloats", "path": ["zxc"], "values": [{"value": 43.0, "step": null, "ts": 1626149943.1449318}]}, "version": 68}
{"obj": {"type": "LogFloats", "path": ["zxc"], "values": [{"value": 44.0, "step": null, "ts": 1626149943.1451266}]}, "version": 69}
{"obj": {"type": "LogFloats", "path": ["zxc"], "values": [{"value": 45.0, "step": null, "ts": 1626149943.145334}]}, "version": 70}
{"obj": {"type": "LogFloats", "path": ["zxc"], "values": [{"value": 46.0, "step": null, "ts": 1626149943.1455956}]}, "version": 71}
{"obj": {"type": "LogFloats", "path": ["zxc"], "values": [{"value": 47.0, "step": null, "ts": 1626149943.1459284}]}, "version": 72}
{"obj": {"type": "LogFloats", "path": ["zxc"], "values": [{"value": 48.0, "step": null, "ts": 1626149943.1465764}]}, "version": 73}
{"obj": {"type": "LogFloats", "path": ["zxc"], "values": [{"value": 49.0, "step": null, "ts": 1626149943.1468737}]}, "version": 74}
{"obj": {"type": "LogFloats", "path": ["zxc"], "values": [{"value": 50.0, "step": null, "ts": 1626149943.1470985}]}, "version": 75}
{"obj": {"type": "LogFloats", "path": ["zxc"], "values": [{"value": 51.0, "step": null, "ts": 1626149943.1473205}]}, "version": 76}
{"obj": {"type": "LogFloats", "path": ["zxc"], "values": [{"value": 52.0, "step": null, "ts": 1626149943.1475148}]}, "version": 77}
{"obj": {"type": "LogFloats", "path": ["zxc"], "values": [{"value": 53.0, "step": null, "ts": 1626149943.1476936}]}, "version": 78}
{"obj": {"type": "LogFloats", "path": ["zxc"], "values": [{"value": 54.0, "step": null, "ts": 1626149943.1478722}]}, "version": 79}
{"obj": {"type": "LogFloats", "path": ["zxc"], "values": [{"value": 55.0, "step": null, "ts": 1626149943.1483564}]}, "version": 80}
{"obj": {"type": "LogFloats", "path": ["zxc"], "values": [{"value": 56.0, "step": null, "ts": 1626149943.148572}]}, "version": 81}
{"obj": {"type": "LogFloats", "path": ["zxc"], "values": [{"value": 57.0, "step": null, "ts": 1626149943.1487403}]}, "version": 82}
{"obj": {"type": "LogFloats", "path": ["zxc"], "values": [{"value": 58.0, "step": null, "ts": 1626149943.1494088}]}, "version": 83}
{"obj": {"type": "LogFloats", "path": ["zxc"], "values": [{"value": 59.0, "step": null, "ts": 1626149943.1496294}]}, "version": 84}
{"obj": {"type": "LogFloats", "path": ["zxc"], "values": [{"value": 60.0, "step": null, "ts": 1626149943.14983}]}, "version": 85}
{"obj": {"type": "LogFloats", "path": ["zxc"], "values": [{"value": 61.0, "step": null, "ts": 1626149943.150031}]}, "version": 86}
{"obj": {"type": "LogFloats", "path": ["zxc"], "values": [{"value": 62.0, "step": null, "ts": 1626149943.150219}]}, "version": 87}
{"obj": {"type": "LogFloats", "path": ["zxc"], "values": [{"value": 63.0, "step": null, "ts": 1626149943.1504102}]}, "version": 88}
{"obj": {"type": "LogFloats", "path": ["zxc"], "values": [{"value": 64.0, "step": null, "ts": 1626149943.150634}]}, "version": 89}
{"obj": {"type": "LogFloats", "path": ["zxc"], "values": [{"value": 65.0, "step": null, "ts": 1626149943.150866}]}, "version": 90}
{"obj": {"type": "LogFloats", "path": ["zxc"], "values": [{"value": 66.0, "step": null, "ts": 1626149943.1510952}]}, "version": 91}
{"obj": {"type": "LogFloats", "path": ["zxc"], "values": [{"value": 67.0, "step": null, "ts": 1626149943.151383}]}, "version": 92}
{"obj": {"type": "LogFloats", "path": ["zxc"], "values": [{"value": 68.0, "step": null, "ts": 1626149943.1515834}]}, "version": 93}
{"obj": {"type": "LogFloats", "path": ["zxc"], "values": [{"value": 69.0, "step": null, "ts": 1626149943.1518252}]}, "version": 94}
{"obj": {"type": "LogFloats", "path": ["zxc"], "values": [{"value": 70.0, "step": null, "ts": 1626149943.1522896}]}, "version": 95}
{"obj": {"type": "LogFloats", "path": ["zxc"], "values": [{"value": 71.0, "step": null, "ts": 1626149943.1526859}]}, "version": 96}
{"obj": {"type": "LogFloats", "path": ["zxc"], "values": [{"value": 72.0, "step": null, "ts": 1626149943.1528938}]}, "version": 97}
{"obj": {"type": "LogFloats", "path": ["zxc"], "values": [{"value": 73.0, "step": null, "ts": 1626149943.1531916}]}, "version": 98}
{"obj": {"type": "LogFloats", "path": ["zxc"], "values": [{"value": 74.0, "step": null, "ts": 1626149943.153406}]}, "version": 99}
{"obj": {"type": "LogFloats", "path": ["zxc"], "values": [{"value": 75.0, "step": null, "ts": 1626149943.1539445}]}, "version": 100}
{"obj": {"type": "LogFloats", "path": ["zxc"], "values": [{"value": 76.0, "step": null, "ts": 1626149943.1542099}]}, "version": 101}
{"obj": {"type": "LogFloats", "path": ["zxc"], "values": [{"value": 77.0, "step": null, "ts": 1626149943.1544006}]}, "version": 102}
{"obj": {"type": "LogFloats", "path": ["zxc"], "values": [{"value": 78.0, "step": null, "ts": 1626149943.1546133}]}, "version": 103}
{"obj": {"type": "LogFloats", "path": ["zxc"], "values": [{"value": 79.0, "step": null, "ts": 1626149943.1548178}]}, "version": 104}
{"obj": {"type": "LogFloats", "path": ["zxc"], "values": [{"value": 80.0, "step": null, "ts": 1626149943.1549704}]}, "version": 105}
{"obj": {"type": "LogFloats", "path": ["zxc"], "values": [{"value": 81.0, "step": null, "ts": 1626149943.1551416}]}, "version": 106}
{"obj": {"type": "LogFloats", "path": ["zxc"], "values": [{"value": 82.0, "step": null, "ts": 1626149943.1553445}]}, "version": 107}
{"obj": {"type": "LogFloats", "path": ["zxc"], "values": [{"value": 83.0, "step": null, "ts": 1626149943.155555}]}, "version": 108}
{"obj": {"type": "LogFloats", "path": ["zxc"], "values": [{"value": 84.0, "step": null, "ts": 1626149943.1557581}]}, "version": 109}
{"obj": {"type": "LogFloats", "path": ["zxc"], "values": [{"value": 85.0, "step": null, "ts": 1626149943.1559894}]}, "version": 110}
{"obj": {"type": "LogFloats", "path": ["zxc"], "values": [{"value": 86.0, "step": null, "ts": 1626149943.1562147}]}, "version": 111}
{"obj": {"type": "LogFloats", "path": ["zxc"], "values": [{"value": 87.0, "step": null, "ts": 1626149943.1564374}]}, "version": 112}
{"obj": {"type": "LogFloats", "path": ["zxc"], "values": [{"value": 88.0, "step": null, "ts": 1626149943.15671}]}, "version": 113}
{"obj": {"type": "LogFloats", "path": ["zxc"], "values": [{"value": 89.0, "step": null, "ts": 1626149943.1569269}]}, "version": 114}
{"obj": {"type": "LogFloats", "path": ["zxc"], "values": [{"value": 90.0, "step": null, "ts": 1626149943.1576643}]}, "version": 115}
{"obj": {"type": "LogFloats", "path": ["zxc"], "values": [{"value": 91.0, "step": null, "ts": 1626149943.157965}]}, "version": 116}
{"obj": {"type": "LogFloats", "path": ["zxc"], "values": [{"value": 92.0, "step": null, "ts": 1626149943.1581478}]}, "version": 117}
{"obj": {"type": "LogFloats", "path": ["zxc"], "values": [{"value": 93.0, "step": null, "ts": 1626149943.1583967}]}, "version": 118}
{"obj": {"type": "LogFloats", "path": ["zxc"], "values": [{"value": 94.0, "step": null, "ts": 1626149943.1586163}]}, "version": 119}
{"obj": {"type": "LogFloats", "path": ["zxc"], "values": [{"value": 95.0, "step": null, "ts": 1626149943.1588173}]}, "version": 120}
{"obj": {"type": "LogFloats", "path": ["zxc"], "values": [{"value": 96.0, "step": null, "ts": 1626149943.1590292}]}, "version": 121}
{"obj": {"type": "LogFloats", "path": ["zxc"], "values": [{"value": 97.0, "step": null, "ts": 1626149943.159364}]}, "version": 122}
{"obj": {"type": "LogFloats", "path": ["zxc"], "values": [{"value": 98.0, "step": null, "ts": 1626149943.1596167}]}, "version": 123}
{"obj": {"type": "LogFloats", "path": ["zxc"], "values": [{"value": 99.0, "step": null, "ts": 1626149943.1599045}]}, "version": 124}
{"obj": {"type": "LogFloats", "path": ["monitoring", "cpu"], "values": [{"value": 17.1, "step": null, "ts": 1626149945.713265}]}, "version": 125}
{"obj": {"type": "LogFloats", "path": ["monitoring", "memory"], "values": [{"value": 16.627151489257812, "step": null, "ts": 1626149945.713265}]}, "version": 126}
{"obj": {"type": "LogFloats", "path": ["monitoring", "gpu"], "values": [{"value": 9.0, "step": null, "ts": 1626149945.713265}]}, "version": 127}
{"obj": {"type": "LogFloats", "path": ["monitoring", "gpu_memory"], "values": [{"value": 2.26214599609375, "step": null, "ts": 1626149945.713265}]}, "version": 128}
{"obj": {"type": "LogStrings", "path": ["monitoring", "stderr"], "values": [{"value": "Error occurred during asynchronous operation processing: Timestamp must be non-decreasing for series attribute: monitoring/stderr. Invalid point: 2021-07-13T04:19:01.296Z\n", "step": null, "ts": 1626149946.813934}]}, "version": 129}
{"obj": {"type": "LogFloats", "path": ["monitoring", "cpu"], "values": [{"value": 14.9, "step": null, "ts": 1626149955.715334}]}, "version": 130}
{"obj": {"type": "LogFloats", "path": ["monitoring", "memory"], "values": [{"value": 16.674198150634766, "step": null, "ts": 1626149955.715334}]}, "version": 131}
{"obj": {"type": "LogFloats", "path": ["monitoring", "gpu"], "values": [{"value": 10.0, "step": null, "ts": 1626149955.715334}]}, "version": 132}
{"obj": {"type": "LogFloats", "path": ["monitoring", "gpu_memory"], "values": [{"value": 2.2244873046875, "step": null, "ts": 1626149955.715334}]}, "version": 133}
{"obj": {"type": "LogFloats", "path": ["monitoring", "cpu"], "values": [{"value": 10.6, "step": null, "ts": 1626149965.7178578}]}, "version": 134}
{"obj": {"type": "LogFloats", "path": ["monitoring", "memory"], "values": [{"value": 16.654727935791016, "step": null, "ts": 1626149965.7178578}]}, "version": 135}
{"obj": {"type": "LogFloats", "path": ["monitoring", "gpu"], "values": [{"value": 9.0, "step": null, "ts": 1626149965.7178578}]}, "version": 136}
{"obj": {"type": "LogFloats", "path": ["monitoring", "gpu_memory"], "values": [{"value": 2.22222900390625, "step": null, "ts": 1626149965.7178578}]}, "version": 137}
{"obj": {"type": "LogFloats", "path": ["monitoring", "cpu"], "values": [{"value": 17.3, "step": null, "ts": 1626149975.721053}]}, "version": 138}
{"obj": {"type": "LogFloats", "path": ["monitoring", "memory"], "values": [{"value": 16.690017700195312, "step": null, "ts": 1626149975.721053}]}, "version": 139}
{"obj": {"type": "LogFloats", "path": ["monitoring", "gpu"], "values": [{"value": 9.0, "step": null, "ts": 1626149975.721053}]}, "version": 140}
{"obj": {"type": "LogFloats", "path": ["monitoring", "gpu_memory"], "values": [{"value": 2.2493896484375, "step": null, "ts": 1626149975.721053}]}, "version": 141}
{"obj": {"type": "LogFloats", "path": ["monitoring", "cpu"], "values": [{"value": 12.0, "step": null, "ts": 1626149985.723327}]}, "version": 142}
{"obj": {"type": "LogFloats", "path": ["monitoring", "memory"], "values": [{"value": 16.60498809814453, "step": null, "ts": 1626149985.723327}]}, "version": 143}
{"obj": {"type": "LogFloats", "path": ["monitoring", "gpu"], "values": [{"value": 24.0, "step": null, "ts": 1626149985.723327}]}, "version": 144}
{"obj": {"type": "LogFloats", "path": ["monitoring", "gpu_memory"], "values": [{"value": 2.23394775390625, "step": null, "ts": 1626149985.723327}]}, "version": 145}
{"obj": {"type": "LogFloats", "path": ["monitoring", "cpu"], "values": [{"value": 7.4, "step": null, "ts": 1626149995.725732}]}, "version": 146}
{"obj": {"type": "LogFloats", "path": ["monitoring", "memory"], "values": [{"value": 16.600669860839844, "step": null, "ts": 1626149995.725732}]}, "version": 147}
{"obj": {"type": "LogFloats", "path": ["monitoring", "gpu"], "values": [{"value": 13.0, "step": null, "ts": 1626149995.725732}]}, "version": 148}
{"obj": {"type": "LogFloats", "path": ["monitoring", "gpu_memory"], "values": [{"value": 2.2308349609375, "step": null, "ts": 1626149995.725732}]}, "version": 149}
{"obj": {"type": "LogFloats", "path": ["monitoring", "cpu"], "values": [{"value": 6.2, "step": null, "ts": 1626150005.7285085}]}, "version": 150}
{"obj": {"type": "LogFloats", "path": ["monitoring", "memory"], "values": [{"value": 16.5772705078125, "step": null, "ts": 1626150005.7285085}]}, "version": 151}
{"obj": {"type": "LogFloats", "path": ["monitoring", "gpu"], "values": [{"value": 14.0, "step": null, "ts": 1626150005.7285085}]}, "version": 152}
{"obj": {"type": "LogFloats", "path": ["monitoring", "gpu_memory"], "values": [{"value": 2.23297119140625, "step": null, "ts": 1626150005.7285085}]}, "version": 153}
{"obj": {"type": "LogFloats", "path": ["monitoring", "cpu"], "values": [{"value": 17.3, "step": null, "ts": 1626150015.7306626}]}, "version": 154}
{"obj": {"type": "LogFloats", "path": ["monitoring", "memory"], "values": [{"value": 16.608192443847656, "step": null, "ts": 1626150015.7306626}]}, "version": 155}
{"obj": {"type": "LogFloats", "path": ["monitoring", "gpu"], "values": [{"value": 17.0, "step": null, "ts": 1626150015.7306626}]}, "version": 156}
{"obj": {"type": "LogFloats", "path": ["monitoring", "gpu_memory"], "values": [{"value": 2.24493408203125, "step": null, "ts": 1626150015.7306626}]}, "version": 157}
{"obj": {"type": "LogStrings", "path": ["monitoring", "stdout"], "values": [{"value": "b''", "step": null, "ts": 1626150017.705568}]}, "version": 158}
{"obj": {"type": "LogStrings", "path": ["monitoring", "stdout"], "values": [{"value": "b'https://app.neptune.ai/sangyeop-kim/sample/e/SAM-35\\n'", "step": null, "ts": 1626150017.7086449}]}, "version": 159}
{"obj": {"type": "LogStrings", "path": ["monitoring", "stdout"], "values": [{"value": "b'Remember to stop your run once you\\xe2\\x80\\x99ve finished logging your metadata (https://docs.neptune.ai/api-reference/run#stop). It will be stopped automatically only when the notebook kernel/interactive console is terminated.\\n'", "step": null, "ts": 1626150017.7137344}]}, "version": 160}
{"obj": {"type": "LogStrings", "path": ["monitoring", "stderr"], "values": [{"value": "Error occurred during asynchronous operation processing: Timestamp must be non-decreasing for series attribute: monitoring/stdout. Invalid point: 2021-07-13T04:20:17.703Z\n", "step": null, "ts": 1626150021.168344}]}, "version": 161}
{"obj": {"type": "LogStrings", "path": ["monitoring", "stderr"], "values": [{"value": "Error occurred during asynchronous operation processing: Timestamp must be non-decreasing for series attribute: monitoring/stdout. Invalid point: 2021-07-13T04:20:17.707Z\n", "step": null, "ts": 1626150021.173361}]}, "version": 162}
{"obj": {"type": "LogFloats", "path": ["monitoring", "cpu"], "values": [{"value": 17.3, "step": null, "ts": 1626150025.7327573}]}, "version": 163}
{"obj": {"type": "LogFloats", "path": ["monitoring", "memory"], "values": [{"value": 16.66156005859375, "step": null, "ts": 1626150025.7327573}]}, "version": 164}
{"obj": {"type": "LogFloats", "path": ["monitoring", "gpu"], "values": [{"value": 12.0, "step": null, "ts": 1626150025.7327573}]}, "version": 165}
{"obj": {"type": "LogFloats", "path": ["monitoring", "gpu_memory"], "values": [{"value": 2.27685546875, "step": null, "ts": 1626150025.7327573}]}, "version": 166}
{"obj": {"type": "LogStrings", "path": ["monitoring", "stderr"], "values": [{"value": "Error occurred during asynchronous operation processing: Timestamp must be non-decreasing for series attribute: monitoring/stderr. Invalid point: 2021-07-13T04:20:21.167Z\n", "step": null, "ts": 1626150026.6732998}]}, "version": 167}
{"obj": {"type": "LogFloats", "path": ["monitoring", "cpu"], "values": [{"value": 14.9, "step": null, "ts": 1626150035.7351952}]}, "version": 168}
{"obj": {"type": "LogFloats", "path": ["monitoring", "memory"], "values": [{"value": 16.658798217773438, "step": null, "ts": 1626150035.7351952}]}, "version": 169}
{"obj": {"type": "LogFloats", "path": ["monitoring", "gpu"], "values": [{"value": 11.0, "step": null, "ts": 1626150035.7351952}]}, "version": 170}
{"obj": {"type": "LogFloats", "path": ["monitoring", "gpu_memory"], "values": [{"value": 2.22576904296875, "step": null, "ts": 1626150035.7351952}]}, "version": 171}
{"obj": {"type": "LogFloats", "path": ["monitoring", "cpu"], "values": [{"value": 8.4, "step": null, "ts": 1626150045.7376626}]}, "version": 172}
{"obj": {"type": "LogFloats", "path": ["monitoring", "memory"], "values": [{"value": 16.635421752929688, "step": null, "ts": 1626150045.7376626}]}, "version": 173}
{"obj": {"type": "LogFloats", "path": ["monitoring", "gpu"], "values": [{"value": 9.0, "step": null, "ts": 1626150045.7376626}]}, "version": 174}
{"obj": {"type": "LogFloats", "path": ["monitoring", "gpu_memory"], "values": [{"value": 2.22039794921875, "step": null, "ts": 1626150045.7376626}]}, "version": 175}
{"obj": {"type": "LogFloats", "path": ["monitoring", "cpu"], "values": [{"value": 10.0, "step": null, "ts": 1626150055.7399657}]}, "version": 176}
{"obj": {"type": "LogFloats", "path": ["monitoring", "memory"], "values": [{"value": 16.653160095214844, "step": null, "ts": 1626150055.7399657}]}, "version": 177}
{"obj": {"type": "LogFloats", "path": ["monitoring", "gpu"], "values": [{"value": 9.0, "step": null, "ts": 1626150055.7399657}]}, "version": 178}
{"obj": {"type": "LogFloats", "path": ["monitoring", "gpu_memory"], "values": [{"value": 2.23651123046875, "step": null, "ts": 1626150055.7399657}]}, "version": 179}
{"obj": {"type": "LogFloats", "path": ["monitoring", "cpu"], "values": [{"value": 11.3, "step": null, "ts": 1626150065.7426584}]}, "version": 180}
{"obj": {"type": "LogFloats", "path": ["monitoring", "memory"], "values": [{"value": 16.625808715820312, "step": null, "ts": 1626150065.7426584}]}, "version": 181}
{"obj": {"type": "LogFloats", "path": ["monitoring", "gpu"], "values": [{"value": 10.0, "step": null, "ts": 1626150065.7426584}]}, "version": 182}
{"obj": {"type": "LogFloats", "path": ["monitoring", "gpu_memory"], "values": [{"value": 2.26019287109375, "step": null, "ts": 1626150065.7426584}]}, "version": 183}
{"obj": {"type": "LogFloats", "path": ["monitoring", "cpu"], "values": [{"value": 7.4, "step": null, "ts": 1626150075.7458777}]}, "version": 184}
{"obj": {"type": "LogFloats", "path": ["monitoring", "memory"], "values": [{"value": 16.628307342529297, "step": null, "ts": 1626150075.7458777}]}, "version": 185}
{"obj": {"type": "LogFloats", "path": ["monitoring", "gpu"], "values": [{"value": 11.0, "step": null, "ts": 1626150075.7458777}]}, "version": 186}
{"obj": {"type": "LogFloats", "path": ["monitoring", "gpu_memory"], "values": [{"value": 2.18902587890625, "step": null, "ts": 1626150075.7458777}]}, "version": 187}
{"obj": {"type": "LogFloats", "path": ["monitoring", "cpu"], "values": [{"value": 12.8, "step": null, "ts": 1626150085.74856}]}, "version": 188}
{"obj": {"type": "LogFloats", "path": ["monitoring", "memory"], "values": [{"value": 16.672462463378906, "step": null, "ts": 1626150085.74856}]}, "version": 189}
{"obj": {"type": "LogFloats", "path": ["monitoring", "gpu"], "values": [{"value": 10.0, "step": null, "ts": 1626150085.74856}]}, "version": 190}
{"obj": {"type": "LogFloats", "path": ["monitoring", "gpu_memory"], "values": [{"value": 2.2303466796875, "step": null, "ts": 1626150085.74856}]}, "version": 191}
{"obj": {"type": "LogFloats", "path": ["monitoring", "cpu"], "values": [{"value": 10.5, "step": null, "ts": 1626150095.7509522}]}, "version": 192}
{"obj": {"type": "LogFloats", "path": ["monitoring", "memory"], "values": [{"value": 16.66455078125, "step": null, "ts": 1626150095.7509522}]}, "version": 193}
{"obj": {"type": "LogFloats", "path": ["monitoring", "gpu"], "values": [{"value": 11.0, "step": null, "ts": 1626150095.7509522}]}, "version": 194}
{"obj": {"type": "LogFloats", "path": ["monitoring", "gpu_memory"], "values": [{"value": 2.21905517578125, "step": null, "ts": 1626150095.7509522}]}, "version": 195}
{"obj": {"type": "LogFloats", "path": ["monitoring", "cpu"], "values": [{"value": 13.9, "step": null, "ts": 1626150105.7528582}]}, "version": 196}
{"obj": {"type": "LogFloats", "path": ["monitoring", "memory"], "values": [{"value": 16.65985107421875, "step": null, "ts": 1626150105.7528582}]}, "version": 197}
{"obj": {"type": "LogFloats", "path": ["monitoring", "gpu"], "values": [{"value": 9.0, "step": null, "ts": 1626150105.7528582}]}, "version": 198}
{"obj": {"type": "LogFloats", "path": ["monitoring", "gpu_memory"], "values": [{"value": 2.2078857421875, "step": null, "ts": 1626150105.7528582}]}, "version": 199}
{"obj": {"type": "LogFloats", "path": ["monitoring", "cpu"], "values": [{"value": 9.9, "step": null, "ts": 1626150115.7551696}]}, "version": 200}
{"obj": {"type": "LogFloats", "path": ["monitoring", "memory"], "values": [{"value": 16.66305160522461, "step": null, "ts": 1626150115.7551696}]}, "version": 201}
{"obj": {"type": "LogFloats", "path": ["monitoring", "gpu"], "values": [{"value": 9.0, "step": null, "ts": 1626150115.7551696}]}, "version": 202}
{"obj": {"type": "LogFloats", "path": ["monitoring", "gpu_memory"], "values": [{"value": 2.20904541015625, "step": null, "ts": 1626150115.7551696}]}, "version": 203}
{"obj": {"type": "LogFloats", "path": ["monitoring", "cpu"], "values": [{"value": 20.1, "step": null, "ts": 1626150125.757374}]}, "version": 204}
{"obj": {"type": "LogFloats", "path": ["monitoring", "memory"], "values": [{"value": 16.806529998779297, "step": null, "ts": 1626150125.757374}]}, "version": 205}
{"obj": {"type": "LogFloats", "path": ["monitoring", "gpu"], "values": [{"value": 35.0, "step": null, "ts": 1626150125.757374}]}, "version": 206}
{"obj": {"type": "LogFloats", "path": ["monitoring", "gpu_memory"], "values": [{"value": 2.21630859375, "step": null, "ts": 1626150125.757374}]}, "version": 207}
{"obj": {"type": "LogFloats", "path": ["monitoring", "cpu"], "values": [{"value": 7.4, "step": null, "ts": 1626150135.7601871}]}, "version": 208}
{"obj": {"type": "LogFloats", "path": ["monitoring", "memory"], "values": [{"value": 16.774646759033203, "step": null, "ts": 1626150135.7601871}]}, "version": 209}
{"obj": {"type": "LogFloats", "path": ["monitoring", "gpu"], "values": [{"value": 22.0, "step": null, "ts": 1626150135.7601871}]}, "version": 210}
{"obj": {"type": "LogFloats", "path": ["monitoring", "gpu_memory"], "values": [{"value": 2.21490478515625, "step": null, "ts": 1626150135.7601871}]}, "version": 211}
{"obj": {"type": "LogFloats", "path": ["monitoring", "cpu"], "values": [{"value": 10.2, "step": null, "ts": 1626150145.763097}]}, "version": 212}
{"obj": {"type": "LogFloats", "path": ["monitoring", "memory"], "values": [{"value": 16.753406524658203, "step": null, "ts": 1626150145.763097}]}, "version": 213}
{"obj": {"type": "LogFloats", "path": ["monitoring", "gpu"], "values": [{"value": 14.0, "step": null, "ts": 1626150145.763097}]}, "version": 214}
{"obj": {"type": "LogFloats", "path": ["monitoring", "gpu_memory"], "values": [{"value": 2.20465087890625, "step": null, "ts": 1626150145.763097}]}, "version": 215}
{"obj": {"type": "LogFloats", "path": ["monitoring", "cpu"], "values": [{"value": 8.8, "step": null, "ts": 1626150155.7657115}]}, "version": 216}
{"obj": {"type": "LogFloats", "path": ["monitoring", "memory"], "values": [{"value": 16.736297607421875, "step": null, "ts": 1626150155.7657115}]}, "version": 217}
{"obj": {"type": "LogFloats", "path": ["monitoring", "gpu"], "values": [{"value": 5.0, "step": null, "ts": 1626150155.7657115}]}, "version": 218}
{"obj": {"type": "LogFloats", "path": ["monitoring", "gpu_memory"], "values": [{"value": 2.219970703125, "step": null, "ts": 1626150155.7657115}]}, "version": 219}
{"obj": {"type": "LogFloats", "path": ["monitoring", "cpu"], "values": [{"value": 8.1, "step": null, "ts": 1626150165.7685287}]}, "version": 220}
{"obj": {"type": "LogFloats", "path": ["monitoring", "memory"], "values": [{"value": 16.725711822509766, "step": null, "ts": 1626150165.7685287}]}, "version": 221}
{"obj": {"type": "LogFloats", "path": ["monitoring", "gpu"], "values": [{"value": 6.0, "step": null, "ts": 1626150165.7685287}]}, "version": 222}
{"obj": {"type": "LogFloats", "path": ["monitoring", "gpu_memory"], "values": [{"value": 2.19921875, "step": null, "ts": 1626150165.7685287}]}, "version": 223}
{"obj": {"type": "LogFloats", "path": ["monitoring", "cpu"], "values": [{"value": 6.2, "step": null, "ts": 1626150175.771005}]}, "version": 224}
{"obj": {"type": "LogFloats", "path": ["monitoring", "memory"], "values": [{"value": 16.702239990234375, "step": null, "ts": 1626150175.771005}]}, "version": 225}
{"obj": {"type": "LogFloats", "path": ["monitoring", "gpu"], "values": [{"value": 5.0, "step": null, "ts": 1626150175.771005}]}, "version": 226}
{"obj": {"type": "LogFloats", "path": ["monitoring", "gpu_memory"], "values": [{"value": 2.2005615234375, "step": null, "ts": 1626150175.771005}]}, "version": 227}
{"obj": {"type": "LogFloats", "path": ["monitoring", "cpu"], "values": [{"value": 9.5, "step": null, "ts": 1626150185.773612}]}, "version": 228}
{"obj": {"type": "LogFloats", "path": ["monitoring", "memory"], "values": [{"value": 16.703445434570312, "step": null, "ts": 1626150185.773612}]}, "version": 229}
{"obj": {"type": "LogFloats", "path": ["monitoring", "gpu"], "values": [{"value": 32.0, "step": null, "ts": 1626150185.773612}]}, "version": 230}
{"obj": {"type": "LogFloats", "path": ["monitoring", "gpu_memory"], "values": [{"value": 2.1981201171875, "step": null, "ts": 1626150185.773612}]}, "version": 231}
{"obj": {"type": "LogFloats", "path": ["monitoring", "cpu"], "values": [{"value": 8.1, "step": null, "ts": 1626150195.7760587}]}, "version": 232}
{"obj": {"type": "LogFloats", "path": ["monitoring", "memory"], "values": [{"value": 16.728057861328125, "step": null, "ts": 1626150195.7760587}]}, "version": 233}
{"obj": {"type": "LogFloats", "path": ["monitoring", "gpu"], "values": [{"value": 29.0, "step": null, "ts": 1626150195.7760587}]}, "version": 234}
{"obj": {"type": "LogFloats", "path": ["monitoring", "gpu_memory"], "values": [{"value": 2.2001953125, "step": null, "ts": 1626150195.7760587}]}, "version": 235}
{"obj": {"type": "LogFloats", "path": ["monitoring", "cpu"], "values": [{"value": 7.2, "step": null, "ts": 1626150205.7792745}]}, "version": 236}
{"obj": {"type": "LogFloats", "path": ["monitoring", "memory"], "values": [{"value": 16.739749908447266, "step": null, "ts": 1626150205.7792745}]}, "version": 237}
{"obj": {"type": "LogFloats", "path": ["monitoring", "gpu"], "values": [{"value": 26.0, "step": null, "ts": 1626150205.7792745}]}, "version": 238}
{"obj": {"type": "LogFloats", "path": ["monitoring", "gpu_memory"], "values": [{"value": 2.19921875, "step": null, "ts": 1626150205.7792745}]}, "version": 239}
{"obj": {"type": "LogFloats", "path": ["monitoring", "cpu"], "values": [{"value": 4.8, "step": null, "ts": 1626150215.7818897}]}, "version": 240}
{"obj": {"type": "LogFloats", "path": ["monitoring", "memory"], "values": [{"value": 16.729026794433594, "step": null, "ts": 1626150215.7818897}]}, "version": 241}
{"obj": {"type": "LogFloats", "path": ["monitoring", "gpu"], "values": [{"value": 4.0, "step": null, "ts": 1626150215.7818897}]}, "version": 242}
{"obj": {"type": "LogFloats", "path": ["monitoring", "gpu_memory"], "values": [{"value": 2.20367431640625, "step": null, "ts": 1626150215.7818897}]}, "version": 243}
{"obj": {"type": "LogStrings", "path": ["monitoring", "stderr"], "values": [{"value": "Error occurred during asynchronous operation processing: Timestamp must be non-decreasing for series attribute: monitoring/gpu. Invalid point: 2021-07-13T04:23:38.961Z\n", "step": null, "ts": 1626150224.3328342}]}, "version": 244}
{"obj": {"type": "LogStrings", "path": ["monitoring", "stderr"], "values": [{"value": "Error occurred during asynchronous operation processing: Timestamp must be non-decreasing for series attribute: monitoring/gpu_memory. Invalid point: 2021-07-13T04:23:38.961Z\n", "step": null, "ts": 1626150224.3374794}]}, "version": 245}
{"obj": {"type": "LogStrings", "path": ["monitoring", "stderr"], "values": [{"value": "Error occurred during asynchronous operation processing: Timestamp must be non-decreasing for series attribute: monitoring/memory. Invalid point: 2021-07-13T04:23:38.961Z\n", "step": null, "ts": 1626150224.3417704}]}, "version": 246}
{"obj": {"type": "LogStrings", "path": ["monitoring", "stderr"], "values": [{"value": "Error occurred during asynchronous operation processing: Timestamp must be non-decreasing for series attribute: monitoring/cpu. Invalid point: 2021-07-13T04:23:38.961Z\n", "step": null, "ts": 1626150224.3449445}]}, "version": 247}
{"obj": {"type": "LogFloats", "path": ["monitoring", "cpu"], "values": [{"value": 10.1, "step": null, "ts": 1626150225.783933}]}, "version": 248}
{"obj": {"type": "LogFloats", "path": ["monitoring", "memory"], "values": [{"value": 16.731975555419922, "step": null, "ts": 1626150225.783933}]}, "version": 249}
{"obj": {"type": "LogFloats", "path": ["monitoring", "gpu"], "values": [{"value": 4.0, "step": null, "ts": 1626150225.783933}]}, "version": 250}
{"obj": {"type": "LogFloats", "path": ["monitoring", "gpu_memory"], "values": [{"value": 2.20391845703125, "step": null, "ts": 1626150225.783933}]}, "version": 251}
{"obj": {"type": "LogStrings", "path": ["monitoring", "stderr"], "values": [{"value": "Error occurred during asynchronous operation processing: Timestamp must be non-decreasing for series attribute: monitoring/stderr. Invalid point: 2021-07-13T04:23:44.332Z\n", "step": null, "ts": 1626150226.554053}]}, "version": 252}
{"obj": {"type": "LogStrings", "path": ["monitoring", "stderr"], "values": [{"value": "Error occurred during asynchronous operation processing: Timestamp must be non-decreasing for series attribute: monitoring/stderr. Invalid point: 2021-07-13T04:23:44.336Z\n", "step": null, "ts": 1626150226.5582197}]}, "version": 253}
{"obj": {"type": "LogStrings", "path": ["monitoring", "stderr"], "values": [{"value": "Error occurred during asynchronous operation processing: Timestamp must be non-decreasing for series attribute: monitoring/stderr. Invalid point: 2021-07-13T04:23:44.341Z\n", "step": null, "ts": 1626150226.5627134}]}, "version": 254}
{"obj": {"type": "LogStrings", "path": ["monitoring", "stderr"], "values": [{"value": "Error occurred during asynchronous operation processing: Timestamp must be non-decreasing for series attribute: monitoring/stderr. Invalid point: 2021-07-13T04:23:46.553Z\n", "step": null, "ts": 1626150231.9561405}]}, "version": 255}
{"obj": {"type": "LogStrings", "path": ["monitoring", "stderr"], "values": [{"value": "Error occurred during asynchronous operation processing: Timestamp must be non-decreasing for series attribute: monitoring/stderr. Invalid point: 2021-07-13T04:23:46.557Z\n", "step": null, "ts": 1626150231.9604793}]}, "version": 256}
{"obj": {"type": "LogFloats", "path": ["monitoring", "cpu"], "values": [{"value": 9.9, "step": null, "ts": 1626150235.7864}]}, "version": 257}
{"obj": {"type": "LogFloats", "path": ["monitoring", "memory"], "values": [{"value": 16.732189178466797, "step": null, "ts": 1626150235.7864}]}, "version": 258}
{"obj": {"type": "LogFloats", "path": ["monitoring", "gpu"], "values": [{"value": 14.0, "step": null, "ts": 1626150235.7864}]}, "version": 259}
{"obj": {"type": "LogFloats", "path": ["monitoring", "gpu_memory"], "values": [{"value": 2.23046875, "step": null, "ts": 1626150235.7864}]}, "version": 260}
{"obj": {"type": "LogStrings", "path": ["monitoring", "stderr"], "values": [{"value": "Error occurred during asynchronous operation processing: Timestamp must be non-decreasing for series attribute: monitoring/stderr. Invalid point: 2021-07-13T04:23:51.955Z\n", "step": null, "ts": 1626150237.4486625}]}, "version": 261}
{"obj": {"type": "LogFloats", "path": ["monitoring", "cpu"], "values": [{"value": 8.5, "step": null, "ts": 1626150245.7891734}]}, "version": 262}
{"obj": {"type": "LogFloats", "path": ["monitoring", "memory"], "values": [{"value": 16.732921600341797, "step": null, "ts": 1626150245.7891734}]}, "version": 263}
{"obj": {"type": "LogFloats", "path": ["monitoring", "gpu"], "values": [{"value": 25.0, "step": null, "ts": 1626150245.7891734}]}, "version": 264}
{"obj": {"type": "LogFloats", "path": ["monitoring", "gpu_memory"], "values": [{"value": 2.0281982421875, "step": null, "ts": 1626150245.7891734}]}, "version": 265}
{"obj": {"type": "LogStrings", "path": ["monitoring", "stdout"], "values": [{"value": "b''", "step": null, "ts": 1626150246.2633338}]}, "version": 266}
{"obj": {"type": "LogStrings", "path": ["monitoring", "stdout"], "values": [{"value": "b'https://app.neptune.ai/sangyeop-kim/sample/e/SAM-1\\n'", "step": null, "ts": 1626150246.2682822}]}, "version": 267}
{"obj": {"type": "LogStrings", "path": ["monitoring", "stdout"], "values": [{"value": "b'Remember to stop your run once you\\xe2\\x80\\x99ve finished logging your metadata (https://docs.neptune.ai/api-reference/run#stop). It will be stopped automatically only when the notebook kernel/interactive console is terminated.\\n'", "step": null, "ts": 1626150246.2740319}]}, "version": 268}
{"obj": {"type": "LogStrings", "path": ["monitoring", "stderr"], "values": [{"value": "Error occurred during asynchronous operation processing: Timestamp must be non-decreasing for series attribute: monitoring/stdout. Invalid point: 2021-07-13T04:24:06.260Z\n", "step": null, "ts": 1626150248.331432}]}, "version": 269}
{"obj": {"type": "LogStrings", "path": ["monitoring", "stderr"], "values": [{"value": "Error occurred during asynchronous operation processing: Timestamp must be non-decreasing for series attribute: monitoring/stdout. Invalid point: 2021-07-13T04:24:06.266Z\n", "step": null, "ts": 1626150248.3355026}]}, "version": 270}
{"obj": {"type": "LogStrings", "path": ["monitoring", "stderr"], "values": [{"value": "Error occurred during asynchronous operation processing: Timestamp must be non-decreasing for series attribute: monitoring/stderr. Invalid point: 2021-07-13T04:24:08.330Z\n", "step": null, "ts": 1626150253.7058055}]}, "version": 271}
{"obj": {"type": "LogFloats", "path": ["monitoring", "cpu"], "values": [{"value": 15.1, "step": null, "ts": 1626150255.7916412}]}, "version": 272}
{"obj": {"type": "LogFloats", "path": ["monitoring", "memory"], "values": [{"value": 16.893600463867188, "step": null, "ts": 1626150255.7916412}]}, "version": 273}
{"obj": {"type": "LogFloats", "path": ["monitoring", "gpu"], "values": [{"value": 11.0, "step": null, "ts": 1626150255.7916412}]}, "version": 274}
{"obj": {"type": "LogFloats", "path": ["monitoring", "gpu_memory"], "values": [{"value": 2.07244873046875, "step": null, "ts": 1626150255.7916412}]}, "version": 275}
{"obj": {"type": "LogFloats", "path": ["monitoring", "cpu"], "values": [{"value": 14.5, "step": null, "ts": 1626150265.794691}]}, "version": 276}
{"obj": {"type": "LogFloats", "path": ["monitoring", "memory"], "values": [{"value": 16.853992462158203, "step": null, "ts": 1626150265.794691}]}, "version": 277}
{"obj": {"type": "LogFloats", "path": ["monitoring", "gpu"], "values": [{"value": 17.0, "step": null, "ts": 1626150265.794691}]}, "version": 278}
{"obj": {"type": "LogFloats", "path": ["monitoring", "gpu_memory"], "values": [{"value": 2.052734375, "step": null, "ts": 1626150265.794691}]}, "version": 279}
{"obj": {"type": "LogStrings", "path": ["monitoring", "stdout"], "values": [{"value": "b'Shutting down background jobs, please wait a moment...\\n'", "step": null, "ts": 1626150273.8433216}]}, "version": 280}
{"obj": {"type": "LogStrings", "path": ["monitoring", "stdout"], "values": [{"value": "b'Done!\\n'", "step": null, "ts": 1626150274.1159403}]}, "version": 281}
{"obj": {"type": "LogStrings", "path": ["monitoring", "stderr"], "values": [{"value": "Waiting for the remaining 1 operations to synchronize with Neptune. Do not kill this process.\n", "step": null, "ts": 1626150274.126374}]}, "version": 282}
{"obj": {"type": "LogStrings", "path": ["monitoring", "stdout"], "values": [{"value": "b'All 1 operations synced, thanks for waiting!\\n'", "step": null, "ts": 1626150274.481149}]}, "version": 283}
{"obj": {"type": "LogStrings", "path": ["monitoring", "stdout"], "values": [{"value": "b'Shutting down background jobs, please wait a moment...\\n'", "step": null, "ts": 1626150274.4870253}]}, "version": 284}
{"obj": {"type": "LogStrings", "path": ["monitoring", "stdout"], "values": [{"value": "b'Done!\\n'", "step": null, "ts": 1626150274.7572017}]}, "version": 285}
{"obj": {"type": "LogStrings", "path": ["monitoring", "stderr"], "values": [{"value": "Waiting for the remaining 5 operations to synchronize with Neptune. Do not kill this process.\n", "step": null, "ts": 1626150274.7668836}]}, "version": 286}
{"obj": {"type": "LogStrings", "path": ["monitoring", "stdout"], "values": [{"value": "b'All 5 operations synced, thanks for waiting!\\n'", "step": null, "ts": 1626150275.184131}]}, "version": 287}
{"obj": {"type": "LogStrings", "path": ["monitoring", "stdout"], "values": [{"value": "b'Shutting down background jobs, please wait a moment...\\n'", "step": null, "ts": 1626150275.1889021}]}, "version": 288}
