{"obj": {"type": "AssignString", "path": ["sys", "name"], "value": "asd"}, "version": 1}
{"obj": {"type": "AssignString", "path": ["sys", "description"], "value": ""}, "version": 2}
{"obj": {"type": "AssignString", "path": ["sys", "hostname"], "value": "rtm-desktop"}, "version": 3}
{"obj": {"type": "AssignBool", "path": ["sys", "failed"], "value": false}, "version": 4}
{"obj": {"type": "ClearStringLog", "path": ["monitoring", "stdout"]}, "version": 5}
{"obj": {"type": "ClearStringLog", "path": ["monitoring", "stderr"]}, "version": 6}
{"obj": {"type": "ConfigFloatSeries", "path": ["monitoring", "cpu"], "min": 0.0, "max": 100.0, "unit": "%"}, "version": 7}
{"obj": {"type": "ClearFloatLog", "path": ["monitoring", "cpu"]}, "version": 8}
{"obj": {"type": "ConfigFloatSeries", "path": ["monitoring", "memory"], "min": 0.0, "max": 125.65727615356445, "unit": "GB"}, "version": 9}
{"obj": {"type": "ClearFloatLog", "path": ["monitoring", "memory"]}, "version": 10}
{"obj": {"type": "ConfigFloatSeries", "path": ["monitoring", "gpu"], "min": 0.0, "max": 100.0, "unit": "%"}, "version": 11}
{"obj": {"type": "ClearFloatLog", "path": ["monitoring", "gpu"]}, "version": 12}
{"obj": {"type": "ConfigFloatSeries", "path": ["monitoring", "gpu_memory"], "min": 0.0, "max": 10.91522216796875, "unit": "GB"}, "version": 13}
{"obj": {"type": "ClearFloatLog", "path": ["monitoring", "gpu_memory"]}, "version": 14}
{"obj": {"type": "LogStrings", "path": ["monitoring", "stdout"], "values": [{"value": "b''", "step": null, "ts": 1626149603.95674}]}, "version": 15}
{"obj": {"type": "LogFloats", "path": ["monitoring", "cpu"], "values": [{"value": 9.6, "step": null, "ts": 1626149603.9484608}]}, "version": 16}
{"obj": {"type": "LogStrings", "path": ["monitoring", "stdout"], "values": [{"value": "b'https://app.neptune.ai/sangyeop-kim/sample/e/SAM-30\\n'", "step": null, "ts": 1626149603.958311}]}, "version": 17}
{"obj": {"type": "LogFloats", "path": ["monitoring", "memory"], "values": [{"value": 16.154918670654297, "step": null, "ts": 1626149603.9484608}]}, "version": 18}
{"obj": {"type": "LogFloats", "path": ["monitoring", "gpu"], "values": [{"value": 13.0, "step": null, "ts": 1626149603.9484608}]}, "version": 19}
{"obj": {"type": "LogFloats", "path": ["monitoring", "gpu_memory"], "values": [{"value": 1.93853759765625, "step": null, "ts": 1626149603.9484608}]}, "version": 20}
{"obj": {"type": "LogStrings", "path": ["monitoring", "stdout"], "values": [{"value": "b'Remember to stop your run once you\\xe2\\x80\\x99ve finished logging your metadata (https://docs.neptune.ai/api-reference/run#stop). It will be stopped automatically only when the notebook kernel/interactive console is terminated.\\n'", "step": null, "ts": 1626149603.9615917}]}, "version": 21}
{"obj": {"type": "LogFloats", "path": ["zxc"], "values": [{"value": 0.0, "step": null, "ts": 1626149603.971798}]}, "version": 22}
{"obj": {"type": "LogFloats", "path": ["zxc"], "values": [{"value": 1.0, "step": null, "ts": 1626149603.972782}]}, "version": 23}
{"obj": {"type": "LogFloats", "path": ["zxc"], "values": [{"value": 2.0, "step": null, "ts": 1626149603.9730844}]}, "version": 24}
{"obj": {"type": "LogFloats", "path": ["zxc"], "values": [{"value": 3.0, "step": null, "ts": 1626149603.973372}]}, "version": 25}
{"obj": {"type": "LogFloats", "path": ["zxc"], "values": [{"value": 4.0, "step": null, "ts": 1626149603.9736362}]}, "version": 26}
{"obj": {"type": "LogFloats", "path": ["zxc"], "values": [{"value": 5.0, "step": null, "ts": 1626149603.9738863}]}, "version": 27}
{"obj": {"type": "LogFloats", "path": ["zxc"], "values": [{"value": 6.0, "step": null, "ts": 1626149603.974133}]}, "version": 28}
{"obj": {"type": "LogFloats", "path": ["zxc"], "values": [{"value": 7.0, "step": null, "ts": 1626149603.974384}]}, "version": 29}
{"obj": {"type": "LogFloats", "path": ["zxc"], "values": [{"value": 8.0, "step": null, "ts": 1626149603.9746373}]}, "version": 30}
{"obj": {"type": "LogFloats", "path": ["zxc"], "values": [{"value": 9.0, "step": null, "ts": 1626149603.97488}]}, "version": 31}
{"obj": {"type": "LogFloats", "path": ["zxc"], "values": [{"value": 10.0, "step": null, "ts": 1626149603.9751372}]}, "version": 32}
{"obj": {"type": "LogFloats", "path": ["zxc"], "values": [{"value": 11.0, "step": null, "ts": 1626149603.9753885}]}, "version": 33}
{"obj": {"type": "LogFloats", "path": ["zxc"], "values": [{"value": 12.0, "step": null, "ts": 1626149603.975624}]}, "version": 34}
{"obj": {"type": "LogFloats", "path": ["zxc"], "values": [{"value": 13.0, "step": null, "ts": 1626149603.975852}]}, "version": 35}
{"obj": {"type": "LogFloats", "path": ["zxc"], "values": [{"value": 14.0, "step": null, "ts": 1626149603.9760787}]}, "version": 36}
{"obj": {"type": "LogFloats", "path": ["zxc"], "values": [{"value": 15.0, "step": null, "ts": 1626149603.976306}]}, "version": 37}
{"obj": {"type": "LogFloats", "path": ["zxc"], "values": [{"value": 16.0, "step": null, "ts": 1626149603.9764826}]}, "version": 38}
{"obj": {"type": "LogFloats", "path": ["zxc"], "values": [{"value": 17.0, "step": null, "ts": 1626149603.9766123}]}, "version": 39}
{"obj": {"type": "LogFloats", "path": ["zxc"], "values": [{"value": 18.0, "step": null, "ts": 1626149603.9767334}]}, "version": 40}
{"obj": {"type": "LogFloats", "path": ["zxc"], "values": [{"value": 19.0, "step": null, "ts": 1626149603.976851}]}, "version": 41}
{"obj": {"type": "LogFloats", "path": ["zxc"], "values": [{"value": 20.0, "step": null, "ts": 1626149603.9769652}]}, "version": 42}
{"obj": {"type": "LogFloats", "path": ["zxc"], "values": [{"value": 21.0, "step": null, "ts": 1626149603.9770777}]}, "version": 43}
{"obj": {"type": "LogFloats", "path": ["zxc"], "values": [{"value": 22.0, "step": null, "ts": 1626149603.9771914}]}, "version": 44}
{"obj": {"type": "LogFloats", "path": ["zxc"], "values": [{"value": 23.0, "step": null, "ts": 1626149603.9773033}]}, "version": 45}
{"obj": {"type": "LogFloats", "path": ["zxc"], "values": [{"value": 24.0, "step": null, "ts": 1626149603.9774153}]}, "version": 46}
{"obj": {"type": "LogFloats", "path": ["zxc"], "values": [{"value": 25.0, "step": null, "ts": 1626149603.9775264}]}, "version": 47}
{"obj": {"type": "LogFloats", "path": ["zxc"], "values": [{"value": 26.0, "step": null, "ts": 1626149603.977638}]}, "version": 48}
{"obj": {"type": "LogFloats", "path": ["zxc"], "values": [{"value": 27.0, "step": null, "ts": 1626149603.9777548}]}, "version": 49}
{"obj": {"type": "LogFloats", "path": ["zxc"], "values": [{"value": 28.0, "step": null, "ts": 1626149603.977865}]}, "version": 50}
{"obj": {"type": "LogFloats", "path": ["zxc"], "values": [{"value": 29.0, "step": null, "ts": 1626149603.9779754}]}, "version": 51}
{"obj": {"type": "LogFloats", "path": ["zxc"], "values": [{"value": 30.0, "step": null, "ts": 1626149603.9780865}]}, "version": 52}
{"obj": {"type": "LogFloats", "path": ["zxc"], "values": [{"value": 31.0, "step": null, "ts": 1626149603.978197}]}, "version": 53}
{"obj": {"type": "LogFloats", "path": ["zxc"], "values": [{"value": 32.0, "step": null, "ts": 1626149603.9783254}]}, "version": 54}
{"obj": {"type": "LogFloats", "path": ["zxc"], "values": [{"value": 33.0, "step": null, "ts": 1626149603.9784343}]}, "version": 55}
{"obj": {"type": "LogFloats", "path": ["zxc"], "values": [{"value": 34.0, "step": null, "ts": 1626149603.9785452}]}, "version": 56}
{"obj": {"type": "LogFloats", "path": ["zxc"], "values": [{"value": 35.0, "step": null, "ts": 1626149603.9786649}]}, "version": 57}
{"obj": {"type": "LogFloats", "path": ["zxc"], "values": [{"value": 36.0, "step": null, "ts": 1626149603.9787753}]}, "version": 58}
{"obj": {"type": "LogFloats", "path": ["zxc"], "values": [{"value": 37.0, "step": null, "ts": 1626149603.978892}]}, "version": 59}
{"obj": {"type": "LogFloats", "path": ["zxc"], "values": [{"value": 38.0, "step": null, "ts": 1626149603.9790015}]}, "version": 60}
{"obj": {"type": "LogFloats", "path": ["zxc"], "values": [{"value": 39.0, "step": null, "ts": 1626149603.9791665}]}, "version": 61}
{"obj": {"type": "LogFloats", "path": ["zxc"], "values": [{"value": 40.0, "step": null, "ts": 1626149603.9792948}]}, "version": 62}
{"obj": {"type": "LogFloats", "path": ["zxc"], "values": [{"value": 41.0, "step": null, "ts": 1626149603.9794228}]}, "version": 63}
{"obj": {"type": "LogFloats", "path": ["zxc"], "values": [{"value": 42.0, "step": null, "ts": 1626149603.9795408}]}, "version": 64}
{"obj": {"type": "LogFloats", "path": ["zxc"], "values": [{"value": 43.0, "step": null, "ts": 1626149603.97966}]}, "version": 65}
{"obj": {"type": "LogFloats", "path": ["zxc"], "values": [{"value": 44.0, "step": null, "ts": 1626149603.9799194}]}, "version": 66}
{"obj": {"type": "LogFloats", "path": ["zxc"], "values": [{"value": 45.0, "step": null, "ts": 1626149603.9800508}]}, "version": 67}
{"obj": {"type": "LogFloats", "path": ["zxc"], "values": [{"value": 46.0, "step": null, "ts": 1626149603.9802473}]}, "version": 68}
{"obj": {"type": "LogFloats", "path": ["zxc"], "values": [{"value": 47.0, "step": null, "ts": 1626149603.980403}]}, "version": 69}
{"obj": {"type": "LogFloats", "path": ["zxc"], "values": [{"value": 48.0, "step": null, "ts": 1626149603.9805317}]}, "version": 70}
{"obj": {"type": "LogFloats", "path": ["zxc"], "values": [{"value": 49.0, "step": null, "ts": 1626149603.9806757}]}, "version": 71}
{"obj": {"type": "LogFloats", "path": ["zxc"], "values": [{"value": 50.0, "step": null, "ts": 1626149603.9808288}]}, "version": 72}
{"obj": {"type": "LogFloats", "path": ["zxc"], "values": [{"value": 51.0, "step": null, "ts": 1626149603.9809837}]}, "version": 73}
{"obj": {"type": "LogFloats", "path": ["zxc"], "values": [{"value": 52.0, "step": null, "ts": 1626149603.9811203}]}, "version": 74}
{"obj": {"type": "LogFloats", "path": ["zxc"], "values": [{"value": 53.0, "step": null, "ts": 1626149603.9812717}]}, "version": 75}
{"obj": {"type": "LogFloats", "path": ["zxc"], "values": [{"value": 54.0, "step": null, "ts": 1626149603.981412}]}, "version": 76}
{"obj": {"type": "LogFloats", "path": ["zxc"], "values": [{"value": 55.0, "step": null, "ts": 1626149603.9815717}]}, "version": 77}
{"obj": {"type": "LogFloats", "path": ["zxc"], "values": [{"value": 56.0, "step": null, "ts": 1626149603.981729}]}, "version": 78}
{"obj": {"type": "LogFloats", "path": ["zxc"], "values": [{"value": 57.0, "step": null, "ts": 1626149603.9819255}]}, "version": 79}
{"obj": {"type": "LogFloats", "path": ["zxc"], "values": [{"value": 58.0, "step": null, "ts": 1626149603.982163}]}, "version": 80}
{"obj": {"type": "LogFloats", "path": ["zxc"], "values": [{"value": 59.0, "step": null, "ts": 1626149603.9823978}]}, "version": 81}
{"obj": {"type": "LogFloats", "path": ["zxc"], "values": [{"value": 60.0, "step": null, "ts": 1626149603.9826353}]}, "version": 82}
{"obj": {"type": "LogFloats", "path": ["zxc"], "values": [{"value": 61.0, "step": null, "ts": 1626149603.9828706}]}, "version": 83}
{"obj": {"type": "LogFloats", "path": ["zxc"], "values": [{"value": 62.0, "step": null, "ts": 1626149603.9831269}]}, "version": 84}
{"obj": {"type": "LogFloats", "path": ["zxc"], "values": [{"value": 63.0, "step": null, "ts": 1626149603.9833705}]}, "version": 85}
{"obj": {"type": "LogFloats", "path": ["zxc"], "values": [{"value": 64.0, "step": null, "ts": 1626149603.9836109}]}, "version": 86}
{"obj": {"type": "LogFloats", "path": ["zxc"], "values": [{"value": 65.0, "step": null, "ts": 1626149603.9838474}]}, "version": 87}
{"obj": {"type": "LogFloats", "path": ["zxc"], "values": [{"value": 66.0, "step": null, "ts": 1626149603.9840872}]}, "version": 88}
{"obj": {"type": "LogFloats", "path": ["zxc"], "values": [{"value": 67.0, "step": null, "ts": 1626149603.9843302}]}, "version": 89}
{"obj": {"type": "LogFloats", "path": ["zxc"], "values": [{"value": 68.0, "step": null, "ts": 1626149603.9845724}]}, "version": 90}
{"obj": {"type": "LogFloats", "path": ["zxc"], "values": [{"value": 69.0, "step": null, "ts": 1626149603.9848146}]}, "version": 91}
{"obj": {"type": "LogFloats", "path": ["zxc"], "values": [{"value": 70.0, "step": null, "ts": 1626149603.9850693}]}, "version": 92}
{"obj": {"type": "LogFloats", "path": ["zxc"], "values": [{"value": 71.0, "step": null, "ts": 1626149603.985311}]}, "version": 93}
{"obj": {"type": "LogFloats", "path": ["zxc"], "values": [{"value": 72.0, "step": null, "ts": 1626149603.9855537}]}, "version": 94}
{"obj": {"type": "LogFloats", "path": ["zxc"], "values": [{"value": 73.0, "step": null, "ts": 1626149603.985794}]}, "version": 95}
{"obj": {"type": "LogFloats", "path": ["zxc"], "values": [{"value": 74.0, "step": null, "ts": 1626149603.986041}]}, "version": 96}
{"obj": {"type": "LogFloats", "path": ["zxc"], "values": [{"value": 75.0, "step": null, "ts": 1626149603.9862835}]}, "version": 97}
{"obj": {"type": "LogFloats", "path": ["zxc"], "values": [{"value": 76.0, "step": null, "ts": 1626149603.9865298}]}, "version": 98}
{"obj": {"type": "LogFloats", "path": ["zxc"], "values": [{"value": 77.0, "step": null, "ts": 1626149603.9867685}]}, "version": 99}
{"obj": {"type": "LogFloats", "path": ["zxc"], "values": [{"value": 78.0, "step": null, "ts": 1626149603.9870095}]}, "version": 100}
{"obj": {"type": "LogFloats", "path": ["zxc"], "values": [{"value": 79.0, "step": null, "ts": 1626149603.987271}]}, "version": 101}
{"obj": {"type": "LogFloats", "path": ["zxc"], "values": [{"value": 80.0, "step": null, "ts": 1626149603.9875133}]}, "version": 102}
{"obj": {"type": "LogFloats", "path": ["zxc"], "values": [{"value": 81.0, "step": null, "ts": 1626149603.9877598}]}, "version": 103}
{"obj": {"type": "LogFloats", "path": ["zxc"], "values": [{"value": 82.0, "step": null, "ts": 1626149603.988003}]}, "version": 104}
{"obj": {"type": "LogFloats", "path": ["zxc"], "values": [{"value": 83.0, "step": null, "ts": 1626149603.9882605}]}, "version": 105}
{"obj": {"type": "LogFloats", "path": ["zxc"], "values": [{"value": 84.0, "step": null, "ts": 1626149603.988496}]}, "version": 106}
{"obj": {"type": "LogFloats", "path": ["zxc"], "values": [{"value": 85.0, "step": null, "ts": 1626149603.9887362}]}, "version": 107}
{"obj": {"type": "LogFloats", "path": ["zxc"], "values": [{"value": 86.0, "step": null, "ts": 1626149603.9889715}]}, "version": 108}
{"obj": {"type": "LogFloats", "path": ["zxc"], "values": [{"value": 87.0, "step": null, "ts": 1626149603.989211}]}, "version": 109}
{"obj": {"type": "LogFloats", "path": ["zxc"], "values": [{"value": 88.0, "step": null, "ts": 1626149603.9894469}]}, "version": 110}
{"obj": {"type": "LogFloats", "path": ["zxc"], "values": [{"value": 89.0, "step": null, "ts": 1626149603.98969}]}, "version": 111}
{"obj": {"type": "LogFloats", "path": ["zxc"], "values": [{"value": 90.0, "step": null, "ts": 1626149603.9899282}]}, "version": 112}
{"obj": {"type": "LogFloats", "path": ["zxc"], "values": [{"value": 91.0, "step": null, "ts": 1626149603.9901657}]}, "version": 113}
{"obj": {"type": "LogFloats", "path": ["zxc"], "values": [{"value": 92.0, "step": null, "ts": 1626149603.9904015}]}, "version": 114}
{"obj": {"type": "LogFloats", "path": ["zxc"], "values": [{"value": 93.0, "step": null, "ts": 1626149603.9906375}]}, "version": 115}
{"obj": {"type": "LogFloats", "path": ["zxc"], "values": [{"value": 94.0, "step": null, "ts": 1626149603.9908776}]}, "version": 116}
{"obj": {"type": "LogFloats", "path": ["zxc"], "values": [{"value": 95.0, "step": null, "ts": 1626149603.9911366}]}, "version": 117}
{"obj": {"type": "LogFloats", "path": ["zxc"], "values": [{"value": 96.0, "step": null, "ts": 1626149603.9912891}]}, "version": 118}
{"obj": {"type": "LogFloats", "path": ["zxc"], "values": [{"value": 97.0, "step": null, "ts": 1626149603.991441}]}, "version": 119}
{"obj": {"type": "LogFloats", "path": ["zxc"], "values": [{"value": 98.0, "step": null, "ts": 1626149603.9916124}]}, "version": 120}
{"obj": {"type": "LogFloats", "path": ["zxc"], "values": [{"value": 99.0, "step": null, "ts": 1626149603.9917734}]}, "version": 121}
{"obj": {"type": "LogFloats", "path": ["monitoring", "cpu"], "values": [{"value": 10.6, "step": null, "ts": 1626149613.9614265}]}, "version": 122}
{"obj": {"type": "LogFloats", "path": ["monitoring", "memory"], "values": [{"value": 16.173995971679688, "step": null, "ts": 1626149613.9614265}]}, "version": 123}
{"obj": {"type": "LogFloats", "path": ["monitoring", "gpu"], "values": [{"value": 9.0, "step": null, "ts": 1626149613.9614265}]}, "version": 124}
{"obj": {"type": "LogFloats", "path": ["monitoring", "gpu_memory"], "values": [{"value": 1.947509765625, "step": null, "ts": 1626149613.9614265}]}, "version": 125}
{"obj": {"type": "LogFloats", "path": ["monitoring", "cpu"], "values": [{"value": 10.9, "step": null, "ts": 1626149623.9638371}]}, "version": 126}
{"obj": {"type": "LogFloats", "path": ["monitoring", "memory"], "values": [{"value": 16.20079803466797, "step": null, "ts": 1626149623.9638371}]}, "version": 127}
{"obj": {"type": "LogFloats", "path": ["monitoring", "gpu"], "values": [{"value": 13.0, "step": null, "ts": 1626149623.9638371}]}, "version": 128}
{"obj": {"type": "LogFloats", "path": ["monitoring", "gpu_memory"], "values": [{"value": 1.951904296875, "step": null, "ts": 1626149623.9638371}]}, "version": 129}
{"obj": {"type": "LogFloats", "path": ["monitoring", "cpu"], "values": [{"value": 11.4, "step": null, "ts": 1626149633.9658606}]}, "version": 130}
{"obj": {"type": "LogFloats", "path": ["monitoring", "memory"], "values": [{"value": 16.22364044189453, "step": null, "ts": 1626149633.9658606}]}, "version": 131}
{"obj": {"type": "LogFloats", "path": ["monitoring", "gpu"], "values": [{"value": 31.0, "step": null, "ts": 1626149633.9658606}]}, "version": 132}
{"obj": {"type": "LogFloats", "path": ["monitoring", "gpu_memory"], "values": [{"value": 1.936767578125, "step": null, "ts": 1626149633.9658606}]}, "version": 133}
{"obj": {"type": "LogFloats", "path": ["monitoring", "cpu"], "values": [{"value": 11.0, "step": null, "ts": 1626149643.9684155}]}, "version": 134}
{"obj": {"type": "LogFloats", "path": ["monitoring", "memory"], "values": [{"value": 16.188629150390625, "step": null, "ts": 1626149643.9684155}]}, "version": 135}
{"obj": {"type": "LogFloats", "path": ["monitoring", "gpu"], "values": [{"value": 9.0, "step": null, "ts": 1626149643.9684155}]}, "version": 136}
{"obj": {"type": "LogFloats", "path": ["monitoring", "gpu_memory"], "values": [{"value": 1.93548583984375, "step": null, "ts": 1626149643.9684155}]}, "version": 137}
{"obj": {"type": "LogFloats", "path": ["monitoring", "cpu"], "values": [{"value": 9.9, "step": null, "ts": 1626149653.9704785}]}, "version": 138}
{"obj": {"type": "LogFloats", "path": ["monitoring", "memory"], "values": [{"value": 16.209022521972656, "step": null, "ts": 1626149653.9704785}]}, "version": 139}
{"obj": {"type": "LogFloats", "path": ["monitoring", "gpu"], "values": [{"value": 9.0, "step": null, "ts": 1626149653.9704785}]}, "version": 140}
{"obj": {"type": "LogFloats", "path": ["monitoring", "gpu_memory"], "values": [{"value": 1.93218994140625, "step": null, "ts": 1626149653.9704785}]}, "version": 141}
{"obj": {"type": "LogFloats", "path": ["monitoring", "cpu"], "values": [{"value": 13.3, "step": null, "ts": 1626149663.9721684}]}, "version": 142}
{"obj": {"type": "LogFloats", "path": ["monitoring", "memory"], "values": [{"value": 16.23741912841797, "step": null, "ts": 1626149663.9721684}]}, "version": 143}
{"obj": {"type": "LogFloats", "path": ["monitoring", "gpu"], "values": [{"value": 13.0, "step": null, "ts": 1626149663.9721684}]}, "version": 144}
{"obj": {"type": "LogFloats", "path": ["monitoring", "gpu_memory"], "values": [{"value": 1.93829345703125, "step": null, "ts": 1626149663.9721684}]}, "version": 145}
{"obj": {"type": "LogFloats", "path": ["monitoring", "cpu"], "values": [{"value": 13.0, "step": null, "ts": 1626149673.9747868}]}, "version": 146}
{"obj": {"type": "LogFloats", "path": ["monitoring", "memory"], "values": [{"value": 16.250301361083984, "step": null, "ts": 1626149673.9747868}]}, "version": 147}
{"obj": {"type": "LogFloats", "path": ["monitoring", "gpu"], "values": [{"value": 10.0, "step": null, "ts": 1626149673.9747868}]}, "version": 148}
{"obj": {"type": "LogFloats", "path": ["monitoring", "gpu_memory"], "values": [{"value": 2.1014404296875, "step": null, "ts": 1626149673.9747868}]}, "version": 149}
{"obj": {"type": "LogFloats", "path": ["monitoring", "cpu"], "values": [{"value": 13.4, "step": null, "ts": 1626149683.9775908}]}, "version": 150}
{"obj": {"type": "LogFloats", "path": ["monitoring", "memory"], "values": [{"value": 16.31908416748047, "step": null, "ts": 1626149683.9775908}]}, "version": 151}
{"obj": {"type": "LogFloats", "path": ["monitoring", "gpu"], "values": [{"value": 11.0, "step": null, "ts": 1626149683.9775908}]}, "version": 152}
{"obj": {"type": "LogFloats", "path": ["monitoring", "gpu_memory"], "values": [{"value": 2.2569580078125, "step": null, "ts": 1626149683.9775908}]}, "version": 153}
{"obj": {"type": "LogFloats", "path": ["monitoring", "cpu"], "values": [{"value": 12.7, "step": null, "ts": 1626149693.9800444}]}, "version": 154}
{"obj": {"type": "LogFloats", "path": ["monitoring", "memory"], "values": [{"value": 16.31155776977539, "step": null, "ts": 1626149693.9800444}]}, "version": 155}
{"obj": {"type": "LogFloats", "path": ["monitoring", "gpu"], "values": [{"value": 37.0, "step": null, "ts": 1626149693.9800444}]}, "version": 156}
{"obj": {"type": "LogFloats", "path": ["monitoring", "gpu_memory"], "values": [{"value": 2.20513916015625, "step": null, "ts": 1626149693.9800444}]}, "version": 157}
{"obj": {"type": "LogFloats", "path": ["monitoring", "cpu"], "values": [{"value": 14.4, "step": null, "ts": 1626149703.9818773}]}, "version": 158}
{"obj": {"type": "LogFloats", "path": ["monitoring", "memory"], "values": [{"value": 16.29293441772461, "step": null, "ts": 1626149703.9818773}]}, "version": 159}
{"obj": {"type": "LogFloats", "path": ["monitoring", "gpu"], "values": [{"value": 10.0, "step": null, "ts": 1626149703.9818773}]}, "version": 160}
{"obj": {"type": "LogFloats", "path": ["monitoring", "gpu_memory"], "values": [{"value": 2.21588134765625, "step": null, "ts": 1626149703.9818773}]}, "version": 161}
{"obj": {"type": "LogFloats", "path": ["monitoring", "cpu"], "values": [{"value": 16.1, "step": null, "ts": 1626149713.9843354}]}, "version": 162}
{"obj": {"type": "LogFloats", "path": ["monitoring", "memory"], "values": [{"value": 16.45125961303711, "step": null, "ts": 1626149713.9843354}]}, "version": 163}
{"obj": {"type": "LogFloats", "path": ["monitoring", "gpu"], "values": [{"value": 13.0, "step": null, "ts": 1626149713.9843354}]}, "version": 164}
{"obj": {"type": "LogFloats", "path": ["monitoring", "gpu_memory"], "values": [{"value": 2.24603271484375, "step": null, "ts": 1626149713.9843354}]}, "version": 165}
{"obj": {"type": "LogFloats", "path": ["monitoring", "cpu"], "values": [{"value": 11.2, "step": null, "ts": 1626149723.9869766}]}, "version": 166}
{"obj": {"type": "LogFloats", "path": ["monitoring", "memory"], "values": [{"value": 16.44580841064453, "step": null, "ts": 1626149723.9869766}]}, "version": 167}
{"obj": {"type": "LogFloats", "path": ["monitoring", "gpu"], "values": [{"value": 10.0, "step": null, "ts": 1626149723.9869766}]}, "version": 168}
{"obj": {"type": "LogFloats", "path": ["monitoring", "gpu_memory"], "values": [{"value": 2.225341796875, "step": null, "ts": 1626149723.9869766}]}, "version": 169}
{"obj": {"type": "LogFloats", "path": ["monitoring", "cpu"], "values": [{"value": 12.2, "step": null, "ts": 1626149733.989329}]}, "version": 170}
{"obj": {"type": "LogFloats", "path": ["monitoring", "memory"], "values": [{"value": 16.408370971679688, "step": null, "ts": 1626149733.989329}]}, "version": 171}
{"obj": {"type": "LogFloats", "path": ["monitoring", "gpu"], "values": [{"value": 30.0, "step": null, "ts": 1626149733.989329}]}, "version": 172}
{"obj": {"type": "LogFloats", "path": ["monitoring", "gpu_memory"], "values": [{"value": 2.21954345703125, "step": null, "ts": 1626149733.989329}]}, "version": 173}
{"obj": {"type": "LogStrings", "path": ["monitoring", "stdout"], "values": [{"value": "b''", "step": null, "ts": 1626149741.5598583}]}, "version": 174}
{"obj": {"type": "LogStrings", "path": ["monitoring", "stdout"], "values": [{"value": "b'https://app.neptune.ai/sangyeop-kim/sample/e/SAM-31\\n'", "step": null, "ts": 1626149741.5613873}]}, "version": 175}
{"obj": {"type": "LogStrings", "path": ["monitoring", "stdout"], "values": [{"value": "b'Remember to stop your run once you\\xe2\\x80\\x99ve finished logging your metadata (https://docs.neptune.ai/api-reference/run#stop). It will be stopped automatically only when the notebook kernel/interactive console is terminated.\\n'", "step": null, "ts": 1626149741.5650475}]}, "version": 176}
{"obj": {"type": "LogFloats", "path": ["monitoring", "cpu"], "values": [{"value": 14.3, "step": null, "ts": 1626149743.992621}]}, "version": 177}
{"obj": {"type": "LogFloats", "path": ["monitoring", "memory"], "values": [{"value": 16.42961883544922, "step": null, "ts": 1626149743.992621}]}, "version": 178}
{"obj": {"type": "LogFloats", "path": ["monitoring", "gpu"], "values": [{"value": 9.0, "step": null, "ts": 1626149743.992621}]}, "version": 179}
{"obj": {"type": "LogFloats", "path": ["monitoring", "gpu_memory"], "values": [{"value": 2.260986328125, "step": null, "ts": 1626149743.992621}]}, "version": 180}
{"obj": {"type": "LogStrings", "path": ["monitoring", "stdout"], "values": [{"value": "b''", "step": null, "ts": 1626149753.258569}]}, "version": 181}
{"obj": {"type": "LogStrings", "path": ["monitoring", "stdout"], "values": [{"value": "b'https://app.neptune.ai/sangyeop-kim/sample/e/SAM-31\\n'", "step": null, "ts": 1626149753.2605982}]}, "version": 182}
{"obj": {"type": "LogStrings", "path": ["monitoring", "stdout"], "values": [{"value": "b'Remember to stop your run once you\\xe2\\x80\\x99ve finished logging your metadata (https://docs.neptune.ai/api-reference/run#stop). It will be stopped automatically only when the notebook kernel/interactive console is terminated.\\n'", "step": null, "ts": 1626149753.2638886}]}, "version": 183}
{"obj": {"type": "LogFloats", "path": ["monitoring", "cpu"], "values": [{"value": 21.0, "step": null, "ts": 1626149753.9951267}]}, "version": 184}
{"obj": {"type": "LogFloats", "path": ["monitoring", "memory"], "values": [{"value": 16.46112060546875, "step": null, "ts": 1626149753.9951267}]}, "version": 185}
{"obj": {"type": "LogFloats", "path": ["monitoring", "gpu"], "values": [{"value": 9.0, "step": null, "ts": 1626149753.9951267}]}, "version": 186}
{"obj": {"type": "LogFloats", "path": ["monitoring", "gpu_memory"], "values": [{"value": 2.2498779296875, "step": null, "ts": 1626149753.9951267}]}, "version": 187}
{"obj": {"type": "LogStrings", "path": ["monitoring", "stderr"], "values": [{"value": "Error occurred during asynchronous operation processing: Timestamp must be non-decreasing for series attribute: monitoring/stdout. Invalid point: 2021-07-13T04:15:53.259Z\n", "step": null, "ts": 1626149754.1757758}]}, "version": 188}
{"obj": {"type": "LogStrings", "path": ["monitoring", "stderr"], "values": [{"value": "Error occurred during asynchronous operation processing: Timestamp must be non-decreasing for series attribute: monitoring/stdout. Invalid point: 2021-07-13T04:15:53.261Z\n", "step": null, "ts": 1626149754.178811}]}, "version": 189}
{"obj": {"type": "LogStrings", "path": ["monitoring", "stderr"], "values": [{"value": "Error occurred during asynchronous operation processing: Timestamp must be non-decreasing for series attribute: monitoring/stderr. Invalid point: 2021-07-13T04:15:54.176Z\n", "step": null, "ts": 1626149759.5830162}]}, "version": 190}
{"obj": {"type": "LogFloats", "path": ["monitoring", "cpu"], "values": [{"value": 14.5, "step": null, "ts": 1626149763.997462}]}, "version": 191}
{"obj": {"type": "LogFloats", "path": ["monitoring", "memory"], "values": [{"value": 16.4537353515625, "step": null, "ts": 1626149763.997462}]}, "version": 192}
{"obj": {"type": "LogFloats", "path": ["monitoring", "gpu"], "values": [{"value": 9.0, "step": null, "ts": 1626149763.997462}]}, "version": 193}
{"obj": {"type": "LogFloats", "path": ["monitoring", "gpu_memory"], "values": [{"value": 2.26251220703125, "step": null, "ts": 1626149763.997462}]}, "version": 194}
{"obj": {"type": "LogStrings", "path": ["monitoring", "stdout"], "values": [{"value": "b''", "step": null, "ts": 1626149768.5825028}]}, "version": 195}
{"obj": {"type": "LogStrings", "path": ["monitoring", "stdout"], "values": [{"value": "b'https://app.neptune.ai/sangyeop-kim/sample/e/SAM-32\\n'", "step": null, "ts": 1626149768.5857506}]}, "version": 196}
{"obj": {"type": "LogStrings", "path": ["monitoring", "stdout"], "values": [{"value": "b'Remember to stop your run once you\\xe2\\x80\\x99ve finished logging your metadata (https://docs.neptune.ai/api-reference/run#stop). It will be stopped automatically only when the notebook kernel/interactive console is terminated.\\n'", "step": null, "ts": 1626149768.5890775}]}, "version": 197}
{"obj": {"type": "LogStrings", "path": ["monitoring", "stderr"], "values": [{"value": "Error occurred during asynchronous operation processing: Timestamp must be non-decreasing for series attribute: monitoring/stdout. Invalid point: 2021-07-13T04:16:08.583Z\n", "step": null, "ts": 1626149770.4919634}]}, "version": 198}
{"obj": {"type": "LogStrings", "path": ["monitoring", "stderr"], "values": [{"value": "Error occurred during asynchronous operation processing: Timestamp must be non-decreasing for series attribute: monitoring/stdout. Invalid point: 2021-07-13T04:16:08.586Z\n", "step": null, "ts": 1626149770.4958053}]}, "version": 199}
{"obj": {"type": "LogFloats", "path": ["monitoring", "cpu"], "values": [{"value": 10.1, "step": null, "ts": 1626149773.999909}]}, "version": 200}
{"obj": {"type": "LogFloats", "path": ["monitoring", "memory"], "values": [{"value": 16.45682144165039, "step": null, "ts": 1626149773.999909}]}, "version": 201}
{"obj": {"type": "LogFloats", "path": ["monitoring", "gpu"], "values": [{"value": 11.0, "step": null, "ts": 1626149773.999909}]}, "version": 202}
{"obj": {"type": "LogFloats", "path": ["monitoring", "gpu_memory"], "values": [{"value": 2.25372314453125, "step": null, "ts": 1626149773.999909}]}, "version": 203}
{"obj": {"type": "LogStrings", "path": ["monitoring", "stderr"], "values": [{"value": "Error occurred during asynchronous operation processing: Timestamp must be non-decreasing for series attribute: monitoring/stderr. Invalid point: 2021-07-13T04:16:10.492Z\n", "step": null, "ts": 1626149776.005972}]}, "version": 204}
{"obj": {"type": "LogFloats", "path": ["monitoring", "cpu"], "values": [{"value": 4.5, "step": null, "ts": 1626149784.0024292}]}, "version": 205}
{"obj": {"type": "LogFloats", "path": ["monitoring", "memory"], "values": [{"value": 16.444107055664062, "step": null, "ts": 1626149784.0024292}]}, "version": 206}
{"obj": {"type": "LogFloats", "path": ["monitoring", "gpu"], "values": [{"value": 6.0, "step": null, "ts": 1626149784.0024292}]}, "version": 207}
{"obj": {"type": "LogFloats", "path": ["monitoring", "gpu_memory"], "values": [{"value": 2.2445068359375, "step": null, "ts": 1626149784.0024292}]}, "version": 208}
{"obj": {"type": "LogFloats", "path": ["monitoring", "cpu"], "values": [{"value": 8.6, "step": null, "ts": 1626149794.0053551}]}, "version": 209}
{"obj": {"type": "LogFloats", "path": ["monitoring", "memory"], "values": [{"value": 16.43087387084961, "step": null, "ts": 1626149794.0053551}]}, "version": 210}
{"obj": {"type": "LogFloats", "path": ["monitoring", "gpu"], "values": [{"value": 4.0, "step": null, "ts": 1626149794.0053551}]}, "version": 211}
{"obj": {"type": "LogFloats", "path": ["monitoring", "gpu_memory"], "values": [{"value": 2.23809814453125, "step": null, "ts": 1626149794.0053551}]}, "version": 212}
{"obj": {"type": "LogFloats", "path": ["monitoring", "cpu"], "values": [{"value": 8.1, "step": null, "ts": 1626149804.00785}]}, "version": 213}
{"obj": {"type": "LogFloats", "path": ["monitoring", "memory"], "values": [{"value": 16.452106475830078, "step": null, "ts": 1626149804.00785}]}, "version": 214}
{"obj": {"type": "LogFloats", "path": ["monitoring", "gpu"], "values": [{"value": 5.0, "step": null, "ts": 1626149804.00785}]}, "version": 215}
{"obj": {"type": "LogFloats", "path": ["monitoring", "gpu_memory"], "values": [{"value": 2.271484375, "step": null, "ts": 1626149804.00785}]}, "version": 216}
{"obj": {"type": "LogFloats", "path": ["monitoring", "cpu"], "values": [{"value": 4.9, "step": null, "ts": 1626149814.010197}]}, "version": 217}
{"obj": {"type": "LogFloats", "path": ["monitoring", "memory"], "values": [{"value": 16.423877716064453, "step": null, "ts": 1626149814.010197}]}, "version": 218}
{"obj": {"type": "LogFloats", "path": ["monitoring", "gpu"], "values": [{"value": 5.0, "step": null, "ts": 1626149814.010197}]}, "version": 219}
{"obj": {"type": "LogFloats", "path": ["monitoring", "gpu_memory"], "values": [{"value": 2.2445068359375, "step": null, "ts": 1626149814.010197}]}, "version": 220}
{"obj": {"type": "LogFloats", "path": ["monitoring", "cpu"], "values": [{"value": 5.6, "step": null, "ts": 1626149824.0129082}]}, "version": 221}
{"obj": {"type": "LogFloats", "path": ["monitoring", "memory"], "values": [{"value": 16.41329574584961, "step": null, "ts": 1626149824.0129082}]}, "version": 222}
{"obj": {"type": "LogFloats", "path": ["monitoring", "gpu"], "values": [{"value": 5.0, "step": null, "ts": 1626149824.0129082}]}, "version": 223}
{"obj": {"type": "LogFloats", "path": ["monitoring", "gpu_memory"], "values": [{"value": 2.2427978515625, "step": null, "ts": 1626149824.0129082}]}, "version": 224}
{"obj": {"type": "LogStrings", "path": ["monitoring", "stderr"], "values": [{"value": "Error occurred during asynchronous operation processing: Timestamp must be non-decreasing for series attribute: monitoring/memory. Invalid point: 2021-07-13T04:17:08.863Z\n", "step": null, "ts": 1626149833.4931972}]}, "version": 225}
{"obj": {"type": "LogStrings", "path": ["monitoring", "stderr"], "values": [{"value": "Error occurred during asynchronous operation processing: Timestamp must be non-decreasing for series attribute: monitoring/gpu. Invalid point: 2021-07-13T04:17:08.863Z\n", "step": null, "ts": 1626149833.496241}]}, "version": 226}
{"obj": {"type": "LogStrings", "path": ["monitoring", "stderr"], "values": [{"value": "Error occurred during asynchronous operation processing: Timestamp must be non-decreasing for series attribute: monitoring/cpu. Invalid point: 2021-07-13T04:17:08.863Z\n", "step": null, "ts": 1626149833.4992144}]}, "version": 227}
{"obj": {"type": "LogStrings", "path": ["monitoring", "stderr"], "values": [{"value": "Error occurred during asynchronous operation processing: Timestamp must be non-decreasing for series attribute: monitoring/gpu_memory. Invalid point: 2021-07-13T04:17:08.863Z\n", "step": null, "ts": 1626149833.5018327}]}, "version": 228}
{"obj": {"type": "LogFloats", "path": ["monitoring", "cpu"], "values": [{"value": 6.9, "step": null, "ts": 1626149834.0155861}]}, "version": 229}
{"obj": {"type": "LogFloats", "path": ["monitoring", "memory"], "values": [{"value": 16.426193237304688, "step": null, "ts": 1626149834.0155861}]}, "version": 230}
{"obj": {"type": "LogFloats", "path": ["monitoring", "gpu"], "values": [{"value": 6.0, "step": null, "ts": 1626149834.0155861}]}, "version": 231}
{"obj": {"type": "LogFloats", "path": ["monitoring", "gpu_memory"], "values": [{"value": 2.24609375, "step": null, "ts": 1626149834.0155861}]}, "version": 232}
{"obj": {"type": "LogStrings", "path": ["monitoring", "stderr"], "values": [{"value": "Error occurred during asynchronous operation processing: Timestamp must be non-decreasing for series attribute: monitoring/stderr. Invalid point: 2021-07-13T04:17:13.493Z\n", "step": null, "ts": 1626149834.542007}]}, "version": 233}
{"obj": {"type": "LogStrings", "path": ["monitoring", "stderr"], "values": [{"value": "Error occurred during asynchronous operation processing: Timestamp must be non-decreasing for series attribute: monitoring/stderr. Invalid point: 2021-07-13T04:17:13.496Z\n", "step": null, "ts": 1626149834.5457175}]}, "version": 234}
{"obj": {"type": "LogStrings", "path": ["monitoring", "stderr"], "values": [{"value": "Error occurred during asynchronous operation processing: Timestamp must be non-decreasing for series attribute: monitoring/stderr. Invalid point: 2021-07-13T04:17:13.499Z\n", "step": null, "ts": 1626149834.5493147}]}, "version": 235}
{"obj": {"type": "LogStrings", "path": ["monitoring", "stderr"], "values": [{"value": "Error occurred during asynchronous operation processing: Timestamp must be non-decreasing for series attribute: monitoring/stderr. Invalid point: 2021-07-13T04:17:14.542Z\n", "step": null, "ts": 1626149840.022505}]}, "version": 236}
{"obj": {"type": "LogStrings", "path": ["monitoring", "stderr"], "values": [{"value": "Error occurred during asynchronous operation processing: Timestamp must be non-decreasing for series attribute: monitoring/stderr. Invalid point: 2021-07-13T04:17:14.546Z\n", "step": null, "ts": 1626149840.02637}]}, "version": 237}
{"obj": {"type": "LogFloats", "path": ["monitoring", "cpu"], "values": [{"value": 6.2, "step": null, "ts": 1626149844.0180345}]}, "version": 238}
{"obj": {"type": "LogFloats", "path": ["monitoring", "memory"], "values": [{"value": 16.41244125366211, "step": null, "ts": 1626149844.0180345}]}, "version": 239}
{"obj": {"type": "LogFloats", "path": ["monitoring", "gpu"], "values": [{"value": 31.0, "step": null, "ts": 1626149844.0180345}]}, "version": 240}
{"obj": {"type": "LogFloats", "path": ["monitoring", "gpu_memory"], "values": [{"value": 2.2449951171875, "step": null, "ts": 1626149844.0180345}]}, "version": 241}
{"obj": {"type": "LogStrings", "path": ["monitoring", "stderr"], "values": [{"value": "Error occurred during asynchronous operation processing: Timestamp must be non-decreasing for series attribute: monitoring/memory. Invalid point: 2021-07-13T04:17:18.866Z\n", "step": null, "ts": 1626149844.3013716}]}, "version": 242}
{"obj": {"type": "LogStrings", "path": ["monitoring", "stderr"], "values": [{"value": "Error occurred during asynchronous operation processing: Timestamp must be non-decreasing for series attribute: monitoring/gpu. Invalid point: 2021-07-13T04:17:18.866Z\n", "step": null, "ts": 1626149844.303791}]}, "version": 243}
{"obj": {"type": "LogStrings", "path": ["monitoring", "stderr"], "values": [{"value": "Error occurred during asynchronous operation processing: Timestamp must be non-decreasing for series attribute: monitoring/gpu_memory. Invalid point: 2021-07-13T04:17:18.866Z\n", "step": null, "ts": 1626149844.307835}]}, "version": 244}
{"obj": {"type": "LogStrings", "path": ["monitoring", "stderr"], "values": [{"value": "Error occurred during asynchronous operation processing: Timestamp must be non-decreasing for series attribute: monitoring/cpu. Invalid point: 2021-07-13T04:17:18.866Z\n", "step": null, "ts": 1626149844.3104641}]}, "version": 245}
{"obj": {"type": "LogStrings", "path": ["monitoring", "stderr"], "values": [{"value": "Error occurred during asynchronous operation processing: Timestamp must be non-decreasing for series attribute: monitoring/stderr. Invalid point: 2021-07-13T04:17:20.023Z\n", "step": null, "ts": 1626149845.533896}]}, "version": 246}
{"obj": {"type": "LogStrings", "path": ["monitoring", "stderr"], "values": [{"value": "Error occurred during asynchronous operation processing: Timestamp must be non-decreasing for series attribute: monitoring/stderr. Invalid point: 2021-07-13T04:17:20.026Z\n", "step": null, "ts": 1626149845.5372868}]}, "version": 247}
{"obj": {"type": "LogStrings", "path": ["monitoring", "stderr"], "values": [{"value": "Error occurred during asynchronous operation processing: Timestamp must be non-decreasing for series attribute: monitoring/stderr. Invalid point: 2021-07-13T04:17:24.301Z\n", "step": null, "ts": 1626149845.5399835}]}, "version": 248}
{"obj": {"type": "LogStrings", "path": ["monitoring", "stderr"], "values": [{"value": "Error occurred during asynchronous operation processing: Timestamp must be non-decreasing for series attribute: monitoring/stderr. Invalid point: 2021-07-13T04:17:24.305Z\n", "step": null, "ts": 1626149845.5434318}]}, "version": 249}
{"obj": {"type": "LogStrings", "path": ["monitoring", "stderr"], "values": [{"value": "Error occurred during asynchronous operation processing: Timestamp must be non-decreasing for series attribute: monitoring/stderr. Invalid point: 2021-07-13T04:17:24.308Z\n", "step": null, "ts": 1626149845.5458014}]}, "version": 250}
{"obj": {"type": "LogStrings", "path": ["monitoring", "stderr"], "values": [{"value": "Error occurred during asynchronous operation processing: Timestamp must be non-decreasing for series attribute: monitoring/stderr. Invalid point: 2021-07-13T04:17:25.534Z\n", "step": null, "ts": 1626149850.9599013}]}, "version": 251}
{"obj": {"type": "LogStrings", "path": ["monitoring", "stderr"], "values": [{"value": "Error occurred during asynchronous operation processing: Timestamp must be non-decreasing for series attribute: monitoring/stderr. Invalid point: 2021-07-13T04:17:25.537Z\n", "step": null, "ts": 1626149850.9629734}]}, "version": 252}
{"obj": {"type": "LogStrings", "path": ["monitoring", "stderr"], "values": [{"value": "Error occurred during asynchronous operation processing: Timestamp must be non-decreasing for series attribute: monitoring/stderr. Invalid point: 2021-07-13T04:17:25.540Z\n", "step": null, "ts": 1626149850.9660077}]}, "version": 253}
{"obj": {"type": "LogStrings", "path": ["monitoring", "stderr"], "values": [{"value": "Error occurred during asynchronous operation processing: Timestamp must be non-decreasing for series attribute: monitoring/stderr. Invalid point: 2021-07-13T04:17:25.543Z\n", "step": null, "ts": 1626149850.9685926}]}, "version": 254}
{"obj": {"type": "LogFloats", "path": ["monitoring", "cpu"], "values": [{"value": 5.6, "step": null, "ts": 1626149854.0205865}]}, "version": 255}
{"obj": {"type": "LogFloats", "path": ["monitoring", "memory"], "values": [{"value": 16.409893035888672, "step": null, "ts": 1626149854.0205865}]}, "version": 256}
{"obj": {"type": "LogFloats", "path": ["monitoring", "gpu"], "values": [{"value": 27.0, "step": null, "ts": 1626149854.0205865}]}, "version": 257}
{"obj": {"type": "LogFloats", "path": ["monitoring", "gpu_memory"], "values": [{"value": 2.2388916015625, "step": null, "ts": 1626149854.0205865}]}, "version": 258}
{"obj": {"type": "LogStrings", "path": ["monitoring", "stderr"], "values": [{"value": "Error occurred during asynchronous operation processing: Timestamp must be non-decreasing for series attribute: monitoring/stderr. Invalid point: 2021-07-13T04:17:30.960Z\n", "step": null, "ts": 1626149856.4382896}]}, "version": 259}
{"obj": {"type": "LogStrings", "path": ["monitoring", "stderr"], "values": [{"value": "Error occurred during asynchronous operation processing: Timestamp must be non-decreasing for series attribute: monitoring/stderr. Invalid point: 2021-07-13T04:17:30.963Z\n", "step": null, "ts": 1626149856.4421666}]}, "version": 260}
{"obj": {"type": "LogStrings", "path": ["monitoring", "stderr"], "values": [{"value": "Error occurred during asynchronous operation processing: Timestamp must be non-decreasing for series attribute: monitoring/stderr. Invalid point: 2021-07-13T04:17:30.966Z\n", "step": null, "ts": 1626149856.4455702}]}, "version": 261}
{"obj": {"type": "LogStrings", "path": ["monitoring", "stderr"], "values": [{"value": "Error occurred during asynchronous operation processing: Timestamp must be non-decreasing for series attribute: monitoring/stderr. Invalid point: 2021-07-13T04:17:36.439Z\n", "step": null, "ts": 1626149861.8925278}]}, "version": 262}
{"obj": {"type": "LogStrings", "path": ["monitoring", "stderr"], "values": [{"value": "Error occurred during asynchronous operation processing: Timestamp must be non-decreasing for series attribute: monitoring/stderr. Invalid point: 2021-07-13T04:17:36.442Z\n", "step": null, "ts": 1626149861.8964615}]}, "version": 263}
{"obj": {"type": "LogFloats", "path": ["monitoring", "cpu"], "values": [{"value": 4.5, "step": null, "ts": 1626149864.0237336}]}, "version": 264}
{"obj": {"type": "LogFloats", "path": ["monitoring", "memory"], "values": [{"value": 16.422252655029297, "step": null, "ts": 1626149864.0237336}]}, "version": 265}
{"obj": {"type": "LogFloats", "path": ["monitoring", "gpu"], "values": [{"value": 6.0, "step": null, "ts": 1626149864.0237336}]}, "version": 266}
{"obj": {"type": "LogFloats", "path": ["monitoring", "gpu_memory"], "values": [{"value": 2.2403564453125, "step": null, "ts": 1626149864.0237336}]}, "version": 267}
{"obj": {"type": "LogStrings", "path": ["monitoring", "stderr"], "values": [{"value": "Error occurred during asynchronous operation processing: Timestamp must be non-decreasing for series attribute: monitoring/stderr. Invalid point: 2021-07-13T04:17:41.893Z\n", "step": null, "ts": 1626149867.3871593}]}, "version": 268}
{"obj": {"type": "LogFloats", "path": ["monitoring", "cpu"], "values": [{"value": 7.3, "step": null, "ts": 1626149874.0260894}]}, "version": 269}
{"obj": {"type": "LogFloats", "path": ["monitoring", "memory"], "values": [{"value": 16.39950180053711, "step": null, "ts": 1626149874.0260894}]}, "version": 270}
{"obj": {"type": "LogFloats", "path": ["monitoring", "gpu"], "values": [{"value": 4.0, "step": null, "ts": 1626149874.0260894}]}, "version": 271}
{"obj": {"type": "LogFloats", "path": ["monitoring", "gpu_memory"], "values": [{"value": 2.238525390625, "step": null, "ts": 1626149874.0260894}]}, "version": 272}
{"obj": {"type": "LogFloats", "path": ["monitoring", "cpu"], "values": [{"value": 13.8, "step": null, "ts": 1626149884.0284925}]}, "version": 273}
{"obj": {"type": "LogFloats", "path": ["monitoring", "memory"], "values": [{"value": 16.443309783935547, "step": null, "ts": 1626149884.0284925}]}, "version": 274}
{"obj": {"type": "LogFloats", "path": ["monitoring", "gpu"], "values": [{"value": 17.0, "step": null, "ts": 1626149884.0284925}]}, "version": 275}
{"obj": {"type": "LogFloats", "path": ["monitoring", "gpu_memory"], "values": [{"value": 2.25506591796875, "step": null, "ts": 1626149884.0284925}]}, "version": 276}
{"obj": {"type": "LogStrings", "path": ["monitoring", "stdout"], "values": [{"value": "b''", "step": null, "ts": 1626149884.1072829}]}, "version": 277}
{"obj": {"type": "LogStrings", "path": ["monitoring", "stdout"], "values": [{"value": "b'https://app.neptune.ai/sangyeop-kim/sample/e/SAM-33\\n'", "step": null, "ts": 1626149884.1107833}]}, "version": 278}
{"obj": {"type": "LogStrings", "path": ["monitoring", "stdout"], "values": [{"value": "b'Remember to stop your run once you\\xe2\\x80\\x99ve finished logging your metadata (https://docs.neptune.ai/api-reference/run#stop). It will be stopped automatically only when the notebook kernel/interactive console is terminated.\\n'", "step": null, "ts": 1626149884.1141691}]}, "version": 279}
{"obj": {"type": "LogStrings", "path": ["monitoring", "stderr"], "values": [{"value": "Error occurred during asynchronous operation processing: Timestamp must be non-decreasing for series attribute: monitoring/stdout. Invalid point: 2021-07-13T04:18:04.108Z\n", "step": null, "ts": 1626149888.6733885}]}, "version": 280}
{"obj": {"type": "LogStrings", "path": ["monitoring", "stderr"], "values": [{"value": "Error occurred during asynchronous operation processing: Timestamp must be non-decreasing for series attribute: monitoring/stdout. Invalid point: 2021-07-13T04:18:04.111Z\n", "step": null, "ts": 1626149888.676076}]}, "version": 281}
{"obj": {"type": "LogFloats", "path": ["monitoring", "cpu"], "values": [{"value": 16.5, "step": null, "ts": 1626149894.030897}]}, "version": 282}
{"obj": {"type": "LogFloats", "path": ["monitoring", "memory"], "values": [{"value": 16.501976013183594, "step": null, "ts": 1626149894.030897}]}, "version": 283}
{"obj": {"type": "LogFloats", "path": ["monitoring", "gpu"], "values": [{"value": 9.0, "step": null, "ts": 1626149894.030897}]}, "version": 284}
{"obj": {"type": "LogFloats", "path": ["monitoring", "gpu_memory"], "values": [{"value": 2.26141357421875, "step": null, "ts": 1626149894.030897}]}, "version": 285}
{"obj": {"type": "LogStrings", "path": ["monitoring", "stderr"], "values": [{"value": "Error occurred during asynchronous operation processing: Timestamp must be non-decreasing for series attribute: monitoring/stderr. Invalid point: 2021-07-13T04:18:08.673Z\n", "step": null, "ts": 1626149894.1850772}]}, "version": 286}
{"obj": {"type": "LogFloats", "path": ["monitoring", "cpu"], "values": [{"value": 10.7, "step": null, "ts": 1626149904.032958}]}, "version": 287}
{"obj": {"type": "LogFloats", "path": ["monitoring", "memory"], "values": [{"value": 16.49651336669922, "step": null, "ts": 1626149904.032958}]}, "version": 288}
{"obj": {"type": "LogFloats", "path": ["monitoring", "gpu"], "values": [{"value": 10.0, "step": null, "ts": 1626149904.032958}]}, "version": 289}
{"obj": {"type": "LogFloats", "path": ["monitoring", "gpu_memory"], "values": [{"value": 2.24664306640625, "step": null, "ts": 1626149904.032958}]}, "version": 290}
{"obj": {"type": "LogFloats", "path": ["monitoring", "cpu"], "values": [{"value": 9.2, "step": null, "ts": 1626149914.0351934}]}, "version": 291}
{"obj": {"type": "LogFloats", "path": ["monitoring", "memory"], "values": [{"value": 16.479610443115234, "step": null, "ts": 1626149914.0351934}]}, "version": 292}
{"obj": {"type": "LogFloats", "path": ["monitoring", "gpu"], "values": [{"value": 10.0, "step": null, "ts": 1626149914.0351934}]}, "version": 293}
{"obj": {"type": "LogFloats", "path": ["monitoring", "gpu_memory"], "values": [{"value": 2.24676513671875, "step": null, "ts": 1626149914.0351934}]}, "version": 294}
{"obj": {"type": "LogFloats", "path": ["monitoring", "cpu"], "values": [{"value": 12.6, "step": null, "ts": 1626149924.0376067}]}, "version": 295}
{"obj": {"type": "LogFloats", "path": ["monitoring", "memory"], "values": [{"value": 16.45904541015625, "step": null, "ts": 1626149924.0376067}]}, "version": 296}
{"obj": {"type": "LogFloats", "path": ["monitoring", "gpu"], "values": [{"value": 11.0, "step": null, "ts": 1626149924.0376067}]}, "version": 297}
{"obj": {"type": "LogFloats", "path": ["monitoring", "gpu_memory"], "values": [{"value": 2.23919677734375, "step": null, "ts": 1626149924.0376067}]}, "version": 298}
{"obj": {"type": "LogFloats", "path": ["monitoring", "cpu"], "values": [{"value": 11.4, "step": null, "ts": 1626149934.0402517}]}, "version": 299}
{"obj": {"type": "LogFloats", "path": ["monitoring", "memory"], "values": [{"value": 16.467777252197266, "step": null, "ts": 1626149934.0402517}]}, "version": 300}
{"obj": {"type": "LogFloats", "path": ["monitoring", "gpu"], "values": [{"value": 11.0, "step": null, "ts": 1626149934.0402517}]}, "version": 301}
{"obj": {"type": "LogFloats", "path": ["monitoring", "gpu_memory"], "values": [{"value": 2.24078369140625, "step": null, "ts": 1626149934.0402517}]}, "version": 302}
{"obj": {"type": "LogStrings", "path": ["monitoring", "stdout"], "values": [{"value": "b''", "step": null, "ts": 1626149935.7053947}]}, "version": 303}
{"obj": {"type": "LogStrings", "path": ["monitoring", "stdout"], "values": [{"value": "b'https://app.neptune.ai/sangyeop-kim/sample/e/SAM-34\\n'", "step": null, "ts": 1626149935.7127929}]}, "version": 304}
{"obj": {"type": "LogStrings", "path": ["monitoring", "stdout"], "values": [{"value": "b'Remember to stop your run once you\\xe2\\x80\\x99ve finished logging your metadata (https://docs.neptune.ai/api-reference/run#stop). It will be stopped automatically only when the notebook kernel/interactive console is terminated.\\n'", "step": null, "ts": 1626149935.717691}]}, "version": 305}
{"obj": {"type": "LogStrings", "path": ["monitoring", "stderr"], "values": [{"value": "Error occurred during asynchronous operation processing: Timestamp must be non-decreasing for series attribute: monitoring/stdout. Invalid point: 2021-07-13T04:18:55.707Z\n", "step": null, "ts": 1626149941.295882}]}, "version": 306}
{"obj": {"type": "LogStrings", "path": ["monitoring", "stderr"], "values": [{"value": "Error occurred during asynchronous operation processing: Timestamp must be non-decreasing for series attribute: monitoring/stdout. Invalid point: 2021-07-13T04:18:55.713Z\n", "step": null, "ts": 1626149941.2993407}]}, "version": 307}
{"obj": {"type": "LogFloats", "path": ["monitoring", "cpu"], "values": [{"value": 18.4, "step": null, "ts": 1626149944.0429537}]}, "version": 308}
{"obj": {"type": "LogFloats", "path": ["monitoring", "memory"], "values": [{"value": 16.618011474609375, "step": null, "ts": 1626149944.0429537}]}, "version": 309}
{"obj": {"type": "LogFloats", "path": ["monitoring", "gpu"], "values": [{"value": 10.0, "step": null, "ts": 1626149944.0429537}]}, "version": 310}
{"obj": {"type": "LogFloats", "path": ["monitoring", "gpu_memory"], "values": [{"value": 2.25384521484375, "step": null, "ts": 1626149944.0429537}]}, "version": 311}
{"obj": {"type": "LogStrings", "path": ["monitoring", "stderr"], "values": [{"value": "Error occurred during asynchronous operation processing: Timestamp must be non-decreasing for series attribute: monitoring/stderr. Invalid point: 2021-07-13T04:19:01.296Z\n", "step": null, "ts": 1626149946.8128421}]}, "version": 312}
{"obj": {"type": "LogFloats", "path": ["monitoring", "cpu"], "values": [{"value": 18.2, "step": null, "ts": 1626149954.0450015}]}, "version": 313}
{"obj": {"type": "LogFloats", "path": ["monitoring", "memory"], "values": [{"value": 16.658390045166016, "step": null, "ts": 1626149954.0450015}]}, "version": 314}
{"obj": {"type": "LogFloats", "path": ["monitoring", "gpu"], "values": [{"value": 16.0, "step": null, "ts": 1626149954.0450015}]}, "version": 315}
{"obj": {"type": "LogFloats", "path": ["monitoring", "gpu_memory"], "values": [{"value": 2.22406005859375, "step": null, "ts": 1626149954.0450015}]}, "version": 316}
{"obj": {"type": "LogFloats", "path": ["monitoring", "cpu"], "values": [{"value": 9.1, "step": null, "ts": 1626149964.0475667}]}, "version": 317}
{"obj": {"type": "LogFloats", "path": ["monitoring", "memory"], "values": [{"value": 16.657123565673828, "step": null, "ts": 1626149964.0475667}]}, "version": 318}
{"obj": {"type": "LogFloats", "path": ["monitoring", "gpu"], "values": [{"value": 9.0, "step": null, "ts": 1626149964.0475667}]}, "version": 319}
{"obj": {"type": "LogFloats", "path": ["monitoring", "gpu_memory"], "values": [{"value": 2.23187255859375, "step": null, "ts": 1626149964.0475667}]}, "version": 320}
{"obj": {"type": "LogFloats", "path": ["monitoring", "cpu"], "values": [{"value": 11.9, "step": null, "ts": 1626149974.050075}]}, "version": 321}
{"obj": {"type": "LogFloats", "path": ["monitoring", "memory"], "values": [{"value": 16.640296936035156, "step": null, "ts": 1626149974.050075}]}, "version": 322}
{"obj": {"type": "LogFloats", "path": ["monitoring", "gpu"], "values": [{"value": 9.0, "step": null, "ts": 1626149974.050075}]}, "version": 323}
{"obj": {"type": "LogFloats", "path": ["monitoring", "gpu_memory"], "values": [{"value": 2.22314453125, "step": null, "ts": 1626149974.050075}]}, "version": 324}
{"obj": {"type": "LogFloats", "path": ["monitoring", "cpu"], "values": [{"value": 8.0, "step": null, "ts": 1626149984.052562}]}, "version": 325}
{"obj": {"type": "LogFloats", "path": ["monitoring", "memory"], "values": [{"value": 16.6585693359375, "step": null, "ts": 1626149984.052562}]}, "version": 326}
{"obj": {"type": "LogFloats", "path": ["monitoring", "gpu"], "values": [{"value": 18.0, "step": null, "ts": 1626149984.052562}]}, "version": 327}
{"obj": {"type": "LogFloats", "path": ["monitoring", "gpu_memory"], "values": [{"value": 2.23321533203125, "step": null, "ts": 1626149984.052562}]}, "version": 328}
{"obj": {"type": "LogFloats", "path": ["monitoring", "cpu"], "values": [{"value": 7.6, "step": null, "ts": 1626149994.0551174}]}, "version": 329}
{"obj": {"type": "LogFloats", "path": ["monitoring", "memory"], "values": [{"value": 16.59942626953125, "step": null, "ts": 1626149994.0551174}]}, "version": 330}
{"obj": {"type": "LogFloats", "path": ["monitoring", "gpu"], "values": [{"value": 14.0, "step": null, "ts": 1626149994.0551174}]}, "version": 331}
{"obj": {"type": "LogFloats", "path": ["monitoring", "gpu_memory"], "values": [{"value": 2.2308349609375, "step": null, "ts": 1626149994.0551174}]}, "version": 332}
{"obj": {"type": "LogFloats", "path": ["monitoring", "cpu"], "values": [{"value": 7.0, "step": null, "ts": 1626150004.0581825}]}, "version": 333}
{"obj": {"type": "LogFloats", "path": ["monitoring", "memory"], "values": [{"value": 16.578983306884766, "step": null, "ts": 1626150004.0581825}]}, "version": 334}
{"obj": {"type": "LogFloats", "path": ["monitoring", "gpu"], "values": [{"value": 12.0, "step": null, "ts": 1626150004.0581825}]}, "version": 335}
{"obj": {"type": "LogFloats", "path": ["monitoring", "gpu_memory"], "values": [{"value": 2.2496337890625, "step": null, "ts": 1626150004.0581825}]}, "version": 336}
{"obj": {"type": "LogFloats", "path": ["monitoring", "cpu"], "values": [{"value": 9.6, "step": null, "ts": 1626150014.0629632}]}, "version": 337}
{"obj": {"type": "LogFloats", "path": ["monitoring", "memory"], "values": [{"value": 16.59389877319336, "step": null, "ts": 1626150014.0629632}]}, "version": 338}
{"obj": {"type": "LogFloats", "path": ["monitoring", "gpu"], "values": [{"value": 23.0, "step": null, "ts": 1626150014.0629632}]}, "version": 339}
{"obj": {"type": "LogFloats", "path": ["monitoring", "gpu_memory"], "values": [{"value": 2.24200439453125, "step": null, "ts": 1626150014.0629632}]}, "version": 340}
{"obj": {"type": "LogStrings", "path": ["monitoring", "stdout"], "values": [{"value": "b''", "step": null, "ts": 1626150017.7020628}]}, "version": 341}
{"obj": {"type": "LogStrings", "path": ["monitoring", "stdout"], "values": [{"value": "b'https://app.neptune.ai/sangyeop-kim/sample/e/SAM-35\\n'", "step": null, "ts": 1626150017.7068167}]}, "version": 342}
{"obj": {"type": "LogStrings", "path": ["monitoring", "stdout"], "values": [{"value": "b'Remember to stop your run once you\\xe2\\x80\\x99ve finished logging your metadata (https://docs.neptune.ai/api-reference/run#stop). It will be stopped automatically only when the notebook kernel/interactive console is terminated.\\n'", "step": null, "ts": 1626150017.7123697}]}, "version": 343}
{"obj": {"type": "LogStrings", "path": ["monitoring", "stderr"], "values": [{"value": "Error occurred during asynchronous operation processing: Timestamp must be non-decreasing for series attribute: monitoring/stdout. Invalid point: 2021-07-13T04:20:17.703Z\n", "step": null, "ts": 1626150021.166125}]}, "version": 344}
{"obj": {"type": "LogStrings", "path": ["monitoring", "stderr"], "values": [{"value": "Error occurred during asynchronous operation processing: Timestamp must be non-decreasing for series attribute: monitoring/stdout. Invalid point: 2021-07-13T04:20:17.707Z\n", "step": null, "ts": 1626150021.1710894}]}, "version": 345}
{"obj": {"type": "LogFloats", "path": ["monitoring", "cpu"], "values": [{"value": 23.7, "step": null, "ts": 1626150024.0655575}]}, "version": 346}
{"obj": {"type": "LogFloats", "path": ["monitoring", "memory"], "values": [{"value": 16.69921112060547, "step": null, "ts": 1626150024.0655575}]}, "version": 347}
{"obj": {"type": "LogFloats", "path": ["monitoring", "gpu"], "values": [{"value": 11.0, "step": null, "ts": 1626150024.0655575}]}, "version": 348}
{"obj": {"type": "LogFloats", "path": ["monitoring", "gpu_memory"], "values": [{"value": 2.28997802734375, "step": null, "ts": 1626150024.0655575}]}, "version": 349}
{"obj": {"type": "LogStrings", "path": ["monitoring", "stderr"], "values": [{"value": "Error occurred during asynchronous operation processing: Timestamp must be non-decreasing for series attribute: monitoring/stderr. Invalid point: 2021-07-13T04:20:21.167Z\n", "step": null, "ts": 1626150026.6718335}]}, "version": 350}
{"obj": {"type": "LogFloats", "path": ["monitoring", "cpu"], "values": [{"value": 10.3, "step": null, "ts": 1626150034.0673218}]}, "version": 351}
{"obj": {"type": "LogFloats", "path": ["monitoring", "memory"], "values": [{"value": 16.659290313720703, "step": null, "ts": 1626150034.0673218}]}, "version": 352}
{"obj": {"type": "LogFloats", "path": ["monitoring", "gpu"], "values": [{"value": 11.0, "step": null, "ts": 1626150034.0673218}]}, "version": 353}
{"obj": {"type": "LogFloats", "path": ["monitoring", "gpu_memory"], "values": [{"value": 2.22613525390625, "step": null, "ts": 1626150034.0673218}]}, "version": 354}
{"obj": {"type": "LogFloats", "path": ["monitoring", "cpu"], "values": [{"value": 7.4, "step": null, "ts": 1626150044.0693128}]}, "version": 355}
{"obj": {"type": "LogFloats", "path": ["monitoring", "memory"], "values": [{"value": 16.630958557128906, "step": null, "ts": 1626150044.0693128}]}, "version": 356}
{"obj": {"type": "LogFloats", "path": ["monitoring", "gpu"], "values": [{"value": 9.0, "step": null, "ts": 1626150044.0693128}]}, "version": 357}
{"obj": {"type": "LogFloats", "path": ["monitoring", "gpu_memory"], "values": [{"value": 2.22540283203125, "step": null, "ts": 1626150044.0693128}]}, "version": 358}
{"obj": {"type": "LogFloats", "path": ["monitoring", "cpu"], "values": [{"value": 13.8, "step": null, "ts": 1626150054.0715668}]}, "version": 359}
{"obj": {"type": "LogFloats", "path": ["monitoring", "memory"], "values": [{"value": 16.650001525878906, "step": null, "ts": 1626150054.0715668}]}, "version": 360}
{"obj": {"type": "LogFloats", "path": ["monitoring", "gpu"], "values": [{"value": 9.0, "step": null, "ts": 1626150054.0715668}]}, "version": 361}
{"obj": {"type": "LogFloats", "path": ["monitoring", "gpu_memory"], "values": [{"value": 2.228271484375, "step": null, "ts": 1626150054.0715668}]}, "version": 362}
{"obj": {"type": "LogFloats", "path": ["monitoring", "cpu"], "values": [{"value": 16.1, "step": null, "ts": 1626150064.0733132}]}, "version": 363}
{"obj": {"type": "LogFloats", "path": ["monitoring", "memory"], "values": [{"value": 16.649246215820312, "step": null, "ts": 1626150064.0733132}]}, "version": 364}
{"obj": {"type": "LogFloats", "path": ["monitoring", "gpu"], "values": [{"value": 9.0, "step": null, "ts": 1626150064.0733132}]}, "version": 365}
{"obj": {"type": "LogFloats", "path": ["monitoring", "gpu_memory"], "values": [{"value": 2.27386474609375, "step": null, "ts": 1626150064.0733132}]}, "version": 366}
{"obj": {"type": "LogFloats", "path": ["monitoring", "cpu"], "values": [{"value": 8.1, "step": null, "ts": 1626150074.075969}]}, "version": 367}
{"obj": {"type": "LogFloats", "path": ["monitoring", "memory"], "values": [{"value": 16.622821807861328, "step": null, "ts": 1626150074.075969}]}, "version": 368}
{"obj": {"type": "LogFloats", "path": ["monitoring", "gpu"], "values": [{"value": 8.0, "step": null, "ts": 1626150074.075969}]}, "version": 369}
{"obj": {"type": "LogFloats", "path": ["monitoring", "gpu_memory"], "values": [{"value": 2.18902587890625, "step": null, "ts": 1626150074.075969}]}, "version": 370}
{"obj": {"type": "LogFloats", "path": ["monitoring", "cpu"], "values": [{"value": 13.4, "step": null, "ts": 1626150084.0785177}]}, "version": 371}
{"obj": {"type": "LogFloats", "path": ["monitoring", "memory"], "values": [{"value": 16.67645263671875, "step": null, "ts": 1626150084.0785177}]}, "version": 372}
{"obj": {"type": "LogFloats", "path": ["monitoring", "gpu"], "values": [{"value": 9.0, "step": null, "ts": 1626150084.0785177}]}, "version": 373}
{"obj": {"type": "LogFloats", "path": ["monitoring", "gpu_memory"], "values": [{"value": 2.23406982421875, "step": null, "ts": 1626150084.0785177}]}, "version": 374}
{"obj": {"type": "LogFloats", "path": ["monitoring", "cpu"], "values": [{"value": 9.3, "step": null, "ts": 1626150094.0809505}]}, "version": 375}
{"obj": {"type": "LogFloats", "path": ["monitoring", "memory"], "values": [{"value": 16.64775848388672, "step": null, "ts": 1626150094.0809505}]}, "version": 376}
{"obj": {"type": "LogFloats", "path": ["monitoring", "gpu"], "values": [{"value": 10.0, "step": null, "ts": 1626150094.0809505}]}, "version": 377}
{"obj": {"type": "LogFloats", "path": ["monitoring", "gpu_memory"], "values": [{"value": 2.226806640625, "step": null, "ts": 1626150094.0809505}]}, "version": 378}
{"obj": {"type": "LogFloats", "path": ["monitoring", "cpu"], "values": [{"value": 11.5, "step": null, "ts": 1626150104.0832798}]}, "version": 379}
{"obj": {"type": "LogFloats", "path": ["monitoring", "memory"], "values": [{"value": 16.669479370117188, "step": null, "ts": 1626150104.0832798}]}, "version": 380}
{"obj": {"type": "LogFloats", "path": ["monitoring", "gpu"], "values": [{"value": 14.0, "step": null, "ts": 1626150104.0832798}]}, "version": 381}
{"obj": {"type": "LogFloats", "path": ["monitoring", "gpu_memory"], "values": [{"value": 2.23077392578125, "step": null, "ts": 1626150104.0832798}]}, "version": 382}
{"obj": {"type": "LogFloats", "path": ["monitoring", "cpu"], "values": [{"value": 11.5, "step": null, "ts": 1626150114.0859623}]}, "version": 383}
{"obj": {"type": "LogFloats", "path": ["monitoring", "memory"], "values": [{"value": 16.678573608398438, "step": null, "ts": 1626150114.0859623}]}, "version": 384}
{"obj": {"type": "LogFloats", "path": ["monitoring", "gpu"], "values": [{"value": 9.0, "step": null, "ts": 1626150114.0859623}]}, "version": 385}
{"obj": {"type": "LogFloats", "path": ["monitoring", "gpu_memory"], "values": [{"value": 2.21368408203125, "step": null, "ts": 1626150114.0859623}]}, "version": 386}
{"obj": {"type": "LogFloats", "path": ["monitoring", "cpu"], "values": [{"value": 17.3, "step": null, "ts": 1626150124.0884128}]}, "version": 387}
{"obj": {"type": "LogFloats", "path": ["monitoring", "memory"], "values": [{"value": 16.700313568115234, "step": null, "ts": 1626150124.0884128}]}, "version": 388}
{"obj": {"type": "LogFloats", "path": ["monitoring", "gpu"], "values": [{"value": 10.0, "step": null, "ts": 1626150124.0884128}]}, "version": 389}
{"obj": {"type": "LogFloats", "path": ["monitoring", "gpu_memory"], "values": [{"value": 2.2108154296875, "step": null, "ts": 1626150124.0884128}]}, "version": 390}
{"obj": {"type": "LogFloats", "path": ["monitoring", "cpu"], "values": [{"value": 5.7, "step": null, "ts": 1626150134.0902905}]}, "version": 391}
{"obj": {"type": "LogFloats", "path": ["monitoring", "memory"], "values": [{"value": 16.771575927734375, "step": null, "ts": 1626150134.0902905}]}, "version": 392}
{"obj": {"type": "LogFloats", "path": ["monitoring", "gpu"], "values": [{"value": 22.0, "step": null, "ts": 1626150134.0902905}]}, "version": 393}
{"obj": {"type": "LogFloats", "path": ["monitoring", "gpu_memory"], "values": [{"value": 2.21490478515625, "step": null, "ts": 1626150134.0902905}]}, "version": 394}
{"obj": {"type": "LogFloats", "path": ["monitoring", "cpu"], "values": [{"value": 4.6, "step": null, "ts": 1626150144.093191}]}, "version": 395}
{"obj": {"type": "LogFloats", "path": ["monitoring", "memory"], "values": [{"value": 16.752952575683594, "step": null, "ts": 1626150144.093191}]}, "version": 396}
{"obj": {"type": "LogFloats", "path": ["monitoring", "gpu"], "values": [{"value": 15.0, "step": null, "ts": 1626150144.093191}]}, "version": 397}
{"obj": {"type": "LogFloats", "path": ["monitoring", "gpu_memory"], "values": [{"value": 2.20587158203125, "step": null, "ts": 1626150144.093191}]}, "version": 398}
{"obj": {"type": "LogFloats", "path": ["monitoring", "cpu"], "values": [{"value": 13.5, "step": null, "ts": 1626150154.0960634}]}, "version": 399}
{"obj": {"type": "LogFloats", "path": ["monitoring", "memory"], "values": [{"value": 16.73377227783203, "step": null, "ts": 1626150154.0960634}]}, "version": 400}
{"obj": {"type": "LogFloats", "path": ["monitoring", "gpu"], "values": [{"value": 12.0, "step": null, "ts": 1626150154.0960634}]}, "version": 401}
{"obj": {"type": "LogFloats", "path": ["monitoring", "gpu_memory"], "values": [{"value": 2.2034912109375, "step": null, "ts": 1626150154.0960634}]}, "version": 402}
{"obj": {"type": "LogFloats", "path": ["monitoring", "cpu"], "values": [{"value": 5.8, "step": null, "ts": 1626150164.09826}]}, "version": 403}
{"obj": {"type": "LogFloats", "path": ["monitoring", "memory"], "values": [{"value": 16.73577117919922, "step": null, "ts": 1626150164.09826}]}, "version": 404}
{"obj": {"type": "LogFloats", "path": ["monitoring", "gpu"], "values": [{"value": 5.0, "step": null, "ts": 1626150164.09826}]}, "version": 405}
{"obj": {"type": "LogFloats", "path": ["monitoring", "gpu_memory"], "values": [{"value": 2.19921875, "step": null, "ts": 1626150164.09826}]}, "version": 406}
{"obj": {"type": "LogFloats", "path": ["monitoring", "cpu"], "values": [{"value": 6.1, "step": null, "ts": 1626150174.101426}]}, "version": 407}
{"obj": {"type": "LogFloats", "path": ["monitoring", "memory"], "values": [{"value": 16.703521728515625, "step": null, "ts": 1626150174.101426}]}, "version": 408}
{"obj": {"type": "LogFloats", "path": ["monitoring", "gpu"], "values": [{"value": 5.0, "step": null, "ts": 1626150174.101426}]}, "version": 409}
{"obj": {"type": "LogFloats", "path": ["monitoring", "gpu_memory"], "values": [{"value": 2.2005615234375, "step": null, "ts": 1626150174.101426}]}, "version": 410}
{"obj": {"type": "LogFloats", "path": ["monitoring", "cpu"], "values": [{"value": 6.3, "step": null, "ts": 1626150184.1041121}]}, "version": 411}
{"obj": {"type": "LogFloats", "path": ["monitoring", "memory"], "values": [{"value": 16.702045440673828, "step": null, "ts": 1626150184.1041121}]}, "version": 412}
{"obj": {"type": "LogFloats", "path": ["monitoring", "gpu"], "values": [{"value": 36.0, "step": null, "ts": 1626150184.1041121}]}, "version": 413}
{"obj": {"type": "LogFloats", "path": ["monitoring", "gpu_memory"], "values": [{"value": 2.19952392578125, "step": null, "ts": 1626150184.1041121}]}, "version": 414}
{"obj": {"type": "LogFloats", "path": ["monitoring", "cpu"], "values": [{"value": 13.7, "step": null, "ts": 1626150194.1065862}]}, "version": 415}
{"obj": {"type": "LogFloats", "path": ["monitoring", "memory"], "values": [{"value": 16.72643280029297, "step": null, "ts": 1626150194.1065862}]}, "version": 416}
{"obj": {"type": "LogFloats", "path": ["monitoring", "gpu"], "values": [{"value": 29.0, "step": null, "ts": 1626150194.1065862}]}, "version": 417}
{"obj": {"type": "LogFloats", "path": ["monitoring", "gpu_memory"], "values": [{"value": 2.199462890625, "step": null, "ts": 1626150194.1065862}]}, "version": 418}
{"obj": {"type": "LogFloats", "path": ["monitoring", "cpu"], "values": [{"value": 4.8, "step": null, "ts": 1626150204.1092887}]}, "version": 419}
{"obj": {"type": "LogFloats", "path": ["monitoring", "memory"], "values": [{"value": 16.73177719116211, "step": null, "ts": 1626150204.1092887}]}, "version": 420}
{"obj": {"type": "LogFloats", "path": ["monitoring", "gpu"], "values": [{"value": 28.0, "step": null, "ts": 1626150204.1092887}]}, "version": 421}
{"obj": {"type": "LogFloats", "path": ["monitoring", "gpu_memory"], "values": [{"value": 2.19921875, "step": null, "ts": 1626150204.1092887}]}, "version": 422}
{"obj": {"type": "LogFloats", "path": ["monitoring", "cpu"], "values": [{"value": 7.1, "step": null, "ts": 1626150214.1118832}]}, "version": 423}
{"obj": {"type": "LogFloats", "path": ["monitoring", "memory"], "values": [{"value": 16.737110137939453, "step": null, "ts": 1626150214.1118832}]}, "version": 424}
{"obj": {"type": "LogFloats", "path": ["monitoring", "gpu"], "values": [{"value": 4.0, "step": null, "ts": 1626150214.1118832}]}, "version": 425}
{"obj": {"type": "LogFloats", "path": ["monitoring", "gpu_memory"], "values": [{"value": 2.2049560546875, "step": null, "ts": 1626150214.1118832}]}, "version": 426}
{"obj": {"type": "LogFloats", "path": ["monitoring", "cpu"], "values": [{"value": 7.0, "step": null, "ts": 1626150224.115164}]}, "version": 427}
{"obj": {"type": "LogFloats", "path": ["monitoring", "memory"], "values": [{"value": 16.740116119384766, "step": null, "ts": 1626150224.115164}]}, "version": 428}
{"obj": {"type": "LogFloats", "path": ["monitoring", "gpu"], "values": [{"value": 4.0, "step": null, "ts": 1626150224.115164}]}, "version": 429}
{"obj": {"type": "LogFloats", "path": ["monitoring", "gpu_memory"], "values": [{"value": 2.20391845703125, "step": null, "ts": 1626150224.115164}]}, "version": 430}
{"obj": {"type": "LogStrings", "path": ["monitoring", "stderr"], "values": [{"value": "Error occurred during asynchronous operation processing: Timestamp must be non-decreasing for series attribute: monitoring/gpu. Invalid point: 2021-07-13T04:23:38.961Z\n", "step": null, "ts": 1626150224.3313856}]}, "version": 431}
{"obj": {"type": "LogStrings", "path": ["monitoring", "stderr"], "values": [{"value": "Error occurred during asynchronous operation processing: Timestamp must be non-decreasing for series attribute: monitoring/gpu_memory. Invalid point: 2021-07-13T04:23:38.961Z\n", "step": null, "ts": 1626150224.3351138}]}, "version": 432}
{"obj": {"type": "LogStrings", "path": ["monitoring", "stderr"], "values": [{"value": "Error occurred during asynchronous operation processing: Timestamp must be non-decreasing for series attribute: monitoring/memory. Invalid point: 2021-07-13T04:23:38.961Z\n", "step": null, "ts": 1626150224.3405645}]}, "version": 433}
{"obj": {"type": "LogStrings", "path": ["monitoring", "stderr"], "values": [{"value": "Error occurred during asynchronous operation processing: Timestamp must be non-decreasing for series attribute: monitoring/cpu. Invalid point: 2021-07-13T04:23:38.961Z\n", "step": null, "ts": 1626150224.3435245}]}, "version": 434}
{"obj": {"type": "LogStrings", "path": ["monitoring", "stderr"], "values": [{"value": "Error occurred during asynchronous operation processing: Timestamp must be non-decreasing for series attribute: monitoring/stderr. Invalid point: 2021-07-13T04:23:44.332Z\n", "step": null, "ts": 1626150226.5528557}]}, "version": 435}
{"obj": {"type": "LogStrings", "path": ["monitoring", "stderr"], "values": [{"value": "Error occurred during asynchronous operation processing: Timestamp must be non-decreasing for series attribute: monitoring/stderr. Invalid point: 2021-07-13T04:23:44.336Z\n", "step": null, "ts": 1626150226.5567355}]}, "version": 436}
{"obj": {"type": "LogStrings", "path": ["monitoring", "stderr"], "values": [{"value": "Error occurred during asynchronous operation processing: Timestamp must be non-decreasing for series attribute: monitoring/stderr. Invalid point: 2021-07-13T04:23:44.341Z\n", "step": null, "ts": 1626150226.5609705}]}, "version": 437}
{"obj": {"type": "LogStrings", "path": ["monitoring", "stderr"], "values": [{"value": "Error occurred during asynchronous operation processing: Timestamp must be non-decreasing for series attribute: monitoring/stderr. Invalid point: 2021-07-13T04:23:46.553Z\n", "step": null, "ts": 1626150231.9549325}]}, "version": 438}
{"obj": {"type": "LogStrings", "path": ["monitoring", "stderr"], "values": [{"value": "Error occurred during asynchronous operation processing: Timestamp must be non-decreasing for series attribute: monitoring/stderr. Invalid point: 2021-07-13T04:23:46.557Z\n", "step": null, "ts": 1626150231.9586647}]}, "version": 439}
{"obj": {"type": "LogFloats", "path": ["monitoring", "cpu"], "values": [{"value": 6.6, "step": null, "ts": 1626150234.1175747}]}, "version": 440}
{"obj": {"type": "LogFloats", "path": ["monitoring", "memory"], "values": [{"value": 16.73541259765625, "step": null, "ts": 1626150234.1175747}]}, "version": 441}
{"obj": {"type": "LogFloats", "path": ["monitoring", "gpu"], "values": [{"value": 16.0, "step": null, "ts": 1626150234.1175747}]}, "version": 442}
{"obj": {"type": "LogFloats", "path": ["monitoring", "gpu_memory"], "values": [{"value": 2.23046875, "step": null, "ts": 1626150234.1175747}]}, "version": 443}
{"obj": {"type": "LogStrings", "path": ["monitoring", "stderr"], "values": [{"value": "Error occurred during asynchronous operation processing: Timestamp must be non-decreasing for series attribute: monitoring/stderr. Invalid point: 2021-07-13T04:23:51.955Z\n", "step": null, "ts": 1626150237.447248}]}, "version": 444}
{"obj": {"type": "LogFloats", "path": ["monitoring", "cpu"], "values": [{"value": 10.8, "step": null, "ts": 1626150244.1201203}]}, "version": 445}
{"obj": {"type": "LogFloats", "path": ["monitoring", "memory"], "values": [{"value": 16.73862075805664, "step": null, "ts": 1626150244.1201203}]}, "version": 446}
{"obj": {"type": "LogFloats", "path": ["monitoring", "gpu"], "values": [{"value": 24.0, "step": null, "ts": 1626150244.1201203}]}, "version": 447}
{"obj": {"type": "LogFloats", "path": ["monitoring", "gpu_memory"], "values": [{"value": 2.0281982421875, "step": null, "ts": 1626150244.1201203}]}, "version": 448}
{"obj": {"type": "LogStrings", "path": ["monitoring", "stdout"], "values": [{"value": "b''", "step": null, "ts": 1626150246.2579331}]}, "version": 449}
{"obj": {"type": "LogStrings", "path": ["monitoring", "stdout"], "values": [{"value": "b'https://app.neptune.ai/sangyeop-kim/sample/e/SAM-1\\n'", "step": null, "ts": 1626150246.265006}]}, "version": 450}
{"obj": {"type": "LogStrings", "path": ["monitoring", "stdout"], "values": [{"value": "b'Remember to stop your run once you\\xe2\\x80\\x99ve finished logging your metadata (https://docs.neptune.ai/api-reference/run#stop). It will be stopped automatically only when the notebook kernel/interactive console is terminated.\\n'", "step": null, "ts": 1626150246.2720718}]}, "version": 451}
{"obj": {"type": "LogStrings", "path": ["monitoring", "stderr"], "values": [{"value": "Error occurred during asynchronous operation processing: Timestamp must be non-decreasing for series attribute: monitoring/stdout. Invalid point: 2021-07-13T04:24:06.260Z\n", "step": null, "ts": 1626150248.3295755}]}, "version": 452}
{"obj": {"type": "LogStrings", "path": ["monitoring", "stderr"], "values": [{"value": "Error occurred during asynchronous operation processing: Timestamp must be non-decreasing for series attribute: monitoring/stdout. Invalid point: 2021-07-13T04:24:06.266Z\n", "step": null, "ts": 1626150248.3342028}]}, "version": 453}
{"obj": {"type": "LogStrings", "path": ["monitoring", "stderr"], "values": [{"value": "Error occurred during asynchronous operation processing: Timestamp must be non-decreasing for series attribute: monitoring/stderr. Invalid point: 2021-07-13T04:24:08.330Z\n", "step": null, "ts": 1626150253.7044907}]}, "version": 454}
{"obj": {"type": "LogFloats", "path": ["monitoring", "cpu"], "values": [{"value": 16.5, "step": null, "ts": 1626150254.1226907}]}, "version": 455}
{"obj": {"type": "LogFloats", "path": ["monitoring", "memory"], "values": [{"value": 16.85761260986328, "step": null, "ts": 1626150254.1226907}]}, "version": 456}
{"obj": {"type": "LogFloats", "path": ["monitoring", "gpu"], "values": [{"value": 10.0, "step": null, "ts": 1626150254.1226907}]}, "version": 457}
{"obj": {"type": "LogFloats", "path": ["monitoring", "gpu_memory"], "values": [{"value": 2.0611572265625, "step": null, "ts": 1626150254.1226907}]}, "version": 458}
{"obj": {"type": "LogFloats", "path": ["monitoring", "cpu"], "values": [{"value": 8.8, "step": null, "ts": 1626150264.12476}]}, "version": 459}
{"obj": {"type": "LogFloats", "path": ["monitoring", "memory"], "values": [{"value": 16.871112823486328, "step": null, "ts": 1626150264.12476}]}, "version": 460}
{"obj": {"type": "LogFloats", "path": ["monitoring", "gpu"], "values": [{"value": 11.0, "step": null, "ts": 1626150264.12476}]}, "version": 461}
{"obj": {"type": "LogFloats", "path": ["monitoring", "gpu_memory"], "values": [{"value": 2.06146240234375, "step": null, "ts": 1626150264.12476}]}, "version": 462}
{"obj": {"type": "LogStrings", "path": ["monitoring", "stdout"], "values": [{"value": "b'Shutting down background jobs, please wait a moment...\\n'", "step": null, "ts": 1626150273.8416555}]}, "version": 463}
{"obj": {"type": "LogStrings", "path": ["monitoring", "stdout"], "values": [{"value": "b'Done!\\n'", "step": null, "ts": 1626150274.112832}]}, "version": 464}
{"obj": {"type": "LogStrings", "path": ["monitoring", "stderr"], "values": [{"value": "Waiting for the remaining 1 operations to synchronize with Neptune. Do not kill this process.\n", "step": null, "ts": 1626150274.1238017}]}, "version": 465}
{"obj": {"type": "LogFloats", "path": ["monitoring", "cpu"], "values": [{"value": 12.9, "step": null, "ts": 1626150274.1278107}]}, "version": 466}
{"obj": {"type": "LogFloats", "path": ["monitoring", "memory"], "values": [{"value": 16.852413177490234, "step": null, "ts": 1626150274.1278107}]}, "version": 467}
{"obj": {"type": "LogFloats", "path": ["monitoring", "gpu"], "values": [{"value": 13.0, "step": null, "ts": 1626150274.1278107}]}, "version": 468}
{"obj": {"type": "LogFloats", "path": ["monitoring", "gpu_memory"], "values": [{"value": 2.02764892578125, "step": null, "ts": 1626150274.1278107}]}, "version": 469}
{"obj": {"type": "LogStrings", "path": ["monitoring", "stdout"], "values": [{"value": "b'All 1 operations synced, thanks for waiting!\\n'", "step": null, "ts": 1626150274.4776218}]}, "version": 470}
{"obj": {"type": "LogStrings", "path": ["monitoring", "stdout"], "values": [{"value": "b'Shutting down background jobs, please wait a moment...\\n'", "step": null, "ts": 1626150274.485973}]}, "version": 471}
{"obj": {"type": "LogStrings", "path": ["monitoring", "stdout"], "values": [{"value": "b'Done!\\n'", "step": null, "ts": 1626150274.7556884}]}, "version": 472}
{"obj": {"type": "LogStrings", "path": ["monitoring", "stderr"], "values": [{"value": "Waiting for the remaining 5 operations to synchronize with Neptune. Do not kill this process.\n", "step": null, "ts": 1626150274.764462}]}, "version": 473}
{"obj": {"type": "LogStrings", "path": ["monitoring", "stdout"], "values": [{"value": "b'All 5 operations synced, thanks for waiting!\\n'", "step": null, "ts": 1626150275.181014}]}, "version": 474}
{"obj": {"type": "LogStrings", "path": ["monitoring", "stdout"], "values": [{"value": "b'Shutting down background jobs, please wait a moment...\\n'", "step": null, "ts": 1626150275.1877327}]}, "version": 475}
{"obj": {"type": "LogStrings", "path": ["monitoring", "stdout"], "values": [{"value": "b'Done!\\n'", "step": null, "ts": 1626150275.4703028}]}, "version": 476}
{"obj": {"type": "LogStrings", "path": ["monitoring", "stderr"], "values": [{"value": "Waiting for the remaining 288 operations to synchronize with Neptune. Do not kill this process.\n", "step": null, "ts": 1626150275.4747484}]}, "version": 477}
