{"obj": {"type": "UploadFileSet", "path": ["source_code", "files"], "file_globs": ["/home/rtm/Dropbox/GIT/MLOps/**/*.py", "/home/rtm/Dropbox/GIT/MLOps/**/*.ipynb"], "reset": "False"}, "version": 1}
{"obj": {"type": "LogStrings", "path": ["monitoring", "stdout"], "values": [{"value": "b''", "step": null, "ts": 1626150284.857106}]}, "version": 2}
{"obj": {"type": "LogStrings", "path": ["monitoring", "stdout"], "values": [{"value": "b'https://app.neptune.ai/sangyeop-kim/sample/e/SAM-1\\n'", "step": null, "ts": 1626150284.8589487}]}, "version": 3}
{"obj": {"type": "LogFloats", "path": ["monitoring", "cpu"], "values": [{"value": 12.9, "step": null, "ts": 1626150284.8516133}]}, "version": 4}
{"obj": {"type": "LogStrings", "path": ["monitoring", "stdout"], "values": [{"value": "b'Remember to stop your run once you\\xe2\\x80\\x99ve finished logging your metadata (https://docs.neptune.ai/api-reference/run#stop). It will be stopped automatically only when the notebook kernel/interactive console is terminated.\\n'", "step": null, "ts": 1626150284.862449}]}, "version": 5}
{"obj": {"type": "LogFloats", "path": ["monitoring", "memory"], "values": [{"value": 16.602298736572266, "step": null, "ts": 1626150284.8516133}]}, "version": 6}
{"obj": {"type": "LogFloats", "path": ["monitoring", "gpu"], "values": [{"value": 12.0, "step": null, "ts": 1626150284.8516133}]}, "version": 7}
{"obj": {"type": "LogFloats", "path": ["monitoring", "gpu_memory"], "values": [{"value": 2.02996826171875, "step": null, "ts": 1626150284.8516133}]}, "version": 8}
{"obj": {"type": "LogFloats", "path": ["zxc"], "values": [{"value": 0.0, "step": null, "ts": 1626150284.8742146}]}, "version": 9}
{"obj": {"type": "LogFloats", "path": ["zxc"], "values": [{"value": 10.0, "step": null, "ts": 1626150284.8751001}]}, "version": 10}
{"obj": {"type": "LogFloats", "path": ["zxc"], "values": [{"value": 20.0, "step": null, "ts": 1626150284.8755896}]}, "version": 11}
{"obj": {"type": "LogFloats", "path": ["zxc"], "values": [{"value": 30.0, "step": null, "ts": 1626150284.8759968}]}, "version": 12}
{"obj": {"type": "LogFloats", "path": ["zxc"], "values": [{"value": 40.0, "step": null, "ts": 1626150284.876306}]}, "version": 13}
{"obj": {"type": "LogFloats", "path": ["zxc"], "values": [{"value": 50.0, "step": null, "ts": 1626150284.876573}]}, "version": 14}
{"obj": {"type": "LogFloats", "path": ["zxc"], "values": [{"value": 60.0, "step": null, "ts": 1626150284.8768532}]}, "version": 15}
{"obj": {"type": "LogFloats", "path": ["zxc"], "values": [{"value": 70.0, "step": null, "ts": 1626150284.8771338}]}, "version": 16}
{"obj": {"type": "LogFloats", "path": ["zxc"], "values": [{"value": 80.0, "step": null, "ts": 1626150284.8773656}]}, "version": 17}
{"obj": {"type": "LogFloats", "path": ["zxc"], "values": [{"value": 90.0, "step": null, "ts": 1626150284.8775954}]}, "version": 18}
{"obj": {"type": "LogFloats", "path": ["zxc"], "values": [{"value": 100.0, "step": null, "ts": 1626150284.8778625}]}, "version": 19}
{"obj": {"type": "LogFloats", "path": ["zxc"], "values": [{"value": 110.0, "step": null, "ts": 1626150284.878128}]}, "version": 20}
{"obj": {"type": "LogFloats", "path": ["zxc"], "values": [{"value": 120.0, "step": null, "ts": 1626150284.8784347}]}, "version": 21}
{"obj": {"type": "LogFloats", "path": ["zxc"], "values": [{"value": 130.0, "step": null, "ts": 1626150284.8786619}]}, "version": 22}
{"obj": {"type": "LogFloats", "path": ["zxc"], "values": [{"value": 140.0, "step": null, "ts": 1626150284.8788812}]}, "version": 23}
{"obj": {"type": "LogFloats", "path": ["zxc"], "values": [{"value": 150.0, "step": null, "ts": 1626150284.8790572}]}, "version": 24}
{"obj": {"type": "LogFloats", "path": ["zxc"], "values": [{"value": 160.0, "step": null, "ts": 1626150284.8793442}]}, "version": 25}
{"obj": {"type": "LogFloats", "path": ["zxc"], "values": [{"value": 170.0, "step": null, "ts": 1626150284.8796916}]}, "version": 26}
{"obj": {"type": "LogFloats", "path": ["zxc"], "values": [{"value": 180.0, "step": null, "ts": 1626150284.8798828}]}, "version": 27}
{"obj": {"type": "LogFloats", "path": ["zxc"], "values": [{"value": 190.0, "step": null, "ts": 1626150284.8804324}]}, "version": 28}
{"obj": {"type": "LogFloats", "path": ["zxc"], "values": [{"value": 200.0, "step": null, "ts": 1626150284.8807344}]}, "version": 29}
{"obj": {"type": "LogFloats", "path": ["zxc"], "values": [{"value": 210.0, "step": null, "ts": 1626150284.8811433}]}, "version": 30}
{"obj": {"type": "LogFloats", "path": ["zxc"], "values": [{"value": 220.0, "step": null, "ts": 1626150284.8814387}]}, "version": 31}
{"obj": {"type": "LogFloats", "path": ["zxc"], "values": [{"value": 230.0, "step": null, "ts": 1626150284.8816495}]}, "version": 32}
{"obj": {"type": "LogFloats", "path": ["zxc"], "values": [{"value": 240.0, "step": null, "ts": 1626150284.8819356}]}, "version": 33}
{"obj": {"type": "LogFloats", "path": ["zxc"], "values": [{"value": 250.0, "step": null, "ts": 1626150284.8821468}]}, "version": 34}
{"obj": {"type": "LogFloats", "path": ["zxc"], "values": [{"value": 260.0, "step": null, "ts": 1626150284.8823042}]}, "version": 35}
{"obj": {"type": "LogFloats", "path": ["zxc"], "values": [{"value": 270.0, "step": null, "ts": 1626150284.882589}]}, "version": 36}
{"obj": {"type": "LogFloats", "path": ["zxc"], "values": [{"value": 280.0, "step": null, "ts": 1626150284.8827353}]}, "version": 37}
{"obj": {"type": "LogFloats", "path": ["zxc"], "values": [{"value": 290.0, "step": null, "ts": 1626150284.882885}]}, "version": 38}
{"obj": {"type": "LogFloats", "path": ["zxc"], "values": [{"value": 300.0, "step": null, "ts": 1626150284.883206}]}, "version": 39}
{"obj": {"type": "LogFloats", "path": ["zxc"], "values": [{"value": 310.0, "step": null, "ts": 1626150284.8834863}]}, "version": 40}
{"obj": {"type": "LogFloats", "path": ["zxc"], "values": [{"value": 320.0, "step": null, "ts": 1626150284.8838546}]}, "version": 41}
{"obj": {"type": "LogFloats", "path": ["zxc"], "values": [{"value": 330.0, "step": null, "ts": 1626150284.8841388}]}, "version": 42}
{"obj": {"type": "LogFloats", "path": ["zxc"], "values": [{"value": 340.0, "step": null, "ts": 1626150284.8844223}]}, "version": 43}
{"obj": {"type": "LogFloats", "path": ["zxc"], "values": [{"value": 350.0, "step": null, "ts": 1626150284.8846467}]}, "version": 44}
{"obj": {"type": "LogFloats", "path": ["zxc"], "values": [{"value": 360.0, "step": null, "ts": 1626150284.8849454}]}, "version": 45}
{"obj": {"type": "LogFloats", "path": ["zxc"], "values": [{"value": 370.0, "step": null, "ts": 1626150284.8851466}]}, "version": 46}
{"obj": {"type": "LogFloats", "path": ["zxc"], "values": [{"value": 380.0, "step": null, "ts": 1626150284.8853812}]}, "version": 47}
{"obj": {"type": "LogFloats", "path": ["zxc"], "values": [{"value": 390.0, "step": null, "ts": 1626150284.8855886}]}, "version": 48}
{"obj": {"type": "LogFloats", "path": ["zxc"], "values": [{"value": 400.0, "step": null, "ts": 1626150284.8857796}]}, "version": 49}
{"obj": {"type": "LogFloats", "path": ["zxc"], "values": [{"value": 410.0, "step": null, "ts": 1626150284.8861115}]}, "version": 50}
{"obj": {"type": "LogFloats", "path": ["zxc"], "values": [{"value": 420.0, "step": null, "ts": 1626150284.886302}]}, "version": 51}
{"obj": {"type": "LogFloats", "path": ["zxc"], "values": [{"value": 430.0, "step": null, "ts": 1626150284.8865225}]}, "version": 52}
{"obj": {"type": "LogFloats", "path": ["zxc"], "values": [{"value": 440.0, "step": null, "ts": 1626150284.8867352}]}, "version": 53}
{"obj": {"type": "LogFloats", "path": ["zxc"], "values": [{"value": 450.0, "step": null, "ts": 1626150284.8869143}]}, "version": 54}
{"obj": {"type": "LogFloats", "path": ["zxc"], "values": [{"value": 460.0, "step": null, "ts": 1626150284.8872635}]}, "version": 55}
{"obj": {"type": "LogFloats", "path": ["zxc"], "values": [{"value": 470.0, "step": null, "ts": 1626150284.8875773}]}, "version": 56}
{"obj": {"type": "LogFloats", "path": ["zxc"], "values": [{"value": 480.0, "step": null, "ts": 1626150284.8878026}]}, "version": 57}
{"obj": {"type": "LogFloats", "path": ["zxc"], "values": [{"value": 490.0, "step": null, "ts": 1626150284.8880174}]}, "version": 58}
{"obj": {"type": "LogFloats", "path": ["zxc"], "values": [{"value": 500.0, "step": null, "ts": 1626150284.8882766}]}, "version": 59}
{"obj": {"type": "LogFloats", "path": ["zxc"], "values": [{"value": 510.0, "step": null, "ts": 1626150284.888518}]}, "version": 60}
{"obj": {"type": "LogFloats", "path": ["zxc"], "values": [{"value": 520.0, "step": null, "ts": 1626150284.8887463}]}, "version": 61}
{"obj": {"type": "LogFloats", "path": ["zxc"], "values": [{"value": 530.0, "step": null, "ts": 1626150284.8889387}]}, "version": 62}
{"obj": {"type": "LogFloats", "path": ["zxc"], "values": [{"value": 540.0, "step": null, "ts": 1626150284.8891284}]}, "version": 63}
{"obj": {"type": "LogFloats", "path": ["zxc"], "values": [{"value": 550.0, "step": null, "ts": 1626150284.8893025}]}, "version": 64}
{"obj": {"type": "LogFloats", "path": ["zxc"], "values": [{"value": 560.0, "step": null, "ts": 1626150284.889488}]}, "version": 65}
{"obj": {"type": "LogFloats", "path": ["zxc"], "values": [{"value": 570.0, "step": null, "ts": 1626150284.88968}]}, "version": 66}
{"obj": {"type": "LogFloats", "path": ["zxc"], "values": [{"value": 580.0, "step": null, "ts": 1626150284.8899302}]}, "version": 67}
{"obj": {"type": "LogFloats", "path": ["zxc"], "values": [{"value": 590.0, "step": null, "ts": 1626150284.8901052}]}, "version": 68}
{"obj": {"type": "LogFloats", "path": ["zxc"], "values": [{"value": 600.0, "step": null, "ts": 1626150284.890303}]}, "version": 69}
{"obj": {"type": "LogFloats", "path": ["zxc"], "values": [{"value": 610.0, "step": null, "ts": 1626150284.8904912}]}, "version": 70}
{"obj": {"type": "LogFloats", "path": ["zxc"], "values": [{"value": 620.0, "step": null, "ts": 1626150284.8908339}]}, "version": 71}
{"obj": {"type": "LogFloats", "path": ["zxc"], "values": [{"value": 630.0, "step": null, "ts": 1626150284.891194}]}, "version": 72}
{"obj": {"type": "LogFloats", "path": ["zxc"], "values": [{"value": 640.0, "step": null, "ts": 1626150284.8914967}]}, "version": 73}
{"obj": {"type": "LogFloats", "path": ["zxc"], "values": [{"value": 650.0, "step": null, "ts": 1626150284.8916712}]}, "version": 74}
{"obj": {"type": "LogFloats", "path": ["zxc"], "values": [{"value": 660.0, "step": null, "ts": 1626150284.8918161}]}, "version": 75}
{"obj": {"type": "LogFloats", "path": ["zxc"], "values": [{"value": 670.0, "step": null, "ts": 1626150284.8919628}]}, "version": 76}
{"obj": {"type": "LogFloats", "path": ["zxc"], "values": [{"value": 680.0, "step": null, "ts": 1626150284.892214}]}, "version": 77}
{"obj": {"type": "LogFloats", "path": ["zxc"], "values": [{"value": 690.0, "step": null, "ts": 1626150284.8926578}]}, "version": 78}
{"obj": {"type": "LogFloats", "path": ["zxc"], "values": [{"value": 700.0, "step": null, "ts": 1626150284.8928514}]}, "version": 79}
{"obj": {"type": "LogFloats", "path": ["zxc"], "values": [{"value": 710.0, "step": null, "ts": 1626150284.8932016}]}, "version": 80}
{"obj": {"type": "LogFloats", "path": ["zxc"], "values": [{"value": 720.0, "step": null, "ts": 1626150284.893542}]}, "version": 81}
{"obj": {"type": "LogFloats", "path": ["zxc"], "values": [{"value": 730.0, "step": null, "ts": 1626150284.893877}]}, "version": 82}
{"obj": {"type": "LogFloats", "path": ["zxc"], "values": [{"value": 740.0, "step": null, "ts": 1626150284.894128}]}, "version": 83}
{"obj": {"type": "LogFloats", "path": ["zxc"], "values": [{"value": 750.0, "step": null, "ts": 1626150284.8943815}]}, "version": 84}
{"obj": {"type": "LogFloats", "path": ["zxc"], "values": [{"value": 760.0, "step": null, "ts": 1626150284.8946266}]}, "version": 85}
{"obj": {"type": "LogFloats", "path": ["zxc"], "values": [{"value": 770.0, "step": null, "ts": 1626150284.8948693}]}, "version": 86}
{"obj": {"type": "LogFloats", "path": ["zxc"], "values": [{"value": 780.0, "step": null, "ts": 1626150284.8951385}]}, "version": 87}
{"obj": {"type": "LogFloats", "path": ["zxc"], "values": [{"value": 790.0, "step": null, "ts": 1626150284.8953416}]}, "version": 88}
{"obj": {"type": "LogFloats", "path": ["zxc"], "values": [{"value": 800.0, "step": null, "ts": 1626150284.8954678}]}, "version": 89}
{"obj": {"type": "LogFloats", "path": ["zxc"], "values": [{"value": 810.0, "step": null, "ts": 1626150284.8956008}]}, "version": 90}
{"obj": {"type": "LogFloats", "path": ["zxc"], "values": [{"value": 820.0, "step": null, "ts": 1626150284.8957195}]}, "version": 91}
{"obj": {"type": "LogFloats", "path": ["zxc"], "values": [{"value": 830.0, "step": null, "ts": 1626150284.8959022}]}, "version": 92}
{"obj": {"type": "LogFloats", "path": ["zxc"], "values": [{"value": 840.0, "step": null, "ts": 1626150284.89617}]}, "version": 93}
{"obj": {"type": "LogFloats", "path": ["zxc"], "values": [{"value": 850.0, "step": null, "ts": 1626150284.8965225}]}, "version": 94}
{"obj": {"type": "LogFloats", "path": ["zxc"], "values": [{"value": 860.0, "step": null, "ts": 1626150284.897459}]}, "version": 95}
{"obj": {"type": "LogFloats", "path": ["zxc"], "values": [{"value": 870.0, "step": null, "ts": 1626150284.8979082}]}, "version": 96}
{"obj": {"type": "LogFloats", "path": ["zxc"], "values": [{"value": 880.0, "step": null, "ts": 1626150284.898255}]}, "version": 97}
{"obj": {"type": "LogFloats", "path": ["zxc"], "values": [{"value": 890.0, "step": null, "ts": 1626150284.8986025}]}, "version": 98}
{"obj": {"type": "LogFloats", "path": ["zxc"], "values": [{"value": 900.0, "step": null, "ts": 1626150284.898936}]}, "version": 99}
{"obj": {"type": "LogFloats", "path": ["zxc"], "values": [{"value": 910.0, "step": null, "ts": 1626150284.8992178}]}, "version": 100}
{"obj": {"type": "LogFloats", "path": ["zxc"], "values": [{"value": 920.0, "step": null, "ts": 1626150284.8994782}]}, "version": 101}
{"obj": {"type": "LogFloats", "path": ["zxc"], "values": [{"value": 930.0, "step": null, "ts": 1626150284.8996937}]}, "version": 102}
{"obj": {"type": "LogFloats", "path": ["zxc"], "values": [{"value": 940.0, "step": null, "ts": 1626150284.8999195}]}, "version": 103}
{"obj": {"type": "LogFloats", "path": ["zxc"], "values": [{"value": 950.0, "step": null, "ts": 1626150284.9001498}]}, "version": 104}
{"obj": {"type": "LogFloats", "path": ["zxc"], "values": [{"value": 960.0, "step": null, "ts": 1626150284.9003751}]}, "version": 105}
{"obj": {"type": "LogFloats", "path": ["zxc"], "values": [{"value": 970.0, "step": null, "ts": 1626150284.900598}]}, "version": 106}
{"obj": {"type": "LogFloats", "path": ["zxc"], "values": [{"value": 980.0, "step": null, "ts": 1626150284.900821}]}, "version": 107}
{"obj": {"type": "LogFloats", "path": ["zxc"], "values": [{"value": 990.0, "step": null, "ts": 1626150284.901032}]}, "version": 108}
{"obj": {"type": "LogFloats", "path": ["monitoring", "cpu"], "values": [{"value": 11.2, "step": null, "ts": 1626150294.8671288}]}, "version": 109}
{"obj": {"type": "LogFloats", "path": ["monitoring", "memory"], "values": [{"value": 16.624839782714844, "step": null, "ts": 1626150294.8671288}]}, "version": 110}
{"obj": {"type": "LogFloats", "path": ["monitoring", "gpu"], "values": [{"value": 10.0, "step": null, "ts": 1626150294.8671288}]}, "version": 111}
{"obj": {"type": "LogFloats", "path": ["monitoring", "gpu_memory"], "values": [{"value": 2.02874755859375, "step": null, "ts": 1626150294.8671288}]}, "version": 112}
{"obj": {"type": "LogFloats", "path": ["monitoring", "cpu"], "values": [{"value": 13.3, "step": null, "ts": 1626150304.8696613}]}, "version": 113}
{"obj": {"type": "LogFloats", "path": ["monitoring", "memory"], "values": [{"value": 16.67009735107422, "step": null, "ts": 1626150304.8696613}]}, "version": 114}
{"obj": {"type": "LogFloats", "path": ["monitoring", "gpu"], "values": [{"value": 5.0, "step": null, "ts": 1626150304.8696613}]}, "version": 115}
{"obj": {"type": "LogFloats", "path": ["monitoring", "gpu_memory"], "values": [{"value": 2.020751953125, "step": null, "ts": 1626150304.8696613}]}, "version": 116}
{"obj": {"type": "LogFloats", "path": ["monitoring", "cpu"], "values": [{"value": 9.3, "step": null, "ts": 1626150314.872104}]}, "version": 117}
{"obj": {"type": "LogFloats", "path": ["monitoring", "memory"], "values": [{"value": 16.664409637451172, "step": null, "ts": 1626150314.872104}]}, "version": 118}
{"obj": {"type": "LogFloats", "path": ["monitoring", "gpu"], "values": [{"value": 5.0, "step": null, "ts": 1626150314.872104}]}, "version": 119}
{"obj": {"type": "LogFloats", "path": ["monitoring", "gpu_memory"], "values": [{"value": 2.0426025390625, "step": null, "ts": 1626150314.872104}]}, "version": 120}
{"obj": {"type": "LogFloats", "path": ["monitoring", "cpu"], "values": [{"value": 5.8, "step": null, "ts": 1626150324.874492}]}, "version": 121}
{"obj": {"type": "LogFloats", "path": ["monitoring", "memory"], "values": [{"value": 16.576278686523438, "step": null, "ts": 1626150324.874492}]}, "version": 122}
{"obj": {"type": "LogFloats", "path": ["monitoring", "gpu"], "values": [{"value": 6.0, "step": null, "ts": 1626150324.874492}]}, "version": 123}
{"obj": {"type": "LogFloats", "path": ["monitoring", "gpu_memory"], "values": [{"value": 2.01611328125, "step": null, "ts": 1626150324.874492}]}, "version": 124}
{"obj": {"type": "LogFloats", "path": ["zxc"], "values": [{"value": 0.0, "step": null, "ts": 1626150333.608639}]}, "version": 125}
{"obj": {"type": "LogFloats", "path": ["zxc"], "values": [{"value": 10.0, "step": null, "ts": 1626150333.6094108}]}, "version": 126}
{"obj": {"type": "LogFloats", "path": ["zxc"], "values": [{"value": 20.0, "step": null, "ts": 1626150333.6101458}]}, "version": 127}
{"obj": {"type": "LogFloats", "path": ["zxc"], "values": [{"value": 30.0, "step": null, "ts": 1626150333.6103995}]}, "version": 128}
{"obj": {"type": "LogFloats", "path": ["zxc"], "values": [{"value": 40.0, "step": null, "ts": 1626150333.6106427}]}, "version": 129}
{"obj": {"type": "LogFloats", "path": ["zxc"], "values": [{"value": 50.0, "step": null, "ts": 1626150333.6108904}]}, "version": 130}
{"obj": {"type": "LogFloats", "path": ["zxc"], "values": [{"value": 60.0, "step": null, "ts": 1626150333.6111135}]}, "version": 131}
{"obj": {"type": "LogFloats", "path": ["zxc"], "values": [{"value": 70.0, "step": null, "ts": 1626150333.611325}]}, "version": 132}
{"obj": {"type": "LogFloats", "path": ["zxc"], "values": [{"value": 80.0, "step": null, "ts": 1626150333.6115296}]}, "version": 133}
{"obj": {"type": "LogFloats", "path": ["zxc"], "values": [{"value": 90.0, "step": null, "ts": 1626150333.6117058}]}, "version": 134}
{"obj": {"type": "LogFloats", "path": ["zxc"], "values": [{"value": 100.0, "step": null, "ts": 1626150333.6118865}]}, "version": 135}
{"obj": {"type": "LogFloats", "path": ["zxc"], "values": [{"value": 110.0, "step": null, "ts": 1626150333.612111}]}, "version": 136}
{"obj": {"type": "LogFloats", "path": ["zxc"], "values": [{"value": 120.0, "step": null, "ts": 1626150333.6122742}]}, "version": 137}
{"obj": {"type": "LogFloats", "path": ["zxc"], "values": [{"value": 130.0, "step": null, "ts": 1626150333.6124165}]}, "version": 138}
{"obj": {"type": "LogFloats", "path": ["zxc"], "values": [{"value": 140.0, "step": null, "ts": 1626150333.6126013}]}, "version": 139}
{"obj": {"type": "LogFloats", "path": ["zxc"], "values": [{"value": 150.0, "step": null, "ts": 1626150333.6128025}]}, "version": 140}
{"obj": {"type": "LogFloats", "path": ["zxc"], "values": [{"value": 160.0, "step": null, "ts": 1626150333.6130002}]}, "version": 141}
{"obj": {"type": "LogFloats", "path": ["zxc"], "values": [{"value": 170.0, "step": null, "ts": 1626150333.6132188}]}, "version": 142}
{"obj": {"type": "LogFloats", "path": ["zxc"], "values": [{"value": 180.0, "step": null, "ts": 1626150333.6137328}]}, "version": 143}
{"obj": {"type": "LogFloats", "path": ["zxc"], "values": [{"value": 190.0, "step": null, "ts": 1626150333.6139622}]}, "version": 144}
{"obj": {"type": "LogFloats", "path": ["zxc"], "values": [{"value": 200.0, "step": null, "ts": 1626150333.6141756}]}, "version": 145}
{"obj": {"type": "LogFloats", "path": ["zxc"], "values": [{"value": 210.0, "step": null, "ts": 1626150333.61436}]}, "version": 146}
{"obj": {"type": "LogFloats", "path": ["zxc"], "values": [{"value": 220.0, "step": null, "ts": 1626150333.6145904}]}, "version": 147}
{"obj": {"type": "LogFloats", "path": ["zxc"], "values": [{"value": 230.0, "step": null, "ts": 1626150333.6147864}]}, "version": 148}
{"obj": {"type": "LogFloats", "path": ["zxc"], "values": [{"value": 240.0, "step": null, "ts": 1626150333.6149611}]}, "version": 149}
{"obj": {"type": "LogFloats", "path": ["zxc"], "values": [{"value": 250.0, "step": null, "ts": 1626150333.6151843}]}, "version": 150}
{"obj": {"type": "LogFloats", "path": ["zxc"], "values": [{"value": 260.0, "step": null, "ts": 1626150333.615437}]}, "version": 151}
{"obj": {"type": "LogFloats", "path": ["zxc"], "values": [{"value": 270.0, "step": null, "ts": 1626150333.6156628}]}, "version": 152}
{"obj": {"type": "LogFloats", "path": ["zxc"], "values": [{"value": 280.0, "step": null, "ts": 1626150333.6158407}]}, "version": 153}
{"obj": {"type": "LogFloats", "path": ["zxc"], "values": [{"value": 290.0, "step": null, "ts": 1626150333.6160395}]}, "version": 154}
{"obj": {"type": "LogFloats", "path": ["zxc"], "values": [{"value": 300.0, "step": null, "ts": 1626150333.6162627}]}, "version": 155}
{"obj": {"type": "LogFloats", "path": ["zxc"], "values": [{"value": 310.0, "step": null, "ts": 1626150333.616432}]}, "version": 156}
{"obj": {"type": "LogFloats", "path": ["zxc"], "values": [{"value": 320.0, "step": null, "ts": 1626150333.616612}]}, "version": 157}
{"obj": {"type": "LogFloats", "path": ["zxc"], "values": [{"value": 330.0, "step": null, "ts": 1626150333.6167579}]}, "version": 158}
{"obj": {"type": "LogFloats", "path": ["zxc"], "values": [{"value": 340.0, "step": null, "ts": 1626150333.6169317}]}, "version": 159}
{"obj": {"type": "LogFloats", "path": ["zxc"], "values": [{"value": 350.0, "step": null, "ts": 1626150333.6171393}]}, "version": 160}
{"obj": {"type": "LogFloats", "path": ["zxc"], "values": [{"value": 360.0, "step": null, "ts": 1626150333.6173158}]}, "version": 161}
{"obj": {"type": "LogFloats", "path": ["zxc"], "values": [{"value": 370.0, "step": null, "ts": 1626150333.6175394}]}, "version": 162}
{"obj": {"type": "LogFloats", "path": ["zxc"], "values": [{"value": 380.0, "step": null, "ts": 1626150333.6177773}]}, "version": 163}
{"obj": {"type": "LogFloats", "path": ["zxc"], "values": [{"value": 390.0, "step": null, "ts": 1626150333.6180015}]}, "version": 164}
{"obj": {"type": "LogFloats", "path": ["zxc"], "values": [{"value": 400.0, "step": null, "ts": 1626150333.618149}]}, "version": 165}
{"obj": {"type": "LogFloats", "path": ["zxc"], "values": [{"value": 410.0, "step": null, "ts": 1626150333.6183083}]}, "version": 166}
{"obj": {"type": "LogFloats", "path": ["zxc"], "values": [{"value": 420.0, "step": null, "ts": 1626150333.6184363}]}, "version": 167}
{"obj": {"type": "LogFloats", "path": ["zxc"], "values": [{"value": 430.0, "step": null, "ts": 1626150333.6185753}]}, "version": 168}
{"obj": {"type": "LogFloats", "path": ["zxc"], "values": [{"value": 440.0, "step": null, "ts": 1626150333.618702}]}, "version": 169}
{"obj": {"type": "LogFloats", "path": ["zxc"], "values": [{"value": 450.0, "step": null, "ts": 1626150333.6188757}]}, "version": 170}
{"obj": {"type": "LogFloats", "path": ["zxc"], "values": [{"value": 460.0, "step": null, "ts": 1626150333.619059}]}, "version": 171}
{"obj": {"type": "LogFloats", "path": ["zxc"], "values": [{"value": 470.0, "step": null, "ts": 1626150333.6192663}]}, "version": 172}
{"obj": {"type": "LogFloats", "path": ["zxc"], "values": [{"value": 480.0, "step": null, "ts": 1626150333.6194284}]}, "version": 173}
{"obj": {"type": "LogFloats", "path": ["zxc"], "values": [{"value": 490.0, "step": null, "ts": 1626150333.6195471}]}, "version": 174}
{"obj": {"type": "LogFloats", "path": ["zxc"], "values": [{"value": 500.0, "step": null, "ts": 1626150333.6196654}]}, "version": 175}
{"obj": {"type": "LogFloats", "path": ["zxc"], "values": [{"value": 510.0, "step": null, "ts": 1626150333.6197772}]}, "version": 176}
{"obj": {"type": "LogFloats", "path": ["zxc"], "values": [{"value": 520.0, "step": null, "ts": 1626150333.6199157}]}, "version": 177}
{"obj": {"type": "LogFloats", "path": ["zxc"], "values": [{"value": 530.0, "step": null, "ts": 1626150333.6200306}]}, "version": 178}
{"obj": {"type": "LogFloats", "path": ["zxc"], "values": [{"value": 540.0, "step": null, "ts": 1626150333.6202004}]}, "version": 179}
{"obj": {"type": "LogFloats", "path": ["zxc"], "values": [{"value": 550.0, "step": null, "ts": 1626150333.6203952}]}, "version": 180}
{"obj": {"type": "LogFloats", "path": ["zxc"], "values": [{"value": 560.0, "step": null, "ts": 1626150333.6205516}]}, "version": 181}
{"obj": {"type": "LogFloats", "path": ["zxc"], "values": [{"value": 570.0, "step": null, "ts": 1626150333.6206887}]}, "version": 182}
{"obj": {"type": "LogFloats", "path": ["zxc"], "values": [{"value": 580.0, "step": null, "ts": 1626150333.6208208}]}, "version": 183}
{"obj": {"type": "LogFloats", "path": ["zxc"], "values": [{"value": 590.0, "step": null, "ts": 1626150333.6209636}]}, "version": 184}
{"obj": {"type": "LogFloats", "path": ["zxc"], "values": [{"value": 600.0, "step": null, "ts": 1626150333.6211228}]}, "version": 185}
{"obj": {"type": "LogFloats", "path": ["zxc"], "values": [{"value": 610.0, "step": null, "ts": 1626150333.621269}]}, "version": 186}
{"obj": {"type": "LogFloats", "path": ["zxc"], "values": [{"value": 620.0, "step": null, "ts": 1626150333.6214757}]}, "version": 187}
{"obj": {"type": "LogFloats", "path": ["zxc"], "values": [{"value": 630.0, "step": null, "ts": 1626150333.6216288}]}, "version": 188}
{"obj": {"type": "LogFloats", "path": ["zxc"], "values": [{"value": 640.0, "step": null, "ts": 1626150333.6217663}]}, "version": 189}
{"obj": {"type": "LogFloats", "path": ["zxc"], "values": [{"value": 650.0, "step": null, "ts": 1626150333.6219344}]}, "version": 190}
{"obj": {"type": "LogFloats", "path": ["zxc"], "values": [{"value": 660.0, "step": null, "ts": 1626150333.622082}]}, "version": 191}
{"obj": {"type": "LogFloats", "path": ["zxc"], "values": [{"value": 670.0, "step": null, "ts": 1626150333.622228}]}, "version": 192}
{"obj": {"type": "LogFloats", "path": ["zxc"], "values": [{"value": 680.0, "step": null, "ts": 1626150333.6223733}]}, "version": 193}
{"obj": {"type": "LogFloats", "path": ["zxc"], "values": [{"value": 690.0, "step": null, "ts": 1626150333.622522}]}, "version": 194}
{"obj": {"type": "LogFloats", "path": ["zxc"], "values": [{"value": 700.0, "step": null, "ts": 1626150333.6226773}]}, "version": 195}
{"obj": {"type": "LogFloats", "path": ["zxc"], "values": [{"value": 710.0, "step": null, "ts": 1626150333.6228366}]}, "version": 196}
{"obj": {"type": "LogFloats", "path": ["zxc"], "values": [{"value": 720.0, "step": null, "ts": 1626150333.623023}]}, "version": 197}
{"obj": {"type": "LogFloats", "path": ["zxc"], "values": [{"value": 730.0, "step": null, "ts": 1626150333.6232288}]}, "version": 198}
{"obj": {"type": "LogFloats", "path": ["zxc"], "values": [{"value": 740.0, "step": null, "ts": 1626150333.6233928}]}, "version": 199}
{"obj": {"type": "LogFloats", "path": ["zxc"], "values": [{"value": 750.0, "step": null, "ts": 1626150333.6237338}]}, "version": 200}
{"obj": {"type": "LogFloats", "path": ["zxc"], "values": [{"value": 760.0, "step": null, "ts": 1626150333.6239903}]}, "version": 201}
{"obj": {"type": "LogFloats", "path": ["zxc"], "values": [{"value": 770.0, "step": null, "ts": 1626150333.6242044}]}, "version": 202}
{"obj": {"type": "LogFloats", "path": ["zxc"], "values": [{"value": 780.0, "step": null, "ts": 1626150333.6244187}]}, "version": 203}
{"obj": {"type": "LogFloats", "path": ["zxc"], "values": [{"value": 790.0, "step": null, "ts": 1626150333.624621}]}, "version": 204}
{"obj": {"type": "LogFloats", "path": ["zxc"], "values": [{"value": 800.0, "step": null, "ts": 1626150333.6248517}]}, "version": 205}
{"obj": {"type": "LogFloats", "path": ["zxc"], "values": [{"value": 810.0, "step": null, "ts": 1626150333.6250653}]}, "version": 206}
{"obj": {"type": "LogFloats", "path": ["zxc"], "values": [{"value": 820.0, "step": null, "ts": 1626150333.6252604}]}, "version": 207}
{"obj": {"type": "LogFloats", "path": ["zxc"], "values": [{"value": 830.0, "step": null, "ts": 1626150333.6254938}]}, "version": 208}
{"obj": {"type": "LogFloats", "path": ["zxc"], "values": [{"value": 840.0, "step": null, "ts": 1626150333.6257424}]}, "version": 209}
{"obj": {"type": "LogFloats", "path": ["zxc"], "values": [{"value": 850.0, "step": null, "ts": 1626150333.6259735}]}, "version": 210}
{"obj": {"type": "LogFloats", "path": ["zxc"], "values": [{"value": 860.0, "step": null, "ts": 1626150333.6261625}]}, "version": 211}
{"obj": {"type": "LogFloats", "path": ["zxc"], "values": [{"value": 870.0, "step": null, "ts": 1626150333.6263084}]}, "version": 212}
{"obj": {"type": "LogFloats", "path": ["zxc"], "values": [{"value": 880.0, "step": null, "ts": 1626150333.6264806}]}, "version": 213}
{"obj": {"type": "LogFloats", "path": ["zxc"], "values": [{"value": 890.0, "step": null, "ts": 1626150333.6266718}]}, "version": 214}
{"obj": {"type": "LogFloats", "path": ["zxc"], "values": [{"value": 900.0, "step": null, "ts": 1626150333.6268752}]}, "version": 215}
{"obj": {"type": "LogFloats", "path": ["zxc"], "values": [{"value": 910.0, "step": null, "ts": 1626150333.627118}]}, "version": 216}
{"obj": {"type": "LogFloats", "path": ["zxc"], "values": [{"value": 920.0, "step": null, "ts": 1626150333.6273222}]}, "version": 217}
{"obj": {"type": "LogFloats", "path": ["zxc"], "values": [{"value": 930.0, "step": null, "ts": 1626150333.6275277}]}, "version": 218}
{"obj": {"type": "LogFloats", "path": ["zxc"], "values": [{"value": 940.0, "step": null, "ts": 1626150333.6277142}]}, "version": 219}
{"obj": {"type": "LogFloats", "path": ["zxc"], "values": [{"value": 950.0, "step": null, "ts": 1626150333.627939}]}, "version": 220}
{"obj": {"type": "LogFloats", "path": ["zxc"], "values": [{"value": 960.0, "step": null, "ts": 1626150333.6281455}]}, "version": 221}
{"obj": {"type": "LogFloats", "path": ["zxc"], "values": [{"value": 970.0, "step": null, "ts": 1626150333.6283307}]}, "version": 222}
{"obj": {"type": "LogFloats", "path": ["zxc"], "values": [{"value": 980.0, "step": null, "ts": 1626150333.6285257}]}, "version": 223}
{"obj": {"type": "LogFloats", "path": ["zxc"], "values": [{"value": 990.0, "step": null, "ts": 1626150333.6287184}]}, "version": 224}
{"obj": {"type": "LogFloats", "path": ["monitoring", "cpu"], "values": [{"value": 7.0, "step": null, "ts": 1626150334.8769116}]}, "version": 225}
{"obj": {"type": "LogFloats", "path": ["monitoring", "memory"], "values": [{"value": 16.574851989746094, "step": null, "ts": 1626150334.8769116}]}, "version": 226}
{"obj": {"type": "LogFloats", "path": ["monitoring", "gpu"], "values": [{"value": 36.0, "step": null, "ts": 1626150334.8769116}]}, "version": 227}
{"obj": {"type": "LogFloats", "path": ["monitoring", "gpu_memory"], "values": [{"value": 2.01947021484375, "step": null, "ts": 1626150334.8769116}]}, "version": 228}
{"obj": {"type": "LogFloats", "path": ["zxc"], "values": [{"value": 0.0, "step": null, "ts": 1626150335.3510516}]}, "version": 229}
{"obj": {"type": "LogFloats", "path": ["zxc"], "values": [{"value": 10.0, "step": null, "ts": 1626150335.3520565}]}, "version": 230}
{"obj": {"type": "LogFloats", "path": ["zxc"], "values": [{"value": 20.0, "step": null, "ts": 1626150335.352289}]}, "version": 231}
{"obj": {"type": "LogFloats", "path": ["zxc"], "values": [{"value": 30.0, "step": null, "ts": 1626150335.352448}]}, "version": 232}
{"obj": {"type": "LogFloats", "path": ["zxc"], "values": [{"value": 40.0, "step": null, "ts": 1626150335.352781}]}, "version": 233}
{"obj": {"type": "LogFloats", "path": ["zxc"], "values": [{"value": 50.0, "step": null, "ts": 1626150335.3529675}]}, "version": 234}
{"obj": {"type": "LogFloats", "path": ["zxc"], "values": [{"value": 60.0, "step": null, "ts": 1626150335.3531268}]}, "version": 235}
{"obj": {"type": "LogFloats", "path": ["zxc"], "values": [{"value": 70.0, "step": null, "ts": 1626150335.353298}]}, "version": 236}
{"obj": {"type": "LogFloats", "path": ["zxc"], "values": [{"value": 80.0, "step": null, "ts": 1626150335.3534472}]}, "version": 237}
{"obj": {"type": "LogFloats", "path": ["zxc"], "values": [{"value": 90.0, "step": null, "ts": 1626150335.353604}]}, "version": 238}
{"obj": {"type": "LogFloats", "path": ["zxc"], "values": [{"value": 100.0, "step": null, "ts": 1626150335.3537538}]}, "version": 239}
{"obj": {"type": "LogFloats", "path": ["zxc"], "values": [{"value": 110.0, "step": null, "ts": 1626150335.3539035}]}, "version": 240}
{"obj": {"type": "LogFloats", "path": ["zxc"], "values": [{"value": 120.0, "step": null, "ts": 1626150335.3540432}]}, "version": 241}
{"obj": {"type": "LogFloats", "path": ["zxc"], "values": [{"value": 130.0, "step": null, "ts": 1626150335.35417}]}, "version": 242}
{"obj": {"type": "LogFloats", "path": ["zxc"], "values": [{"value": 140.0, "step": null, "ts": 1626150335.354295}]}, "version": 243}
{"obj": {"type": "LogFloats", "path": ["zxc"], "values": [{"value": 150.0, "step": null, "ts": 1626150335.3544202}]}, "version": 244}
{"obj": {"type": "LogFloats", "path": ["zxc"], "values": [{"value": 160.0, "step": null, "ts": 1626150335.354559}]}, "version": 245}
{"obj": {"type": "LogFloats", "path": ["zxc"], "values": [{"value": 170.0, "step": null, "ts": 1626150335.3547077}]}, "version": 246}
{"obj": {"type": "LogFloats", "path": ["zxc"], "values": [{"value": 180.0, "step": null, "ts": 1626150335.3548503}]}, "version": 247}
{"obj": {"type": "LogFloats", "path": ["zxc"], "values": [{"value": 190.0, "step": null, "ts": 1626150335.35503}]}, "version": 248}
{"obj": {"type": "LogFloats", "path": ["zxc"], "values": [{"value": 200.0, "step": null, "ts": 1626150335.3552086}]}, "version": 249}
{"obj": {"type": "LogFloats", "path": ["zxc"], "values": [{"value": 210.0, "step": null, "ts": 1626150335.3553708}]}, "version": 250}
{"obj": {"type": "LogFloats", "path": ["zxc"], "values": [{"value": 220.0, "step": null, "ts": 1626150335.3554957}]}, "version": 251}
{"obj": {"type": "LogFloats", "path": ["zxc"], "values": [{"value": 230.0, "step": null, "ts": 1626150335.3556182}]}, "version": 252}
{"obj": {"type": "LogFloats", "path": ["zxc"], "values": [{"value": 240.0, "step": null, "ts": 1626150335.3557653}]}, "version": 253}
{"obj": {"type": "LogFloats", "path": ["zxc"], "values": [{"value": 250.0, "step": null, "ts": 1626150335.355915}]}, "version": 254}
{"obj": {"type": "LogFloats", "path": ["zxc"], "values": [{"value": 260.0, "step": null, "ts": 1626150335.3560464}]}, "version": 255}
{"obj": {"type": "LogFloats", "path": ["zxc"], "values": [{"value": 270.0, "step": null, "ts": 1626150335.3561904}]}, "version": 256}
{"obj": {"type": "LogFloats", "path": ["zxc"], "values": [{"value": 280.0, "step": null, "ts": 1626150335.3563173}]}, "version": 257}
{"obj": {"type": "LogFloats", "path": ["zxc"], "values": [{"value": 290.0, "step": null, "ts": 1626150335.3564663}]}, "version": 258}
{"obj": {"type": "LogFloats", "path": ["zxc"], "values": [{"value": 300.0, "step": null, "ts": 1626150335.356591}]}, "version": 259}
{"obj": {"type": "LogFloats", "path": ["zxc"], "values": [{"value": 310.0, "step": null, "ts": 1626150335.3567448}]}, "version": 260}
{"obj": {"type": "LogFloats", "path": ["zxc"], "values": [{"value": 320.0, "step": null, "ts": 1626150335.3568876}]}, "version": 261}
{"obj": {"type": "LogFloats", "path": ["zxc"], "values": [{"value": 330.0, "step": null, "ts": 1626150335.3570368}]}, "version": 262}
{"obj": {"type": "LogFloats", "path": ["zxc"], "values": [{"value": 340.0, "step": null, "ts": 1626150335.3571835}]}, "version": 263}
{"obj": {"type": "LogFloats", "path": ["zxc"], "values": [{"value": 350.0, "step": null, "ts": 1626150335.3573363}]}, "version": 264}
{"obj": {"type": "LogFloats", "path": ["zxc"], "values": [{"value": 360.0, "step": null, "ts": 1626150335.3574767}]}, "version": 265}
{"obj": {"type": "LogFloats", "path": ["zxc"], "values": [{"value": 370.0, "step": null, "ts": 1626150335.3576312}]}, "version": 266}
{"obj": {"type": "LogFloats", "path": ["zxc"], "values": [{"value": 380.0, "step": null, "ts": 1626150335.3578637}]}, "version": 267}
{"obj": {"type": "LogFloats", "path": ["zxc"], "values": [{"value": 390.0, "step": null, "ts": 1626150335.3581212}]}, "version": 268}
{"obj": {"type": "LogFloats", "path": ["zxc"], "values": [{"value": 400.0, "step": null, "ts": 1626150335.358381}]}, "version": 269}
{"obj": {"type": "LogFloats", "path": ["zxc"], "values": [{"value": 410.0, "step": null, "ts": 1626150335.3586442}]}, "version": 270}
{"obj": {"type": "LogFloats", "path": ["zxc"], "values": [{"value": 420.0, "step": null, "ts": 1626150335.3588464}]}, "version": 271}
{"obj": {"type": "LogFloats", "path": ["zxc"], "values": [{"value": 430.0, "step": null, "ts": 1626150335.3590643}]}, "version": 272}
{"obj": {"type": "LogFloats", "path": ["zxc"], "values": [{"value": 440.0, "step": null, "ts": 1626150335.359304}]}, "version": 273}
{"obj": {"type": "LogFloats", "path": ["zxc"], "values": [{"value": 450.0, "step": null, "ts": 1626150335.3595226}]}, "version": 274}
{"obj": {"type": "LogFloats", "path": ["zxc"], "values": [{"value": 460.0, "step": null, "ts": 1626150335.3597047}]}, "version": 275}
{"obj": {"type": "LogFloats", "path": ["zxc"], "values": [{"value": 470.0, "step": null, "ts": 1626150335.359891}]}, "version": 276}
{"obj": {"type": "LogFloats", "path": ["zxc"], "values": [{"value": 480.0, "step": null, "ts": 1626150335.3600745}]}, "version": 277}
{"obj": {"type": "LogFloats", "path": ["zxc"], "values": [{"value": 490.0, "step": null, "ts": 1626150335.3602464}]}, "version": 278}
{"obj": {"type": "LogFloats", "path": ["zxc"], "values": [{"value": 500.0, "step": null, "ts": 1626150335.3604345}]}, "version": 279}
{"obj": {"type": "LogFloats", "path": ["zxc"], "values": [{"value": 510.0, "step": null, "ts": 1626150335.360615}]}, "version": 280}
{"obj": {"type": "LogFloats", "path": ["zxc"], "values": [{"value": 520.0, "step": null, "ts": 1626150335.3608124}]}, "version": 281}
{"obj": {"type": "LogFloats", "path": ["zxc"], "values": [{"value": 530.0, "step": null, "ts": 1626150335.3610444}]}, "version": 282}
{"obj": {"type": "LogFloats", "path": ["zxc"], "values": [{"value": 540.0, "step": null, "ts": 1626150335.3612368}]}, "version": 283}
{"obj": {"type": "LogFloats", "path": ["zxc"], "values": [{"value": 550.0, "step": null, "ts": 1626150335.3614175}]}, "version": 284}
{"obj": {"type": "LogFloats", "path": ["zxc"], "values": [{"value": 560.0, "step": null, "ts": 1626150335.3616016}]}, "version": 285}
{"obj": {"type": "LogFloats", "path": ["zxc"], "values": [{"value": 570.0, "step": null, "ts": 1626150335.3617756}]}, "version": 286}
{"obj": {"type": "LogFloats", "path": ["zxc"], "values": [{"value": 580.0, "step": null, "ts": 1626150335.361948}]}, "version": 287}
{"obj": {"type": "LogFloats", "path": ["zxc"], "values": [{"value": 590.0, "step": null, "ts": 1626150335.3621166}]}, "version": 288}
{"obj": {"type": "LogFloats", "path": ["zxc"], "values": [{"value": 600.0, "step": null, "ts": 1626150335.3622887}]}, "version": 289}
{"obj": {"type": "LogFloats", "path": ["zxc"], "values": [{"value": 610.0, "step": null, "ts": 1626150335.3624606}]}, "version": 290}
{"obj": {"type": "LogFloats", "path": ["zxc"], "values": [{"value": 620.0, "step": null, "ts": 1626150335.3626328}]}, "version": 291}
{"obj": {"type": "LogFloats", "path": ["zxc"], "values": [{"value": 630.0, "step": null, "ts": 1626150335.3628056}]}, "version": 292}
{"obj": {"type": "LogFloats", "path": ["zxc"], "values": [{"value": 640.0, "step": null, "ts": 1626150335.3629763}]}, "version": 293}
{"obj": {"type": "LogFloats", "path": ["zxc"], "values": [{"value": 650.0, "step": null, "ts": 1626150335.3631587}]}, "version": 294}
{"obj": {"type": "LogFloats", "path": ["zxc"], "values": [{"value": 660.0, "step": null, "ts": 1626150335.363334}]}, "version": 295}
{"obj": {"type": "LogFloats", "path": ["zxc"], "values": [{"value": 670.0, "step": null, "ts": 1626150335.363508}]}, "version": 296}
{"obj": {"type": "LogFloats", "path": ["zxc"], "values": [{"value": 680.0, "step": null, "ts": 1626150335.3636866}]}, "version": 297}
{"obj": {"type": "LogFloats", "path": ["zxc"], "values": [{"value": 690.0, "step": null, "ts": 1626150335.3639514}]}, "version": 298}
{"obj": {"type": "LogFloats", "path": ["zxc"], "values": [{"value": 700.0, "step": null, "ts": 1626150335.3641455}]}, "version": 299}
{"obj": {"type": "LogFloats", "path": ["zxc"], "values": [{"value": 710.0, "step": null, "ts": 1626150335.3643246}]}, "version": 300}
{"obj": {"type": "LogFloats", "path": ["zxc"], "values": [{"value": 720.0, "step": null, "ts": 1626150335.364506}]}, "version": 301}
{"obj": {"type": "LogFloats", "path": ["zxc"], "values": [{"value": 730.0, "step": null, "ts": 1626150335.364682}]}, "version": 302}
{"obj": {"type": "LogFloats", "path": ["zxc"], "values": [{"value": 740.0, "step": null, "ts": 1626150335.3648765}]}, "version": 303}
{"obj": {"type": "LogFloats", "path": ["zxc"], "values": [{"value": 750.0, "step": null, "ts": 1626150335.3650925}]}, "version": 304}
{"obj": {"type": "LogFloats", "path": ["zxc"], "values": [{"value": 760.0, "step": null, "ts": 1626150335.365361}]}, "version": 305}
{"obj": {"type": "LogFloats", "path": ["zxc"], "values": [{"value": 770.0, "step": null, "ts": 1626150335.3655553}]}, "version": 306}
{"obj": {"type": "LogFloats", "path": ["zxc"], "values": [{"value": 780.0, "step": null, "ts": 1626150335.3657749}]}, "version": 307}
{"obj": {"type": "LogFloats", "path": ["zxc"], "values": [{"value": 790.0, "step": null, "ts": 1626150335.3659282}]}, "version": 308}
{"obj": {"type": "LogFloats", "path": ["zxc"], "values": [{"value": 800.0, "step": null, "ts": 1626150335.3660595}]}, "version": 309}
{"obj": {"type": "LogFloats", "path": ["zxc"], "values": [{"value": 810.0, "step": null, "ts": 1626150335.3662322}]}, "version": 310}
{"obj": {"type": "LogFloats", "path": ["zxc"], "values": [{"value": 820.0, "step": null, "ts": 1626150335.3663642}]}, "version": 311}
{"obj": {"type": "LogFloats", "path": ["zxc"], "values": [{"value": 830.0, "step": null, "ts": 1626150335.3665013}]}, "version": 312}
{"obj": {"type": "LogFloats", "path": ["zxc"], "values": [{"value": 840.0, "step": null, "ts": 1626150335.366628}]}, "version": 313}
{"obj": {"type": "LogFloats", "path": ["zxc"], "values": [{"value": 850.0, "step": null, "ts": 1626150335.3667927}]}, "version": 314}
{"obj": {"type": "LogFloats", "path": ["zxc"], "values": [{"value": 860.0, "step": null, "ts": 1626150335.366928}]}, "version": 315}
{"obj": {"type": "LogFloats", "path": ["zxc"], "values": [{"value": 870.0, "step": null, "ts": 1626150335.3670626}]}, "version": 316}
{"obj": {"type": "LogFloats", "path": ["zxc"], "values": [{"value": 880.0, "step": null, "ts": 1626150335.3672771}]}, "version": 317}
{"obj": {"type": "LogFloats", "path": ["zxc"], "values": [{"value": 890.0, "step": null, "ts": 1626150335.3674386}]}, "version": 318}
{"obj": {"type": "LogFloats", "path": ["zxc"], "values": [{"value": 900.0, "step": null, "ts": 1626150335.3675764}]}, "version": 319}
{"obj": {"type": "LogFloats", "path": ["zxc"], "values": [{"value": 910.0, "step": null, "ts": 1626150335.3677127}]}, "version": 320}
{"obj": {"type": "LogFloats", "path": ["zxc"], "values": [{"value": 920.0, "step": null, "ts": 1626150335.3678684}]}, "version": 321}
{"obj": {"type": "LogFloats", "path": ["zxc"], "values": [{"value": 930.0, "step": null, "ts": 1626150335.3679874}]}, "version": 322}
{"obj": {"type": "LogFloats", "path": ["zxc"], "values": [{"value": 940.0, "step": null, "ts": 1626150335.3681421}]}, "version": 323}
{"obj": {"type": "LogFloats", "path": ["zxc"], "values": [{"value": 950.0, "step": null, "ts": 1626150335.3682787}]}, "version": 324}
{"obj": {"type": "LogFloats", "path": ["zxc"], "values": [{"value": 960.0, "step": null, "ts": 1626150335.368416}]}, "version": 325}
{"obj": {"type": "LogFloats", "path": ["zxc"], "values": [{"value": 970.0, "step": null, "ts": 1626150335.368576}]}, "version": 326}
{"obj": {"type": "LogFloats", "path": ["zxc"], "values": [{"value": 980.0, "step": null, "ts": 1626150335.3687258}]}, "version": 327}
{"obj": {"type": "LogFloats", "path": ["zxc"], "values": [{"value": 990.0, "step": null, "ts": 1626150335.3688776}]}, "version": 328}
{"obj": {"type": "LogFloats", "path": ["monitoring", "cpu"], "values": [{"value": 12.9, "step": null, "ts": 1626150344.8797426}]}, "version": 329}
{"obj": {"type": "LogFloats", "path": ["monitoring", "memory"], "values": [{"value": 16.639217376708984, "step": null, "ts": 1626150344.8797426}]}, "version": 330}
{"obj": {"type": "LogFloats", "path": ["monitoring", "gpu"], "values": [{"value": 12.0, "step": null, "ts": 1626150344.8797426}]}, "version": 331}
{"obj": {"type": "LogFloats", "path": ["monitoring", "gpu_memory"], "values": [{"value": 2.02508544921875, "step": null, "ts": 1626150344.8797426}]}, "version": 332}
{"obj": {"type": "LogFloats", "path": ["monitoring", "cpu"], "values": [{"value": 7.9, "step": null, "ts": 1626150354.882054}]}, "version": 333}
{"obj": {"type": "LogFloats", "path": ["monitoring", "memory"], "values": [{"value": 16.570133209228516, "step": null, "ts": 1626150354.882054}]}, "version": 334}
{"obj": {"type": "LogFloats", "path": ["monitoring", "gpu"], "values": [{"value": 4.0, "step": null, "ts": 1626150354.882054}]}, "version": 335}
{"obj": {"type": "LogFloats", "path": ["monitoring", "gpu_memory"], "values": [{"value": 2.0152587890625, "step": null, "ts": 1626150354.882054}]}, "version": 336}
{"obj": {"type": "LogFloats", "path": ["monitoring", "cpu"], "values": [{"value": 5.7, "step": null, "ts": 1626150364.8848796}]}, "version": 337}
{"obj": {"type": "LogFloats", "path": ["monitoring", "memory"], "values": [{"value": 16.540851593017578, "step": null, "ts": 1626150364.8848796}]}, "version": 338}
{"obj": {"type": "LogFloats", "path": ["monitoring", "gpu"], "values": [{"value": 5.0, "step": null, "ts": 1626150364.8848796}]}, "version": 339}
{"obj": {"type": "LogFloats", "path": ["monitoring", "gpu_memory"], "values": [{"value": 2.01409912109375, "step": null, "ts": 1626150364.8848796}]}, "version": 340}
{"obj": {"type": "LogFloats", "path": ["monitoring", "cpu"], "values": [{"value": 7.6, "step": null, "ts": 1626150374.8869305}]}, "version": 341}
{"obj": {"type": "LogFloats", "path": ["monitoring", "memory"], "values": [{"value": 16.56540298461914, "step": null, "ts": 1626150374.8869305}]}, "version": 342}
{"obj": {"type": "LogFloats", "path": ["monitoring", "gpu"], "values": [{"value": 11.0, "step": null, "ts": 1626150374.8869305}]}, "version": 343}
{"obj": {"type": "LogFloats", "path": ["monitoring", "gpu_memory"], "values": [{"value": 2.0206298828125, "step": null, "ts": 1626150374.8869305}]}, "version": 344}
{"obj": {"type": "LogFloats", "path": ["monitoring", "cpu"], "values": [{"value": 9.5, "step": null, "ts": 1626150384.8895354}]}, "version": 345}
{"obj": {"type": "LogFloats", "path": ["monitoring", "memory"], "values": [{"value": 16.550460815429688, "step": null, "ts": 1626150384.8895354}]}, "version": 346}
{"obj": {"type": "LogFloats", "path": ["monitoring", "gpu"], "values": [{"value": 25.0, "step": null, "ts": 1626150384.8895354}]}, "version": 347}
{"obj": {"type": "LogFloats", "path": ["monitoring", "gpu_memory"], "values": [{"value": 2.05023193359375, "step": null, "ts": 1626150384.8895354}]}, "version": 348}
{"obj": {"type": "LogFloats", "path": ["monitoring", "cpu"], "values": [{"value": 10.6, "step": null, "ts": 1626150394.8922904}]}, "version": 349}
{"obj": {"type": "LogFloats", "path": ["monitoring", "memory"], "values": [{"value": 16.581172943115234, "step": null, "ts": 1626150394.8922904}]}, "version": 350}
{"obj": {"type": "LogFloats", "path": ["monitoring", "gpu"], "values": [{"value": 12.0, "step": null, "ts": 1626150394.8922904}]}, "version": 351}
{"obj": {"type": "LogFloats", "path": ["monitoring", "gpu_memory"], "values": [{"value": 2.055908203125, "step": null, "ts": 1626150394.8922904}]}, "version": 352}
{"obj": {"type": "LogFloats", "path": ["monitoring", "cpu"], "values": [{"value": 9.3, "step": null, "ts": 1626150404.8946393}]}, "version": 353}
{"obj": {"type": "LogFloats", "path": ["monitoring", "memory"], "values": [{"value": 16.566314697265625, "step": null, "ts": 1626150404.8946393}]}, "version": 354}
{"obj": {"type": "LogFloats", "path": ["monitoring", "gpu"], "values": [{"value": 8.0, "step": null, "ts": 1626150404.8946393}]}, "version": 355}
{"obj": {"type": "LogFloats", "path": ["monitoring", "gpu_memory"], "values": [{"value": 2.034912109375, "step": null, "ts": 1626150404.8946393}]}, "version": 356}
{"obj": {"type": "LogFloats", "path": ["monitoring", "cpu"], "values": [{"value": 9.3, "step": null, "ts": 1626150414.897135}]}, "version": 357}
{"obj": {"type": "LogFloats", "path": ["monitoring", "memory"], "values": [{"value": 16.575149536132812, "step": null, "ts": 1626150414.897135}]}, "version": 358}
{"obj": {"type": "LogFloats", "path": ["monitoring", "gpu"], "values": [{"value": 12.0, "step": null, "ts": 1626150414.897135}]}, "version": 359}
{"obj": {"type": "LogFloats", "path": ["monitoring", "gpu_memory"], "values": [{"value": 2.044189453125, "step": null, "ts": 1626150414.897135}]}, "version": 360}
{"obj": {"type": "LogFloats", "path": ["monitoring", "cpu"], "values": [{"value": 9.6, "step": null, "ts": 1626150424.8998272}]}, "version": 361}
{"obj": {"type": "LogFloats", "path": ["monitoring", "memory"], "values": [{"value": 16.60973358154297, "step": null, "ts": 1626150424.8998272}]}, "version": 362}
{"obj": {"type": "LogFloats", "path": ["monitoring", "gpu"], "values": [{"value": 9.0, "step": null, "ts": 1626150424.8998272}]}, "version": 363}
{"obj": {"type": "LogFloats", "path": ["monitoring", "gpu_memory"], "values": [{"value": 2.05096435546875, "step": null, "ts": 1626150424.8998272}]}, "version": 364}
{"obj": {"type": "LogFloats", "path": ["monitoring", "cpu"], "values": [{"value": 6.5, "step": null, "ts": 1626150434.9017472}]}, "version": 365}
{"obj": {"type": "LogFloats", "path": ["monitoring", "memory"], "values": [{"value": 16.58352279663086, "step": null, "ts": 1626150434.9017472}]}, "version": 366}
{"obj": {"type": "LogFloats", "path": ["monitoring", "gpu"], "values": [{"value": 24.0, "step": null, "ts": 1626150434.9017472}]}, "version": 367}
{"obj": {"type": "LogFloats", "path": ["monitoring", "gpu_memory"], "values": [{"value": 2.03759765625, "step": null, "ts": 1626150434.9017472}]}, "version": 368}
{"obj": {"type": "LogFloats", "path": ["monitoring", "cpu"], "values": [{"value": 5.9, "step": null, "ts": 1626150444.9042778}]}, "version": 369}
{"obj": {"type": "LogFloats", "path": ["monitoring", "memory"], "values": [{"value": 16.575790405273438, "step": null, "ts": 1626150444.9042778}]}, "version": 370}
{"obj": {"type": "LogFloats", "path": ["monitoring", "gpu"], "values": [{"value": 23.0, "step": null, "ts": 1626150444.9042778}]}, "version": 371}
{"obj": {"type": "LogFloats", "path": ["monitoring", "gpu_memory"], "values": [{"value": 2.0531005859375, "step": null, "ts": 1626150444.9042778}]}, "version": 372}
{"obj": {"type": "LogFloats", "path": ["monitoring", "cpu"], "values": [{"value": 7.7, "step": null, "ts": 1626150454.9068182}]}, "version": 373}
{"obj": {"type": "LogFloats", "path": ["monitoring", "memory"], "values": [{"value": 16.57921600341797, "step": null, "ts": 1626150454.9068182}]}, "version": 374}
{"obj": {"type": "LogFloats", "path": ["monitoring", "gpu"], "values": [{"value": 7.0, "step": null, "ts": 1626150454.9068182}]}, "version": 375}
{"obj": {"type": "LogFloats", "path": ["monitoring", "gpu_memory"], "values": [{"value": 2.236572265625, "step": null, "ts": 1626150454.9068182}]}, "version": 376}
{"obj": {"type": "LogFloats", "path": ["monitoring", "cpu"], "values": [{"value": 10.7, "step": null, "ts": 1626150464.9091659}]}, "version": 377}
{"obj": {"type": "LogFloats", "path": ["monitoring", "memory"], "values": [{"value": 16.62320327758789, "step": null, "ts": 1626150464.9091659}]}, "version": 378}
{"obj": {"type": "LogFloats", "path": ["monitoring", "gpu"], "values": [{"value": 8.0, "step": null, "ts": 1626150464.9091659}]}, "version": 379}
{"obj": {"type": "LogFloats", "path": ["monitoring", "gpu_memory"], "values": [{"value": 2.22076416015625, "step": null, "ts": 1626150464.9091659}]}, "version": 380}
{"obj": {"type": "LogFloats", "path": ["monitoring", "cpu"], "values": [{"value": 7.6, "step": null, "ts": 1626150474.91179}]}, "version": 381}
{"obj": {"type": "LogFloats", "path": ["monitoring", "memory"], "values": [{"value": 16.612342834472656, "step": null, "ts": 1626150474.91179}]}, "version": 382}
{"obj": {"type": "LogFloats", "path": ["monitoring", "gpu"], "values": [{"value": 7.0, "step": null, "ts": 1626150474.91179}]}, "version": 383}
{"obj": {"type": "LogFloats", "path": ["monitoring", "gpu_memory"], "values": [{"value": 2.21142578125, "step": null, "ts": 1626150474.91179}]}, "version": 384}
{"obj": {"type": "LogFloats", "path": ["monitoring", "cpu"], "values": [{"value": 10.4, "step": null, "ts": 1626150484.914185}]}, "version": 385}
{"obj": {"type": "LogFloats", "path": ["monitoring", "memory"], "values": [{"value": 16.549850463867188, "step": null, "ts": 1626150484.914185}]}, "version": 386}
{"obj": {"type": "LogFloats", "path": ["monitoring", "gpu"], "values": [{"value": 24.0, "step": null, "ts": 1626150484.914185}]}, "version": 387}
{"obj": {"type": "LogFloats", "path": ["monitoring", "gpu_memory"], "values": [{"value": 2.1934814453125, "step": null, "ts": 1626150484.914185}]}, "version": 388}
{"obj": {"type": "LogFloats", "path": ["monitoring", "cpu"], "values": [{"value": 13.4, "step": null, "ts": 1626150494.9165273}]}, "version": 389}
{"obj": {"type": "LogFloats", "path": ["monitoring", "memory"], "values": [{"value": 16.562976837158203, "step": null, "ts": 1626150494.9165273}]}, "version": 390}
{"obj": {"type": "LogFloats", "path": ["monitoring", "gpu"], "values": [{"value": 10.0, "step": null, "ts": 1626150494.9165273}]}, "version": 391}
{"obj": {"type": "LogFloats", "path": ["monitoring", "gpu_memory"], "values": [{"value": 2.2266845703125, "step": null, "ts": 1626150494.9165273}]}, "version": 392}
{"obj": {"type": "LogFloats", "path": ["monitoring", "cpu"], "values": [{"value": 12.6, "step": null, "ts": 1626150504.9186087}]}, "version": 393}
{"obj": {"type": "LogFloats", "path": ["monitoring", "memory"], "values": [{"value": 16.604740142822266, "step": null, "ts": 1626150504.9186087}]}, "version": 394}
{"obj": {"type": "LogFloats", "path": ["monitoring", "gpu"], "values": [{"value": 5.0, "step": null, "ts": 1626150504.9186087}]}, "version": 395}
{"obj": {"type": "LogFloats", "path": ["monitoring", "gpu_memory"], "values": [{"value": 2.2169189453125, "step": null, "ts": 1626150504.9186087}]}, "version": 396}
{"obj": {"type": "LogFloats", "path": ["monitoring", "cpu"], "values": [{"value": 6.5, "step": null, "ts": 1626150514.9209962}]}, "version": 397}
{"obj": {"type": "LogFloats", "path": ["monitoring", "memory"], "values": [{"value": 16.570148468017578, "step": null, "ts": 1626150514.9209962}]}, "version": 398}
{"obj": {"type": "LogFloats", "path": ["monitoring", "gpu"], "values": [{"value": 5.0, "step": null, "ts": 1626150514.9209962}]}, "version": 399}
{"obj": {"type": "LogFloats", "path": ["monitoring", "gpu_memory"], "values": [{"value": 2.19873046875, "step": null, "ts": 1626150514.9209962}]}, "version": 400}
{"obj": {"type": "LogFloats", "path": ["monitoring", "cpu"], "values": [{"value": 7.7, "step": null, "ts": 1626150524.9236343}]}, "version": 401}
{"obj": {"type": "LogFloats", "path": ["monitoring", "memory"], "values": [{"value": 16.615760803222656, "step": null, "ts": 1626150524.9236343}]}, "version": 402}
{"obj": {"type": "LogFloats", "path": ["monitoring", "gpu"], "values": [{"value": 8.0, "step": null, "ts": 1626150524.9236343}]}, "version": 403}
{"obj": {"type": "LogFloats", "path": ["monitoring", "gpu_memory"], "values": [{"value": 2.23529052734375, "step": null, "ts": 1626150524.9236343}]}, "version": 404}
{"obj": {"type": "LogFloats", "path": ["monitoring", "cpu"], "values": [{"value": 9.9, "step": null, "ts": 1626150534.925444}]}, "version": 405}
{"obj": {"type": "LogFloats", "path": ["monitoring", "memory"], "values": [{"value": 16.553794860839844, "step": null, "ts": 1626150534.925444}]}, "version": 406}
{"obj": {"type": "LogFloats", "path": ["monitoring", "gpu"], "values": [{"value": 22.0, "step": null, "ts": 1626150534.925444}]}, "version": 407}
{"obj": {"type": "LogFloats", "path": ["monitoring", "gpu_memory"], "values": [{"value": 2.24920654296875, "step": null, "ts": 1626150534.925444}]}, "version": 408}
{"obj": {"type": "LogFloats", "path": ["monitoring", "cpu"], "values": [{"value": 17.2, "step": null, "ts": 1626150544.9278295}]}, "version": 409}
{"obj": {"type": "LogFloats", "path": ["monitoring", "memory"], "values": [{"value": 16.546363830566406, "step": null, "ts": 1626150544.9278295}]}, "version": 410}
{"obj": {"type": "LogFloats", "path": ["monitoring", "gpu"], "values": [{"value": 8.0, "step": null, "ts": 1626150544.9278295}]}, "version": 411}
{"obj": {"type": "LogFloats", "path": ["monitoring", "gpu_memory"], "values": [{"value": 2.237060546875, "step": null, "ts": 1626150544.9278295}]}, "version": 412}
{"obj": {"type": "LogFloats", "path": ["monitoring", "cpu"], "values": [{"value": 17.5, "step": null, "ts": 1626150554.9301841}]}, "version": 413}
{"obj": {"type": "LogFloats", "path": ["monitoring", "memory"], "values": [{"value": 16.590335845947266, "step": null, "ts": 1626150554.9301841}]}, "version": 414}
{"obj": {"type": "LogFloats", "path": ["monitoring", "gpu"], "values": [{"value": 11.0, "step": null, "ts": 1626150554.9301841}]}, "version": 415}
{"obj": {"type": "LogFloats", "path": ["monitoring", "gpu_memory"], "values": [{"value": 2.23797607421875, "step": null, "ts": 1626150554.9301841}]}, "version": 416}
{"obj": {"type": "LogFloats", "path": ["monitoring", "cpu"], "values": [{"value": 17.5, "step": null, "ts": 1626150564.9318924}]}, "version": 417}
{"obj": {"type": "LogFloats", "path": ["monitoring", "memory"], "values": [{"value": 16.59943389892578, "step": null, "ts": 1626150564.9318924}]}, "version": 418}
{"obj": {"type": "LogFloats", "path": ["monitoring", "gpu"], "values": [{"value": 9.0, "step": null, "ts": 1626150564.9318924}]}, "version": 419}
{"obj": {"type": "LogFloats", "path": ["monitoring", "gpu_memory"], "values": [{"value": 2.2337646484375, "step": null, "ts": 1626150564.9318924}]}, "version": 420}
{"obj": {"type": "LogFloats", "path": ["monitoring", "cpu"], "values": [{"value": 12.5, "step": null, "ts": 1626150574.9341242}]}, "version": 421}
{"obj": {"type": "LogFloats", "path": ["monitoring", "memory"], "values": [{"value": 16.598731994628906, "step": null, "ts": 1626150574.9341242}]}, "version": 422}
{"obj": {"type": "LogFloats", "path": ["monitoring", "gpu"], "values": [{"value": 20.0, "step": null, "ts": 1626150574.9341242}]}, "version": 423}
{"obj": {"type": "LogFloats", "path": ["monitoring", "gpu_memory"], "values": [{"value": 2.21624755859375, "step": null, "ts": 1626150574.9341242}]}, "version": 424}
{"obj": {"type": "LogFloats", "path": ["monitoring", "cpu"], "values": [{"value": 9.6, "step": null, "ts": 1626150584.9359758}]}, "version": 425}
{"obj": {"type": "LogFloats", "path": ["monitoring", "memory"], "values": [{"value": 16.52777862548828, "step": null, "ts": 1626150584.9359758}]}, "version": 426}
{"obj": {"type": "LogFloats", "path": ["monitoring", "gpu"], "values": [{"value": 28.0, "step": null, "ts": 1626150584.9359758}]}, "version": 427}
{"obj": {"type": "LogFloats", "path": ["monitoring", "gpu_memory"], "values": [{"value": 2.26385498046875, "step": null, "ts": 1626150584.9359758}]}, "version": 428}
{"obj": {"type": "LogFloats", "path": ["monitoring", "cpu"], "values": [{"value": 7.0, "step": null, "ts": 1626150594.9380124}]}, "version": 429}
{"obj": {"type": "LogFloats", "path": ["monitoring", "memory"], "values": [{"value": 16.530502319335938, "step": null, "ts": 1626150594.9380124}]}, "version": 430}
{"obj": {"type": "LogFloats", "path": ["monitoring", "gpu"], "values": [{"value": 4.0, "step": null, "ts": 1626150594.9380124}]}, "version": 431}
{"obj": {"type": "LogFloats", "path": ["monitoring", "gpu_memory"], "values": [{"value": 2.23992919921875, "step": null, "ts": 1626150594.9380124}]}, "version": 432}
{"obj": {"type": "LogFloats", "path": ["monitoring", "cpu"], "values": [{"value": 4.3, "step": null, "ts": 1626150604.9404292}]}, "version": 433}
{"obj": {"type": "LogFloats", "path": ["monitoring", "memory"], "values": [{"value": 16.52851104736328, "step": null, "ts": 1626150604.9404292}]}, "version": 434}
{"obj": {"type": "LogFloats", "path": ["monitoring", "gpu"], "values": [{"value": 4.0, "step": null, "ts": 1626150604.9404292}]}, "version": 435}
{"obj": {"type": "LogFloats", "path": ["monitoring", "gpu_memory"], "values": [{"value": 2.23699951171875, "step": null, "ts": 1626150604.9404292}]}, "version": 436}
{"obj": {"type": "LogFloats", "path": ["monitoring", "cpu"], "values": [{"value": 4.9, "step": null, "ts": 1626150614.942859}]}, "version": 437}
{"obj": {"type": "LogFloats", "path": ["monitoring", "memory"], "values": [{"value": 16.51314926147461, "step": null, "ts": 1626150614.942859}]}, "version": 438}
{"obj": {"type": "LogFloats", "path": ["monitoring", "gpu"], "values": [{"value": 5.0, "step": null, "ts": 1626150614.942859}]}, "version": 439}
{"obj": {"type": "LogFloats", "path": ["monitoring", "gpu_memory"], "values": [{"value": 2.23699951171875, "step": null, "ts": 1626150614.942859}]}, "version": 440}
{"obj": {"type": "LogFloats", "path": ["monitoring", "cpu"], "values": [{"value": 5.3, "step": null, "ts": 1626150624.944712}]}, "version": 441}
{"obj": {"type": "LogFloats", "path": ["monitoring", "memory"], "values": [{"value": 16.51852035522461, "step": null, "ts": 1626150624.944712}]}, "version": 442}
{"obj": {"type": "LogFloats", "path": ["monitoring", "gpu"], "values": [{"value": 4.0, "step": null, "ts": 1626150624.944712}]}, "version": 443}
{"obj": {"type": "LogFloats", "path": ["monitoring", "gpu_memory"], "values": [{"value": 2.23760986328125, "step": null, "ts": 1626150624.944712}]}, "version": 444}
{"obj": {"type": "LogFloats", "path": ["monitoring", "cpu"], "values": [{"value": 4.6, "step": null, "ts": 1626150634.9472716}]}, "version": 445}
{"obj": {"type": "LogFloats", "path": ["monitoring", "memory"], "values": [{"value": 16.52481460571289, "step": null, "ts": 1626150634.9472716}]}, "version": 446}
{"obj": {"type": "LogFloats", "path": ["monitoring", "gpu"], "values": [{"value": 14.0, "step": null, "ts": 1626150634.9472716}]}, "version": 447}
{"obj": {"type": "LogFloats", "path": ["monitoring", "gpu_memory"], "values": [{"value": 2.23663330078125, "step": null, "ts": 1626150634.9472716}]}, "version": 448}
{"obj": {"type": "LogFloats", "path": ["monitoring", "cpu"], "values": [{"value": 5.1, "step": null, "ts": 1626150644.9499025}]}, "version": 449}
{"obj": {"type": "LogFloats", "path": ["monitoring", "memory"], "values": [{"value": 16.513580322265625, "step": null, "ts": 1626150644.9499025}]}, "version": 450}
{"obj": {"type": "LogFloats", "path": ["monitoring", "gpu"], "values": [{"value": 33.0, "step": null, "ts": 1626150644.9499025}]}, "version": 451}
{"obj": {"type": "LogFloats", "path": ["monitoring", "gpu_memory"], "values": [{"value": 2.23663330078125, "step": null, "ts": 1626150644.9499025}]}, "version": 452}
{"obj": {"type": "LogFloats", "path": ["monitoring", "cpu"], "values": [{"value": 7.1, "step": null, "ts": 1626150654.9533122}]}, "version": 453}
{"obj": {"type": "LogFloats", "path": ["monitoring", "memory"], "values": [{"value": 16.52206802368164, "step": null, "ts": 1626150654.9533122}]}, "version": 454}
{"obj": {"type": "LogFloats", "path": ["monitoring", "gpu"], "values": [{"value": 4.0, "step": null, "ts": 1626150654.9533122}]}, "version": 455}
{"obj": {"type": "LogFloats", "path": ["monitoring", "gpu_memory"], "values": [{"value": 2.2830810546875, "step": null, "ts": 1626150654.9533122}]}, "version": 456}
{"obj": {"type": "LogFloats", "path": ["monitoring", "cpu"], "values": [{"value": 7.0, "step": null, "ts": 1626150664.9560027}]}, "version": 457}
{"obj": {"type": "LogFloats", "path": ["monitoring", "memory"], "values": [{"value": 16.51162338256836, "step": null, "ts": 1626150664.9560027}]}, "version": 458}
{"obj": {"type": "LogFloats", "path": ["monitoring", "gpu"], "values": [{"value": 5.0, "step": null, "ts": 1626150664.9560027}]}, "version": 459}
{"obj": {"type": "LogFloats", "path": ["monitoring", "gpu_memory"], "values": [{"value": 2.24591064453125, "step": null, "ts": 1626150664.9560027}]}, "version": 460}
{"obj": {"type": "LogFloats", "path": ["monitoring", "cpu"], "values": [{"value": 6.5, "step": null, "ts": 1626150674.9583645}]}, "version": 461}
{"obj": {"type": "LogFloats", "path": ["monitoring", "memory"], "values": [{"value": 16.565879821777344, "step": null, "ts": 1626150674.9583645}]}, "version": 462}
{"obj": {"type": "LogFloats", "path": ["monitoring", "gpu"], "values": [{"value": 5.0, "step": null, "ts": 1626150674.9583645}]}, "version": 463}
{"obj": {"type": "LogFloats", "path": ["monitoring", "gpu_memory"], "values": [{"value": 2.24676513671875, "step": null, "ts": 1626150674.9583645}]}, "version": 464}
{"obj": {"type": "LogStrings", "path": ["monitoring", "stdout"], "values": [{"value": "b''", "step": null, "ts": 1626150684.8474524}]}, "version": 465}
{"obj": {"type": "LogStrings", "path": ["monitoring", "stdout"], "values": [{"value": "b'https://app.neptune.ai/sangyeop-kim/sample/e/SAM-36\\n'", "step": null, "ts": 1626150684.852264}]}, "version": 466}
{"obj": {"type": "LogStrings", "path": ["monitoring", "stdout"], "values": [{"value": "b'Remember to stop your run once you\\xe2\\x80\\x99ve finished logging your metadata (https://docs.neptune.ai/api-reference/run#stop). It will be stopped automatically only when the notebook kernel/interactive console is terminated.\\n'", "step": null, "ts": 1626150684.856145}]}, "version": 467}
{"obj": {"type": "LogFloats", "path": ["monitoring", "cpu"], "values": [{"value": 50.0, "step": null, "ts": 1626150684.9608448}]}, "version": 468}
{"obj": {"type": "LogFloats", "path": ["monitoring", "memory"], "values": [{"value": 16.720348358154297, "step": null, "ts": 1626150684.9608448}]}, "version": 469}
{"obj": {"type": "LogFloats", "path": ["monitoring", "gpu"], "values": [{"value": 25.0, "step": null, "ts": 1626150684.9608448}]}, "version": 470}
{"obj": {"type": "LogFloats", "path": ["monitoring", "gpu_memory"], "values": [{"value": 2.2369384765625, "step": null, "ts": 1626150684.9608448}]}, "version": 471}
{"obj": {"type": "LogStrings", "path": ["monitoring", "stdout"], "values": [{"value": "0 epoch, train_loss : 29.0211, val_loss : 21.6628", "step": null, "ts": 1626150687.8366222}]}, "version": 472}
{"obj": {"type": "LogStrings", "path": ["monitoring", "stdout"], "values": [{"value": "\n", "step": null, "ts": 1626150687.8375852}]}, "version": 473}
{"obj": {"type": "LogStrings", "path": ["monitoring", "stdout"], "values": [{"value": "\n", "step": null, "ts": 1626150687.8384519}]}, "version": 474}
{"obj": {"type": "LogStrings", "path": ["monitoring", "stdout"], "values": [{"value": "\r1 epoch, train_loss : 19.3072, val_loss : 21.6628 -> 13.8895\n", "step": null, "ts": 1626150687.9765637}]}, "version": 475}
{"obj": {"type": "LogStrings", "path": ["monitoring", "stdout"], "values": [{"value": "\n", "step": null, "ts": 1626150687.9774628}]}, "version": 476}
{"obj": {"type": "LogStrings", "path": ["monitoring", "stdout"], "values": [{"value": "\r2 epoch, train_loss : 12.3509, val_loss : 13.8895 -> 9.1045\n", "step": null, "ts": 1626150688.1210089}]}, "version": 477}
{"obj": {"type": "LogStrings", "path": ["monitoring", "stdout"], "values": [{"value": "\n", "step": null, "ts": 1626150688.121705}]}, "version": 478}
{"obj": {"type": "LogFloats", "path": ["monitoring", "cpu"], "values": [{"value": 9.9, "step": null, "ts": 1626150694.9917793}]}, "version": 479}
{"obj": {"type": "LogFloats", "path": ["monitoring", "memory"], "values": [{"value": 18.1427001953125, "step": null, "ts": 1626150694.9917793}]}, "version": 480}
{"obj": {"type": "LogFloats", "path": ["monitoring", "gpu"], "values": [{"value": 10.0, "step": null, "ts": 1626150694.9917793}]}, "version": 481}
{"obj": {"type": "LogFloats", "path": ["monitoring", "gpu_memory"], "values": [{"value": 2.86700439453125, "step": null, "ts": 1626150694.9917793}]}, "version": 482}
{"obj": {"type": "LogStrings", "path": ["monitoring", "stdout"], "values": [{"value": "b'Shutting down background jobs, please wait a moment...\\n'", "step": null, "ts": 1626150704.928773}]}, "version": 483}
{"obj": {"type": "LogFloats", "path": ["monitoring", "cpu"], "values": [{"value": 17.2, "step": null, "ts": 1626150704.9941182}]}, "version": 484}
{"obj": {"type": "LogFloats", "path": ["monitoring", "memory"], "values": [{"value": 18.169971466064453, "step": null, "ts": 1626150704.9941182}]}, "version": 485}
{"obj": {"type": "LogFloats", "path": ["monitoring", "gpu"], "values": [{"value": 10.0, "step": null, "ts": 1626150704.9941182}]}, "version": 486}
{"obj": {"type": "LogFloats", "path": ["monitoring", "gpu_memory"], "values": [{"value": 2.95562744140625, "step": null, "ts": 1626150704.9941182}]}, "version": 487}
{"obj": {"type": "LogStrings", "path": ["monitoring", "stdout"], "values": [{"value": "b'Done!\\n'", "step": null, "ts": 1626150705.19267}]}, "version": 488}
{"obj": {"type": "LogStrings", "path": ["monitoring", "stderr"], "values": [{"value": "Waiting for the remaining 216 operations to synchronize with Neptune. Do not kill this process.\n", "step": null, "ts": 1626150705.1946833}]}, "version": 489}
{"obj": {"type": "LogStrings", "path": ["monitoring", "stdout"], "values": [{"value": "b'All 216 operations synced, thanks for waiting!\\n'", "step": null, "ts": 1626150706.497382}]}, "version": 490}
{"obj": {"type": "LogStrings", "path": ["monitoring", "stdout"], "values": [{"value": "b'Shutting down background jobs, please wait a moment...\\n'", "step": null, "ts": 1626150706.501077}]}, "version": 491}
